[ 2017-11-30T10:33:17+08:00 ] 127.0.0.1 /hzr/Phone/Index/index.html
INFO: [ app_init ] --START--
INFO: Run Behavior\BuildLiteBehavior [ RunTime:0.000000s ]
INFO: [ app_init ] --END-- [ RunTime:0.001000s ]
INFO: [ app_begin ] --START--
INFO: Run Behavior\ReadHtmlCacheBehavior [ RunTime:0.002000s ]
INFO: [ app_begin ] --END-- [ RunTime:0.002000s ]
SQL: SHOW COLUMNS FROM `phonenewstypes` [ RunTime:0.0660s ]
SQL: SELECT * FROM `phonenewstypes` WHERE ( state=1 ) ORDER BY sort desc LIMIT 6   [ RunTime:0.0000s ]
SQL: SHOW COLUMNS FROM `config` [ RunTime:0.0040s ]
SQL: SELECT * FROM `config` WHERE `id` = 1 LIMIT 1   [ RunTime:0.0000s ]
SQL: SHOW COLUMNS FROM `content` [ RunTime:0.0050s ]
SQL: SELECT * FROM `content` WHERE `type` = 2 AND `postion` = 2 LIMIT 1   [ RunTime:0.0010s ]
SQL: SHOW COLUMNS FROM `phonebanner` [ RunTime:0.0260s ]
SQL: SELECT * FROM `phonebanner` WHERE `state` = 0 AND `postion` = 1 ORDER BY sort desc LIMIT 1   [ RunTime:0.0000s ]
SQL: SELECT * FROM `content` WHERE `type` = 1 AND `postion` = 1 LIMIT 1   [ RunTime:0.0000s ]
SQL: SHOW COLUMNS FROM `phonenews` [ RunTime:0.0250s ]
SQL: SELECT * FROM `phonenews` WHERE ( hot=1 and typeid=6 ) ORDER BY sort desc LIMIT 3   [ RunTime:0.0240s ]
SQL: SELECT * FROM `phonenews` WHERE ( hot =2 and typeid=9 ) ORDER BY sort desc LIMIT 3   [ RunTime:0.0010s ]
SQL: SELECT * FROM `phonenews` WHERE ( hot=1 and typeid=3 ) ORDER BY sort desc LIMIT 10   [ RunTime:0.0010s ]
SQL: SELECT * FROM `phonenews` WHERE ( hot=1 and typeid=1 ) ORDER BY sort desc LIMIT 4   [ RunTime:0.0000s ]
INFO: [ view_parse ] --START--
INFO: [ template_filter ] --START--
INFO: Run Behavior\ContentReplaceBehavior [ RunTime:0.000000s ]
INFO: [ template_filter ] --END-- [ RunTime:0.000000s ]
NOTIC: [8] Undefined index: fid F:\phpxiangmu\hzr\Application\Runtime\Cache\Phone\4578f5f226e09adf11c26f26c5c34085.php 第 19 行.
NOTIC: [8] Undefined index: id F:\phpxiangmu\hzr\Application\Runtime\Cache\Phone\4578f5f226e09adf11c26f26c5c34085.php 第 20 行.
NOTIC: [8] Undefined variable: about F:\phpxiangmu\hzr\Application\Runtime\Cache\Phone\4578f5f226e09adf11c26f26c5c34085.php 第 83 行.
INFO: Run Behavior\ParseTemplateBehavior [ RunTime:0.074005s ]
INFO: [ view_parse ] --END-- [ RunTime:0.074005s ]
INFO: [ view_filter ] --START--
INFO: Run Behavior\WriteHtmlCacheBehavior [ RunTime:0.001000s ]
INFO: [ view_filter ] --END-- [ RunTime:0.001000s ]
INFO: [ app_end ] --START--
INFO: Run Behavior\ShowPageTraceBehavior [ RunTime:0.001000s ]
INFO: [ app_end ] --END-- [ RunTime:0.002000s ]

[ 2017-11-30T10:33:26+08:00 ] 127.0.0.1 /hzr/Phone/NewsInfo/index/articleid/98.html
INFO: [ app_init ] --START--
INFO: Run Behavior\BuildLiteBehavior [ RunTime:0.000000s ]
INFO: [ app_init ] --END-- [ RunTime:0.001000s ]
INFO: [ app_begin ] --START--
INFO: Run Behavior\ReadHtmlCacheBehavior [ RunTime:0.002000s ]
INFO: [ app_begin ] --END-- [ RunTime:0.002000s ]
SQL: SHOW COLUMNS FROM `phonenewstypes` [ RunTime:0.0050s ]
SQL: SELECT * FROM `phonenewstypes` WHERE ( state=1 ) ORDER BY sort desc LIMIT 6   [ RunTime:0.0000s ]
SQL: SHOW COLUMNS FROM `config` [ RunTime:0.0040s ]
SQL: SELECT * FROM `config` WHERE `id` = 1 LIMIT 1   [ RunTime:0.0000s ]
SQL: SHOW COLUMNS FROM `content` [ RunTime:0.0040s ]
SQL: SELECT * FROM `content` WHERE `type` = 2 AND `postion` = 2 LIMIT 1   [ RunTime:0.0000s ]
SQL: SHOW COLUMNS FROM `phonenews` [ RunTime:0.0040s ]
SQL: SELECT * FROM `phonenews` WHERE ( articleid=98 ) LIMIT 1   [ RunTime:0.0140s ]
SQL: UPDATE `phonenews` SET `hit`=hit+1 WHERE ( articleid=98 ) [ RunTime:0.0810s ]
INFO: [ view_parse ] --START--
INFO: [ template_filter ] --START--
INFO: Run Behavior\ContentReplaceBehavior [ RunTime:0.000000s ]
INFO: [ template_filter ] --END-- [ RunTime:0.000000s ]
NOTIC: [8] Undefined index: fid F:\phpxiangmu\hzr\Application\Runtime\Cache\Phone\ecc20a31158a0c65e3acdd985931dfcf.php 第 19 行.
NOTIC: [8] Undefined index: id F:\phpxiangmu\hzr\Application\Runtime\Cache\Phone\ecc20a31158a0c65e3acdd985931dfcf.php 第 20 行.
INFO: Run Behavior\ParseTemplateBehavior [ RunTime:0.037003s ]
INFO: [ view_parse ] --END-- [ RunTime:0.037003s ]
INFO: [ view_filter ] --START--
INFO: Run Behavior\WriteHtmlCacheBehavior [ RunTime:0.000000s ]
INFO: [ view_filter ] --END-- [ RunTime:0.000000s ]
INFO: [ app_end ] --START--
INFO: Run Behavior\ShowPageTraceBehavior [ RunTime:0.001000s ]
INFO: [ app_end ] --END-- [ RunTime:0.001000s ]

[ 2017-11-30T10:33:27+08:00 ] 127.0.0.1 /hzr/Phone/NewsList/index/id/1.html
INFO: [ app_init ] --START--
INFO: Run Behavior\BuildLiteBehavior [ RunTime:0.000000s ]
INFO: [ app_init ] --END-- [ RunTime:0.001000s ]
INFO: [ app_begin ] --START--
INFO: Run Behavior\ReadHtmlCacheBehavior [ RunTime:0.002000s ]
INFO: [ app_begin ] --END-- [ RunTime:0.002000s ]
SQL: SHOW COLUMNS FROM `phonenewstypes` [ RunTime:0.0100s ]
SQL: SELECT * FROM `phonenewstypes` WHERE ( state=1 ) ORDER BY sort desc LIMIT 6   [ RunTime:0.0010s ]
SQL: SHOW COLUMNS FROM `config` [ RunTime:0.0090s ]
SQL: SELECT * FROM `config` WHERE `id` = 1 LIMIT 1   [ RunTime:0.0010s ]
SQL: SHOW COLUMNS FROM `content` [ RunTime:0.0110s ]
SQL: SELECT * FROM `content` WHERE `type` = 2 AND `postion` = 2 LIMIT 1   [ RunTime:0.0010s ]
SQL: SELECT `typename` FROM `phonenewstypes` WHERE ( id=1 ) LIMIT 1   [ RunTime:0.0010s ]
SQL: SHOW COLUMNS FROM `phonenews` [ RunTime:0.0070s ]
SQL: SELECT * FROM `phonenews` WHERE `typeid` = 1 AND `hot` = 0 ORDER BY sort desc LIMIT 0,5   [ RunTime:0.0010s ]
INFO: [ view_parse ] --START--
INFO: [ template_filter ] --START--
INFO: Run Behavior\ContentReplaceBehavior [ RunTime:0.000000s ]
INFO: [ template_filter ] --END-- [ RunTime:0.000000s ]
NOTIC: [8] Undefined index: fid F:\phpxiangmu\hzr\Application\Runtime\Cache\Phone\63e745f3c380433ab3c3a03a1e9b0987.php 第 19 行.
INFO: Run Behavior\ParseTemplateBehavior [ RunTime:0.103006s ]
INFO: [ view_parse ] --END-- [ RunTime:0.103006s ]
INFO: [ view_filter ] --START--
INFO: Run Behavior\WriteHtmlCacheBehavior [ RunTime:0.001000s ]
INFO: [ view_filter ] --END-- [ RunTime:0.001000s ]
INFO: [ app_end ] --START--
INFO: Run Behavior\ShowPageTraceBehavior [ RunTime:0.001000s ]
INFO: [ app_end ] --END-- [ RunTime:0.001000s ]

[ 2017-11-30T10:33:32+08:00 ] 127.0.0.1 /hzr/Phone/NewsList/more.html?id=1&pid=1
INFO: [ app_init ] --START--
INFO: Run Behavior\BuildLiteBehavior [ RunTime:0.000000s ]
INFO: [ app_init ] --END-- [ RunTime:0.000000s ]
INFO: [ app_begin ] --START--
INFO: Run Behavior\ReadHtmlCacheBehavior [ RunTime:0.001000s ]
INFO: [ app_begin ] --END-- [ RunTime:0.001000s ]
SQL: SHOW COLUMNS FROM `phonenewstypes` [ RunTime:0.0090s ]
SQL: SELECT * FROM `phonenewstypes` WHERE ( state=1 ) ORDER BY sort desc LIMIT 6   [ RunTime:0.0010s ]
SQL: SHOW COLUMNS FROM `config` [ RunTime:0.0100s ]
SQL: SELECT * FROM `config` WHERE `id` = 1 LIMIT 1   [ RunTime:0.0010s ]
SQL: SHOW COLUMNS FROM `content` [ RunTime:0.0080s ]
SQL: SELECT * FROM `content` WHERE `type` = 2 AND `postion` = 2 LIMIT 1   [ RunTime:0.0010s ]
SQL: SHOW COLUMNS FROM `phonenews` [ RunTime:0.0050s ]
SQL: SELECT * FROM `phonenews` WHERE `typeid` = 1 AND `hot` = 0 ORDER BY sort desc LIMIT 6,5   [ RunTime:0.0010s ]
INFO: [ app_end ] --START--
INFO: Run Behavior\ShowPageTraceBehavior [ RunTime:0.001000s ]
INFO: [ app_end ] --END-- [ RunTime:0.002000s ]

[ 2017-11-30T10:33:44+08:00 ] 127.0.0.1 /hzr/Phone/NewsList/more.html?id=1&pid=2
INFO: [ app_init ] --START--
INFO: Run Behavior\BuildLiteBehavior [ RunTime:0.000000s ]
INFO: [ app_init ] --END-- [ RunTime:0.001000s ]
INFO: [ app_begin ] --START--
INFO: Run Behavior\ReadHtmlCacheBehavior [ RunTime:0.001001s ]
INFO: [ app_begin ] --END-- [ RunTime:0.001001s ]
SQL: SHOW COLUMNS FROM `phonenewstypes` [ RunTime:0.0090s ]
SQL: SELECT * FROM `phonenewstypes` WHERE ( state=1 ) ORDER BY sort desc LIMIT 6   [ RunTime:0.0020s ]
SQL: SHOW COLUMNS FROM `config` [ RunTime:0.0090s ]
SQL: SELECT * FROM `config` WHERE `id` = 1 LIMIT 1   [ RunTime:0.0010s ]
SQL: SHOW COLUMNS FROM `content` [ RunTime:0.0070s ]
SQL: SELECT * FROM `content` WHERE `type` = 2 AND `postion` = 2 LIMIT 1   [ RunTime:0.0000s ]
SQL: SHOW COLUMNS FROM `phonenews` [ RunTime:0.0040s ]
SQL: SELECT * FROM `phonenews` WHERE `typeid` = 1 AND `hot` = 0 ORDER BY sort desc LIMIT 11,5   [ RunTime:0.0000s ]
INFO: [ app_end ] --START--
INFO: Run Behavior\ShowPageTraceBehavior [ RunTime:0.002000s ]
INFO: [ app_end ] --END-- [ RunTime:0.002000s ]

[ 2017-11-30T10:33:50+08:00 ] 127.0.0.1 /hzr/Phone/NewsList/index/id/1.html
INFO: [ app_init ] --START--
INFO: Run Behavior\BuildLiteBehavior [ RunTime:0.000000s ]
INFO: [ app_init ] --END-- [ RunTime:0.000000s ]
INFO: [ app_begin ] --START--
INFO: Run Behavior\ReadHtmlCacheBehavior [ RunTime:0.001000s ]
INFO: [ app_begin ] --END-- [ RunTime:0.001000s ]
SQL: SHOW COLUMNS FROM `phonenewstypes` [ RunTime:0.0100s ]
SQL: SELECT * FROM `phonenewstypes` WHERE ( state=1 ) ORDER BY sort desc LIMIT 6   [ RunTime:0.0010s ]
SQL: SHOW COLUMNS FROM `config` [ RunTime:0.0100s ]
SQL: SELECT * FROM `config` WHERE `id` = 1 LIMIT 1   [ RunTime:0.0010s ]
SQL: SHOW COLUMNS FROM `content` [ RunTime:0.0080s ]
SQL: SELECT * FROM `content` WHERE `type` = 2 AND `postion` = 2 LIMIT 1   [ RunTime:0.0000s ]
SQL: SELECT `typename` FROM `phonenewstypes` WHERE ( id=1 ) LIMIT 1   [ RunTime:0.0000s ]
SQL: SHOW COLUMNS FROM `phonenews` [ RunTime:0.0040s ]
SQL: SELECT * FROM `phonenews` WHERE `typeid` = 1 AND `hot` = 0 ORDER BY sort desc LIMIT 0,5   [ RunTime:0.0010s ]
INFO: [ view_parse ] --START--
INFO: [ template_filter ] --START--
INFO: Run Behavior\ContentReplaceBehavior [ RunTime:0.000000s ]
INFO: [ template_filter ] --END-- [ RunTime:0.000000s ]
NOTIC: [8] Undefined index: fid F:\phpxiangmu\hzr\Application\Runtime\Cache\Phone\63e745f3c380433ab3c3a03a1e9b0987.php 第 19 行.
INFO: Run Behavior\ParseTemplateBehavior [ RunTime:0.016001s ]
INFO: [ view_parse ] --END-- [ RunTime:0.016001s ]
INFO: [ view_filter ] --START--
INFO: Run Behavior\WriteHtmlCacheBehavior [ RunTime:0.000000s ]
INFO: [ view_filter ] --END-- [ RunTime:0.001000s ]
INFO: [ app_end ] --START--
INFO: Run Behavior\ShowPageTraceBehavior [ RunTime:0.001000s ]
INFO: [ app_end ] --END-- [ RunTime:0.001000s ]

[ 2017-11-30T10:35:58+08:00 ] 127.0.0.1 /hzr/Phone/NewsList/index/id/1.html
INFO: [ app_init ] --START--
INFO: Run Behavior\BuildLiteBehavior [ RunTime:0.000000s ]
INFO: [ app_init ] --END-- [ RunTime:0.001000s ]
INFO: [ app_begin ] --START--
INFO: Run Behavior\ReadHtmlCacheBehavior [ RunTime:0.002000s ]
INFO: [ app_begin ] --END-- [ RunTime:0.002000s ]
SQL: SHOW COLUMNS FROM `phonenewstypes` [ RunTime:0.0110s ]
SQL: SELECT * FROM `phonenewstypes` WHERE ( state=1 ) ORDER BY sort desc LIMIT 6   [ RunTime:0.0010s ]
SQL: SHOW COLUMNS FROM `config` [ RunTime:0.0410s ]
SQL: SELECT * FROM `config` WHERE `id` = 1 LIMIT 1   [ RunTime:0.0010s ]
SQL: SHOW COLUMNS FROM `content` [ RunTime:0.0100s ]
SQL: SELECT * FROM `content` WHERE `type` = 2 AND `postion` = 2 LIMIT 1   [ RunTime:0.0020s ]
SQL: SELECT `typename` FROM `phonenewstypes` WHERE ( id=1 ) LIMIT 1   [ RunTime:0.0010s ]
SQL: SHOW COLUMNS FROM `phonenews` [ RunTime:0.0070s ]
SQL: SELECT * FROM `phonenews` WHERE `typeid` = 1 AND `hot` = 0 ORDER BY sort desc LIMIT 0,5   [ RunTime:0.0010s ]
INFO: [ view_parse ] --START--
INFO: [ template_filter ] --START--
INFO: Run Behavior\ContentReplaceBehavior [ RunTime:0.000000s ]
INFO: [ template_filter ] --END-- [ RunTime:0.000000s ]
NOTIC: [8] Undefined index: fid F:\phpxiangmu\hzr\Application\Runtime\Cache\Phone\63e745f3c380433ab3c3a03a1e9b0987.php 第 19 行.
INFO: Run Behavior\ParseTemplateBehavior [ RunTime:0.020001s ]
INFO: [ view_parse ] --END-- [ RunTime:0.020001s ]
INFO: [ view_filter ] --START--
INFO: Run Behavior\WriteHtmlCacheBehavior [ RunTime:0.001000s ]
INFO: [ view_filter ] --END-- [ RunTime:0.001000s ]
INFO: [ app_end ] --START--
INFO: Run Behavior\ShowPageTraceBehavior [ RunTime:0.001000s ]
INFO: [ app_end ] --END-- [ RunTime:0.001000s ]

[ 2017-11-30T10:36:23+08:00 ] 127.0.0.1 /hzr/Phone/NewsList/index/id/1.html
INFO: [ app_init ] --START--
INFO: Run Behavior\BuildLiteBehavior [ RunTime:0.000000s ]
INFO: [ app_init ] --END-- [ RunTime:0.000000s ]
INFO: [ app_begin ] --START--
INFO: Run Behavior\ReadHtmlCacheBehavior [ RunTime:0.001000s ]
INFO: [ app_begin ] --END-- [ RunTime:0.001000s ]
SQL: SHOW COLUMNS FROM `phonenewstypes` [ RunTime:0.0100s ]
SQL: SELECT * FROM `phonenewstypes` WHERE ( state=1 ) ORDER BY sort desc LIMIT 6   [ RunTime:0.0010s ]
SQL: SHOW COLUMNS FROM `config` [ RunTime:0.0100s ]
SQL: SELECT * FROM `config` WHERE `id` = 1 LIMIT 1   [ RunTime:0.0010s ]
SQL: SHOW COLUMNS FROM `content` [ RunTime:0.0060s ]
SQL: SELECT * FROM `content` WHERE `type` = 2 AND `postion` = 2 LIMIT 1   [ RunTime:0.0010s ]
SQL: SELECT `typename` FROM `phonenewstypes` WHERE ( id=1 ) LIMIT 1   [ RunTime:0.0010s ]
SQL: SHOW COLUMNS FROM `phonenews` [ RunTime:0.0050s ]
SQL: SELECT * FROM `phonenews` WHERE `typeid` = 1 AND `hot` = 0 ORDER BY sort desc LIMIT 0,5   [ RunTime:0.0010s ]
INFO: [ view_parse ] --START--
INFO: [ template_filter ] --START--
INFO: Run Behavior\ContentReplaceBehavior [ RunTime:0.000000s ]
INFO: [ template_filter ] --END-- [ RunTime:0.000000s ]
NOTIC: [8] Undefined index: fid F:\phpxiangmu\hzr\Application\Runtime\Cache\Phone\63e745f3c380433ab3c3a03a1e9b0987.php 第 19 行.
INFO: Run Behavior\ParseTemplateBehavior [ RunTime:0.019001s ]
INFO: [ view_parse ] --END-- [ RunTime:0.019001s ]
INFO: [ view_filter ] --START--
INFO: Run Behavior\WriteHtmlCacheBehavior [ RunTime:0.001001s ]
INFO: [ view_filter ] --END-- [ RunTime:0.001001s ]
INFO: [ app_end ] --START--
INFO: Run Behavior\ShowPageTraceBehavior [ RunTime:0.001000s ]
INFO: [ app_end ] --END-- [ RunTime:0.001000s ]

[ 2017-11-30T10:36:47+08:00 ] 127.0.0.1 /hzr/Phone/NewsList/index/id/1.html
INFO: [ app_init ] --START--
INFO: Run Behavior\BuildLiteBehavior [ RunTime:0.000000s ]
INFO: [ app_init ] --END-- [ RunTime:0.000000s ]
INFO: [ app_begin ] --START--
INFO: Run Behavior\ReadHtmlCacheBehavior [ RunTime:0.001000s ]
INFO: [ app_begin ] --END-- [ RunTime:0.001000s ]
SQL: SHOW COLUMNS FROM `phonenewstypes` [ RunTime:0.0090s ]
SQL: SELECT * FROM `phonenewstypes` WHERE ( state=1 ) ORDER BY sort desc LIMIT 6   [ RunTime:0.0010s ]
SQL: SHOW COLUMNS FROM `config` [ RunTime:0.0100s ]
SQL: SELECT * FROM `config` WHERE `id` = 1 LIMIT 1   [ RunTime:0.0010s ]
SQL: SHOW COLUMNS FROM `content` [ RunTime:0.0060s ]
SQL: SELECT * FROM `content` WHERE `type` = 2 AND `postion` = 2 LIMIT 1   [ RunTime:0.0000s ]
SQL: SELECT `typename` FROM `phonenewstypes` WHERE ( id=1 ) LIMIT 1   [ RunTime:0.0010s ]
SQL: SHOW COLUMNS FROM `phonenews` [ RunTime:0.0050s ]
SQL: SELECT * FROM `phonenews` WHERE `typeid` = 1 AND `hot` = 0 ORDER BY sort desc LIMIT 0,5   [ RunTime:0.0010s ]
INFO: [ view_parse ] --START--
INFO: [ template_filter ] --START--
INFO: Run Behavior\ContentReplaceBehavior [ RunTime:0.001000s ]
INFO: [ template_filter ] --END-- [ RunTime:0.001000s ]
NOTIC: [8] Undefined index: fid F:\phpxiangmu\hzr\Application\Runtime\Cache\Phone\63e745f3c380433ab3c3a03a1e9b0987.php 第 19 行.
INFO: Run Behavior\ParseTemplateBehavior [ RunTime:0.018001s ]
INFO: [ view_parse ] --END-- [ RunTime:0.018001s ]
INFO: [ view_filter ] --START--
INFO: Run Behavior\WriteHtmlCacheBehavior [ RunTime:0.000000s ]
INFO: [ view_filter ] --END-- [ RunTime:0.000000s ]
INFO: [ app_end ] --START--
INFO: Run Behavior\ShowPageTraceBehavior [ RunTime:0.001000s ]
INFO: [ app_end ] --END-- [ RunTime:0.001000s ]

[ 2017-11-30T10:37:41+08:00 ] 127.0.0.1 /hzr/Phone/NewsList/index/id/1.html
INFO: [ app_init ] --START--
INFO: Run Behavior\BuildLiteBehavior [ RunTime:0.000000s ]
INFO: [ app_init ] --END-- [ RunTime:0.001000s ]
INFO: [ app_begin ] --START--
INFO: Run Behavior\ReadHtmlCacheBehavior [ RunTime:0.001000s ]
INFO: [ app_begin ] --END-- [ RunTime:0.001000s ]
SQL: SHOW COLUMNS FROM `phonenewstypes` [ RunTime:0.0090s ]
SQL: SELECT * FROM `phonenewstypes` WHERE ( state=1 ) ORDER BY sort desc LIMIT 6   [ RunTime:0.0010s ]
SQL: SHOW COLUMNS FROM `config` [ RunTime:0.0090s ]
SQL: SELECT * FROM `config` WHERE `id` = 1 LIMIT 1   [ RunTime:0.0010s ]
SQL: SHOW COLUMNS FROM `content` [ RunTime:0.0050s ]
SQL: SELECT * FROM `content` WHERE `type` = 2 AND `postion` = 2 LIMIT 1   [ RunTime:0.0010s ]
SQL: SELECT `typename` FROM `phonenewstypes` WHERE ( id=1 ) LIMIT 1   [ RunTime:0.0010s ]
SQL: SHOW COLUMNS FROM `phonenews` [ RunTime:0.0050s ]
SQL: SELECT * FROM `phonenews` WHERE `typeid` = 1 AND `hot` = 0 ORDER BY sort desc LIMIT 0,5   [ RunTime:0.0010s ]
INFO: [ view_parse ] --START--
INFO: [ template_filter ] --START--
INFO: Run Behavior\ContentReplaceBehavior [ RunTime:0.001000s ]
INFO: [ template_filter ] --END-- [ RunTime:0.001000s ]
NOTIC: [8] Undefined index: fid F:\phpxiangmu\hzr\Application\Runtime\Cache\Phone\63e745f3c380433ab3c3a03a1e9b0987.php 第 19 行.
INFO: Run Behavior\ParseTemplateBehavior [ RunTime:0.017001s ]
INFO: [ view_parse ] --END-- [ RunTime:0.017001s ]
INFO: [ view_filter ] --START--
INFO: Run Behavior\WriteHtmlCacheBehavior [ RunTime:0.000000s ]
INFO: [ view_filter ] --END-- [ RunTime:0.001000s ]
INFO: [ app_end ] --START--
INFO: Run Behavior\ShowPageTraceBehavior [ RunTime:0.001000s ]
INFO: [ app_end ] --END-- [ RunTime:0.001000s ]

[ 2017-11-30T10:38:25+08:00 ] 127.0.0.1 /hzr/Phone/NewsList/index/id/1.html
INFO: [ app_init ] --START--
INFO: Run Behavior\BuildLiteBehavior [ RunTime:0.000000s ]
INFO: [ app_init ] --END-- [ RunTime:0.000000s ]
INFO: [ app_begin ] --START--
INFO: Run Behavior\ReadHtmlCacheBehavior [ RunTime:0.001000s ]
INFO: [ app_begin ] --END-- [ RunTime:0.001000s ]
SQL: SHOW COLUMNS FROM `phonenewstypes` [ RunTime:0.0050s ]
SQL: SELECT * FROM `phonenewstypes` WHERE ( state=1 ) ORDER BY sort desc LIMIT 6   [ RunTime:0.0010s ]
SQL: SHOW COLUMNS FROM `config` [ RunTime:0.0050s ]
SQL: SELECT * FROM `config` WHERE `id` = 1 LIMIT 1   [ RunTime:0.0010s ]
SQL: SHOW COLUMNS FROM `content` [ RunTime:0.0040s ]
SQL: SELECT * FROM `content` WHERE `type` = 2 AND `postion` = 2 LIMIT 1   [ RunTime:0.0000s ]
SQL: SELECT `typename` FROM `phonenewstypes` WHERE ( id=1 ) LIMIT 1   [ RunTime:0.0000s ]
SQL: SHOW COLUMNS FROM `phonenews` [ RunTime:0.0050s ]
SQL: SELECT * FROM `phonenews` WHERE `typeid` = 1 AND `hot` = 0 ORDER BY sort desc LIMIT 0,5   [ RunTime:0.0210s ]
INFO: [ view_parse ] --START--
INFO: [ template_filter ] --START--
INFO: Run Behavior\ContentReplaceBehavior [ RunTime:0.000000s ]
INFO: [ template_filter ] --END-- [ RunTime:0.001000s ]
NOTIC: [8] Undefined index: fid F:\phpxiangmu\hzr\Application\Runtime\Cache\Phone\63e745f3c380433ab3c3a03a1e9b0987.php 第 19 行.
INFO: Run Behavior\ParseTemplateBehavior [ RunTime:0.015001s ]
INFO: [ view_parse ] --END-- [ RunTime:0.015001s ]
INFO: [ view_filter ] --START--
INFO: Run Behavior\WriteHtmlCacheBehavior [ RunTime:0.000000s ]
INFO: [ view_filter ] --END-- [ RunTime:0.000000s ]
INFO: [ app_end ] --START--
INFO: Run Behavior\ShowPageTraceBehavior [ RunTime:0.000000s ]
INFO: [ app_end ] --END-- [ RunTime:0.000000s ]

[ 2017-11-30T10:38:32+08:00 ] 127.0.0.1 /hzr/Phone/NewsList/index/id/1.html
INFO: [ app_init ] --START--
INFO: Run Behavior\BuildLiteBehavior [ RunTime:0.000000s ]
INFO: [ app_init ] --END-- [ RunTime:0.001000s ]
INFO: [ app_begin ] --START--
INFO: Run Behavior\ReadHtmlCacheBehavior [ RunTime:0.000000s ]
INFO: [ app_begin ] --END-- [ RunTime:0.001000s ]
SQL: SHOW COLUMNS FROM `phonenewstypes` [ RunTime:0.0080s ]
SQL: SELECT * FROM `phonenewstypes` WHERE ( state=1 ) ORDER BY sort desc LIMIT 6   [ RunTime:0.0010s ]
SQL: SHOW COLUMNS FROM `config` [ RunTime:0.0080s ]
SQL: SELECT * FROM `config` WHERE `id` = 1 LIMIT 1   [ RunTime:0.0000s ]
SQL: SHOW COLUMNS FROM `content` [ RunTime:0.0040s ]
SQL: SELECT * FROM `content` WHERE `type` = 2 AND `postion` = 2 LIMIT 1   [ RunTime:0.0010s ]
SQL: SELECT `typename` FROM `phonenewstypes` WHERE ( id=1 ) LIMIT 1   [ RunTime:0.0010s ]
SQL: SHOW COLUMNS FROM `phonenews` [ RunTime:0.0050s ]
SQL: SELECT * FROM `phonenews` WHERE `typeid` = 1 AND `hot` = 0 ORDER BY sort desc LIMIT 0,5   [ RunTime:0.0000s ]
INFO: [ view_parse ] --START--
INFO: [ template_filter ] --START--
INFO: Run Behavior\ContentReplaceBehavior [ RunTime:0.000000s ]
INFO: [ template_filter ] --END-- [ RunTime:0.000000s ]
NOTIC: [8] Undefined index: fid F:\phpxiangmu\hzr\Application\Runtime\Cache\Phone\63e745f3c380433ab3c3a03a1e9b0987.php 第 19 行.
INFO: Run Behavior\ParseTemplateBehavior [ RunTime:0.018001s ]
INFO: [ view_parse ] --END-- [ RunTime:0.018001s ]
INFO: [ view_filter ] --START--
INFO: Run Behavior\WriteHtmlCacheBehavior [ RunTime:0.000000s ]
INFO: [ view_filter ] --END-- [ RunTime:0.000000s ]
INFO: [ app_end ] --START--
INFO: Run Behavior\ShowPageTraceBehavior [ RunTime:0.001000s ]
INFO: [ app_end ] --END-- [ RunTime:0.001000s ]

[ 2017-11-30T10:38:44+08:00 ] 127.0.0.1 /hzr/Phone/NewsList/index/id/1.html
INFO: [ app_init ] --START--
INFO: Run Behavior\BuildLiteBehavior [ RunTime:0.000000s ]
INFO: [ app_init ] --END-- [ RunTime:0.000000s ]
INFO: [ app_begin ] --START--
INFO: Run Behavior\ReadHtmlCacheBehavior [ RunTime:0.001000s ]
INFO: [ app_begin ] --END-- [ RunTime:0.001000s ]
SQL: SHOW COLUMNS FROM `phonenewstypes` [ RunTime:0.0110s ]
SQL: SELECT * FROM `phonenewstypes` WHERE ( state=1 ) ORDER BY sort desc LIMIT 6   [ RunTime:0.0010s ]
SQL: SHOW COLUMNS FROM `config` [ RunTime:0.0090s ]
SQL: SELECT * FROM `config` WHERE `id` = 1 LIMIT 1   [ RunTime:0.0010s ]
SQL: SHOW COLUMNS FROM `content` [ RunTime:0.0050s ]
SQL: SELECT * FROM `content` WHERE `type` = 2 AND `postion` = 2 LIMIT 1   [ RunTime:0.0010s ]
SQL: SELECT `typename` FROM `phonenewstypes` WHERE ( id=1 ) LIMIT 1   [ RunTime:0.0000s ]
SQL: SHOW COLUMNS FROM `phonenews` [ RunTime:0.0040s ]
SQL: SELECT * FROM `phonenews` WHERE `typeid` = 1 AND `hot` = 0 ORDER BY sort desc LIMIT 0,5   [ RunTime:0.0010s ]
INFO: [ view_parse ] --START--
INFO: [ template_filter ] --START--
INFO: Run Behavior\ContentReplaceBehavior [ RunTime:0.000000s ]
INFO: [ template_filter ] --END-- [ RunTime:0.000000s ]
NOTIC: [8] Undefined index: fid F:\phpxiangmu\hzr\Application\Runtime\Cache\Phone\63e745f3c380433ab3c3a03a1e9b0987.php 第 19 行.
INFO: Run Behavior\ParseTemplateBehavior [ RunTime:0.017001s ]
INFO: [ view_parse ] --END-- [ RunTime:0.017001s ]
INFO: [ view_filter ] --START--
INFO: Run Behavior\WriteHtmlCacheBehavior [ RunTime:0.000000s ]
INFO: [ view_filter ] --END-- [ RunTime:0.000000s ]
INFO: [ app_end ] --START--
INFO: Run Behavior\ShowPageTraceBehavior [ RunTime:0.001000s ]
INFO: [ app_end ] --END-- [ RunTime:0.001000s ]

[ 2017-11-30T10:38:56+08:00 ] 127.0.0.1 /hzr/Phone/NewsList/more.html?id=1&pid=1
INFO: [ app_init ] --START--
INFO: Run Behavior\BuildLiteBehavior [ RunTime:0.000000s ]
INFO: [ app_init ] --END-- [ RunTime:0.001000s ]
INFO: [ app_begin ] --START--
INFO: Run Behavior\ReadHtmlCacheBehavior [ RunTime:0.001000s ]
INFO: [ app_begin ] --END-- [ RunTime:0.001000s ]
SQL: SHOW COLUMNS FROM `phonenewstypes` [ RunTime:0.0090s ]
SQL: SELECT * FROM `phonenewstypes` WHERE ( state=1 ) ORDER BY sort desc LIMIT 6   [ RunTime:0.0010s ]
SQL: SHOW COLUMNS FROM `config` [ RunTime:0.0100s ]
SQL: SELECT * FROM `config` WHERE `id` = 1 LIMIT 1   [ RunTime:0.0010s ]
SQL: SHOW COLUMNS FROM `content` [ RunTime:0.0090s ]
SQL: SELECT * FROM `content` WHERE `type` = 2 AND `postion` = 2 LIMIT 1   [ RunTime:0.0010s ]
SQL: SHOW COLUMNS FROM `phonenews` [ RunTime:0.0070s ]
SQL: SELECT * FROM `phonenews` WHERE `typeid` = 1 AND `hot` = 0 ORDER BY sort desc LIMIT 6,5   [ RunTime:0.0010s ]
INFO: [ app_end ] --START--
INFO: Run Behavior\ShowPageTraceBehavior [ RunTime:0.001000s ]
INFO: [ app_end ] --END-- [ RunTime:0.001000s ]

[ 2017-11-30T10:39:22+08:00 ] 127.0.0.1 /hzr/Phone/NewsList/index/id/1.html
INFO: [ app_init ] --START--
INFO: Run Behavior\BuildLiteBehavior [ RunTime:0.000000s ]
INFO: [ app_init ] --END-- [ RunTime:0.001000s ]
INFO: [ app_begin ] --START--
INFO: Run Behavior\ReadHtmlCacheBehavior [ RunTime:0.001000s ]
INFO: [ app_begin ] --END-- [ RunTime:0.001000s ]
SQL: SHOW COLUMNS FROM `phonenewstypes` [ RunTime:0.0090s ]
SQL: SELECT * FROM `phonenewstypes` WHERE ( state=1 ) ORDER BY sort desc LIMIT 6   [ RunTime:0.0010s ]
SQL: SHOW COLUMNS FROM `config` [ RunTime:0.0110s ]
SQL: SELECT * FROM `config` WHERE `id` = 1 LIMIT 1   [ RunTime:0.0010s ]
SQL: SHOW COLUMNS FROM `content` [ RunTime:0.0070s ]
SQL: SELECT * FROM `content` WHERE `type` = 2 AND `postion` = 2 LIMIT 1   [ RunTime:0.0010s ]
SQL: SELECT `typename` FROM `phonenewstypes` WHERE ( id=1 ) LIMIT 1   [ RunTime:0.0000s ]
SQL: SHOW COLUMNS FROM `phonenews` [ RunTime:0.0040s ]
SQL: SELECT * FROM `phonenews` WHERE `typeid` = 1 AND `hot` = 0 ORDER BY sort desc LIMIT 0,5   [ RunTime:0.0010s ]
INFO: [ view_parse ] --START--
INFO: [ template_filter ] --START--
INFO: Run Behavior\ContentReplaceBehavior [ RunTime:0.000000s ]
INFO: [ template_filter ] --END-- [ RunTime:0.000000s ]
NOTIC: [8] Undefined index: fid F:\phpxiangmu\hzr\Application\Runtime\Cache\Phone\63e745f3c380433ab3c3a03a1e9b0987.php 第 19 行.
INFO: Run Behavior\ParseTemplateBehavior [ RunTime:0.016001s ]
INFO: [ view_parse ] --END-- [ RunTime:0.016001s ]
INFO: [ view_filter ] --START--
INFO: Run Behavior\WriteHtmlCacheBehavior [ RunTime:0.000000s ]
INFO: [ view_filter ] --END-- [ RunTime:0.000000s ]
INFO: [ app_end ] --START--
INFO: Run Behavior\ShowPageTraceBehavior [ RunTime:0.001000s ]
INFO: [ app_end ] --END-- [ RunTime:0.001000s ]

[ 2017-11-30T10:40:45+08:00 ] 127.0.0.1 /hzr/Phone/NewsList/index/id/1.html
INFO: [ app_init ] --START--
INFO: Run Behavior\BuildLiteBehavior [ RunTime:0.000000s ]
INFO: [ app_init ] --END-- [ RunTime:0.001000s ]
INFO: [ app_begin ] --START--
INFO: Run Behavior\ReadHtmlCacheBehavior [ RunTime:0.002000s ]
INFO: [ app_begin ] --END-- [ RunTime:0.002000s ]
SQL: SHOW COLUMNS FROM `phonenewstypes` [ RunTime:0.0080s ]
SQL: SELECT * FROM `phonenewstypes` WHERE ( state=1 ) ORDER BY sort desc LIMIT 6   [ RunTime:0.0010s ]
SQL: SHOW COLUMNS FROM `config` [ RunTime:0.0070s ]
SQL: SELECT * FROM `config` WHERE `id` = 1 LIMIT 1   [ RunTime:0.0010s ]
SQL: SHOW COLUMNS FROM `content` [ RunTime:0.0070s ]
SQL: SELECT * FROM `content` WHERE `type` = 2 AND `postion` = 2 LIMIT 1   [ RunTime:0.0010s ]
SQL: SELECT `typename` FROM `phonenewstypes` WHERE ( id=1 ) LIMIT 1   [ RunTime:0.0010s ]
SQL: SHOW COLUMNS FROM `phonenews` [ RunTime:0.0060s ]
SQL: SELECT * FROM `phonenews` WHERE `typeid` = 1 AND `hot` = 0 ORDER BY sort desc LIMIT 0,5   [ RunTime:0.0010s ]
INFO: [ view_parse ] --START--
INFO: [ template_filter ] --START--
INFO: Run Behavior\ContentReplaceBehavior [ RunTime:0.000000s ]
INFO: [ template_filter ] --END-- [ RunTime:0.000000s ]
NOTIC: [8] Undefined index: fid F:\phpxiangmu\hzr\Application\Runtime\Cache\Phone\63e745f3c380433ab3c3a03a1e9b0987.php 第 19 行.
INFO: Run Behavior\ParseTemplateBehavior [ RunTime:0.015001s ]
INFO: [ view_parse ] --END-- [ RunTime:0.015001s ]
INFO: [ view_filter ] --START--
INFO: Run Behavior\WriteHtmlCacheBehavior [ RunTime:0.000000s ]
INFO: [ view_filter ] --END-- [ RunTime:0.000000s ]
INFO: [ app_end ] --START--
INFO: Run Behavior\ShowPageTraceBehavior [ RunTime:0.000000s ]
INFO: [ app_end ] --END-- [ RunTime:0.000000s ]

[ 2017-11-30T10:40:50+08:00 ] 127.0.0.1 /hzr/Phone/NewsList/more.html?id=1&pid=1
INFO: [ app_init ] --START--
INFO: Run Behavior\BuildLiteBehavior [ RunTime:0.000000s ]
INFO: [ app_init ] --END-- [ RunTime:0.000000s ]
INFO: [ app_begin ] --START--
INFO: Run Behavior\ReadHtmlCacheBehavior [ RunTime:0.001000s ]
INFO: [ app_begin ] --END-- [ RunTime:0.001000s ]
SQL: SHOW COLUMNS FROM `phonenewstypes` [ RunTime:0.0090s ]
SQL: SELECT * FROM `phonenewstypes` WHERE ( state=1 ) ORDER BY sort desc LIMIT 6   [ RunTime:0.0010s ]
SQL: SHOW COLUMNS FROM `config` [ RunTime:0.0090s ]
SQL: SELECT * FROM `config` WHERE `id` = 1 LIMIT 1   [ RunTime:0.0010s ]
SQL: SHOW COLUMNS FROM `content` [ RunTime:0.0080s ]
SQL: SELECT * FROM `content` WHERE `type` = 2 AND `postion` = 2 LIMIT 1   [ RunTime:0.0010s ]
SQL: SHOW COLUMNS FROM `phonenews` [ RunTime:0.0090s ]
SQL: SELECT * FROM `phonenews` WHERE `typeid` = 1 AND `hot` = 0 ORDER BY sort desc LIMIT 6,5   [ RunTime:0.0010s ]
INFO: [ app_end ] --START--
INFO: Run Behavior\ShowPageTraceBehavior [ RunTime:0.002000s ]
INFO: [ app_end ] --END-- [ RunTime:0.002000s ]

[ 2017-11-30T10:41:15+08:00 ] 127.0.0.1 /hzr/Phone/NewsInfo/index/articleid/104.html
INFO: [ app_init ] --START--
INFO: Run Behavior\BuildLiteBehavior [ RunTime:0.000000s ]
INFO: [ app_init ] --END-- [ RunTime:0.000000s ]
INFO: [ app_begin ] --START--
INFO: Run Behavior\ReadHtmlCacheBehavior [ RunTime:0.001000s ]
INFO: [ app_begin ] --END-- [ RunTime:0.001000s ]
SQL: SHOW COLUMNS FROM `phonenewstypes` [ RunTime:0.0110s ]
SQL: SELECT * FROM `phonenewstypes` WHERE ( state=1 ) ORDER BY sort desc LIMIT 6   [ RunTime:0.0020s ]
SQL: SHOW COLUMNS FROM `config` [ RunTime:0.0050s ]
SQL: SELECT * FROM `config` WHERE `id` = 1 LIMIT 1   [ RunTime:0.0010s ]
SQL: SHOW COLUMNS FROM `content` [ RunTime:0.0040s ]
SQL: SELECT * FROM `content` WHERE `type` = 2 AND `postion` = 2 LIMIT 1   [ RunTime:0.0010s ]
SQL: SHOW COLUMNS FROM `phonenews` [ RunTime:0.0040s ]
SQL: SELECT * FROM `phonenews` WHERE ( articleid=104 ) LIMIT 1   [ RunTime:0.0000s ]
SQL: UPDATE `phonenews` SET `hit`=hit+1 WHERE ( articleid=104 ) [ RunTime:0.0000s ]
INFO: [ view_parse ] --START--
INFO: [ template_filter ] --START--
INFO: Run Behavior\ContentReplaceBehavior [ RunTime:0.001000s ]
INFO: [ template_filter ] --END-- [ RunTime:0.001000s ]
NOTIC: [8] Undefined index: fid F:\phpxiangmu\hzr\Application\Runtime\Cache\Phone\ecc20a31158a0c65e3acdd985931dfcf.php 第 19 行.
NOTIC: [8] Undefined index: id F:\phpxiangmu\hzr\Application\Runtime\Cache\Phone\ecc20a31158a0c65e3acdd985931dfcf.php 第 20 行.
INFO: Run Behavior\ParseTemplateBehavior [ RunTime:0.013001s ]
INFO: [ view_parse ] --END-- [ RunTime:0.015001s ]
INFO: [ view_filter ] --START--
INFO: Run Behavior\WriteHtmlCacheBehavior [ RunTime:0.000000s ]
INFO: [ view_filter ] --END-- [ RunTime:0.000000s ]
INFO: [ app_end ] --START--
INFO: Run Behavior\ShowPageTraceBehavior [ RunTime:0.001000s ]
INFO: [ app_end ] --END-- [ RunTime:0.001000s ]

[ 2017-11-30T10:41:27+08:00 ] 127.0.0.1 /hzr/Phone/NewsList/more.html?id=1&pid=1
INFO: [ app_init ] --START--
INFO: Run Behavior\BuildLiteBehavior [ RunTime:0.000000s ]
INFO: [ app_init ] --END-- [ RunTime:0.000000s ]
INFO: [ app_begin ] --START--
INFO: Run Behavior\ReadHtmlCacheBehavior [ RunTime:0.001000s ]
INFO: [ app_begin ] --END-- [ RunTime:0.001000s ]
SQL: SHOW COLUMNS FROM `phonenewstypes` [ RunTime:0.0090s ]
SQL: SELECT * FROM `phonenewstypes` WHERE ( state=1 ) ORDER BY sort desc LIMIT 6   [ RunTime:0.0010s ]
SQL: SHOW COLUMNS FROM `config` [ RunTime:0.0090s ]
SQL: SELECT * FROM `config` WHERE `id` = 1 LIMIT 1   [ RunTime:0.0010s ]
SQL: SHOW COLUMNS FROM `content` [ RunTime:0.0080s ]
SQL: SELECT * FROM `content` WHERE `type` = 2 AND `postion` = 2 LIMIT 1   [ RunTime:0.0000s ]
SQL: SHOW COLUMNS FROM `phonenews` [ RunTime:0.0040s ]
SQL: SELECT * FROM `phonenews` WHERE `typeid` = 1 AND `hot` = 0 ORDER BY sort desc LIMIT 6,5   [ RunTime:0.0010s ]
INFO: [ app_end ] --START--
INFO: Run Behavior\ShowPageTraceBehavior [ RunTime:0.001000s ]
INFO: [ app_end ] --END-- [ RunTime:0.001000s ]

[ 2017-11-30T10:42:32+08:00 ] 127.0.0.1 /hzr/Phone/NewsList/index/id/1.html
INFO: [ app_init ] --START--
INFO: Run Behavior\BuildLiteBehavior [ RunTime:0.000000s ]
INFO: [ app_init ] --END-- [ RunTime:0.001000s ]
INFO: [ app_begin ] --START--
INFO: Run Behavior\ReadHtmlCacheBehavior [ RunTime:0.000000s ]
INFO: [ app_begin ] --END-- [ RunTime:0.001000s ]
SQL: SHOW COLUMNS FROM `phonenewstypes` [ RunTime:0.0040s ]
SQL: SELECT * FROM `phonenewstypes` WHERE ( state=1 ) ORDER BY sort desc LIMIT 6   [ RunTime:0.0000s ]
SQL: SHOW COLUMNS FROM `config` [ RunTime:0.0040s ]
SQL: SELECT * FROM `config` WHERE `id` = 1 LIMIT 1   [ RunTime:0.0010s ]
SQL: SHOW COLUMNS FROM `content` [ RunTime:0.0050s ]
SQL: SELECT * FROM `content` WHERE `type` = 2 AND `postion` = 2 LIMIT 1   [ RunTime:0.0010s ]
SQL: SELECT `typename` FROM `phonenewstypes` WHERE ( id=1 ) LIMIT 1   [ RunTime:0.0000s ]
SQL: SHOW COLUMNS FROM `phonenews` [ RunTime:0.0060s ]
SQL: SELECT * FROM `phonenews` WHERE `typeid` = 1 AND `hot` = 0 ORDER BY sort desc LIMIT 0,5   [ RunTime:0.0010s ]
INFO: [ view_parse ] --START--
INFO: [ template_filter ] --START--
INFO: Run Behavior\ContentReplaceBehavior [ RunTime:0.000000s ]
INFO: [ template_filter ] --END-- [ RunTime:0.000000s ]
NOTIC: [8] Undefined index: fid F:\phpxiangmu\hzr\Application\Runtime\Cache\Phone\63e745f3c380433ab3c3a03a1e9b0987.php 第 19 行.
INFO: Run Behavior\ParseTemplateBehavior [ RunTime:0.016001s ]
INFO: [ view_parse ] --END-- [ RunTime:0.017001s ]
INFO: [ view_filter ] --START--
INFO: Run Behavior\WriteHtmlCacheBehavior [ RunTime:0.000000s ]
INFO: [ view_filter ] --END-- [ RunTime:0.000000s ]
INFO: [ app_end ] --START--
INFO: Run Behavior\ShowPageTraceBehavior [ RunTime:0.001000s ]
INFO: [ app_end ] --END-- [ RunTime:0.001000s ]

[ 2017-11-30T10:43:50+08:00 ] 127.0.0.1 /hzr/Phone/NewsList/index/id/1.html
INFO: [ app_init ] --START--
INFO: Run Behavior\BuildLiteBehavior [ RunTime:0.000000s ]
INFO: [ app_init ] --END-- [ RunTime:0.005000s ]
INFO: [ app_begin ] --START--
INFO: Run Behavior\ReadHtmlCacheBehavior [ RunTime:0.002000s ]
INFO: [ app_begin ] --END-- [ RunTime:0.002000s ]
SQL: SHOW COLUMNS FROM `phonenewstypes` [ RunTime:0.0100s ]
SQL: SELECT * FROM `phonenewstypes` WHERE ( state=1 ) ORDER BY sort desc LIMIT 6   [ RunTime:0.0010s ]
SQL: SHOW COLUMNS FROM `config` [ RunTime:0.0090s ]
SQL: SELECT * FROM `config` WHERE `id` = 1 LIMIT 1   [ RunTime:0.0010s ]
SQL: SHOW COLUMNS FROM `content` [ RunTime:0.0090s ]
SQL: SELECT * FROM `content` WHERE `type` = 2 AND `postion` = 2 LIMIT 1   [ RunTime:0.0000s ]
SQL: SELECT `typename` FROM `phonenewstypes` WHERE ( id=1 ) LIMIT 1   [ RunTime:0.0000s ]
SQL: SHOW COLUMNS FROM `phonenews` [ RunTime:0.0050s ]
SQL: SELECT * FROM `phonenews` WHERE `typeid` = 1 AND `hot` = 0 ORDER BY sort desc LIMIT 0,5   [ RunTime:0.0010s ]
INFO: [ view_parse ] --START--
INFO: [ template_filter ] --START--
INFO: Run Behavior\ContentReplaceBehavior [ RunTime:0.001000s ]
INFO: [ template_filter ] --END-- [ RunTime:0.001000s ]
NOTIC: [8] Undefined index: fid F:\phpxiangmu\hzr\Application\Runtime\Cache\Phone\63e745f3c380433ab3c3a03a1e9b0987.php 第 19 行.
INFO: Run Behavior\ParseTemplateBehavior [ RunTime:0.021001s ]
INFO: [ view_parse ] --END-- [ RunTime:0.021001s ]
INFO: [ view_filter ] --START--
INFO: Run Behavior\WriteHtmlCacheBehavior [ RunTime:0.000000s ]
INFO: [ view_filter ] --END-- [ RunTime:0.000000s ]
INFO: [ app_end ] --START--
INFO: Run Behavior\ShowPageTraceBehavior [ RunTime:0.001000s ]
INFO: [ app_end ] --END-- [ RunTime:0.001000s ]

[ 2017-11-30T10:43:57+08:00 ] 127.0.0.1 /hzr/Phone/NewsList/more.html?id=1&pid=1
INFO: [ app_init ] --START--
INFO: Run Behavior\BuildLiteBehavior [ RunTime:0.000000s ]
INFO: [ app_init ] --END-- [ RunTime:0.000000s ]
INFO: [ app_begin ] --START--
INFO: Run Behavior\ReadHtmlCacheBehavior [ RunTime:0.001000s ]
INFO: [ app_begin ] --END-- [ RunTime:0.001000s ]
SQL: SHOW COLUMNS FROM `phonenewstypes` [ RunTime:0.0090s ]
SQL: SELECT * FROM `phonenewstypes` WHERE ( state=1 ) ORDER BY sort desc LIMIT 6   [ RunTime:0.0010s ]
SQL: SHOW COLUMNS FROM `config` [ RunTime:0.0090s ]
SQL: SELECT * FROM `config` WHERE `id` = 1 LIMIT 1   [ RunTime:0.0010s ]
SQL: SHOW COLUMNS FROM `content` [ RunTime:0.0090s ]
SQL: SELECT * FROM `content` WHERE `type` = 2 AND `postion` = 2 LIMIT 1   [ RunTime:0.0010s ]
SQL: SHOW COLUMNS FROM `phonenews` [ RunTime:0.0050s ]
SQL: SELECT * FROM `phonenews` WHERE `typeid` = 1 AND `hot` = 0 ORDER BY sort desc LIMIT 6,5   [ RunTime:0.0010s ]
INFO: [ app_end ] --START--
INFO: Run Behavior\ShowPageTraceBehavior [ RunTime:0.001000s ]
INFO: [ app_end ] --END-- [ RunTime:0.001000s ]

[ 2017-11-30T10:44:14+08:00 ] 127.0.0.1 /hzr/Phone/NewsList/index/id/1.html
INFO: [ app_init ] --START--
INFO: Run Behavior\BuildLiteBehavior [ RunTime:0.000000s ]
INFO: [ app_init ] --END-- [ RunTime:0.000000s ]
INFO: [ app_begin ] --START--
INFO: Run Behavior\ReadHtmlCacheBehavior [ RunTime:0.002000s ]
INFO: [ app_begin ] --END-- [ RunTime:0.003000s ]
SQL: SHOW COLUMNS FROM `phonenewstypes` [ RunTime:0.0090s ]
SQL: SELECT * FROM `phonenewstypes` WHERE ( state=1 ) ORDER BY sort desc LIMIT 6   [ RunTime:0.0010s ]
SQL: SHOW COLUMNS FROM `config` [ RunTime:0.0100s ]
SQL: SELECT * FROM `config` WHERE `id` = 1 LIMIT 1   [ RunTime:0.0010s ]
SQL: SHOW COLUMNS FROM `content` [ RunTime:0.0050s ]
SQL: SELECT * FROM `content` WHERE `type` = 2 AND `postion` = 2 LIMIT 1   [ RunTime:0.0000s ]
SQL: SELECT `typename` FROM `phonenewstypes` WHERE ( id=1 ) LIMIT 1   [ RunTime:0.0000s ]
SQL: SHOW COLUMNS FROM `phonenews` [ RunTime:0.0050s ]
SQL: SELECT * FROM `phonenews` WHERE `typeid` = 1 AND `hot` = 0 ORDER BY sort desc LIMIT 0,5   [ RunTime:0.0010s ]
INFO: [ view_parse ] --START--
INFO: [ template_filter ] --START--
INFO: Run Behavior\ContentReplaceBehavior [ RunTime:0.001000s ]
INFO: [ template_filter ] --END-- [ RunTime:0.001000s ]
NOTIC: [8] Undefined index: fid F:\phpxiangmu\hzr\Application\Runtime\Cache\Phone\63e745f3c380433ab3c3a03a1e9b0987.php 第 19 行.
INFO: Run Behavior\ParseTemplateBehavior [ RunTime:0.017000s ]
INFO: [ view_parse ] --END-- [ RunTime:0.017000s ]
INFO: [ view_filter ] --START--
INFO: Run Behavior\WriteHtmlCacheBehavior [ RunTime:0.001001s ]
INFO: [ view_filter ] --END-- [ RunTime:0.001001s ]
INFO: [ app_end ] --START--
INFO: Run Behavior\ShowPageTraceBehavior [ RunTime:0.000000s ]
INFO: [ app_end ] --END-- [ RunTime:0.000000s ]

[ 2017-11-30T10:45:39+08:00 ] 127.0.0.1 /hzr/Phone/NewsList/index/id/1.html
INFO: [ app_init ] --START--
INFO: Run Behavior\BuildLiteBehavior [ RunTime:0.000000s ]
INFO: [ app_init ] --END-- [ RunTime:0.001000s ]
INFO: [ app_begin ] --START--
INFO: Run Behavior\ReadHtmlCacheBehavior [ RunTime:0.001000s ]
INFO: [ app_begin ] --END-- [ RunTime:0.001000s ]
SQL: SHOW COLUMNS FROM `phonenewstypes` [ RunTime:0.0090s ]
SQL: SELECT * FROM `phonenewstypes` WHERE ( state=1 ) ORDER BY sort desc LIMIT 6   [ RunTime:0.0010s ]
SQL: SHOW COLUMNS FROM `config` [ RunTime:0.0100s ]
SQL: SELECT * FROM `config` WHERE `id` = 1 LIMIT 1   [ RunTime:0.0010s ]
SQL: SHOW COLUMNS FROM `content` [ RunTime:0.0070s ]
SQL: SELECT * FROM `content` WHERE `type` = 2 AND `postion` = 2 LIMIT 1   [ RunTime:0.0010s ]
SQL: SELECT `typename` FROM `phonenewstypes` WHERE ( id=1 ) LIMIT 1   [ RunTime:0.0010s ]
SQL: SHOW COLUMNS FROM `phonenews` [ RunTime:0.0040s ]
SQL: SELECT * FROM `phonenews` WHERE `typeid` = 1 AND `hot` = 0 ORDER BY sort desc LIMIT 0,5   [ RunTime:0.0000s ]
INFO: [ view_parse ] --START--
INFO: [ template_filter ] --START--
INFO: Run Behavior\ContentReplaceBehavior [ RunTime:0.000000s ]
INFO: [ template_filter ] --END-- [ RunTime:0.000000s ]
NOTIC: [8] Undefined index: fid F:\phpxiangmu\hzr\Application\Runtime\Cache\Phone\63e745f3c380433ab3c3a03a1e9b0987.php 第 19 行.
INFO: Run Behavior\ParseTemplateBehavior [ RunTime:0.016001s ]
INFO: [ view_parse ] --END-- [ RunTime:0.016001s ]
INFO: [ view_filter ] --START--
INFO: Run Behavior\WriteHtmlCacheBehavior [ RunTime:0.000000s ]
INFO: [ view_filter ] --END-- [ RunTime:0.000000s ]
INFO: [ app_end ] --START--
INFO: Run Behavior\ShowPageTraceBehavior [ RunTime:0.001000s ]
INFO: [ app_end ] --END-- [ RunTime:0.001000s ]

[ 2017-11-30T10:45:44+08:00 ] 127.0.0.1 /hzr/Phone/NewsList/more.html?id=1&pid=1
INFO: [ app_init ] --START--
INFO: Run Behavior\BuildLiteBehavior [ RunTime:0.000000s ]
INFO: [ app_init ] --END-- [ RunTime:0.001000s ]
INFO: [ app_begin ] --START--
INFO: Run Behavior\ReadHtmlCacheBehavior [ RunTime:0.001001s ]
INFO: [ app_begin ] --END-- [ RunTime:0.001001s ]
SQL: SHOW COLUMNS FROM `phonenewstypes` [ RunTime:0.0090s ]
SQL: SELECT * FROM `phonenewstypes` WHERE ( state=1 ) ORDER BY sort desc LIMIT 6   [ RunTime:0.0010s ]
SQL: SHOW COLUMNS FROM `config` [ RunTime:0.0090s ]
SQL: SELECT * FROM `config` WHERE `id` = 1 LIMIT 1   [ RunTime:0.0010s ]
SQL: SHOW COLUMNS FROM `content` [ RunTime:0.0080s ]
SQL: SELECT * FROM `content` WHERE `type` = 2 AND `postion` = 2 LIMIT 1   [ RunTime:0.0010s ]
SQL: SHOW COLUMNS FROM `phonenews` [ RunTime:0.0060s ]
SQL: SELECT * FROM `phonenews` WHERE `typeid` = 1 AND `hot` = 0 ORDER BY sort desc LIMIT 6,5   [ RunTime:0.0010s ]
INFO: [ app_end ] --START--
INFO: Run Behavior\ShowPageTraceBehavior [ RunTime:0.001000s ]
INFO: [ app_end ] --END-- [ RunTime:0.001000s ]

[ 2017-11-30T10:49:36+08:00 ] 127.0.0.1 /hzr/Phone/NewsList/index/id/1.html
INFO: [ app_init ] --START--
INFO: Run Behavior\BuildLiteBehavior [ RunTime:0.000000s ]
INFO: [ app_init ] --END-- [ RunTime:0.000000s ]
INFO: [ app_begin ] --START--
INFO: Run Behavior\ReadHtmlCacheBehavior [ RunTime:0.002000s ]
INFO: [ app_begin ] --END-- [ RunTime:0.002000s ]
SQL: SHOW COLUMNS FROM `phonenewstypes` [ RunTime:0.0090s ]
SQL: SELECT * FROM `phonenewstypes` WHERE ( state=1 ) ORDER BY sort desc LIMIT 6   [ RunTime:0.0010s ]
SQL: SHOW COLUMNS FROM `config` [ RunTime:0.0100s ]
SQL: SELECT * FROM `config` WHERE `id` = 1 LIMIT 1   [ RunTime:0.0010s ]
SQL: SHOW COLUMNS FROM `content` [ RunTime:0.0110s ]
SQL: SELECT * FROM `content` WHERE `type` = 2 AND `postion` = 2 LIMIT 1   [ RunTime:0.0010s ]
SQL: SELECT `typename` FROM `phonenewstypes` WHERE ( id=1 ) LIMIT 1   [ RunTime:0.0010s ]
SQL: SHOW COLUMNS FROM `phonenews` [ RunTime:0.0080s ]
SQL: SELECT * FROM `phonenews` WHERE `typeid` = 1 AND `hot` = 0 ORDER BY sort desc LIMIT 0,5   [ RunTime:0.0010s ]
INFO: [ view_parse ] --START--
INFO: [ template_filter ] --START--
INFO: Run Behavior\ContentReplaceBehavior [ RunTime:0.000000s ]
INFO: [ template_filter ] --END-- [ RunTime:0.001000s ]
NOTIC: [8] Undefined index: fid F:\phpxiangmu\hzr\Application\Runtime\Cache\Phone\63e745f3c380433ab3c3a03a1e9b0987.php 第 19 行.
INFO: Run Behavior\ParseTemplateBehavior [ RunTime:0.020001s ]
INFO: [ view_parse ] --END-- [ RunTime:0.020001s ]
INFO: [ view_filter ] --START--
INFO: Run Behavior\WriteHtmlCacheBehavior [ RunTime:0.001000s ]
INFO: [ view_filter ] --END-- [ RunTime:0.001000s ]
INFO: [ app_end ] --START--
INFO: Run Behavior\ShowPageTraceBehavior [ RunTime:0.001000s ]
INFO: [ app_end ] --END-- [ RunTime:0.001000s ]

[ 2017-11-30T10:50:19+08:00 ] 127.0.0.1 /hzr/Phone/NewsList/index/id/1.html
INFO: [ app_init ] --START--
INFO: Run Behavior\BuildLiteBehavior [ RunTime:0.000000s ]
INFO: [ app_init ] --END-- [ RunTime:0.000000s ]
INFO: [ app_begin ] --START--
INFO: Run Behavior\ReadHtmlCacheBehavior [ RunTime:0.000000s ]
INFO: [ app_begin ] --END-- [ RunTime:0.001000s ]
SQL: SHOW COLUMNS FROM `phonenewstypes` [ RunTime:0.0110s ]
SQL: SELECT * FROM `phonenewstypes` WHERE ( state=1 ) ORDER BY sort desc LIMIT 6   [ RunTime:0.0010s ]
SQL: SHOW COLUMNS FROM `config` [ RunTime:0.0100s ]
SQL: SELECT * FROM `config` WHERE `id` = 1 LIMIT 1   [ RunTime:0.0010s ]
SQL: SHOW COLUMNS FROM `content` [ RunTime:0.0090s ]
SQL: SELECT * FROM `content` WHERE `type` = 2 AND `postion` = 2 LIMIT 1   [ RunTime:0.0010s ]
SQL: SELECT `typename` FROM `phonenewstypes` WHERE ( id=1 ) LIMIT 1   [ RunTime:0.0010s ]
SQL: SHOW COLUMNS FROM `phonenews` [ RunTime:0.0090s ]
SQL: SELECT * FROM `phonenews` WHERE `typeid` = 1 AND `hot` = 0 ORDER BY sort desc LIMIT 0,5   [ RunTime:0.0010s ]
INFO: [ view_parse ] --START--
INFO: [ template_filter ] --START--
INFO: Run Behavior\ContentReplaceBehavior [ RunTime:0.000000s ]
INFO: [ template_filter ] --END-- [ RunTime:0.001000s ]
NOTIC: [8] Undefined index: fid F:\phpxiangmu\hzr\Application\Runtime\Cache\Phone\63e745f3c380433ab3c3a03a1e9b0987.php 第 19 行.
INFO: Run Behavior\ParseTemplateBehavior [ RunTime:0.023001s ]
INFO: [ view_parse ] --END-- [ RunTime:0.023001s ]
INFO: [ view_filter ] --START--
INFO: Run Behavior\WriteHtmlCacheBehavior [ RunTime:0.001000s ]
INFO: [ view_filter ] --END-- [ RunTime:0.001000s ]
INFO: [ app_end ] --START--
INFO: Run Behavior\ShowPageTraceBehavior [ RunTime:0.001000s ]
INFO: [ app_end ] --END-- [ RunTime:0.001000s ]

[ 2017-11-30T10:50:30+08:00 ] 127.0.0.1 /hzr/Phone/Student/index/id/3.html
INFO: [ app_init ] --START--
INFO: Run Behavior\BuildLiteBehavior [ RunTime:0.000000s ]
INFO: [ app_init ] --END-- [ RunTime:0.001000s ]
INFO: [ app_begin ] --START--
INFO: Run Behavior\ReadHtmlCacheBehavior [ RunTime:0.001000s ]
INFO: [ app_begin ] --END-- [ RunTime:0.001000s ]
SQL: SHOW COLUMNS FROM `phonenewstypes` [ RunTime:0.0090s ]
SQL: SELECT * FROM `phonenewstypes` WHERE ( state=1 ) ORDER BY sort desc LIMIT 6   [ RunTime:0.0020s ]
SQL: SHOW COLUMNS FROM `config` [ RunTime:0.0110s ]
SQL: SELECT * FROM `config` WHERE `id` = 1 LIMIT 1   [ RunTime:0.0010s ]
SQL: SHOW COLUMNS FROM `content` [ RunTime:0.0080s ]
SQL: SELECT * FROM `content` WHERE `type` = 2 AND `postion` = 2 LIMIT 1   [ RunTime:0.0010s ]
SQL: SELECT `typename` FROM `phonenewstypes` WHERE ( id=3 ) LIMIT 1   [ RunTime:0.0000s ]
SQL: SHOW COLUMNS FROM `phonebanner` [ RunTime:0.0040s ]
SQL: SELECT * FROM `phonebanner` WHERE `state` = 0 AND `postion` = 4 LIMIT 1   [ RunTime:0.0010s ]
SQL: SHOW COLUMNS FROM `phonenews` [ RunTime:0.0040s ]
SQL: SELECT * FROM `phonenews` WHERE `typeid` = 3 AND `hot` = 6 ORDER BY sort desc LIMIT 1   [ RunTime:0.0010s ]
SQL: SELECT * FROM `phonenews` WHERE `typeid` = 3 AND `hot` = 0 ORDER BY sort desc LIMIT 3   [ RunTime:0.0010s ]
INFO: [ view_parse ] --START--
INFO: [ template_filter ] --START--
INFO: Run Behavior\ContentReplaceBehavior [ RunTime:0.000000s ]
INFO: [ template_filter ] --END-- [ RunTime:0.001000s ]
NOTIC: [8] Undefined index: fid F:\phpxiangmu\hzr\Application\Runtime\Cache\Phone\382ec0a37814902b0c35ed7e70430d26.php 第 19 行.
INFO: Run Behavior\ParseTemplateBehavior [ RunTime:0.040002s ]
INFO: [ view_parse ] --END-- [ RunTime:0.040002s ]
INFO: [ view_filter ] --START--
INFO: Run Behavior\WriteHtmlCacheBehavior [ RunTime:0.001000s ]
INFO: [ view_filter ] --END-- [ RunTime:0.001000s ]
INFO: [ app_end ] --START--
INFO: Run Behavior\ShowPageTraceBehavior [ RunTime:0.001000s ]
INFO: [ app_end ] --END-- [ RunTime:0.001000s ]

[ 2017-11-30T10:51:00+08:00 ] 127.0.0.1 /hzr/Phone/Student/index/id/3.html
INFO: [ app_init ] --START--
INFO: Run Behavior\BuildLiteBehavior [ RunTime:0.000000s ]
INFO: [ app_init ] --END-- [ RunTime:0.000000s ]
INFO: [ app_begin ] --START--
INFO: Run Behavior\ReadHtmlCacheBehavior [ RunTime:0.001000s ]
INFO: [ app_begin ] --END-- [ RunTime:0.001000s ]
SQL: SHOW COLUMNS FROM `phonenewstypes` [ RunTime:0.0110s ]
SQL: SELECT * FROM `phonenewstypes` WHERE ( state=1 ) ORDER BY sort desc LIMIT 6   [ RunTime:0.0010s ]
SQL: SHOW COLUMNS FROM `config` [ RunTime:0.0080s ]
SQL: SELECT * FROM `config` WHERE `id` = 1 LIMIT 1   [ RunTime:0.0000s ]
SQL: SHOW COLUMNS FROM `content` [ RunTime:0.0060s ]
SQL: SELECT * FROM `content` WHERE `type` = 2 AND `postion` = 2 LIMIT 1   [ RunTime:0.0010s ]
SQL: SELECT `typename` FROM `phonenewstypes` WHERE ( id=3 ) LIMIT 1   [ RunTime:0.0010s ]
SQL: SHOW COLUMNS FROM `phonebanner` [ RunTime:0.0190s ]
SQL: SELECT * FROM `phonebanner` WHERE `state` = 0 AND `postion` = 4 LIMIT 1   [ RunTime:0.0010s ]
SQL: SHOW COLUMNS FROM `phonenews` [ RunTime:0.0040s ]
SQL: SELECT * FROM `phonenews` WHERE `typeid` = 3 AND `hot` = 6 ORDER BY sort desc LIMIT 1   [ RunTime:0.0010s ]
SQL: SELECT * FROM `phonenews` WHERE `typeid` = 3 AND `hot` = 0 ORDER BY sort desc LIMIT 3   [ RunTime:0.0010s ]
INFO: [ view_parse ] --START--
INFO: [ template_filter ] --START--
INFO: Run Behavior\ContentReplaceBehavior [ RunTime:0.000000s ]
INFO: [ template_filter ] --END-- [ RunTime:0.000000s ]
NOTIC: [8] Undefined index: fid F:\phpxiangmu\hzr\Application\Runtime\Cache\Phone\382ec0a37814902b0c35ed7e70430d26.php 第 19 行.
INFO: Run Behavior\ParseTemplateBehavior [ RunTime:0.016001s ]
INFO: [ view_parse ] --END-- [ RunTime:0.017001s ]
INFO: [ view_filter ] --START--
INFO: Run Behavior\WriteHtmlCacheBehavior [ RunTime:0.000000s ]
INFO: [ view_filter ] --END-- [ RunTime:0.000000s ]
INFO: [ app_end ] --START--
INFO: Run Behavior\ShowPageTraceBehavior [ RunTime:0.001000s ]
INFO: [ app_end ] --END-- [ RunTime:0.001000s ]

[ 2017-11-30T10:51:13+08:00 ] 127.0.0.1 /hzr/Phone/NewsInfo/index/articleid/138.html
INFO: [ app_init ] --START--
INFO: Run Behavior\BuildLiteBehavior [ RunTime:0.000000s ]
INFO: [ app_init ] --END-- [ RunTime:0.001000s ]
INFO: [ app_begin ] --START--
INFO: Run Behavior\ReadHtmlCacheBehavior [ RunTime:0.001000s ]
INFO: [ app_begin ] --END-- [ RunTime:0.001000s ]
SQL: SHOW COLUMNS FROM `phonenewstypes` [ RunTime:0.0110s ]
SQL: SELECT * FROM `phonenewstypes` WHERE ( state=1 ) ORDER BY sort desc LIMIT 6   [ RunTime:0.0010s ]
SQL: SHOW COLUMNS FROM `config` [ RunTime:0.0100s ]
SQL: SELECT * FROM `config` WHERE `id` = 1 LIMIT 1   [ RunTime:0.0010s ]
SQL: SHOW COLUMNS FROM `content` [ RunTime:0.0090s ]
SQL: SELECT * FROM `content` WHERE `type` = 2 AND `postion` = 2 LIMIT 1   [ RunTime:0.0010s ]
SQL: SHOW COLUMNS FROM `phonenews` [ RunTime:0.0050s ]
SQL: SELECT * FROM `phonenews` WHERE ( articleid=138 ) LIMIT 1   [ RunTime:0.0000s ]
SQL: UPDATE `phonenews` SET `hit`=hit+1 WHERE ( articleid=138 ) [ RunTime:0.0000s ]
INFO: [ view_parse ] --START--
INFO: [ template_filter ] --START--
INFO: Run Behavior\ContentReplaceBehavior [ RunTime:0.000000s ]
INFO: [ template_filter ] --END-- [ RunTime:0.000000s ]
NOTIC: [8] Undefined index: fid F:\phpxiangmu\hzr\Application\Runtime\Cache\Phone\ecc20a31158a0c65e3acdd985931dfcf.php 第 19 行.
NOTIC: [8] Undefined index: id F:\phpxiangmu\hzr\Application\Runtime\Cache\Phone\ecc20a31158a0c65e3acdd985931dfcf.php 第 20 行.
INFO: Run Behavior\ParseTemplateBehavior [ RunTime:0.014000s ]
INFO: [ view_parse ] --END-- [ RunTime:0.014000s ]
INFO: [ view_filter ] --START--
INFO: Run Behavior\WriteHtmlCacheBehavior [ RunTime:0.001000s ]
INFO: [ view_filter ] --END-- [ RunTime:0.001000s ]
INFO: [ app_end ] --START--
INFO: Run Behavior\ShowPageTraceBehavior [ RunTime:0.001000s ]
INFO: [ app_end ] --END-- [ RunTime:0.001000s ]

[ 2017-11-30T10:52:05+08:00 ] 127.0.0.1 /hzr/Phone/Student/index/id/3.html
INFO: [ app_init ] --START--
INFO: Run Behavior\BuildLiteBehavior [ RunTime:0.000000s ]
INFO: [ app_init ] --END-- [ RunTime:0.001000s ]
INFO: [ app_begin ] --START--
INFO: Run Behavior\ReadHtmlCacheBehavior [ RunTime:0.001000s ]
INFO: [ app_begin ] --END-- [ RunTime:0.001000s ]
SQL: SHOW COLUMNS FROM `phonenewstypes` [ RunTime:0.0100s ]
SQL: SELECT * FROM `phonenewstypes` WHERE ( state=1 ) ORDER BY sort desc LIMIT 6   [ RunTime:0.0010s ]
SQL: SHOW COLUMNS FROM `config` [ RunTime:0.0100s ]
SQL: SELECT * FROM `config` WHERE `id` = 1 LIMIT 1   [ RunTime:0.0010s ]
SQL: SHOW COLUMNS FROM `content` [ RunTime:0.0100s ]
SQL: SELECT * FROM `content` WHERE `type` = 2 AND `postion` = 2 LIMIT 1   [ RunTime:0.0010s ]
SQL: SELECT `typename` FROM `phonenewstypes` WHERE ( id=3 ) LIMIT 1   [ RunTime:0.0010s ]
SQL: SHOW COLUMNS FROM `phonebanner` [ RunTime:0.0080s ]
SQL: SELECT * FROM `phonebanner` WHERE `state` = 0 AND `postion` = 4 LIMIT 1   [ RunTime:0.0000s ]
SQL: SHOW COLUMNS FROM `phonenews` [ RunTime:0.0050s ]
SQL: SELECT * FROM `phonenews` WHERE `typeid` = 3 AND `hot` = 6 ORDER BY sort desc LIMIT 1   [ RunTime:0.0000s ]
SQL: SELECT * FROM `phonenews` WHERE `typeid` = 3 AND `hot` = 0 ORDER BY sort desc LIMIT 3   [ RunTime:0.0010s ]
INFO: [ view_parse ] --START--
INFO: [ template_filter ] --START--
INFO: Run Behavior\ContentReplaceBehavior [ RunTime:0.000000s ]
INFO: [ template_filter ] --END-- [ RunTime:0.000000s ]
NOTIC: [8] Undefined index: fid F:\phpxiangmu\hzr\Application\Runtime\Cache\Phone\382ec0a37814902b0c35ed7e70430d26.php 第 19 行.
INFO: Run Behavior\ParseTemplateBehavior [ RunTime:0.018001s ]
INFO: [ view_parse ] --END-- [ RunTime:0.018001s ]
INFO: [ view_filter ] --START--
INFO: Run Behavior\WriteHtmlCacheBehavior [ RunTime:0.000000s ]
INFO: [ view_filter ] --END-- [ RunTime:0.000000s ]
INFO: [ app_end ] --START--
INFO: Run Behavior\ShowPageTraceBehavior [ RunTime:0.001000s ]
INFO: [ app_end ] --END-- [ RunTime:0.001000s ]

[ 2017-11-30T10:54:12+08:00 ] 127.0.0.1 /hzr/Phone/Student/index/id/3.html
INFO: [ app_init ] --START--
INFO: Run Behavior\BuildLiteBehavior [ RunTime:0.000000s ]
INFO: [ app_init ] --END-- [ RunTime:0.000000s ]
INFO: [ app_begin ] --START--
INFO: Run Behavior\ReadHtmlCacheBehavior [ RunTime:0.001000s ]
INFO: [ app_begin ] --END-- [ RunTime:0.001000s ]
SQL: SHOW COLUMNS FROM `phonenewstypes` [ RunTime:0.0090s ]
SQL: SELECT * FROM `phonenewstypes` WHERE ( state=1 ) ORDER BY sort desc LIMIT 6   [ RunTime:0.0010s ]
SQL: SHOW COLUMNS FROM `config` [ RunTime:0.0090s ]
SQL: SELECT * FROM `config` WHERE `id` = 1 LIMIT 1   [ RunTime:0.0010s ]
SQL: SHOW COLUMNS FROM `content` [ RunTime:0.0090s ]
SQL: SELECT * FROM `content` WHERE `type` = 2 AND `postion` = 2 LIMIT 1   [ RunTime:0.0020s ]
SQL: SELECT `typename` FROM `phonenewstypes` WHERE ( id=3 ) LIMIT 1   [ RunTime:0.0000s ]
SQL: SHOW COLUMNS FROM `phonebanner` [ RunTime:0.0040s ]
SQL: SELECT * FROM `phonebanner` WHERE `state` = 0 AND `postion` = 4 LIMIT 1   [ RunTime:0.0000s ]
SQL: SHOW COLUMNS FROM `phonenews` [ RunTime:0.0060s ]
SQL: SELECT * FROM `phonenews` WHERE `typeid` = 3 AND `hot` = 6 ORDER BY sort desc LIMIT 1   [ RunTime:0.0010s ]
SQL: SELECT * FROM `phonenews` WHERE `typeid` = 3 AND `hot` = 0 ORDER BY sort desc LIMIT 3   [ RunTime:0.0010s ]
INFO: [ view_parse ] --START--
INFO: [ template_filter ] --START--
INFO: Run Behavior\ContentReplaceBehavior [ RunTime:0.000000s ]
INFO: [ template_filter ] --END-- [ RunTime:0.000000s ]
NOTIC: [8] Undefined index: fid F:\phpxiangmu\hzr\Application\Runtime\Cache\Phone\382ec0a37814902b0c35ed7e70430d26.php 第 19 行.
INFO: Run Behavior\ParseTemplateBehavior [ RunTime:0.017001s ]
INFO: [ view_parse ] --END-- [ RunTime:0.018001s ]
INFO: [ view_filter ] --START--
INFO: Run Behavior\WriteHtmlCacheBehavior [ RunTime:0.000000s ]
INFO: [ view_filter ] --END-- [ RunTime:0.000000s ]
INFO: [ app_end ] --START--
INFO: Run Behavior\ShowPageTraceBehavior [ RunTime:0.001000s ]
INFO: [ app_end ] --END-- [ RunTime:0.001000s ]

[ 2017-11-30T11:04:18+08:00 ] 127.0.0.1 /hzr/Phone/Student/index/id/3.html
INFO: [ app_init ] --START--
INFO: Run Behavior\BuildLiteBehavior [ RunTime:0.000000s ]
INFO: [ app_init ] --END-- [ RunTime:0.014001s ]
INFO: [ app_begin ] --START--
INFO: Run Behavior\ReadHtmlCacheBehavior [ RunTime:0.001000s ]
INFO: [ app_begin ] --END-- [ RunTime:0.001000s ]
SQL: SHOW COLUMNS FROM `phonenewstypes` [ RunTime:0.0100s ]
SQL: SELECT * FROM `phonenewstypes` WHERE ( state=1 ) ORDER BY sort desc LIMIT 6   [ RunTime:0.0010s ]
SQL: SHOW COLUMNS FROM `config` [ RunTime:0.0100s ]
SQL: SELECT * FROM `config` WHERE `id` = 1 LIMIT 1   [ RunTime:0.0010s ]
SQL: SHOW COLUMNS FROM `content` [ RunTime:0.0060s ]
SQL: SELECT * FROM `content` WHERE `type` = 2 AND `postion` = 2 LIMIT 1   [ RunTime:0.0010s ]
SQL: SELECT `typename` FROM `phonenewstypes` WHERE ( id=3 ) LIMIT 1   [ RunTime:0.0010s ]
SQL: SHOW COLUMNS FROM `phonebanner` [ RunTime:0.0060s ]
SQL: SELECT * FROM `phonebanner` WHERE `state` = 0 AND `postion` = 4 LIMIT 1   [ RunTime:0.0010s ]
SQL: SHOW COLUMNS FROM `phonenews` [ RunTime:0.0060s ]
SQL: SELECT * FROM `phonenews` WHERE `typeid` = 3 AND `hot` = 6 ORDER BY sort desc LIMIT 1   [ RunTime:0.0000s ]
SQL: SELECT * FROM `phonenews` WHERE `typeid` = 3 AND `hot` = 0 ORDER BY sort desc LIMIT 3   [ RunTime:0.0010s ]
INFO: [ view_parse ] --START--
INFO: [ template_filter ] --START--
INFO: Run Behavior\ContentReplaceBehavior [ RunTime:0.001000s ]
INFO: [ template_filter ] --END-- [ RunTime:0.001000s ]
NOTIC: [8] Undefined index: fid F:\phpxiangmu\hzr\Application\Runtime\Cache\Phone\382ec0a37814902b0c35ed7e70430d26.php 第 19 行.
INFO: Run Behavior\ParseTemplateBehavior [ RunTime:0.120007s ]
INFO: [ view_parse ] --END-- [ RunTime:0.121007s ]
INFO: [ view_filter ] --START--
INFO: Run Behavior\WriteHtmlCacheBehavior [ RunTime:0.058003s ]
INFO: [ view_filter ] --END-- [ RunTime:0.058003s ]
INFO: [ app_end ] --START--
INFO: Run Behavior\ShowPageTraceBehavior [ RunTime:0.013001s ]
INFO: [ app_end ] --END-- [ RunTime:0.013001s ]

[ 2017-11-30T11:05:14+08:00 ] 127.0.0.1 /hzr/Phone/Student/index/id/3.html
INFO: [ app_init ] --START--
INFO: Run Behavior\BuildLiteBehavior [ RunTime:0.000000s ]
INFO: [ app_init ] --END-- [ RunTime:0.001000s ]
INFO: [ app_begin ] --START--
INFO: Run Behavior\ReadHtmlCacheBehavior [ RunTime:0.001000s ]
INFO: [ app_begin ] --END-- [ RunTime:0.001000s ]
SQL: SHOW COLUMNS FROM `phonenewstypes` [ RunTime:0.0100s ]
SQL: SELECT * FROM `phonenewstypes` WHERE ( state=1 ) ORDER BY sort desc LIMIT 6   [ RunTime:0.0010s ]
SQL: SHOW COLUMNS FROM `config` [ RunTime:0.0450s ]
SQL: SELECT * FROM `config` WHERE `id` = 1 LIMIT 1   [ RunTime:0.0010s ]
SQL: SHOW COLUMNS FROM `content` [ RunTime:0.0090s ]
SQL: SELECT * FROM `content` WHERE `type` = 2 AND `postion` = 2 LIMIT 1   [ RunTime:0.0010s ]
SQL: SELECT `typename` FROM `phonenewstypes` WHERE ( id=3 ) LIMIT 1   [ RunTime:0.0010s ]
SQL: SHOW COLUMNS FROM `phonebanner` [ RunTime:0.0080s ]
SQL: SELECT * FROM `phonebanner` WHERE `state` = 0 AND `postion` = 4 LIMIT 1   [ RunTime:0.0010s ]
SQL: SHOW COLUMNS FROM `phonenews` [ RunTime:0.0050s ]
SQL: SELECT * FROM `phonenews` WHERE `typeid` = 3 AND `hot` = 6 ORDER BY sort desc LIMIT 1   [ RunTime:0.0010s ]
SQL: SELECT * FROM `phonenews` WHERE `typeid` = 3 AND `hot` = 0 ORDER BY sort desc LIMIT 3   [ RunTime:0.0000s ]
INFO: [ view_parse ] --START--
INFO: [ template_filter ] --START--
INFO: Run Behavior\ContentReplaceBehavior [ RunTime:0.000000s ]
INFO: [ template_filter ] --END-- [ RunTime:0.000000s ]
NOTIC: [8] Undefined index: fid F:\phpxiangmu\hzr\Application\Runtime\Cache\Phone\382ec0a37814902b0c35ed7e70430d26.php 第 19 行.
INFO: Run Behavior\ParseTemplateBehavior [ RunTime:0.019001s ]
INFO: [ view_parse ] --END-- [ RunTime:0.019001s ]
INFO: [ view_filter ] --START--
INFO: Run Behavior\WriteHtmlCacheBehavior [ RunTime:0.001000s ]
INFO: [ view_filter ] --END-- [ RunTime:0.001000s ]
INFO: [ app_end ] --START--
INFO: Run Behavior\ShowPageTraceBehavior [ RunTime:0.000000s ]
INFO: [ app_end ] --END-- [ RunTime:0.000000s ]

[ 2017-11-30T11:05:48+08:00 ] 127.0.0.1 /hzr/Phone/Student/index/id/3.html
INFO: [ app_init ] --START--
INFO: Run Behavior\BuildLiteBehavior [ RunTime:0.000000s ]
INFO: [ app_init ] --END-- [ RunTime:0.000000s ]
INFO: [ app_begin ] --START--
INFO: Run Behavior\ReadHtmlCacheBehavior [ RunTime:0.001000s ]
INFO: [ app_begin ] --END-- [ RunTime:0.001000s ]
SQL: SHOW COLUMNS FROM `phonenewstypes` [ RunTime:0.0100s ]
SQL: SELECT * FROM `phonenewstypes` WHERE ( state=1 ) ORDER BY sort desc LIMIT 6   [ RunTime:0.0020s ]
SQL: SHOW COLUMNS FROM `config` [ RunTime:0.0090s ]
SQL: SELECT * FROM `config` WHERE `id` = 1 LIMIT 1   [ RunTime:0.0010s ]
SQL: SHOW COLUMNS FROM `content` [ RunTime:0.0100s ]
SQL: SELECT * FROM `content` WHERE `type` = 2 AND `postion` = 2 LIMIT 1   [ RunTime:0.0010s ]
SQL: SELECT `typename` FROM `phonenewstypes` WHERE ( id=3 ) LIMIT 1   [ RunTime:0.0010s ]
SQL: SHOW COLUMNS FROM `phonebanner` [ RunTime:0.0090s ]
SQL: SELECT * FROM `phonebanner` WHERE `state` = 0 AND `postion` = 4 LIMIT 1   [ RunTime:0.0010s ]
SQL: SHOW COLUMNS FROM `phonenews` [ RunTime:0.0070s ]
SQL: SELECT * FROM `phonenews` WHERE `typeid` = 3 AND `hot` = 6 ORDER BY sort desc LIMIT 1   [ RunTime:0.0000s ]
SQL: SELECT * FROM `phonenews` WHERE `typeid` = 3 AND `hot` = 0 ORDER BY sort desc LIMIT 3   [ RunTime:0.0010s ]
INFO: [ view_parse ] --START--
INFO: [ template_filter ] --START--
INFO: Run Behavior\ContentReplaceBehavior [ RunTime:0.000000s ]
INFO: [ template_filter ] --END-- [ RunTime:0.000000s ]
NOTIC: [8] Undefined index: fid F:\phpxiangmu\hzr\Application\Runtime\Cache\Phone\382ec0a37814902b0c35ed7e70430d26.php 第 19 行.
INFO: Run Behavior\ParseTemplateBehavior [ RunTime:0.017001s ]
INFO: [ view_parse ] --END-- [ RunTime:0.017001s ]
INFO: [ view_filter ] --START--
INFO: Run Behavior\WriteHtmlCacheBehavior [ RunTime:0.000000s ]
INFO: [ view_filter ] --END-- [ RunTime:0.000000s ]
INFO: [ app_end ] --START--
INFO: Run Behavior\ShowPageTraceBehavior [ RunTime:0.001000s ]
INFO: [ app_end ] --END-- [ RunTime:0.001000s ]

[ 2017-11-30T11:06:08+08:00 ] 127.0.0.1 /hzr/Phone/Student/index/id/3.html
INFO: [ app_init ] --START--
INFO: Run Behavior\BuildLiteBehavior [ RunTime:0.000000s ]
INFO: [ app_init ] --END-- [ RunTime:0.001000s ]
INFO: [ app_begin ] --START--
INFO: Run Behavior\ReadHtmlCacheBehavior [ RunTime:0.001001s ]
INFO: [ app_begin ] --END-- [ RunTime:0.001001s ]
SQL: SHOW COLUMNS FROM `phonenewstypes` [ RunTime:0.0090s ]
SQL: SELECT * FROM `phonenewstypes` WHERE ( state=1 ) ORDER BY sort desc LIMIT 6   [ RunTime:0.0020s ]
SQL: SHOW COLUMNS FROM `config` [ RunTime:0.0090s ]
SQL: SELECT * FROM `config` WHERE `id` = 1 LIMIT 1   [ RunTime:0.0010s ]
SQL: SHOW COLUMNS FROM `content` [ RunTime:0.0060s ]
SQL: SELECT * FROM `content` WHERE `type` = 2 AND `postion` = 2 LIMIT 1   [ RunTime:0.0010s ]
SQL: SELECT `typename` FROM `phonenewstypes` WHERE ( id=3 ) LIMIT 1   [ RunTime:0.0010s ]
SQL: SHOW COLUMNS FROM `phonebanner` [ RunTime:0.0050s ]
SQL: SELECT * FROM `phonebanner` WHERE `state` = 0 AND `postion` = 4 LIMIT 1   [ RunTime:0.0010s ]
SQL: SHOW COLUMNS FROM `phonenews` [ RunTime:0.0060s ]
SQL: SELECT * FROM `phonenews` WHERE `typeid` = 3 AND `hot` = 6 ORDER BY sort desc LIMIT 1   [ RunTime:0.0010s ]
SQL: SELECT * FROM `phonenews` WHERE `typeid` = 3 AND `hot` = 0 ORDER BY sort desc LIMIT 3   [ RunTime:0.0010s ]
INFO: [ view_parse ] --START--
INFO: [ template_filter ] --START--
INFO: Run Behavior\ContentReplaceBehavior [ RunTime:0.000000s ]
INFO: [ template_filter ] --END-- [ RunTime:0.000000s ]
NOTIC: [8] Undefined index: fid F:\phpxiangmu\hzr\Application\Runtime\Cache\Phone\382ec0a37814902b0c35ed7e70430d26.php 第 19 行.
INFO: Run Behavior\ParseTemplateBehavior [ RunTime:0.016001s ]
INFO: [ view_parse ] --END-- [ RunTime:0.016001s ]
INFO: [ view_filter ] --START--
INFO: Run Behavior\WriteHtmlCacheBehavior [ RunTime:0.001000s ]
INFO: [ view_filter ] --END-- [ RunTime:0.001000s ]
INFO: [ app_end ] --START--
INFO: Run Behavior\ShowPageTraceBehavior [ RunTime:0.000000s ]
INFO: [ app_end ] --END-- [ RunTime:0.000000s ]

[ 2017-11-30T11:06:48+08:00 ] 127.0.0.1 /hzr/Phone/Student/index/id/3.html
INFO: [ app_init ] --START--
INFO: Run Behavior\BuildLiteBehavior [ RunTime:0.000000s ]
INFO: [ app_init ] --END-- [ RunTime:0.001000s ]
INFO: [ app_begin ] --START--
INFO: Run Behavior\ReadHtmlCacheBehavior [ RunTime:0.001000s ]
INFO: [ app_begin ] --END-- [ RunTime:0.001000s ]
SQL: SHOW COLUMNS FROM `phonenewstypes` [ RunTime:0.0110s ]
SQL: SELECT * FROM `phonenewstypes` WHERE ( state=1 ) ORDER BY sort desc LIMIT 6   [ RunTime:0.0020s ]
SQL: SHOW COLUMNS FROM `config` [ RunTime:0.0100s ]
SQL: SELECT * FROM `config` WHERE `id` = 1 LIMIT 1   [ RunTime:0.0010s ]
SQL: SHOW COLUMNS FROM `content` [ RunTime:0.0050s ]
SQL: SELECT * FROM `content` WHERE `type` = 2 AND `postion` = 2 LIMIT 1   [ RunTime:0.0000s ]
SQL: SELECT `typename` FROM `phonenewstypes` WHERE ( id=3 ) LIMIT 1   [ RunTime:0.0000s ]
SQL: SHOW COLUMNS FROM `phonebanner` [ RunTime:0.0050s ]
SQL: SELECT * FROM `phonebanner` WHERE `state` = 0 AND `postion` = 4 LIMIT 1   [ RunTime:0.0010s ]
SQL: SHOW COLUMNS FROM `phonenews` [ RunTime:0.0050s ]
SQL: SELECT * FROM `phonenews` WHERE `typeid` = 3 AND `hot` = 6 ORDER BY sort desc LIMIT 1   [ RunTime:0.0010s ]
SQL: SELECT * FROM `phonenews` WHERE `typeid` = 3 AND `hot` = 0 ORDER BY sort desc LIMIT 3   [ RunTime:0.0010s ]
INFO: [ view_parse ] --START--
INFO: [ template_filter ] --START--
INFO: Run Behavior\ContentReplaceBehavior [ RunTime:0.000000s ]
INFO: [ template_filter ] --END-- [ RunTime:0.000000s ]
NOTIC: [8] Undefined index: fid F:\phpxiangmu\hzr\Application\Runtime\Cache\Phone\382ec0a37814902b0c35ed7e70430d26.php 第 19 行.
INFO: Run Behavior\ParseTemplateBehavior [ RunTime:0.017001s ]
INFO: [ view_parse ] --END-- [ RunTime:0.017001s ]
INFO: [ view_filter ] --START--
INFO: Run Behavior\WriteHtmlCacheBehavior [ RunTime:0.000000s ]
INFO: [ view_filter ] --END-- [ RunTime:0.000000s ]
INFO: [ app_end ] --START--
INFO: Run Behavior\ShowPageTraceBehavior [ RunTime:0.001000s ]
INFO: [ app_end ] --END-- [ RunTime:0.001000s ]

[ 2017-11-30T11:16:22+08:00 ] 127.0.0.1 /hzr/Phone/Student/index/id/3.html
INFO: [ app_init ] --START--
INFO: Run Behavior\BuildLiteBehavior [ RunTime:0.000000s ]
INFO: [ app_init ] --END-- [ RunTime:0.001000s ]
INFO: [ app_begin ] --START--
INFO: Run Behavior\ReadHtmlCacheBehavior [ RunTime:0.001000s ]
INFO: [ app_begin ] --END-- [ RunTime:0.001000s ]
SQL: SHOW COLUMNS FROM `phonenewstypes` [ RunTime:0.0700s ]
SQL: SELECT * FROM `phonenewstypes` WHERE ( state=1 ) ORDER BY sort desc LIMIT 6   [ RunTime:0.0010s ]
SQL: SHOW COLUMNS FROM `config` [ RunTime:0.0110s ]
SQL: SELECT * FROM `config` WHERE `id` = 1 LIMIT 1   [ RunTime:0.0010s ]
SQL: SHOW COLUMNS FROM `content` [ RunTime:0.0100s ]
SQL: SELECT * FROM `content` WHERE `type` = 2 AND `postion` = 2 LIMIT 1   [ RunTime:0.0010s ]
SQL: SELECT `typename` FROM `phonenewstypes` WHERE ( id=3 ) LIMIT 1   [ RunTime:0.0010s ]
SQL: SHOW COLUMNS FROM `phonebanner` [ RunTime:0.0170s ]
SQL: SELECT * FROM `phonebanner` WHERE `state` = 0 AND `postion` = 4 LIMIT 1   [ RunTime:0.0000s ]
SQL: SHOW COLUMNS FROM `phonenews` [ RunTime:0.0140s ]
SQL: SELECT * FROM `phonenews` WHERE `typeid` = 3 AND `hot` = 6 ORDER BY sort desc LIMIT 1   [ RunTime:0.0070s ]
SQL: SELECT * FROM `phonenews` WHERE `typeid` = 3 AND `hot` = 0 ORDER BY sort desc LIMIT 3   [ RunTime:0.0000s ]
INFO: [ view_parse ] --START--
INFO: [ template_filter ] --START--
INFO: Run Behavior\ContentReplaceBehavior [ RunTime:0.000000s ]
INFO: [ template_filter ] --END-- [ RunTime:0.000000s ]
NOTIC: [8] Undefined index: fid F:\phpxiangmu\hzr\Application\Runtime\Cache\Phone\382ec0a37814902b0c35ed7e70430d26.php 第 19 行.
INFO: Run Behavior\ParseTemplateBehavior [ RunTime:0.038002s ]
INFO: [ view_parse ] --END-- [ RunTime:0.038002s ]
INFO: [ view_filter ] --START--
INFO: Run Behavior\WriteHtmlCacheBehavior [ RunTime:0.000000s ]
INFO: [ view_filter ] --END-- [ RunTime:0.000000s ]
INFO: [ app_end ] --START--
INFO: Run Behavior\ShowPageTraceBehavior [ RunTime:0.001000s ]
INFO: [ app_end ] --END-- [ RunTime:0.001000s ]

[ 2017-11-30T11:16:48+08:00 ] 127.0.0.1 /hzr/Phone/Student/index/id/3.html
INFO: [ app_init ] --START--
INFO: Run Behavior\BuildLiteBehavior [ RunTime:0.000000s ]
INFO: [ app_init ] --END-- [ RunTime:0.001000s ]
INFO: [ app_begin ] --START--
INFO: Run Behavior\ReadHtmlCacheBehavior [ RunTime:0.001000s ]
INFO: [ app_begin ] --END-- [ RunTime:0.001000s ]
SQL: SHOW COLUMNS FROM `phonenewstypes` [ RunTime:0.0100s ]
SQL: SELECT * FROM `phonenewstypes` WHERE ( state=1 ) ORDER BY sort desc LIMIT 6   [ RunTime:0.0010s ]
SQL: SHOW COLUMNS FROM `config` [ RunTime:0.0100s ]
SQL: SELECT * FROM `config` WHERE `id` = 1 LIMIT 1   [ RunTime:0.0010s ]
SQL: SHOW COLUMNS FROM `content` [ RunTime:0.0080s ]
SQL: SELECT * FROM `content` WHERE `type` = 2 AND `postion` = 2 LIMIT 1   [ RunTime:0.0000s ]
SQL: SELECT `typename` FROM `phonenewstypes` WHERE ( id=3 ) LIMIT 1   [ RunTime:0.0000s ]
SQL: SHOW COLUMNS FROM `phonebanner` [ RunTime:0.0040s ]
SQL: SELECT * FROM `phonebanner` WHERE `state` = 0 AND `postion` = 4 LIMIT 1   [ RunTime:0.0010s ]
SQL: SHOW COLUMNS FROM `phonenews` [ RunTime:0.0330s ]
SQL: SELECT * FROM `phonenews` WHERE `typeid` = 3 AND `hot` = 6 ORDER BY sort desc LIMIT 1   [ RunTime:0.0010s ]
SQL: SELECT * FROM `phonenews` WHERE `typeid` = 3 AND `hot` = 0 ORDER BY sort desc LIMIT 3   [ RunTime:0.0010s ]
INFO: [ view_parse ] --START--
INFO: [ template_filter ] --START--
INFO: Run Behavior\ContentReplaceBehavior [ RunTime:0.000000s ]
INFO: [ template_filter ] --END-- [ RunTime:0.000000s ]
NOTIC: [8] Undefined index: fid F:\phpxiangmu\hzr\Application\Runtime\Cache\Phone\382ec0a37814902b0c35ed7e70430d26.php 第 19 行.
INFO: Run Behavior\ParseTemplateBehavior [ RunTime:0.016001s ]
INFO: [ view_parse ] --END-- [ RunTime:0.016001s ]
INFO: [ view_filter ] --START--
INFO: Run Behavior\WriteHtmlCacheBehavior [ RunTime:0.001000s ]
INFO: [ view_filter ] --END-- [ RunTime:0.001000s ]
INFO: [ app_end ] --START--
INFO: Run Behavior\ShowPageTraceBehavior [ RunTime:0.001000s ]
INFO: [ app_end ] --END-- [ RunTime:0.001000s ]

[ 2017-11-30T11:17:51+08:00 ] 127.0.0.1 /hzr/Phone/Student/index/id/3.html
INFO: [ app_init ] --START--
INFO: Run Behavior\BuildLiteBehavior [ RunTime:0.000000s ]
INFO: [ app_init ] --END-- [ RunTime:0.000000s ]
INFO: [ app_begin ] --START--
INFO: Run Behavior\ReadHtmlCacheBehavior [ RunTime:0.001000s ]
INFO: [ app_begin ] --END-- [ RunTime:0.001000s ]
SQL: SHOW COLUMNS FROM `phonenewstypes` [ RunTime:0.0050s ]
SQL: SELECT * FROM `phonenewstypes` WHERE ( state=1 ) ORDER BY sort desc LIMIT 6   [ RunTime:0.0010s ]
SQL: SHOW COLUMNS FROM `config` [ RunTime:0.0040s ]
SQL: SELECT * FROM `config` WHERE `id` = 1 LIMIT 1   [ RunTime:0.0010s ]
SQL: SHOW COLUMNS FROM `content` [ RunTime:0.0090s ]
SQL: SELECT * FROM `content` WHERE `type` = 2 AND `postion` = 2 LIMIT 1   [ RunTime:0.0010s ]
SQL: SELECT `typename` FROM `phonenewstypes` WHERE ( id=3 ) LIMIT 1   [ RunTime:0.0000s ]
SQL: SHOW COLUMNS FROM `phonebanner` [ RunTime:0.0040s ]
SQL: SELECT * FROM `phonebanner` WHERE `state` = 0 AND `postion` = 4 LIMIT 1   [ RunTime:0.0010s ]
SQL: SHOW COLUMNS FROM `phonenews` [ RunTime:0.0040s ]
SQL: SELECT * FROM `phonenews` WHERE `typeid` = 3 AND `hot` = 6 ORDER BY sort desc LIMIT 1   [ RunTime:0.0000s ]
SQL: SELECT * FROM `phonenews` WHERE `typeid` = 3 AND `hot` = 0 ORDER BY sort desc LIMIT 3   [ RunTime:0.0000s ]
INFO: [ view_parse ] --START--
INFO: [ template_filter ] --START--
INFO: Run Behavior\ContentReplaceBehavior [ RunTime:0.000000s ]
INFO: [ template_filter ] --END-- [ RunTime:0.000000s ]
NOTIC: [8] Undefined index: fid F:\phpxiangmu\hzr\Application\Runtime\Cache\Phone\382ec0a37814902b0c35ed7e70430d26.php 第 19 行.
INFO: Run Behavior\ParseTemplateBehavior [ RunTime:0.016001s ]
INFO: [ view_parse ] --END-- [ RunTime:0.017001s ]
INFO: [ view_filter ] --START--
INFO: Run Behavior\WriteHtmlCacheBehavior [ RunTime:0.000000s ]
INFO: [ view_filter ] --END-- [ RunTime:0.000000s ]
INFO: [ app_end ] --START--
INFO: Run Behavior\ShowPageTraceBehavior [ RunTime:0.001000s ]
INFO: [ app_end ] --END-- [ RunTime:0.001000s ]

[ 2017-11-30T11:19:09+08:00 ] 127.0.0.1 /hzr/Phone/Student/index/id/3.html
INFO: [ app_init ] --START--
INFO: Run Behavior\BuildLiteBehavior [ RunTime:0.000000s ]
INFO: [ app_init ] --END-- [ RunTime:0.001000s ]
INFO: [ app_begin ] --START--
INFO: Run Behavior\ReadHtmlCacheBehavior [ RunTime:0.001000s ]
INFO: [ app_begin ] --END-- [ RunTime:0.001000s ]
SQL: SHOW COLUMNS FROM `phonenewstypes` [ RunTime:0.0100s ]
SQL: SELECT * FROM `phonenewstypes` WHERE ( state=1 ) ORDER BY sort desc LIMIT 6   [ RunTime:0.0010s ]
SQL: SHOW COLUMNS FROM `config` [ RunTime:0.0100s ]
SQL: SELECT * FROM `config` WHERE `id` = 1 LIMIT 1   [ RunTime:0.0010s ]
SQL: SHOW COLUMNS FROM `content` [ RunTime:0.0040s ]
SQL: SELECT * FROM `content` WHERE `type` = 2 AND `postion` = 2 LIMIT 1   [ RunTime:0.0000s ]
SQL: SELECT `typename` FROM `phonenewstypes` WHERE ( id=3 ) LIMIT 1   [ RunTime:0.0000s ]
SQL: SHOW COLUMNS FROM `phonebanner` [ RunTime:0.0040s ]
SQL: SELECT * FROM `phonebanner` WHERE `state` = 0 AND `postion` = 4 LIMIT 1   [ RunTime:0.0000s ]
SQL: SHOW COLUMNS FROM `phonenews` [ RunTime:0.0050s ]
SQL: SELECT * FROM `phonenews` WHERE `typeid` = 3 AND `hot` = 6 ORDER BY sort desc LIMIT 1   [ RunTime:0.0000s ]
SQL: SELECT * FROM `phonenews` WHERE `typeid` = 3 AND `hot` = 0 ORDER BY sort desc LIMIT 3   [ RunTime:0.0010s ]
INFO: [ view_parse ] --START--
INFO: [ template_filter ] --START--
INFO: Run Behavior\ContentReplaceBehavior [ RunTime:0.001000s ]
INFO: [ template_filter ] --END-- [ RunTime:0.001000s ]
NOTIC: [8] Undefined index: fid F:\phpxiangmu\hzr\Application\Runtime\Cache\Phone\382ec0a37814902b0c35ed7e70430d26.php 第 19 行.
INFO: Run Behavior\ParseTemplateBehavior [ RunTime:0.016001s ]
INFO: [ view_parse ] --END-- [ RunTime:0.017001s ]
INFO: [ view_filter ] --START--
INFO: Run Behavior\WriteHtmlCacheBehavior [ RunTime:0.001000s ]
INFO: [ view_filter ] --END-- [ RunTime:0.001000s ]
INFO: [ app_end ] --START--
INFO: Run Behavior\ShowPageTraceBehavior [ RunTime:0.001000s ]
INFO: [ app_end ] --END-- [ RunTime:0.001000s ]

[ 2017-11-30T11:19:24+08:00 ] 127.0.0.1 /hzr/Phone/Student/index/id/3.html
INFO: [ app_init ] --START--
INFO: Run Behavior\BuildLiteBehavior [ RunTime:0.000000s ]
INFO: [ app_init ] --END-- [ RunTime:0.001000s ]
INFO: [ app_begin ] --START--
INFO: Run Behavior\ReadHtmlCacheBehavior [ RunTime:0.001000s ]
INFO: [ app_begin ] --END-- [ RunTime:0.001000s ]
SQL: SHOW COLUMNS FROM `phonenewstypes` [ RunTime:0.0100s ]
SQL: SELECT * FROM `phonenewstypes` WHERE ( state=1 ) ORDER BY sort desc LIMIT 6   [ RunTime:0.0010s ]
SQL: SHOW COLUMNS FROM `config` [ RunTime:0.0100s ]
SQL: SELECT * FROM `config` WHERE `id` = 1 LIMIT 1   [ RunTime:0.0010s ]
SQL: SHOW COLUMNS FROM `content` [ RunTime:0.0100s ]
SQL: SELECT * FROM `content` WHERE `type` = 2 AND `postion` = 2 LIMIT 1   [ RunTime:0.0010s ]
SQL: SELECT `typename` FROM `phonenewstypes` WHERE ( id=3 ) LIMIT 1   [ RunTime:0.0010s ]
SQL: SHOW COLUMNS FROM `phonebanner` [ RunTime:0.0050s ]
SQL: SELECT * FROM `phonebanner` WHERE `state` = 0 AND `postion` = 4 LIMIT 1   [ RunTime:0.0000s ]
SQL: SHOW COLUMNS FROM `phonenews` [ RunTime:0.0060s ]
SQL: SELECT * FROM `phonenews` WHERE `typeid` = 3 AND `hot` = 6 ORDER BY sort desc LIMIT 1   [ RunTime:0.0010s ]
SQL: SELECT * FROM `phonenews` WHERE `typeid` = 3 AND `hot` = 0 ORDER BY sort desc LIMIT 3   [ RunTime:0.0010s ]
INFO: [ view_parse ] --START--
INFO: [ template_filter ] --START--
INFO: Run Behavior\ContentReplaceBehavior [ RunTime:0.000000s ]
INFO: [ template_filter ] --END-- [ RunTime:0.000000s ]
NOTIC: [8] Undefined index: fid F:\phpxiangmu\hzr\Application\Runtime\Cache\Phone\382ec0a37814902b0c35ed7e70430d26.php 第 19 行.
INFO: Run Behavior\ParseTemplateBehavior [ RunTime:0.018001s ]
INFO: [ view_parse ] --END-- [ RunTime:0.018001s ]
INFO: [ view_filter ] --START--
INFO: Run Behavior\WriteHtmlCacheBehavior [ RunTime:0.000000s ]
INFO: [ view_filter ] --END-- [ RunTime:0.000000s ]
INFO: [ app_end ] --START--
INFO: Run Behavior\ShowPageTraceBehavior [ RunTime:0.001000s ]
INFO: [ app_end ] --END-- [ RunTime:0.001000s ]

[ 2017-11-30T11:19:45+08:00 ] 127.0.0.1 /hzr/Phone/Student/index/id/3.html
INFO: [ app_init ] --START--
INFO: Run Behavior\BuildLiteBehavior [ RunTime:0.000000s ]
INFO: [ app_init ] --END-- [ RunTime:0.001000s ]
INFO: [ app_begin ] --START--
INFO: Run Behavior\ReadHtmlCacheBehavior [ RunTime:0.001000s ]
INFO: [ app_begin ] --END-- [ RunTime:0.001000s ]
SQL: SHOW COLUMNS FROM `phonenewstypes` [ RunTime:0.0650s ]
SQL: SELECT * FROM `phonenewstypes` WHERE ( state=1 ) ORDER BY sort desc LIMIT 6   [ RunTime:0.0010s ]
SQL: SHOW COLUMNS FROM `config` [ RunTime:0.0110s ]
SQL: SELECT * FROM `config` WHERE `id` = 1 LIMIT 1   [ RunTime:0.0010s ]
SQL: SHOW COLUMNS FROM `content` [ RunTime:0.0090s ]
SQL: SELECT * FROM `content` WHERE `type` = 2 AND `postion` = 2 LIMIT 1   [ RunTime:0.0040s ]
SQL: SELECT `typename` FROM `phonenewstypes` WHERE ( id=3 ) LIMIT 1   [ RunTime:0.0010s ]
SQL: SHOW COLUMNS FROM `phonebanner` [ RunTime:0.0070s ]
SQL: SELECT * FROM `phonebanner` WHERE `state` = 0 AND `postion` = 4 LIMIT 1   [ RunTime:0.0000s ]
SQL: SHOW COLUMNS FROM `phonenews` [ RunTime:0.0050s ]
SQL: SELECT * FROM `phonenews` WHERE `typeid` = 3 AND `hot` = 6 ORDER BY sort desc LIMIT 1   [ RunTime:0.0010s ]
SQL: SELECT * FROM `phonenews` WHERE `typeid` = 3 AND `hot` = 0 ORDER BY sort desc LIMIT 3   [ RunTime:0.0000s ]
INFO: [ view_parse ] --START--
INFO: [ template_filter ] --START--
INFO: Run Behavior\ContentReplaceBehavior [ RunTime:0.000000s ]
INFO: [ template_filter ] --END-- [ RunTime:0.000000s ]
NOTIC: [8] Undefined index: fid F:\phpxiangmu\hzr\Application\Runtime\Cache\Phone\382ec0a37814902b0c35ed7e70430d26.php 第 19 行.
INFO: Run Behavior\ParseTemplateBehavior [ RunTime:0.027002s ]
INFO: [ view_parse ] --END-- [ RunTime:0.027002s ]
INFO: [ view_filter ] --START--
INFO: Run Behavior\WriteHtmlCacheBehavior [ RunTime:0.001000s ]
INFO: [ view_filter ] --END-- [ RunTime:0.001000s ]
INFO: [ app_end ] --START--
INFO: Run Behavior\ShowPageTraceBehavior [ RunTime:0.001000s ]
INFO: [ app_end ] --END-- [ RunTime:0.001000s ]

[ 2017-11-30T11:20:22+08:00 ] 127.0.0.1 /hzr/Phone/Student/index/id/3.html
INFO: [ app_init ] --START--
INFO: Run Behavior\BuildLiteBehavior [ RunTime:0.000000s ]
INFO: [ app_init ] --END-- [ RunTime:0.000000s ]
INFO: [ app_begin ] --START--
INFO: Run Behavior\ReadHtmlCacheBehavior [ RunTime:0.001000s ]
INFO: [ app_begin ] --END-- [ RunTime:0.001000s ]
SQL: SHOW COLUMNS FROM `phonenewstypes` [ RunTime:0.0110s ]
SQL: SELECT * FROM `phonenewstypes` WHERE ( state=1 ) ORDER BY sort desc LIMIT 6   [ RunTime:0.0020s ]
SQL: SHOW COLUMNS FROM `config` [ RunTime:0.0090s ]
SQL: SELECT * FROM `config` WHERE `id` = 1 LIMIT 1   [ RunTime:0.0010s ]
SQL: SHOW COLUMNS FROM `content` [ RunTime:0.0100s ]
SQL: SELECT * FROM `content` WHERE `type` = 2 AND `postion` = 2 LIMIT 1   [ RunTime:0.0010s ]
SQL: SELECT `typename` FROM `phonenewstypes` WHERE ( id=3 ) LIMIT 1   [ RunTime:0.0010s ]
SQL: SHOW COLUMNS FROM `phonebanner` [ RunTime:0.0090s ]
SQL: SELECT * FROM `phonebanner` WHERE `state` = 0 AND `postion` = 4 LIMIT 1   [ RunTime:0.0010s ]
SQL: SHOW COLUMNS FROM `phonenews` [ RunTime:0.0100s ]
SQL: SELECT * FROM `phonenews` WHERE `typeid` = 3 AND `hot` = 6 ORDER BY sort desc LIMIT 1   [ RunTime:0.0020s ]
SQL: SELECT * FROM `phonenews` WHERE `typeid` = 3 AND `hot` = 0 ORDER BY sort desc LIMIT 3   [ RunTime:0.0010s ]
INFO: [ view_parse ] --START--
INFO: [ template_filter ] --START--
INFO: Run Behavior\ContentReplaceBehavior [ RunTime:0.000000s ]
INFO: [ template_filter ] --END-- [ RunTime:0.000000s ]
NOTIC: [8] Undefined index: fid F:\phpxiangmu\hzr\Application\Runtime\Cache\Phone\382ec0a37814902b0c35ed7e70430d26.php 第 19 行.
INFO: Run Behavior\ParseTemplateBehavior [ RunTime:0.020002s ]
INFO: [ view_parse ] --END-- [ RunTime:0.021002s ]
INFO: [ view_filter ] --START--
INFO: Run Behavior\WriteHtmlCacheBehavior [ RunTime:0.000000s ]
INFO: [ view_filter ] --END-- [ RunTime:0.000000s ]
INFO: [ app_end ] --START--
INFO: Run Behavior\ShowPageTraceBehavior [ RunTime:0.001000s ]
INFO: [ app_end ] --END-- [ RunTime:0.001000s ]

[ 2017-11-30T11:20:37+08:00 ] 127.0.0.1 /hzr/Phone/Student/index/id/3.html
INFO: [ app_init ] --START--
INFO: Run Behavior\BuildLiteBehavior [ RunTime:0.000000s ]
INFO: [ app_init ] --END-- [ RunTime:0.001000s ]
INFO: [ app_begin ] --START--
INFO: Run Behavior\ReadHtmlCacheBehavior [ RunTime:0.001000s ]
INFO: [ app_begin ] --END-- [ RunTime:0.001000s ]
SQL: SHOW COLUMNS FROM `phonenewstypes` [ RunTime:0.0090s ]
SQL: SELECT * FROM `phonenewstypes` WHERE ( state=1 ) ORDER BY sort desc LIMIT 6   [ RunTime:0.0010s ]
SQL: SHOW COLUMNS FROM `config` [ RunTime:0.0100s ]
SQL: SELECT * FROM `config` WHERE `id` = 1 LIMIT 1   [ RunTime:0.0000s ]
SQL: SHOW COLUMNS FROM `content` [ RunTime:0.0050s ]
SQL: SELECT * FROM `content` WHERE `type` = 2 AND `postion` = 2 LIMIT 1   [ RunTime:0.0000s ]
SQL: SELECT `typename` FROM `phonenewstypes` WHERE ( id=3 ) LIMIT 1   [ RunTime:0.0000s ]
SQL: SHOW COLUMNS FROM `phonebanner` [ RunTime:0.0060s ]
SQL: SELECT * FROM `phonebanner` WHERE `state` = 0 AND `postion` = 4 LIMIT 1   [ RunTime:0.0000s ]
SQL: SHOW COLUMNS FROM `phonenews` [ RunTime:0.0060s ]
SQL: SELECT * FROM `phonenews` WHERE `typeid` = 3 AND `hot` = 6 ORDER BY sort desc LIMIT 1   [ RunTime:0.0010s ]
SQL: SELECT * FROM `phonenews` WHERE `typeid` = 3 AND `hot` = 0 ORDER BY sort desc LIMIT 3   [ RunTime:0.0010s ]
INFO: [ view_parse ] --START--
INFO: [ template_filter ] --START--
INFO: Run Behavior\ContentReplaceBehavior [ RunTime:0.000000s ]
INFO: [ template_filter ] --END-- [ RunTime:0.000000s ]
NOTIC: [8] Undefined index: fid F:\phpxiangmu\hzr\Application\Runtime\Cache\Phone\382ec0a37814902b0c35ed7e70430d26.php 第 19 行.
INFO: Run Behavior\ParseTemplateBehavior [ RunTime:0.016001s ]
INFO: [ view_parse ] --END-- [ RunTime:0.016001s ]
INFO: [ view_filter ] --START--
INFO: Run Behavior\WriteHtmlCacheBehavior [ RunTime:0.001000s ]
INFO: [ view_filter ] --END-- [ RunTime:0.001000s ]
INFO: [ app_end ] --START--
INFO: Run Behavior\ShowPageTraceBehavior [ RunTime:0.001000s ]
INFO: [ app_end ] --END-- [ RunTime:0.001000s ]

[ 2017-11-30T11:37:27+08:00 ] 127.0.0.1 /hzr/Phone/Student/index/id/3.html
INFO: [ app_init ] --START--
INFO: Run Behavior\BuildLiteBehavior [ RunTime:0.000000s ]
INFO: [ app_init ] --END-- [ RunTime:0.000000s ]
INFO: [ app_begin ] --START--
INFO: Run Behavior\ReadHtmlCacheBehavior [ RunTime:0.001000s ]
INFO: [ app_begin ] --END-- [ RunTime:0.001000s ]
SQL: SHOW COLUMNS FROM `phonenewstypes` [ RunTime:0.0100s ]
SQL: SELECT * FROM `phonenewstypes` WHERE ( state=1 ) ORDER BY sort desc LIMIT 6   [ RunTime:0.0010s ]
SQL: SHOW COLUMNS FROM `config` [ RunTime:0.0090s ]
SQL: SELECT * FROM `config` WHERE `id` = 1 LIMIT 1   [ RunTime:0.0010s ]
SQL: SHOW COLUMNS FROM `content` [ RunTime:0.0100s ]
SQL: SELECT * FROM `content` WHERE `type` = 2 AND `postion` = 2 LIMIT 1   [ RunTime:0.0010s ]
SQL: SELECT `typename` FROM `phonenewstypes` WHERE ( id=3 ) LIMIT 1   [ RunTime:0.0000s ]
SQL: SHOW COLUMNS FROM `phonebanner` [ RunTime:0.0040s ]
SQL: SELECT * FROM `phonebanner` WHERE `state` = 0 AND `postion` = 4 LIMIT 1   [ RunTime:0.0010s ]
SQL: SHOW COLUMNS FROM `phonenews` [ RunTime:0.0040s ]
SQL: SELECT * FROM `phonenews` WHERE `typeid` = 3 AND `hot` = 6 ORDER BY sort desc LIMIT 1   [ RunTime:0.0010s ]
SQL: SELECT * FROM `phonenews` WHERE `typeid` = 3 AND `hot` = 0 ORDER BY sort desc LIMIT 3   [ RunTime:0.0000s ]
INFO: [ view_parse ] --START--
INFO: [ template_filter ] --START--
INFO: Run Behavior\ContentReplaceBehavior [ RunTime:0.000000s ]
INFO: [ template_filter ] --END-- [ RunTime:0.000000s ]
NOTIC: [8] Undefined index: fid F:\phpxiangmu\hzr\Application\Runtime\Cache\Phone\382ec0a37814902b0c35ed7e70430d26.php 第 19 行.
INFO: Run Behavior\ParseTemplateBehavior [ RunTime:0.017001s ]
INFO: [ view_parse ] --END-- [ RunTime:0.018001s ]
INFO: [ view_filter ] --START--
INFO: Run Behavior\WriteHtmlCacheBehavior [ RunTime:0.000000s ]
INFO: [ view_filter ] --END-- [ RunTime:0.000000s ]
INFO: [ app_end ] --START--
INFO: Run Behavior\ShowPageTraceBehavior [ RunTime:0.001000s ]
INFO: [ app_end ] --END-- [ RunTime:0.001000s ]

[ 2017-11-30T11:38:00+08:00 ] 127.0.0.1 /hzr/Phone/Student/index/id/3.html
INFO: [ app_init ] --START--
INFO: Run Behavior\BuildLiteBehavior [ RunTime:0.000000s ]
INFO: [ app_init ] --END-- [ RunTime:0.000000s ]
INFO: [ app_begin ] --START--
INFO: Run Behavior\ReadHtmlCacheBehavior [ RunTime:0.001000s ]
INFO: [ app_begin ] --END-- [ RunTime:0.001000s ]
SQL: SHOW COLUMNS FROM `phonenewstypes` [ RunTime:0.0110s ]
SQL: SELECT * FROM `phonenewstypes` WHERE ( state=1 ) ORDER BY sort desc LIMIT 6   [ RunTime:0.0010s ]
SQL: SHOW COLUMNS FROM `config` [ RunTime:0.0100s ]
SQL: SELECT * FROM `config` WHERE `id` = 1 LIMIT 1   [ RunTime:0.0010s ]
SQL: SHOW COLUMNS FROM `content` [ RunTime:0.0080s ]
SQL: SELECT * FROM `content` WHERE `type` = 2 AND `postion` = 2 LIMIT 1   [ RunTime:0.0010s ]
SQL: SELECT `typename` FROM `phonenewstypes` WHERE ( id=3 ) LIMIT 1   [ RunTime:0.0010s ]
SQL: SHOW COLUMNS FROM `phonebanner` [ RunTime:0.0040s ]
SQL: SELECT * FROM `phonebanner` WHERE `state` = 0 AND `postion` = 4 LIMIT 1   [ RunTime:0.0000s ]
SQL: SHOW COLUMNS FROM `phonenews` [ RunTime:0.0050s ]
SQL: SELECT * FROM `phonenews` WHERE `typeid` = 3 AND `hot` = 6 ORDER BY sort desc LIMIT 1   [ RunTime:0.0010s ]
SQL: SELECT * FROM `phonenews` WHERE `typeid` = 3 AND `hot` = 0 ORDER BY sort desc LIMIT 3   [ RunTime:0.0000s ]
INFO: [ view_parse ] --START--
INFO: [ template_filter ] --START--
INFO: Run Behavior\ContentReplaceBehavior [ RunTime:0.001000s ]
INFO: [ template_filter ] --END-- [ RunTime:0.001000s ]
NOTIC: [8] Undefined index: fid F:\phpxiangmu\hzr\Application\Runtime\Cache\Phone\382ec0a37814902b0c35ed7e70430d26.php 第 19 行.
INFO: Run Behavior\ParseTemplateBehavior [ RunTime:0.017000s ]
INFO: [ view_parse ] --END-- [ RunTime:0.017000s ]
INFO: [ view_filter ] --START--
INFO: Run Behavior\WriteHtmlCacheBehavior [ RunTime:0.001001s ]
INFO: [ view_filter ] --END-- [ RunTime:0.001001s ]
INFO: [ app_end ] --START--
INFO: Run Behavior\ShowPageTraceBehavior [ RunTime:0.001000s ]
INFO: [ app_end ] --END-- [ RunTime:0.001000s ]

[ 2017-11-30T11:38:24+08:00 ] 127.0.0.1 /hzr/Phone/Student/more.html?id=3&pid=1
INFO: [ app_init ] --START--
INFO: Run Behavior\BuildLiteBehavior [ RunTime:0.000000s ]
INFO: [ app_init ] --END-- [ RunTime:0.001000s ]
INFO: [ app_begin ] --START--
INFO: Run Behavior\ReadHtmlCacheBehavior [ RunTime:0.001000s ]
INFO: [ app_begin ] --END-- [ RunTime:0.001000s ]
SQL: SHOW COLUMNS FROM `phonenewstypes` [ RunTime:0.0090s ]
SQL: SELECT * FROM `phonenewstypes` WHERE ( state=1 ) ORDER BY sort desc LIMIT 6   [ RunTime:0.0020s ]
SQL: SHOW COLUMNS FROM `config` [ RunTime:0.0430s ]
SQL: SELECT * FROM `config` WHERE `id` = 1 LIMIT 1   [ RunTime:0.0010s ]
SQL: SHOW COLUMNS FROM `content` [ RunTime:0.0090s ]
SQL: SELECT * FROM `content` WHERE `type` = 2 AND `postion` = 2 LIMIT 1   [ RunTime:0.0010s ]
SQL: SHOW COLUMNS FROM `phonenews` [ RunTime:0.0100s ]
SQL: SELECT * FROM `phonenews` WHERE `typeid` = 3 AND `hot` = 0 ORDER BY sort desc LIMIT 3,3   [ RunTime:0.0020s ]
INFO: [ app_end ] --START--
INFO: Run Behavior\ShowPageTraceBehavior [ RunTime:0.002000s ]
INFO: [ app_end ] --END-- [ RunTime:0.002000s ]

[ 2017-11-30T11:38:57+08:00 ] 127.0.0.1 /hzr/Phone/Student/index/id/3.html
INFO: [ app_init ] --START--
INFO: Run Behavior\BuildLiteBehavior [ RunTime:0.000000s ]
INFO: [ app_init ] --END-- [ RunTime:0.000000s ]
INFO: [ app_begin ] --START--
INFO: Run Behavior\ReadHtmlCacheBehavior [ RunTime:0.001000s ]
INFO: [ app_begin ] --END-- [ RunTime:0.001000s ]
SQL: SHOW COLUMNS FROM `phonenewstypes` [ RunTime:0.0090s ]
SQL: SELECT * FROM `phonenewstypes` WHERE ( state=1 ) ORDER BY sort desc LIMIT 6   [ RunTime:0.0010s ]
SQL: SHOW COLUMNS FROM `config` [ RunTime:0.0100s ]
SQL: SELECT * FROM `config` WHERE `id` = 1 LIMIT 1   [ RunTime:0.0010s ]
SQL: SHOW COLUMNS FROM `content` [ RunTime:0.0070s ]
SQL: SELECT * FROM `content` WHERE `type` = 2 AND `postion` = 2 LIMIT 1   [ RunTime:0.0010s ]
SQL: SELECT `typename` FROM `phonenewstypes` WHERE ( id=3 ) LIMIT 1   [ RunTime:0.0010s ]
SQL: SHOW COLUMNS FROM `phonebanner` [ RunTime:0.0270s ]
SQL: SELECT * FROM `phonebanner` WHERE `state` = 0 AND `postion` = 4 LIMIT 1   [ RunTime:0.0000s ]
SQL: SHOW COLUMNS FROM `phonenews` [ RunTime:0.0050s ]
SQL: SELECT * FROM `phonenews` WHERE `typeid` = 3 AND `hot` = 6 ORDER BY sort desc LIMIT 1   [ RunTime:0.0010s ]
SQL: SELECT * FROM `phonenews` WHERE `typeid` = 3 AND `hot` = 0 ORDER BY sort desc LIMIT 3   [ RunTime:0.0010s ]
INFO: [ view_parse ] --START--
INFO: [ template_filter ] --START--
INFO: Run Behavior\ContentReplaceBehavior [ RunTime:0.000000s ]
INFO: [ template_filter ] --END-- [ RunTime:0.001000s ]
NOTIC: [8] Undefined index: fid F:\phpxiangmu\hzr\Application\Runtime\Cache\Phone\382ec0a37814902b0c35ed7e70430d26.php 第 19 行.
INFO: Run Behavior\ParseTemplateBehavior [ RunTime:0.019001s ]
INFO: [ view_parse ] --END-- [ RunTime:0.019001s ]
INFO: [ view_filter ] --START--
INFO: Run Behavior\WriteHtmlCacheBehavior [ RunTime:0.000000s ]
INFO: [ view_filter ] --END-- [ RunTime:0.000000s ]
INFO: [ app_end ] --START--
INFO: Run Behavior\ShowPageTraceBehavior [ RunTime:0.001001s ]
INFO: [ app_end ] --END-- [ RunTime:0.001001s ]

[ 2017-11-30T11:39:01+08:00 ] 127.0.0.1 /hzr/Phone/Student/more.html?id=3&pid=1
INFO: [ app_init ] --START--
INFO: Run Behavior\BuildLiteBehavior [ RunTime:0.000000s ]
INFO: [ app_init ] --END-- [ RunTime:0.000000s ]
INFO: [ app_begin ] --START--
INFO: Run Behavior\ReadHtmlCacheBehavior [ RunTime:0.001000s ]
INFO: [ app_begin ] --END-- [ RunTime:0.001000s ]
SQL: SHOW COLUMNS FROM `phonenewstypes` [ RunTime:0.0090s ]
SQL: SELECT * FROM `phonenewstypes` WHERE ( state=1 ) ORDER BY sort desc LIMIT 6   [ RunTime:0.0010s ]
SQL: SHOW COLUMNS FROM `config` [ RunTime:0.0090s ]
SQL: SELECT * FROM `config` WHERE `id` = 1 LIMIT 1   [ RunTime:0.0010s ]
SQL: SHOW COLUMNS FROM `content` [ RunTime:0.0080s ]
SQL: SELECT * FROM `content` WHERE `type` = 2 AND `postion` = 2 LIMIT 1   [ RunTime:0.0000s ]
SQL: SHOW COLUMNS FROM `phonenews` [ RunTime:0.0050s ]
SQL: SELECT * FROM `phonenews` WHERE `typeid` = 3 AND `hot` = 0 ORDER BY sort desc LIMIT 3,3   [ RunTime:0.0010s ]
INFO: [ app_end ] --START--
INFO: Run Behavior\ShowPageTraceBehavior [ RunTime:0.000000s ]
INFO: [ app_end ] --END-- [ RunTime:0.001000s ]

[ 2017-11-30T11:39:50+08:00 ] 127.0.0.1 /hzr/Phone/Student/index/id/3.html
INFO: [ app_init ] --START--
INFO: Run Behavior\BuildLiteBehavior [ RunTime:0.000000s ]
INFO: [ app_init ] --END-- [ RunTime:0.001000s ]
INFO: [ app_begin ] --START--
INFO: Run Behavior\ReadHtmlCacheBehavior [ RunTime:0.001000s ]
INFO: [ app_begin ] --END-- [ RunTime:0.001000s ]
SQL: SHOW COLUMNS FROM `phonenewstypes` [ RunTime:0.0100s ]
SQL: SELECT * FROM `phonenewstypes` WHERE ( state=1 ) ORDER BY sort desc LIMIT 6   [ RunTime:0.0010s ]
SQL: SHOW COLUMNS FROM `config` [ RunTime:0.0100s ]
SQL: SELECT * FROM `config` WHERE `id` = 1 LIMIT 1   [ RunTime:0.0010s ]
SQL: SHOW COLUMNS FROM `content` [ RunTime:0.0080s ]
SQL: SELECT * FROM `content` WHERE `type` = 2 AND `postion` = 2 LIMIT 1   [ RunTime:0.0010s ]
SQL: SELECT `typename` FROM `phonenewstypes` WHERE ( id=3 ) LIMIT 1   [ RunTime:0.0010s ]
SQL: SHOW COLUMNS FROM `phonebanner` [ RunTime:0.0090s ]
SQL: SELECT * FROM `phonebanner` WHERE `state` = 0 AND `postion` = 4 LIMIT 1   [ RunTime:0.0010s ]
SQL: SHOW COLUMNS FROM `phonenews` [ RunTime:0.0050s ]
SQL: SELECT * FROM `phonenews` WHERE `typeid` = 3 AND `hot` = 6 ORDER BY sort desc LIMIT 1   [ RunTime:0.0010s ]
SQL: SELECT * FROM `phonenews` WHERE `typeid` = 3 AND `hot` = 0 ORDER BY sort desc LIMIT 3   [ RunTime:0.0010s ]
INFO: [ view_parse ] --START--
INFO: [ template_filter ] --START--
INFO: Run Behavior\ContentReplaceBehavior [ RunTime:0.000000s ]
INFO: [ template_filter ] --END-- [ RunTime:0.000000s ]
NOTIC: [8] Undefined index: fid F:\phpxiangmu\hzr\Application\Runtime\Cache\Phone\382ec0a37814902b0c35ed7e70430d26.php 第 19 行.
INFO: Run Behavior\ParseTemplateBehavior [ RunTime:0.021001s ]
INFO: [ view_parse ] --END-- [ RunTime:0.021001s ]
INFO: [ view_filter ] --START--
INFO: Run Behavior\WriteHtmlCacheBehavior [ RunTime:0.000000s ]
INFO: [ view_filter ] --END-- [ RunTime:0.000000s ]
INFO: [ app_end ] --START--
INFO: Run Behavior\ShowPageTraceBehavior [ RunTime:0.001000s ]
INFO: [ app_end ] --END-- [ RunTime:0.001000s ]

[ 2017-11-30T11:40:06+08:00 ] 127.0.0.1 /hzr/Phone/Student/index/id/3.html
INFO: [ app_init ] --START--
INFO: Run Behavior\BuildLiteBehavior [ RunTime:0.000000s ]
INFO: [ app_init ] --END-- [ RunTime:0.001000s ]
INFO: [ app_begin ] --START--
INFO: Run Behavior\ReadHtmlCacheBehavior [ RunTime:0.000000s ]
INFO: [ app_begin ] --END-- [ RunTime:0.000000s ]
SQL: SHOW COLUMNS FROM `phonenewstypes` [ RunTime:0.0060s ]
SQL: SELECT * FROM `phonenewstypes` WHERE ( state=1 ) ORDER BY sort desc LIMIT 6   [ RunTime:0.0010s ]
SQL: SHOW COLUMNS FROM `config` [ RunTime:0.0040s ]
SQL: SELECT * FROM `config` WHERE `id` = 1 LIMIT 1   [ RunTime:0.0000s ]
SQL: SHOW COLUMNS FROM `content` [ RunTime:0.0050s ]
SQL: SELECT * FROM `content` WHERE `type` = 2 AND `postion` = 2 LIMIT 1   [ RunTime:0.0010s ]
SQL: SELECT `typename` FROM `phonenewstypes` WHERE ( id=3 ) LIMIT 1   [ RunTime:0.0000s ]
SQL: SHOW COLUMNS FROM `phonebanner` [ RunTime:0.0040s ]
SQL: SELECT * FROM `phonebanner` WHERE `state` = 0 AND `postion` = 4 LIMIT 1   [ RunTime:0.0000s ]
SQL: SHOW COLUMNS FROM `phonenews` [ RunTime:0.0050s ]
SQL: SELECT * FROM `phonenews` WHERE `typeid` = 3 AND `hot` = 6 ORDER BY sort desc LIMIT 1   [ RunTime:0.0010s ]
SQL: SELECT * FROM `phonenews` WHERE `typeid` = 3 AND `hot` = 0 ORDER BY sort desc LIMIT 3   [ RunTime:0.0010s ]
INFO: [ view_parse ] --START--
INFO: [ template_filter ] --START--
INFO: Run Behavior\ContentReplaceBehavior [ RunTime:0.000000s ]
INFO: [ template_filter ] --END-- [ RunTime:0.000000s ]
NOTIC: [8] Undefined index: fid F:\phpxiangmu\hzr\Application\Runtime\Cache\Phone\382ec0a37814902b0c35ed7e70430d26.php 第 19 行.
INFO: Run Behavior\ParseTemplateBehavior [ RunTime:0.019001s ]
INFO: [ view_parse ] --END-- [ RunTime:0.019001s ]
INFO: [ view_filter ] --START--
INFO: Run Behavior\WriteHtmlCacheBehavior [ RunTime:0.001000s ]
INFO: [ view_filter ] --END-- [ RunTime:0.001000s ]
INFO: [ app_end ] --START--
INFO: Run Behavior\ShowPageTraceBehavior [ RunTime:0.000000s ]
INFO: [ app_end ] --END-- [ RunTime:0.000000s ]

[ 2017-11-30T11:40:15+08:00 ] 127.0.0.1 /hzr/Phone/Student/index/id/3.html
INFO: [ app_init ] --START--
INFO: Run Behavior\BuildLiteBehavior [ RunTime:0.000000s ]
INFO: [ app_init ] --END-- [ RunTime:0.001000s ]
INFO: [ app_begin ] --START--
INFO: Run Behavior\ReadHtmlCacheBehavior [ RunTime:0.001000s ]
INFO: [ app_begin ] --END-- [ RunTime:0.001000s ]
SQL: SHOW COLUMNS FROM `phonenewstypes` [ RunTime:0.0090s ]
SQL: SELECT * FROM `phonenewstypes` WHERE ( state=1 ) ORDER BY sort desc LIMIT 6   [ RunTime:0.0010s ]
SQL: SHOW COLUMNS FROM `config` [ RunTime:0.0090s ]
SQL: SELECT * FROM `config` WHERE `id` = 1 LIMIT 1   [ RunTime:0.0010s ]
SQL: SHOW COLUMNS FROM `content` [ RunTime:0.0100s ]
SQL: SELECT * FROM `content` WHERE `type` = 2 AND `postion` = 2 LIMIT 1   [ RunTime:0.0010s ]
SQL: SELECT `typename` FROM `phonenewstypes` WHERE ( id=3 ) LIMIT 1   [ RunTime:0.0000s ]
SQL: SHOW COLUMNS FROM `phonebanner` [ RunTime:0.0100s ]
SQL: SELECT * FROM `phonebanner` WHERE `state` = 0 AND `postion` = 4 LIMIT 1   [ RunTime:0.0010s ]
SQL: SHOW COLUMNS FROM `phonenews` [ RunTime:0.0040s ]
SQL: SELECT * FROM `phonenews` WHERE `typeid` = 3 AND `hot` = 6 ORDER BY sort desc LIMIT 1   [ RunTime:0.0010s ]
SQL: SELECT * FROM `phonenews` WHERE `typeid` = 3 AND `hot` = 0 ORDER BY sort desc LIMIT 3   [ RunTime:0.0010s ]
INFO: [ view_parse ] --START--
INFO: [ template_filter ] --START--
INFO: Run Behavior\ContentReplaceBehavior [ RunTime:0.000000s ]
INFO: [ template_filter ] --END-- [ RunTime:0.000000s ]
NOTIC: [8] Undefined index: fid F:\phpxiangmu\hzr\Application\Runtime\Cache\Phone\382ec0a37814902b0c35ed7e70430d26.php 第 19 行.
INFO: Run Behavior\ParseTemplateBehavior [ RunTime:0.017001s ]
INFO: [ view_parse ] --END-- [ RunTime:0.017001s ]
INFO: [ view_filter ] --START--
INFO: Run Behavior\WriteHtmlCacheBehavior [ RunTime:0.001000s ]
INFO: [ view_filter ] --END-- [ RunTime:0.001000s ]
INFO: [ app_end ] --START--
INFO: Run Behavior\ShowPageTraceBehavior [ RunTime:0.001000s ]
INFO: [ app_end ] --END-- [ RunTime:0.001000s ]

