[ 2017-11-29T12:08:06+08:00 ] 127.0.0.1 /hzr/about/index/fid/1.html
INFO: [ app_init ] --START--
INFO: Run Behavior\BuildLiteBehavior [ RunTime:0.000000s ]
INFO: [ app_init ] --END-- [ RunTime:0.129008s ]
INFO: [ app_begin ] --START--
INFO: Run Behavior\ReadHtmlCacheBehavior [ RunTime:0.018001s ]
INFO: [ app_begin ] --END-- [ RunTime:0.060004s ]
ERR: SQLSTATE[HY000] [1045] Access denied for user 'cece'@'localhost' (using password: YES)

[ 2017-11-29T12:09:24+08:00 ] 127.0.0.1 /hzr/about/index/fid/1.html
INFO: [ app_init ] --START--
INFO: Run Behavior\BuildLiteBehavior [ RunTime:0.000000s ]
INFO: [ app_init ] --END-- [ RunTime:0.000000s ]
INFO: [ app_begin ] --START--
INFO: Run Behavior\ReadHtmlCacheBehavior [ RunTime:0.001000s ]
INFO: [ app_begin ] --END-- [ RunTime:0.001000s ]
ERR: SQLSTATE[HY000] [1045] Access denied for user 'cece'@'localhost' (using password: YES)

[ 2017-11-29T12:10:48+08:00 ] 127.0.0.1 /hzr/about/index/fid/1.html
INFO: [ app_init ] --START--
INFO: Run Behavior\BuildLiteBehavior [ RunTime:0.000000s ]
INFO: [ app_init ] --END-- [ RunTime:0.001000s ]
INFO: [ app_begin ] --START--
INFO: Run Behavior\ReadHtmlCacheBehavior [ RunTime:0.001000s ]
INFO: [ app_begin ] --END-- [ RunTime:0.002000s ]
SQL: SHOW COLUMNS FROM `newstypes` [ RunTime:0.8410s ]
SQL: SELECT * FROM `newstypes` WHERE ( state=1 ) ORDER BY sort desc LIMIT 7   [ RunTime:0.0020s ]
SQL: SHOW COLUMNS FROM `config` [ RunTime:0.1110s ]
SQL: SELECT * FROM `config` WHERE `id` = 1 LIMIT 1   [ RunTime:0.0010s ]
SQL: SHOW COLUMNS FROM `content` [ RunTime:0.1010s ]
SQL: SELECT * FROM `content` WHERE `type` = 2 AND `postion` = 2 LIMIT 1   [ RunTime:0.1140s ]
SQL: SHOW COLUMNS FROM `banner` [ RunTime:0.0830s ]
SQL: SELECT * FROM `banner` WHERE `state` = 0 AND `postion` = 3 ORDER BY sort desc LIMIT 1   [ RunTime:0.0010s ]
SQL: SELECT * FROM `content` WHERE `type` = 1 AND `postion` = 3 LIMIT 1   [ RunTime:0.0000s ]
SQL: SELECT * FROM `content` WHERE `type` = 3 AND `postion` = 3 LIMIT 1   [ RunTime:0.0000s ]
SQL: SELECT * FROM `content` WHERE `type` = 4 AND `postion` = 3 LIMIT 1   [ RunTime:0.0010s ]
INFO: [ view_parse ] --START--
INFO: [ template_filter ] --START--
INFO: Run Behavior\ContentReplaceBehavior [ RunTime:0.059003s ]
INFO: [ template_filter ] --END-- [ RunTime:0.060003s ]
NOTIC: [8] Undefined index: id F:\phpxiangmu\hzr\Application\Runtime\Cache\Home\3b9bb8f59aaa4d1691c827dd64ddfa9b.php 第 112 行.
INFO: Run Behavior\ParseTemplateBehavior [ RunTime:0.444025s ]
INFO: [ view_parse ] --END-- [ RunTime:0.444025s ]
INFO: [ view_filter ] --START--
INFO: Run Behavior\WriteHtmlCacheBehavior [ RunTime:0.035002s ]
INFO: [ view_filter ] --END-- [ RunTime:0.036002s ]
INFO: [ app_end ] --START--
INFO: Run Behavior\ShowPageTraceBehavior [ RunTime:0.012001s ]
INFO: [ app_end ] --END-- [ RunTime:0.012001s ]

[ 2017-11-29T12:10:52+08:00 ] 127.0.0.1 /hzr/NewsList/index/id/2.html
INFO: [ app_init ] --START--
INFO: Run Behavior\BuildLiteBehavior [ RunTime:0.000000s ]
INFO: [ app_init ] --END-- [ RunTime:0.001000s ]
INFO: [ app_begin ] --START--
INFO: Run Behavior\ReadHtmlCacheBehavior [ RunTime:0.001000s ]
INFO: [ app_begin ] --END-- [ RunTime:0.001000s ]
SQL: SHOW COLUMNS FROM `newstypes` [ RunTime:0.0410s ]
SQL: SELECT * FROM `newstypes` WHERE ( state=1 ) ORDER BY sort desc LIMIT 7   [ RunTime:0.0010s ]
SQL: SHOW COLUMNS FROM `config` [ RunTime:0.0090s ]
SQL: SELECT * FROM `config` WHERE `id` = 1 LIMIT 1   [ RunTime:0.0010s ]
SQL: SHOW COLUMNS FROM `content` [ RunTime:0.0090s ]
SQL: SELECT * FROM `content` WHERE `type` = 2 AND `postion` = 2 LIMIT 1   [ RunTime:0.0010s ]
SQL: SELECT `typename` FROM `newstypes` WHERE ( id=2 ) LIMIT 1   [ RunTime:0.0190s ]
SQL: SHOW COLUMNS FROM `news` [ RunTime:0.0500s ]
SQL: SELECT * FROM `news` WHERE `typeid` = 2 AND `hot` = 5 ORDER BY sort desc LIMIT 3   [ RunTime:0.0230s ]
SQL: SELECT * FROM `news` WHERE `typeid` = 2 AND `hot` = 0 ORDER BY sort desc LIMIT 7   [ RunTime:0.0010s ]
SQL: SELECT * FROM `news` WHERE `typeid` = 2 AND `hot` = 7 ORDER BY sort desc LIMIT 2   [ RunTime:0.0010s ]
INFO: [ view_parse ] --START--
INFO: [ template_filter ] --START--
INFO: Run Behavior\ContentReplaceBehavior [ RunTime:0.000000s ]
INFO: [ template_filter ] --END-- [ RunTime:0.000000s ]
NOTIC: [8] Undefined index: fid F:\phpxiangmu\hzr\Application\Runtime\Cache\Home\b8562a1bfd57f20ab23c7323e8875de8.php 第 138 行.
INFO: Run Behavior\ParseTemplateBehavior [ RunTime:0.061003s ]
INFO: [ view_parse ] --END-- [ RunTime:0.062003s ]
INFO: [ view_filter ] --START--
INFO: Run Behavior\WriteHtmlCacheBehavior [ RunTime:0.000000s ]
INFO: [ view_filter ] --END-- [ RunTime:0.001000s ]
INFO: [ app_end ] --START--
INFO: Run Behavior\ShowPageTraceBehavior [ RunTime:0.001000s ]
INFO: [ app_end ] --END-- [ RunTime:0.001000s ]

[ 2017-11-29T12:48:18+08:00 ] 127.0.0.1 /hzr/student/index/id/3.html
INFO: [ app_init ] --START--
INFO: Run Behavior\BuildLiteBehavior [ RunTime:0.000000s ]
INFO: [ app_init ] --END-- [ RunTime:0.014001s ]
INFO: [ app_begin ] --START--
INFO: Run Behavior\ReadHtmlCacheBehavior [ RunTime:0.002000s ]
INFO: [ app_begin ] --END-- [ RunTime:0.002000s ]
ERR: SQLSTATE[HY000] [1045] Access denied for user 'cece'@'localhost' (using password: YES)

[ 2017-11-29T13:06:23+08:00 ] 127.0.0.1 /hzr/student/index/id/3.html
INFO: [ app_init ] --START--
INFO: Run Behavior\BuildLiteBehavior [ RunTime:0.000000s ]
INFO: [ app_init ] --END-- [ RunTime:0.014000s ]
INFO: [ app_begin ] --START--
INFO: Run Behavior\ReadHtmlCacheBehavior [ RunTime:0.002000s ]
INFO: [ app_begin ] --END-- [ RunTime:0.002000s ]
ERR: SQLSTATE[HY000] [1045] Access denied for user 'cece'@'localhost' (using password: YES)

[ 2017-11-29T13:06:39+08:00 ] 127.0.0.1 /hzr/student/index/id/3.html
INFO: [ app_init ] --START--
INFO: Run Behavior\BuildLiteBehavior [ RunTime:0.000000s ]
INFO: [ app_init ] --END-- [ RunTime:0.000000s ]
INFO: [ app_begin ] --START--
INFO: Run Behavior\ReadHtmlCacheBehavior [ RunTime:0.001000s ]
INFO: [ app_begin ] --END-- [ RunTime:0.001000s ]
SQL: SHOW COLUMNS FROM `newstypes` [ RunTime:0.2930s ]
SQL: SELECT * FROM `newstypes` WHERE ( state=1 ) ORDER BY sort desc LIMIT 7   [ RunTime:0.0020s ]
SQL: SHOW COLUMNS FROM `config` [ RunTime:0.0680s ]
SQL: SELECT * FROM `config` WHERE `id` = 1 LIMIT 1   [ RunTime:0.0010s ]
SQL: SHOW COLUMNS FROM `content` [ RunTime:0.0210s ]
SQL: SELECT * FROM `content` WHERE `type` = 2 AND `postion` = 2 LIMIT 1   [ RunTime:0.0150s ]
SQL: SHOW COLUMNS FROM `banner` [ RunTime:0.1060s ]
SQL: SELECT * FROM `banner` WHERE `state` = 0 AND `postion` = 4 LIMIT 1   [ RunTime:0.0010s ]
SQL: SHOW COLUMNS FROM `news` [ RunTime:0.0330s ]
SQL: SELECT * FROM `news` WHERE `typeid` = 3 AND `hot` = 6 ORDER BY sort desc LIMIT 1   [ RunTime:0.0080s ]
SQL: SELECT * FROM `news` WHERE `typeid` = 3 AND `hot` = 7 ORDER BY sort desc LIMIT 6   [ RunTime:0.0020s ]
SQL: SELECT * FROM `news` WHERE `typeid` = 3 AND `hot` = 5 ORDER BY sort desc LIMIT 1   [ RunTime:0.0010s ]
SQL: SELECT * FROM `news` WHERE `typeid` = 3 AND `hot` = 0 ORDER BY sort desc LIMIT 7   [ RunTime:0.0010s ]
INFO: [ view_parse ] --START--
INFO: [ template_filter ] --START--
INFO: Run Behavior\ContentReplaceBehavior [ RunTime:0.000000s ]
INFO: [ template_filter ] --END-- [ RunTime:0.000000s ]
NOTIC: [8] Undefined index: fid F:\phpxiangmu\hzr\Application\Runtime\Cache\Home\5e6caf1f921dc2090a81407240a42a8e.php 第 116 行.
INFO: Run Behavior\ParseTemplateBehavior [ RunTime:0.197012s ]
INFO: [ view_parse ] --END-- [ RunTime:0.198012s ]
INFO: [ view_filter ] --START--
INFO: Run Behavior\WriteHtmlCacheBehavior [ RunTime:0.022001s ]
INFO: [ view_filter ] --END-- [ RunTime:0.022001s ]
INFO: [ app_end ] --START--
INFO: Run Behavior\ShowPageTraceBehavior [ RunTime:0.012001s ]
INFO: [ app_end ] --END-- [ RunTime:0.015001s ]

[ 2017-11-29T15:55:33+08:00 ] 127.0.0.1 /hzr/Index/index/fid/0.html
INFO: [ app_init ] --START--
INFO: Run Behavior\BuildLiteBehavior [ RunTime:0.000000s ]
INFO: [ app_init ] --END-- [ RunTime:0.000000s ]
INFO: [ app_begin ] --START--
INFO: Run Behavior\ReadHtmlCacheBehavior [ RunTime:0.001000s ]
INFO: [ app_begin ] --END-- [ RunTime:0.001000s ]
SQL: SHOW COLUMNS FROM `newstypes` [ RunTime:0.1870s ]
SQL: SELECT * FROM `newstypes` WHERE ( state=1 ) ORDER BY sort desc LIMIT 7   [ RunTime:0.0010s ]
SQL: SHOW COLUMNS FROM `config` [ RunTime:0.0120s ]
SQL: SELECT * FROM `config` WHERE `id` = 1 LIMIT 1   [ RunTime:0.0000s ]
SQL: SHOW COLUMNS FROM `content` [ RunTime:0.0170s ]
SQL: SELECT * FROM `content` WHERE `type` = 2 AND `postion` = 2 LIMIT 1   [ RunTime:0.0010s ]
SQL: SHOW COLUMNS FROM `news` [ RunTime:0.0050s ]
SQL: SELECT * FROM `news` WHERE ( hot=4 and typeid=9 ) LIMIT 1   [ RunTime:0.0010s ]
SQL: SELECT * FROM `news` WHERE ( typeid=18 and hot=1 ) LIMIT 1   [ RunTime:0.0010s ]
SQL: SELECT * FROM `news` WHERE ( typeid=18 and hot=0 ) ORDER BY sort desc LIMIT 5   [ RunTime:0.0010s ]
SQL: SELECT * FROM `news` WHERE ( typeid=2 and hot=1 ) LIMIT 1   [ RunTime:0.0010s ]
SQL: SELECT * FROM `content` WHERE `type` = 1 AND `postion` = 1 LIMIT 1   [ RunTime:0.0000s ]
SQL: SELECT * FROM `news` WHERE ( hot=1 and typeid=6 ) ORDER BY sort desc LIMIT 4   [ RunTime:0.0010s ]
SQL: SELECT * FROM `news` WHERE ( typeid=6 and hot=7 ) ORDER BY hit desc LIMIT 1   [ RunTime:0.0010s ]
SQL: SELECT * FROM `news` WHERE ( hot =2 and typeid=9 ) ORDER BY sort desc LIMIT 6   [ RunTime:0.0010s ]
SQL: SELECT * FROM `news` WHERE ( hot=1 and typeid=3 ) ORDER BY sort desc LIMIT 10   [ RunTime:0.0010s ]
SQL: SELECT * FROM `news` WHERE ( hot=1 and typeid=1 ) ORDER BY sort desc LIMIT 6   [ RunTime:0.0010s ]
NOTIC: [8] Undefined variable: newstypes F:\phpxiangmu\hzr\Application\Home\Controller\IndexController.class.php 第 48 行.
INFO: [ view_parse ] --START--
INFO: [ template_filter ] --START--
INFO: Run Behavior\ContentReplaceBehavior [ RunTime:0.000000s ]
INFO: [ template_filter ] --END-- [ RunTime:0.000000s ]
NOTIC: [8] Undefined index: id F:\phpxiangmu\hzr\Application\Runtime\Cache\Home\2a94b8bda04ff446dcedd42276fc99ee.php 第 295 行.
INFO: Run Behavior\ParseTemplateBehavior [ RunTime:0.205012s ]
INFO: [ view_parse ] --END-- [ RunTime:0.205012s ]
INFO: [ view_filter ] --START--
INFO: Run Behavior\WriteHtmlCacheBehavior [ RunTime:0.001000s ]
INFO: [ view_filter ] --END-- [ RunTime:0.001000s ]
INFO: [ app_end ] --START--
INFO: Run Behavior\ShowPageTraceBehavior [ RunTime:0.003000s ]
INFO: [ app_end ] --END-- [ RunTime:0.010001s ]

[ 2017-11-29T15:55:33+08:00 ] 127.0.0.1 /hzr/Public/css/images/icoCircle.gif
INFO: [ app_init ] --START--
INFO: Run Behavior\BuildLiteBehavior [ RunTime:0.000000s ]
INFO: [ app_init ] --END-- [ RunTime:0.000000s ]

[ 2017-11-29T15:55:56+08:00 ] 127.0.0.1 /hzr/Index/index/fid/0.html
INFO: [ app_init ] --START--
INFO: Run Behavior\BuildLiteBehavior [ RunTime:0.000000s ]
INFO: [ app_init ] --END-- [ RunTime:0.000000s ]
INFO: [ app_begin ] --START--
INFO: Run Behavior\ReadHtmlCacheBehavior [ RunTime:0.001000s ]
INFO: [ app_begin ] --END-- [ RunTime:0.001000s ]
SQL: SHOW COLUMNS FROM `newstypes` [ RunTime:0.0060s ]
SQL: SELECT * FROM `newstypes` WHERE ( state=1 ) ORDER BY sort desc LIMIT 7   [ RunTime:0.0010s ]
SQL: SHOW COLUMNS FROM `config` [ RunTime:0.0060s ]
SQL: SELECT * FROM `config` WHERE `id` = 1 LIMIT 1   [ RunTime:0.0010s ]
SQL: SHOW COLUMNS FROM `content` [ RunTime:0.0070s ]
SQL: SELECT * FROM `content` WHERE `type` = 2 AND `postion` = 2 LIMIT 1   [ RunTime:0.0010s ]
SQL: SHOW COLUMNS FROM `news` [ RunTime:0.0070s ]
SQL: SELECT * FROM `news` WHERE ( hot=4 and typeid=9 ) LIMIT 1   [ RunTime:0.0010s ]
SQL: SELECT * FROM `news` WHERE ( typeid=18 and hot=1 ) LIMIT 1   [ RunTime:0.0010s ]
SQL: SELECT * FROM `news` WHERE ( typeid=18 and hot=0 ) ORDER BY sort desc LIMIT 5   [ RunTime:0.0010s ]
SQL: SELECT * FROM `news` WHERE ( typeid=2 and hot=1 ) LIMIT 1   [ RunTime:0.0010s ]
SQL: SELECT * FROM `content` WHERE `type` = 1 AND `postion` = 1 LIMIT 1   [ RunTime:0.0000s ]
SQL: SELECT * FROM `news` WHERE ( hot=1 and typeid=6 ) ORDER BY sort desc LIMIT 4   [ RunTime:0.0000s ]
SQL: SELECT * FROM `news` WHERE ( typeid=6 and hot=7 ) ORDER BY hit desc LIMIT 1   [ RunTime:0.0000s ]
SQL: SELECT * FROM `news` WHERE ( hot =2 and typeid=9 ) ORDER BY sort desc LIMIT 6   [ RunTime:0.0010s ]
SQL: SELECT * FROM `news` WHERE ( hot=1 and typeid=3 ) ORDER BY sort desc LIMIT 10   [ RunTime:0.0010s ]
SQL: SELECT * FROM `news` WHERE ( hot=1 and typeid=1 ) ORDER BY sort desc LIMIT 6   [ RunTime:0.0010s ]
NOTIC: [8] Undefined variable: newstypes F:\phpxiangmu\hzr\Application\Home\Controller\IndexController.class.php 第 48 行.
INFO: [ view_parse ] --START--
INFO: [ template_filter ] --START--
INFO: Run Behavior\ContentReplaceBehavior [ RunTime:0.000000s ]
INFO: [ template_filter ] --END-- [ RunTime:0.000000s ]
NOTIC: [8] Undefined index: id F:\phpxiangmu\hzr\Application\Runtime\Cache\Home\2a94b8bda04ff446dcedd42276fc99ee.php 第 295 行.
INFO: Run Behavior\ParseTemplateBehavior [ RunTime:0.029002s ]
INFO: [ view_parse ] --END-- [ RunTime:0.029002s ]
INFO: [ view_filter ] --START--
INFO: Run Behavior\WriteHtmlCacheBehavior [ RunTime:0.000000s ]
INFO: [ view_filter ] --END-- [ RunTime:0.000000s ]
INFO: [ app_end ] --START--
INFO: Run Behavior\ShowPageTraceBehavior [ RunTime:0.001000s ]
INFO: [ app_end ] --END-- [ RunTime:0.001000s ]

[ 2017-11-29T15:55:56+08:00 ] 127.0.0.1 /hzr/Public/css/images/icoCircle.gif
INFO: [ app_init ] --START--
INFO: Run Behavior\BuildLiteBehavior [ RunTime:0.000000s ]
INFO: [ app_init ] --END-- [ RunTime:0.000000s ]

[ 2017-11-29T15:56:13+08:00 ] 127.0.0.1 /hzr/Index/index/fid/0.html
INFO: [ app_init ] --START--
INFO: Run Behavior\BuildLiteBehavior [ RunTime:0.000000s ]
INFO: [ app_init ] --END-- [ RunTime:0.001000s ]
INFO: [ app_begin ] --START--
INFO: Run Behavior\ReadHtmlCacheBehavior [ RunTime:0.001000s ]
INFO: [ app_begin ] --END-- [ RunTime:0.001000s ]
SQL: SHOW COLUMNS FROM `newstypes` [ RunTime:0.0090s ]
SQL: SELECT * FROM `newstypes` WHERE ( state=1 ) ORDER BY sort desc LIMIT 7   [ RunTime:0.0020s ]
SQL: SHOW COLUMNS FROM `config` [ RunTime:0.0090s ]
SQL: SELECT * FROM `config` WHERE `id` = 1 LIMIT 1   [ RunTime:0.0010s ]
SQL: SHOW COLUMNS FROM `content` [ RunTime:0.0040s ]
SQL: SELECT * FROM `content` WHERE `type` = 2 AND `postion` = 2 LIMIT 1   [ RunTime:0.0000s ]
SQL: SHOW COLUMNS FROM `banner` [ RunTime:0.0040s ]
SQL: SELECT * FROM `banner` WHERE `state` = 0 AND `postion` = 1 ORDER BY sort desc LIMIT 3   [ RunTime:0.0000s ]
SQL: SHOW COLUMNS FROM `news` [ RunTime:0.0040s ]
SQL: SELECT * FROM `news` WHERE ( hot=4 and typeid=9 ) LIMIT 1   [ RunTime:0.0000s ]
SQL: SELECT * FROM `news` WHERE ( typeid=18 and hot=1 ) LIMIT 1   [ RunTime:0.0010s ]
SQL: SELECT * FROM `news` WHERE ( typeid=18 and hot=0 ) ORDER BY sort desc LIMIT 5   [ RunTime:0.0000s ]
SQL: SELECT * FROM `news` WHERE ( typeid=2 and hot=1 ) LIMIT 1   [ RunTime:0.0000s ]
SQL: SELECT * FROM `content` WHERE `type` = 1 AND `postion` = 1 LIMIT 1   [ RunTime:0.0010s ]
SQL: SELECT * FROM `news` WHERE ( hot=1 and typeid=6 ) ORDER BY sort desc LIMIT 4   [ RunTime:0.0010s ]
SQL: SELECT * FROM `news` WHERE ( typeid=6 and hot=7 ) ORDER BY hit desc LIMIT 1   [ RunTime:0.0000s ]
SQL: SELECT * FROM `news` WHERE ( hot =2 and typeid=9 ) ORDER BY sort desc LIMIT 6   [ RunTime:0.0000s ]
SQL: SELECT * FROM `news` WHERE ( hot=1 and typeid=3 ) ORDER BY sort desc LIMIT 10   [ RunTime:0.0010s ]
SQL: SELECT * FROM `news` WHERE ( hot=1 and typeid=1 ) ORDER BY sort desc LIMIT 6   [ RunTime:0.0010s ]
NOTIC: [8] Undefined variable: newstypes F:\phpxiangmu\hzr\Application\Home\Controller\IndexController.class.php 第 48 行.
INFO: [ view_parse ] --START--
INFO: [ template_filter ] --START--
INFO: Run Behavior\ContentReplaceBehavior [ RunTime:0.000000s ]
INFO: [ template_filter ] --END-- [ RunTime:0.000000s ]
NOTIC: [8] Undefined index: id F:\phpxiangmu\hzr\Application\Runtime\Cache\Home\2a94b8bda04ff446dcedd42276fc99ee.php 第 295 行.
INFO: Run Behavior\ParseTemplateBehavior [ RunTime:0.030002s ]
INFO: [ view_parse ] --END-- [ RunTime:0.030002s ]
INFO: [ view_filter ] --START--
INFO: Run Behavior\WriteHtmlCacheBehavior [ RunTime:0.001000s ]
INFO: [ view_filter ] --END-- [ RunTime:0.001000s ]
INFO: [ app_end ] --START--
INFO: Run Behavior\ShowPageTraceBehavior [ RunTime:0.001000s ]
INFO: [ app_end ] --END-- [ RunTime:0.001000s ]

[ 2017-11-29T15:56:14+08:00 ] 127.0.0.1 /hzr/Public/css/images/icoCircle.gif
INFO: [ app_init ] --START--
INFO: Run Behavior\BuildLiteBehavior [ RunTime:0.000000s ]
INFO: [ app_init ] --END-- [ RunTime:0.001000s ]

