[ 2017-12-03T20:33:42+08:00 ] 127.0.0.1 /hzr/
INFO: [ app_init ] --START--
INFO: Run Behavior\BuildLiteBehavior [ RunTime:0.000000s ]
INFO: [ app_init ] --END-- [ RunTime:0.062003s ]
INFO: [ app_begin ] --START--
INFO: Run Behavior\ReadHtmlCacheBehavior [ RunTime:0.002000s ]
INFO: [ app_begin ] --END-- [ RunTime:0.002000s ]
SQL: SHOW COLUMNS FROM `newstypes` [ RunTime:0.4860s ]
SQL: SELECT * FROM `newstypes` WHERE ( state=1 ) ORDER BY sort desc LIMIT 7   [ RunTime:0.0170s ]
SQL: SHOW COLUMNS FROM `config` [ RunTime:0.1020s ]
SQL: SELECT * FROM `config` WHERE `id` = 1 LIMIT 1   [ RunTime:0.0010s ]
SQL: SHOW COLUMNS FROM `content` [ RunTime:0.0790s ]
SQL: SELECT * FROM `content` WHERE `type` = 2 AND `postion` = 2 LIMIT 1   [ RunTime:0.0350s ]
SQL: SHOW COLUMNS FROM `banner` [ RunTime:0.0650s ]
SQL: SELECT * FROM `banner` WHERE `state` = 0 AND `postion` = 1 ORDER BY sort desc LIMIT 3   [ RunTime:0.0010s ]
SQL: SHOW COLUMNS FROM `news` [ RunTime:0.0390s ]
SQL: SELECT * FROM `news` WHERE ( hot=4 and typeid=9 ) LIMIT 1   [ RunTime:0.0010s ]
SQL: SELECT * FROM `news` WHERE ( typeid=18 and hot=1 ) LIMIT 1   [ RunTime:0.0000s ]
SQL: SELECT * FROM `news` WHERE ( typeid=18 and hot=0 ) ORDER BY sort desc LIMIT 5   [ RunTime:0.0010s ]
SQL: SELECT * FROM `news` WHERE ( typeid=2 and hot=1 ) LIMIT 1   [ RunTime:0.0010s ]
SQL: SELECT * FROM `content` WHERE `type` = 1 AND `postion` = 1 LIMIT 1   [ RunTime:0.0000s ]
SQL: SELECT * FROM `news` WHERE ( hot=1 and typeid=6 ) ORDER BY sort desc LIMIT 4   [ RunTime:0.0010s ]
SQL: SELECT * FROM `news` WHERE ( typeid=6 and hot=7 ) ORDER BY hit desc LIMIT 1   [ RunTime:0.0000s ]
SQL: SELECT * FROM `news` WHERE ( hot =2 and typeid=9 ) ORDER BY sort desc LIMIT 6   [ RunTime:0.0010s ]
SQL: SELECT * FROM `news` WHERE ( hot=1 and typeid=3 ) ORDER BY sort desc LIMIT 10   [ RunTime:0.0010s ]
SQL: SELECT * FROM `news` WHERE ( hot=1 and typeid=1 ) ORDER BY sort desc LIMIT 6   [ RunTime:0.0010s ]
NOTIC: [8] Undefined variable: newstypes F:\phpxiangmu\hzr\Application\Home\Controller\IndexController.class.php 第 48 行.
INFO: [ view_parse ] --START--
INFO: [ template_filter ] --START--
INFO: Run Behavior\ContentReplaceBehavior [ RunTime:0.031002s ]
INFO: [ template_filter ] --END-- [ RunTime:0.031002s ]
NOTIC: [8] Undefined index: fid F:\phpxiangmu\hzr\Application\Runtime\Cache\Home\2a94b8bda04ff446dcedd42276fc99ee.php 第 296 行.
NOTIC: [8] Undefined index: id F:\phpxiangmu\hzr\Application\Runtime\Cache\Home\2a94b8bda04ff446dcedd42276fc99ee.php 第 297 行.
INFO: Run Behavior\ParseTemplateBehavior [ RunTime:0.311018s ]
INFO: [ view_parse ] --END-- [ RunTime:0.311018s ]
INFO: [ view_filter ] --START--
INFO: Run Behavior\WriteHtmlCacheBehavior [ RunTime:0.012001s ]
INFO: [ view_filter ] --END-- [ RunTime:0.012001s ]
INFO: [ app_end ] --START--
INFO: Run Behavior\ShowPageTraceBehavior [ RunTime:0.035002s ]
INFO: [ app_end ] --END-- [ RunTime:0.035002s ]

[ 2017-12-03T20:33:43+08:00 ] 127.0.0.1 /hzr/Public/css/images/icoCircle.gif
INFO: [ app_init ] --START--
INFO: Run Behavior\BuildLiteBehavior [ RunTime:0.000000s ]
INFO: [ app_init ] --END-- [ RunTime:0.001000s ]

[ 2017-12-03T20:34:13+08:00 ] 127.0.0.1 /hzr/
INFO: [ app_init ] --START--
INFO: Run Behavior\BuildLiteBehavior [ RunTime:0.000000s ]
INFO: [ app_init ] --END-- [ RunTime:0.001001s ]
INFO: [ app_begin ] --START--
INFO: Run Behavior\ReadHtmlCacheBehavior [ RunTime:0.001000s ]
INFO: [ app_begin ] --END-- [ RunTime:0.001000s ]
SQL: SHOW COLUMNS FROM `newstypes` [ RunTime:0.0050s ]
SQL: SELECT * FROM `newstypes` WHERE ( state=1 ) ORDER BY sort desc LIMIT 7   [ RunTime:0.0000s ]
SQL: SHOW COLUMNS FROM `config` [ RunTime:0.0050s ]
SQL: SELECT * FROM `config` WHERE `id` = 1 LIMIT 1   [ RunTime:0.0000s ]
SQL: SHOW COLUMNS FROM `content` [ RunTime:0.0040s ]
SQL: SELECT * FROM `content` WHERE `type` = 2 AND `postion` = 2 LIMIT 1   [ RunTime:0.0020s ]
SQL: SHOW COLUMNS FROM `news` [ RunTime:0.0040s ]
SQL: SELECT * FROM `news` WHERE ( hot=4 and typeid=9 ) LIMIT 1   [ RunTime:0.0000s ]
SQL: SELECT * FROM `news` WHERE ( typeid=18 and hot=1 ) LIMIT 1   [ RunTime:0.0000s ]
SQL: SELECT * FROM `news` WHERE ( typeid=18 and hot=0 ) ORDER BY sort desc LIMIT 5   [ RunTime:0.0010s ]
SQL: SELECT * FROM `news` WHERE ( typeid=2 and hot=1 ) LIMIT 1   [ RunTime:0.0000s ]
SQL: SELECT * FROM `content` WHERE `type` = 1 AND `postion` = 1 LIMIT 1   [ RunTime:0.0000s ]
SQL: SELECT * FROM `news` WHERE ( hot=1 and typeid=6 ) ORDER BY sort desc LIMIT 4   [ RunTime:0.0010s ]
SQL: SELECT * FROM `news` WHERE ( typeid=6 and hot=7 ) ORDER BY hit desc LIMIT 1   [ RunTime:0.0000s ]
SQL: SELECT * FROM `news` WHERE ( hot =2 and typeid=9 ) ORDER BY sort desc LIMIT 6   [ RunTime:0.0000s ]
SQL: SELECT * FROM `news` WHERE ( hot=1 and typeid=3 ) ORDER BY sort desc LIMIT 10   [ RunTime:0.0010s ]
SQL: SELECT * FROM `news` WHERE ( hot=1 and typeid=1 ) ORDER BY sort desc LIMIT 6   [ RunTime:0.0010s ]
NOTIC: [8] Undefined variable: newstypes F:\phpxiangmu\hzr\Application\Home\Controller\IndexController.class.php 第 48 行.
INFO: [ view_parse ] --START--
INFO: [ template_filter ] --START--
INFO: Run Behavior\ContentReplaceBehavior [ RunTime:0.000000s ]
INFO: [ template_filter ] --END-- [ RunTime:0.000000s ]
NOTIC: [8] Undefined index: fid F:\phpxiangmu\hzr\Application\Runtime\Cache\Home\2a94b8bda04ff446dcedd42276fc99ee.php 第 296 行.
NOTIC: [8] Undefined index: id F:\phpxiangmu\hzr\Application\Runtime\Cache\Home\2a94b8bda04ff446dcedd42276fc99ee.php 第 297 行.
INFO: Run Behavior\ParseTemplateBehavior [ RunTime:0.031002s ]
INFO: [ view_parse ] --END-- [ RunTime:0.031002s ]
INFO: [ view_filter ] --START--
INFO: Run Behavior\WriteHtmlCacheBehavior [ RunTime:0.000000s ]
INFO: [ view_filter ] --END-- [ RunTime:0.001000s ]
INFO: [ app_end ] --START--
INFO: Run Behavior\ShowPageTraceBehavior [ RunTime:0.001000s ]
INFO: [ app_end ] --END-- [ RunTime:0.001000s ]

[ 2017-12-03T20:34:14+08:00 ] 127.0.0.1 /hzr/Public/css/images/icoCircle.gif
INFO: [ app_init ] --START--
INFO: Run Behavior\BuildLiteBehavior [ RunTime:0.000000s ]
INFO: [ app_init ] --END-- [ RunTime:0.002000s ]

