[ 2018-03-07T10:21:26+08:00 ] 127.0.0.1 /mymy/
INFO: [ app_init ] --START--
INFO: Run Behavior\BuildLiteBehavior [ RunTime:0.000000s ]
INFO: [ app_init ] --END-- [ RunTime:0.241014s ]
INFO: [ app_begin ] --START--
INFO: Run Behavior\ReadHtmlCacheBehavior [ RunTime:0.014001s ]
INFO: [ app_begin ] --END-- [ RunTime:0.016001s ]
SQL: SHOW COLUMNS FROM `newstypes` [ RunTime:0.3920s ]
SQL: SELECT * FROM `newstypes` WHERE ( state=1 ) ORDER BY sort desc LIMIT 7   [ RunTime:0.0370s ]
SQL: SELECT * FROM `newstypes` WHERE ( fid=2 ) ORDER BY sort desc  [ RunTime:0.0010s ]
SQL: SELECT * FROM `newstypes` WHERE ( fid=1 ) ORDER BY sort desc  [ RunTime:0.0010s ]
SQL: SELECT * FROM `newstypes` WHERE ( fid=11 ) ORDER BY sort desc  [ RunTime:0.0010s ]
SQL: SELECT * FROM `newstypes` WHERE ( fid=3 ) ORDER BY sort desc  [ RunTime:0.0010s ]
SQL: SHOW COLUMNS FROM `config` [ RunTime:0.0790s ]
SQL: SELECT * FROM `config` WHERE `id` = 1 LIMIT 1   [ RunTime:0.0030s ]
SQL: SHOW COLUMNS FROM `content` [ RunTime:0.1000s ]
SQL: SELECT * FROM `content` WHERE `type` = 1 AND `postion` = 3 LIMIT 1   [ RunTime:0.0290s ]
SQL: SELECT * FROM `newstypes` WHERE ( fid=1 ) ORDER BY sort desc  [ RunTime:0.0010s ]
SQL: SHOW COLUMNS FROM `news` [ RunTime:0.0870s ]
SQL: SELECT * FROM `news` WHERE ( typeid=19 ) ORDER BY sort desc LIMIT 1   [ RunTime:0.1120s ]
SQL: SELECT * FROM `news` WHERE ( typeid=20 ) ORDER BY sort desc LIMIT 1   [ RunTime:0.0030s ]
SQL: SELECT * FROM `news` WHERE ( typeid=35 ) ORDER BY sort desc LIMIT 1   [ RunTime:0.0020s ]
SQL: SELECT * FROM `newstypes` WHERE ( fid=11 ) ORDER BY sort desc  [ RunTime:0.0030s ]
SQL: SELECT * FROM `news` WHERE `typeid` IN ('31','32','33','34') ORDER BY sort desc LIMIT 8   [ RunTime:0.0170s ]
SQL: SELECT * FROM `newstypes` WHERE ( fid=2 ) ORDER BY sort desc  [ RunTime:0.0010s ]
SQL: SELECT * FROM `news` WHERE `typeid` = 21 ORDER BY sort desc LIMIT 6   [ RunTime:0.0010s ]
SQL: SHOW COLUMNS FROM `banner` [ RunTime:0.0610s ]
SQL: SELECT * FROM `banner` ORDER BY sort desc LIMIT 3   [ RunTime:0.0010s ]
SQL: SELECT * FROM `content` WHERE `type` = 2 AND `postion` = 3 LIMIT 1   [ RunTime:0.0000s ]
SQL: SHOW COLUMNS FROM `friend` [ RunTime:0.0360s ]
SQL: SELECT * FROM `friend`  [ RunTime:0.0000s ]
INFO: [ view_parse ] --START--
INFO: [ template_filter ] --START--
INFO: Run Behavior\ContentReplaceBehavior [ RunTime:0.029001s ]
INFO: [ template_filter ] --END-- [ RunTime:0.029001s ]
NOTIC: [8] Undefined index: keywords F:\phpxiangmu\mymy\Application\Runtime\Cache\Home\2a94b8bda04ff446dcedd42276fc99ee.php 第 8 行.
INFO: Run Behavior\ParseTemplateBehavior [ RunTime:0.534030s ]
INFO: [ view_parse ] --END-- [ RunTime:0.534030s ]
INFO: [ view_filter ] --START--
INFO: Run Behavior\WriteHtmlCacheBehavior [ RunTime:0.024002s ]
INFO: [ view_filter ] --END-- [ RunTime:0.024002s ]
INFO: [ app_end ] --START--
INFO: Run Behavior\ShowPageTraceBehavior [ RunTime:0.022001s ]
INFO: [ app_end ] --END-- [ RunTime:0.022001s ]

[ 2018-03-07T10:21:39+08:00 ] 127.0.0.1 /mymy/index.php/Company/index.html
INFO: [ app_init ] --START--
INFO: Run Behavior\BuildLiteBehavior [ RunTime:0.000000s ]
INFO: [ app_init ] --END-- [ RunTime:0.001000s ]
INFO: [ app_begin ] --START--
INFO: Run Behavior\ReadHtmlCacheBehavior [ RunTime:0.001000s ]
INFO: [ app_begin ] --END-- [ RunTime:0.001000s ]
SQL: SHOW COLUMNS FROM `newstypes` [ RunTime:0.0000s ]
SQL: SELECT * FROM `newstypes` WHERE ( state=1 ) ORDER BY sort desc LIMIT 7   [ RunTime:0.0000s ]
SQL: SELECT * FROM `newstypes` WHERE ( fid=2 ) ORDER BY sort desc  [ RunTime:0.0156s ]
SQL: SELECT * FROM `newstypes` WHERE ( fid=1 ) ORDER BY sort desc  [ RunTime:0.0000s ]
SQL: SELECT * FROM `newstypes` WHERE ( fid=11 ) ORDER BY sort desc  [ RunTime:0.0000s ]
SQL: SELECT * FROM `newstypes` WHERE ( fid=3 ) ORDER BY sort desc  [ RunTime:0.0000s ]
SQL: SHOW COLUMNS FROM `config` [ RunTime:0.0156s ]
SQL: SELECT * FROM `config` WHERE `id` = 1 LIMIT 1   [ RunTime:0.0000s ]
SQL: SHOW COLUMNS FROM `content` [ RunTime:0.0000s ]
SQL: SELECT * FROM `content` WHERE `type` = 1 AND `postion` = 3 LIMIT 1   [ RunTime:0.0000s ]
SQL: SELECT * FROM `newstypes` WHERE ( fid=1 ) ORDER BY sort desc  [ RunTime:0.0000s ]
SQL: SHOW COLUMNS FROM `news` [ RunTime:0.0176s ]
SQL: SELECT COUNT(*) AS tp_count FROM `news` WHERE `typeid` = 19 LIMIT 1   [ RunTime:0.0320s ]
SQL: SELECT * FROM `news` WHERE `typeid` = 19 ORDER BY sort desc LIMIT 0,4   [ RunTime:0.0020s ]
SQL: SELECT * FROM `newstypes` WHERE ( fid=1 ) ORDER BY sort desc  [ RunTime:0.0010s ]
SQL: SELECT * FROM `news` WHERE ( typeid=19 ) ORDER BY sort desc LIMIT 6   [ RunTime:0.0230s ]
SQL: SELECT * FROM `news` WHERE ( typeid=20 ) ORDER BY sort desc LIMIT 6   [ RunTime:0.0020s ]
SQL: SELECT * FROM `news` WHERE ( typeid=35 ) ORDER BY sort desc LIMIT 6   [ RunTime:0.0010s ]
INFO: [ view_parse ] --START--
INFO: [ template_filter ] --START--
INFO: Run Behavior\ContentReplaceBehavior [ RunTime:0.015600s ]
INFO: [ template_filter ] --END-- [ RunTime:0.015600s ]
INFO: Run Behavior\ParseTemplateBehavior [ RunTime:0.109002s ]
INFO: [ view_parse ] --END-- [ RunTime:0.109002s ]
INFO: [ view_filter ] --START--
INFO: Run Behavior\WriteHtmlCacheBehavior [ RunTime:0.000000s ]
INFO: [ view_filter ] --END-- [ RunTime:0.000000s ]
INFO: [ app_end ] --START--
INFO: Run Behavior\ShowPageTraceBehavior [ RunTime:0.000000s ]
INFO: [ app_end ] --END-- [ RunTime:0.000000s ]

[ 2018-03-07T10:21:50+08:00 ] 127.0.0.1 /mymy/index.php/Company/index/p/2.html
INFO: [ app_init ] --START--
INFO: Run Behavior\BuildLiteBehavior [ RunTime:0.001001s ]
INFO: [ app_init ] --END-- [ RunTime:0.002001s ]
INFO: [ app_begin ] --START--
INFO: Run Behavior\ReadHtmlCacheBehavior [ RunTime:0.002000s ]
INFO: [ app_begin ] --END-- [ RunTime:0.002000s ]
SQL: SHOW COLUMNS FROM `newstypes` [ RunTime:0.0120s ]
SQL: SELECT * FROM `newstypes` WHERE ( state=1 ) ORDER BY sort desc LIMIT 7   [ RunTime:0.0010s ]
SQL: SELECT * FROM `newstypes` WHERE ( fid=2 ) ORDER BY sort desc  [ RunTime:0.0010s ]
SQL: SELECT * FROM `newstypes` WHERE ( fid=1 ) ORDER BY sort desc  [ RunTime:0.0010s ]
SQL: SELECT * FROM `newstypes` WHERE ( fid=11 ) ORDER BY sort desc  [ RunTime:0.0010s ]
SQL: SELECT * FROM `newstypes` WHERE ( fid=3 ) ORDER BY sort desc  [ RunTime:0.0010s ]
SQL: SHOW COLUMNS FROM `config` [ RunTime:0.0060s ]
SQL: SELECT * FROM `config` WHERE `id` = 1 LIMIT 1   [ RunTime:0.0000s ]
SQL: SHOW COLUMNS FROM `content` [ RunTime:0.0050s ]
SQL: SELECT * FROM `content` WHERE `type` = 1 AND `postion` = 3 LIMIT 1   [ RunTime:0.0000s ]
SQL: SELECT * FROM `newstypes` WHERE ( fid=1 ) ORDER BY sort desc  [ RunTime:0.0000s ]
SQL: SHOW COLUMNS FROM `news` [ RunTime:0.0000s ]
SQL: SELECT COUNT(*) AS tp_count FROM `news` WHERE `typeid` = 19 LIMIT 1   [ RunTime:0.0000s ]
SQL: SELECT * FROM `news` WHERE `typeid` = 19 ORDER BY sort desc LIMIT 4,4   [ RunTime:0.0020s ]
SQL: SELECT * FROM `newstypes` WHERE ( fid=1 ) ORDER BY sort desc  [ RunTime:0.0010s ]
SQL: SELECT * FROM `news` WHERE ( typeid=19 ) ORDER BY sort desc LIMIT 6   [ RunTime:0.0020s ]
SQL: SELECT * FROM `news` WHERE ( typeid=20 ) ORDER BY sort desc LIMIT 6   [ RunTime:0.0030s ]
SQL: SELECT * FROM `news` WHERE ( typeid=35 ) ORDER BY sort desc LIMIT 6   [ RunTime:0.0020s ]
INFO: [ view_parse ] --START--
INFO: [ template_filter ] --START--
INFO: Run Behavior\ContentReplaceBehavior [ RunTime:0.000000s ]
INFO: [ template_filter ] --END-- [ RunTime:0.000000s ]
INFO: Run Behavior\ParseTemplateBehavior [ RunTime:0.039200s ]
INFO: [ view_parse ] --END-- [ RunTime:0.039200s ]
INFO: [ view_filter ] --START--
INFO: Run Behavior\WriteHtmlCacheBehavior [ RunTime:0.000000s ]
INFO: [ view_filter ] --END-- [ RunTime:0.000000s ]
INFO: [ app_end ] --START--
INFO: Run Behavior\ShowPageTraceBehavior [ RunTime:0.000000s ]
INFO: [ app_end ] --END-- [ RunTime:0.000000s ]

