[ 2018-01-20T17:35:08+08:00 ] 127.0.0.1 /diannao/
INFO: [ app_init ] --START--
INFO: Run Behavior\BuildLiteBehavior [ RunTime:0.000000s ]
INFO: [ app_init ] --END-- [ RunTime:0.000000s ]
INFO: [ app_begin ] --START--
INFO: Run Behavior\ReadHtmlCacheBehavior [ RunTime:0.001000s ]
INFO: [ app_begin ] --END-- [ RunTime:0.001000s ]
SQL: SHOW COLUMNS FROM `newstypes` [ RunTime:0.1280s ]
SQL: SELECT * FROM `newstypes` WHERE ( state=1 ) ORDER BY sort desc LIMIT 7   [ RunTime:0.0000s ]
SQL: SHOW COLUMNS FROM `config` [ RunTime:0.0120s ]
SQL: SELECT * FROM `config` WHERE `id` = 1 LIMIT 1   [ RunTime:0.0000s ]
SQL: SHOW COLUMNS FROM `news` [ RunTime:0.0100s ]
SQL: SELECT * FROM `news` WHERE `typeid` IN ('19','20') ORDER BY sort desc LIMIT 8   [ RunTime:0.0200s ]
SQL: SELECT * FROM `news` WHERE ( typeid=2 ) ORDER BY sort desc LIMIT 12   [ RunTime:0.0000s ]
SQL: SHOW COLUMNS FROM `banner` [ RunTime:0.0110s ]
SQL: SELECT * FROM `banner` ORDER BY sort desc LIMIT 3   [ RunTime:0.0010s ]
SQL: SHOW COLUMNS FROM `content` [ RunTime:0.0040s ]
SQL: SELECT * FROM `content` WHERE `type` = 1 AND `postion` = 3 LIMIT 1   [ RunTime:0.0000s ]
SQL: SHOW COLUMNS FROM `friend` [ RunTime:0.0040s ]
SQL: SELECT * FROM `friend`  [ RunTime:0.0010s ]
INFO: [ view_parse ] --START--
INFO: [ template_filter ] --START--
INFO: Run Behavior\ContentReplaceBehavior [ RunTime:0.000000s ]
INFO: [ template_filter ] --END-- [ RunTime:0.000000s ]
INFO: Run Behavior\ParseTemplateBehavior [ RunTime:0.330010s ]
INFO: [ view_parse ] --END-- [ RunTime:0.330010s ]
INFO: [ view_filter ] --START--
INFO: Run Behavior\WriteHtmlCacheBehavior [ RunTime:0.030001s ]
INFO: [ view_filter ] --END-- [ RunTime:0.030001s ]
INFO: [ app_end ] --START--
INFO: Run Behavior\ShowPageTraceBehavior [ RunTime:0.033000s ]
INFO: [ app_end ] --END-- [ RunTime:0.033000s ]

[ 2018-01-20T17:35:09+08:00 ] 127.0.0.1 /diannao/images/logo.jpg
INFO: [ app_init ] --START--
INFO: Run Behavior\BuildLiteBehavior [ RunTime:0.000000s ]
INFO: [ app_init ] --END-- [ RunTime:0.001001s ]

[ 2018-01-20T17:35:09+08:00 ] 127.0.0.1 /diannao/images/contact_tie.jpg
INFO: [ app_init ] --START--
INFO: Run Behavior\BuildLiteBehavior [ RunTime:0.000000s ]
INFO: [ app_init ] --END-- [ RunTime:0.001000s ]

[ 2018-01-20T17:35:09+08:00 ] 127.0.0.1 /diannao/images/ren_img.jpg
INFO: [ app_init ] --START--
INFO: Run Behavior\BuildLiteBehavior [ RunTime:0.000000s ]
INFO: [ app_init ] --END-- [ RunTime:0.001000s ]

[ 2018-01-20T17:35:09+08:00 ] 127.0.0.1 /diannao/images/news_img.jpg
INFO: [ app_init ] --START--
INFO: Run Behavior\BuildLiteBehavior [ RunTime:0.000000s ]
INFO: [ app_init ] --END-- [ RunTime:0.001000s ]

[ 2018-01-20T17:35:09+08:00 ] 127.0.0.1 /diannao/images/pro_img2.png
INFO: [ app_init ] --START--
INFO: Run Behavior\BuildLiteBehavior [ RunTime:0.000000s ]
INFO: [ app_init ] --END-- [ RunTime:0.001000s ]

[ 2018-01-20T17:35:09+08:00 ] 127.0.0.1 /diannao/images/flogo.jpg
INFO: [ app_init ] --START--
INFO: Run Behavior\BuildLiteBehavior [ RunTime:0.000000s ]
INFO: [ app_init ] --END-- [ RunTime:0.002000s ]

[ 2018-01-20T17:35:09+08:00 ] 127.0.0.1 /diannao/images/pro_img1.png
INFO: [ app_init ] --START--
INFO: Run Behavior\BuildLiteBehavior [ RunTime:0.000000s ]
INFO: [ app_init ] --END-- [ RunTime:0.001000s ]

[ 2018-01-20T17:35:32+08:00 ] 127.0.0.1 /diannao/
INFO: [ app_init ] --START--
INFO: Run Behavior\BuildLiteBehavior [ RunTime:0.000000s ]
INFO: [ app_init ] --END-- [ RunTime:0.001000s ]
INFO: [ app_begin ] --START--
INFO: Run Behavior\ReadHtmlCacheBehavior [ RunTime:0.001000s ]
INFO: [ app_begin ] --END-- [ RunTime:0.001000s ]
SQL: SHOW COLUMNS FROM `newstypes` [ RunTime:0.0000s ]
SQL: SELECT * FROM `newstypes` WHERE ( state=1 ) ORDER BY sort desc LIMIT 7   [ RunTime:0.0000s ]
SQL: SHOW COLUMNS FROM `config` [ RunTime:0.0110s ]
SQL: SELECT * FROM `config` WHERE `id` = 1 LIMIT 1   [ RunTime:0.0000s ]
SQL: SHOW COLUMNS FROM `news` [ RunTime:0.0070s ]
SQL: SELECT * FROM `news` WHERE `typeid` IN ('19','20') ORDER BY sort desc LIMIT 8   [ RunTime:0.0010s ]
SQL: SELECT * FROM `news` WHERE ( typeid=2 ) ORDER BY sort desc LIMIT 12   [ RunTime:0.0000s ]
SQL: SHOW COLUMNS FROM `banner` [ RunTime:0.0000s ]
SQL: SELECT * FROM `banner` ORDER BY sort desc LIMIT 3   [ RunTime:0.0000s ]
SQL: SHOW COLUMNS FROM `content` [ RunTime:0.0100s ]
SQL: SELECT * FROM `content` WHERE `type` = 1 AND `postion` = 3 LIMIT 1   [ RunTime:0.0000s ]
SQL: SHOW COLUMNS FROM `friend` [ RunTime:0.0100s ]
SQL: SELECT * FROM `friend`  [ RunTime:0.0000s ]
INFO: [ view_parse ] --START--
INFO: [ template_filter ] --START--
INFO: Run Behavior\ContentReplaceBehavior [ RunTime:0.001000s ]
INFO: [ template_filter ] --END-- [ RunTime:0.001000s ]
INFO: Run Behavior\ParseTemplateBehavior [ RunTime:0.016000s ]
INFO: [ view_parse ] --END-- [ RunTime:0.016000s ]
INFO: [ view_filter ] --START--
INFO: Run Behavior\WriteHtmlCacheBehavior [ RunTime:0.001000s ]
INFO: [ view_filter ] --END-- [ RunTime:0.001000s ]
INFO: [ app_end ] --START--
INFO: Run Behavior\ShowPageTraceBehavior [ RunTime:0.001000s ]
INFO: [ app_end ] --END-- [ RunTime:0.001000s ]

[ 2018-01-20T17:35:32+08:00 ] 127.0.0.1 /diannao/images/logo.jpg
INFO: [ app_init ] --START--
INFO: Run Behavior\BuildLiteBehavior [ RunTime:0.000000s ]
INFO: [ app_init ] --END-- [ RunTime:0.001000s ]

[ 2018-01-20T17:35:33+08:00 ] 127.0.0.1 /diannao/images/flogo.jpg
INFO: [ app_init ] --START--
INFO: Run Behavior\BuildLiteBehavior [ RunTime:0.000000s ]
INFO: [ app_init ] --END-- [ RunTime:0.001000s ]

[ 2018-01-20T17:35:53+08:00 ] 127.0.0.1 /diannao/
INFO: [ app_init ] --START--
INFO: Run Behavior\BuildLiteBehavior [ RunTime:0.000000s ]
INFO: [ app_init ] --END-- [ RunTime:0.001000s ]
INFO: [ app_begin ] --START--
INFO: Run Behavior\ReadHtmlCacheBehavior [ RunTime:0.002000s ]
INFO: [ app_begin ] --END-- [ RunTime:0.002000s ]
SQL: SHOW COLUMNS FROM `newstypes` [ RunTime:0.0040s ]
SQL: SELECT * FROM `newstypes` WHERE ( state=1 ) ORDER BY sort desc LIMIT 7   [ RunTime:0.0010s ]
SQL: SHOW COLUMNS FROM `config` [ RunTime:0.0040s ]
SQL: SELECT * FROM `config` WHERE `id` = 1 LIMIT 1   [ RunTime:0.0000s ]
SQL: SHOW COLUMNS FROM `news` [ RunTime:0.0050s ]
SQL: SELECT * FROM `news` WHERE `typeid` IN ('19','20') ORDER BY sort desc LIMIT 8   [ RunTime:0.0020s ]
SQL: SELECT * FROM `news` WHERE ( typeid=2 ) ORDER BY sort desc LIMIT 12   [ RunTime:0.0010s ]
SQL: SHOW COLUMNS FROM `banner` [ RunTime:0.0050s ]
SQL: SELECT * FROM `banner` ORDER BY sort desc LIMIT 3   [ RunTime:0.0000s ]
SQL: SHOW COLUMNS FROM `content` [ RunTime:0.0050s ]
SQL: SELECT * FROM `content` WHERE `type` = 1 AND `postion` = 3 LIMIT 1   [ RunTime:0.0010s ]
SQL: SHOW COLUMNS FROM `friend` [ RunTime:0.0040s ]
SQL: SELECT * FROM `friend`  [ RunTime:0.0010s ]
INFO: [ view_parse ] --START--
INFO: [ template_filter ] --START--
INFO: Run Behavior\ContentReplaceBehavior [ RunTime:0.000000s ]
INFO: [ template_filter ] --END-- [ RunTime:0.001001s ]
INFO: Run Behavior\ParseTemplateBehavior [ RunTime:0.018001s ]
INFO: [ view_parse ] --END-- [ RunTime:0.019001s ]
INFO: [ view_filter ] --START--
INFO: Run Behavior\WriteHtmlCacheBehavior [ RunTime:0.000000s ]
INFO: [ view_filter ] --END-- [ RunTime:0.000000s ]
INFO: [ app_end ] --START--
INFO: Run Behavior\ShowPageTraceBehavior [ RunTime:0.001000s ]
INFO: [ app_end ] --END-- [ RunTime:0.001000s ]

[ 2018-01-20T17:35:53+08:00 ] 127.0.0.1 /diannao/images/flogo.jpg
INFO: [ app_init ] --START--
INFO: Run Behavior\BuildLiteBehavior [ RunTime:0.001000s ]
INFO: [ app_init ] --END-- [ RunTime:0.003000s ]

[ 2018-01-20T17:38:27+08:00 ] 127.0.0.1 /diannao/Public/images/list2.png
INFO: [ app_init ] --START--
INFO: Run Behavior\BuildLiteBehavior [ RunTime:0.000000s ]
INFO: [ app_init ] --END-- [ RunTime:0.001000s ]

[ 2018-01-20T17:40:35+08:00 ] 127.0.0.1 /diannao/
INFO: [ app_init ] --START--
INFO: Run Behavior\BuildLiteBehavior [ RunTime:0.000000s ]
INFO: [ app_init ] --END-- [ RunTime:0.001000s ]
INFO: [ app_begin ] --START--
INFO: Run Behavior\ReadHtmlCacheBehavior [ RunTime:0.001000s ]
INFO: [ app_begin ] --END-- [ RunTime:0.001000s ]
SQL: SHOW COLUMNS FROM `newstypes` [ RunTime:0.0000s ]
SQL: SELECT * FROM `newstypes` WHERE ( state=1 ) ORDER BY sort desc LIMIT 7   [ RunTime:0.0000s ]
SQL: SHOW COLUMNS FROM `config` [ RunTime:0.0100s ]
SQL: SELECT * FROM `config` WHERE `id` = 1 LIMIT 1   [ RunTime:0.0000s ]
SQL: SHOW COLUMNS FROM `news` [ RunTime:0.0100s ]
SQL: SELECT * FROM `news` WHERE `typeid` IN ('19','20') ORDER BY sort desc LIMIT 8   [ RunTime:0.0000s ]
SQL: SELECT * FROM `news` WHERE ( typeid=2 ) ORDER BY sort desc LIMIT 12   [ RunTime:0.0110s ]
SQL: SHOW COLUMNS FROM `banner` [ RunTime:0.0080s ]
SQL: SELECT * FROM `banner` ORDER BY sort desc LIMIT 3   [ RunTime:0.0010s ]
SQL: SHOW COLUMNS FROM `content` [ RunTime:0.0010s ]
SQL: SELECT * FROM `content` WHERE `type` = 1 AND `postion` = 3 LIMIT 1   [ RunTime:0.0000s ]
SQL: SHOW COLUMNS FROM `friend` [ RunTime:0.0100s ]
SQL: SELECT * FROM `friend`  [ RunTime:0.0000s ]
INFO: [ view_parse ] --START--
INFO: [ template_filter ] --START--
INFO: Run Behavior\ContentReplaceBehavior [ RunTime:0.000000s ]
INFO: [ template_filter ] --END-- [ RunTime:0.000000s ]
INFO: Run Behavior\ParseTemplateBehavior [ RunTime:0.020000s ]
INFO: [ view_parse ] --END-- [ RunTime:0.020000s ]
INFO: [ view_filter ] --START--
INFO: Run Behavior\WriteHtmlCacheBehavior [ RunTime:0.000000s ]
INFO: [ view_filter ] --END-- [ RunTime:0.000000s ]
INFO: [ app_end ] --START--
INFO: Run Behavior\ShowPageTraceBehavior [ RunTime:0.000000s ]
INFO: [ app_end ] --END-- [ RunTime:0.000000s ]

[ 2018-01-20T17:40:35+08:00 ] 127.0.0.1 /diannao/images/flogo.jpg
INFO: [ app_init ] --START--
INFO: Run Behavior\BuildLiteBehavior [ RunTime:0.000000s ]
INFO: [ app_init ] --END-- [ RunTime:0.002001s ]

[ 2018-01-20T17:41:06+08:00 ] 127.0.0.1 /diannao/
INFO: [ app_init ] --START--
INFO: Run Behavior\BuildLiteBehavior [ RunTime:0.000000s ]
INFO: [ app_init ] --END-- [ RunTime:0.000000s ]
INFO: [ app_begin ] --START--
INFO: Run Behavior\ReadHtmlCacheBehavior [ RunTime:0.001000s ]
INFO: [ app_begin ] --END-- [ RunTime:0.001000s ]
SQL: SHOW COLUMNS FROM `newstypes` [ RunTime:0.0070s ]
SQL: SELECT * FROM `newstypes` WHERE ( state=1 ) ORDER BY sort desc LIMIT 7   [ RunTime:0.0010s ]
SQL: SHOW COLUMNS FROM `config` [ RunTime:0.0070s ]
SQL: SELECT * FROM `config` WHERE `id` = 1 LIMIT 1   [ RunTime:0.0010s ]
SQL: SHOW COLUMNS FROM `news` [ RunTime:0.0090s ]
SQL: SELECT * FROM `news` WHERE `typeid` IN ('19','20') ORDER BY sort desc LIMIT 8   [ RunTime:0.0020s ]
SQL: SELECT * FROM `news` WHERE ( typeid=2 ) ORDER BY sort desc LIMIT 12   [ RunTime:0.0010s ]
SQL: SHOW COLUMNS FROM `banner` [ RunTime:0.0090s ]
SQL: SELECT * FROM `banner` ORDER BY sort desc LIMIT 3   [ RunTime:0.0010s ]
SQL: SHOW COLUMNS FROM `content` [ RunTime:0.0130s ]
SQL: SELECT * FROM `content` WHERE `type` = 1 AND `postion` = 3 LIMIT 1   [ RunTime:0.0020s ]
SQL: SHOW COLUMNS FROM `friend` [ RunTime:0.0100s ]
SQL: SELECT * FROM `friend`  [ RunTime:0.0030s ]
INFO: [ view_parse ] --START--
INFO: [ template_filter ] --START--
INFO: Run Behavior\ContentReplaceBehavior [ RunTime:0.001000s ]
INFO: [ template_filter ] --END-- [ RunTime:0.001000s ]
INFO: Run Behavior\ParseTemplateBehavior [ RunTime:0.030001s ]
INFO: [ view_parse ] --END-- [ RunTime:0.030001s ]
INFO: [ view_filter ] --START--
INFO: Run Behavior\WriteHtmlCacheBehavior [ RunTime:0.001000s ]
INFO: [ view_filter ] --END-- [ RunTime:0.001000s ]
INFO: [ app_end ] --START--
INFO: Run Behavior\ShowPageTraceBehavior [ RunTime:0.002001s ]
INFO: [ app_end ] --END-- [ RunTime:0.002001s ]

[ 2018-01-20T17:41:06+08:00 ] 127.0.0.1 /diannao/images/flogo.jpg
INFO: [ app_init ] --START--
INFO: Run Behavior\BuildLiteBehavior [ RunTime:0.000000s ]
INFO: [ app_init ] --END-- [ RunTime:0.001000s ]

[ 2018-01-20T17:41:23+08:00 ] 127.0.0.1 /diannao/
INFO: [ app_init ] --START--
INFO: Run Behavior\BuildLiteBehavior [ RunTime:0.000000s ]
INFO: [ app_init ] --END-- [ RunTime:0.001000s ]
INFO: [ app_begin ] --START--
INFO: Run Behavior\ReadHtmlCacheBehavior [ RunTime:0.004001s ]
INFO: [ app_begin ] --END-- [ RunTime:0.004001s ]
SQL: SHOW COLUMNS FROM `newstypes` [ RunTime:0.0050s ]
SQL: SELECT * FROM `newstypes` WHERE ( state=1 ) ORDER BY sort desc LIMIT 7   [ RunTime:0.0010s ]
SQL: SHOW COLUMNS FROM `config` [ RunTime:0.0060s ]
SQL: SELECT * FROM `config` WHERE `id` = 1 LIMIT 1   [ RunTime:0.0010s ]
SQL: SHOW COLUMNS FROM `news` [ RunTime:0.0050s ]
SQL: SELECT * FROM `news` WHERE `typeid` IN ('19','20') ORDER BY sort desc LIMIT 8   [ RunTime:0.0020s ]
SQL: SELECT * FROM `news` WHERE ( typeid=2 ) ORDER BY sort desc LIMIT 12   [ RunTime:0.0010s ]
SQL: SHOW COLUMNS FROM `banner` [ RunTime:0.0080s ]
SQL: SELECT * FROM `banner` ORDER BY sort desc LIMIT 3   [ RunTime:0.0010s ]
SQL: SHOW COLUMNS FROM `content` [ RunTime:0.0050s ]
SQL: SELECT * FROM `content` WHERE `type` = 1 AND `postion` = 3 LIMIT 1   [ RunTime:0.0000s ]
SQL: SHOW COLUMNS FROM `friend` [ RunTime:0.0030s ]
SQL: SELECT * FROM `friend`  [ RunTime:0.0000s ]
INFO: [ view_parse ] --START--
INFO: [ template_filter ] --START--
INFO: Run Behavior\ContentReplaceBehavior [ RunTime:0.000000s ]
INFO: [ template_filter ] --END-- [ RunTime:0.000000s ]
INFO: Run Behavior\ParseTemplateBehavior [ RunTime:0.010000s ]
INFO: [ view_parse ] --END-- [ RunTime:0.010000s ]
INFO: [ view_filter ] --START--
INFO: Run Behavior\WriteHtmlCacheBehavior [ RunTime:0.000000s ]
INFO: [ view_filter ] --END-- [ RunTime:0.000000s ]
INFO: [ app_end ] --START--
INFO: Run Behavior\ShowPageTraceBehavior [ RunTime:0.010000s ]
INFO: [ app_end ] --END-- [ RunTime:0.010000s ]

[ 2018-01-20T17:41:23+08:00 ] 127.0.0.1 /diannao/images/flogo.jpg
INFO: [ app_init ] --START--
INFO: Run Behavior\BuildLiteBehavior [ RunTime:0.000000s ]
INFO: [ app_init ] --END-- [ RunTime:0.000000s ]

[ 2018-01-20T17:48:21+08:00 ] 127.0.0.1 /diannao/
INFO: [ app_init ] --START--
INFO: Run Behavior\BuildLiteBehavior [ RunTime:0.000000s ]
INFO: [ app_init ] --END-- [ RunTime:0.001000s ]
INFO: [ app_begin ] --START--
INFO: Run Behavior\ReadHtmlCacheBehavior [ RunTime:0.000000s ]
INFO: [ app_begin ] --END-- [ RunTime:0.000000s ]
SQL: SHOW COLUMNS FROM `newstypes` [ RunTime:0.0020s ]
SQL: SELECT * FROM `newstypes` WHERE ( state=1 ) ORDER BY sort desc LIMIT 7   [ RunTime:0.0000s ]
SQL: SELECT * FROM `newstypes` WHERE ( state=1 and fid=3 ) ORDER BY sort desc  [ RunTime:0.0000s ]
SQL: SELECT * FROM `newstypes` WHERE ( state=1 and fid=2 ) ORDER BY sort desc  [ RunTime:0.0000s ]
SQL: SELECT * FROM `newstypes` WHERE ( state=1 and fid=1 ) ORDER BY sort desc  [ RunTime:0.0000s ]
SQL: SELECT * FROM `newstypes` WHERE ( state=1 and fid=11 ) ORDER BY sort desc  [ RunTime:0.0000s ]
SQL: SELECT * FROM `newstypes` WHERE ( state=1 and fid=6 ) ORDER BY sort desc  [ RunTime:0.0000s ]
SQL: SELECT * FROM `newstypes` WHERE ( state=1 and fid=26 ) ORDER BY sort desc  [ RunTime:0.0000s ]
SQL: SHOW COLUMNS FROM `config` [ RunTime:0.0100s ]
SQL: SELECT * FROM `config` WHERE `id` = 1 LIMIT 1   [ RunTime:0.0000s ]
SQL: SHOW COLUMNS FROM `news` [ RunTime:0.0000s ]
SQL: SELECT * FROM `news` WHERE `typeid` IN ('19','20') ORDER BY sort desc LIMIT 8   [ RunTime:0.0000s ]
SQL: SELECT * FROM `news` WHERE ( typeid=2 ) ORDER BY sort desc LIMIT 12   [ RunTime:0.0000s ]
SQL: SHOW COLUMNS FROM `banner` [ RunTime:0.0000s ]
SQL: SELECT * FROM `banner` ORDER BY sort desc LIMIT 3   [ RunTime:0.0000s ]
SQL: SHOW COLUMNS FROM `content` [ RunTime:0.0110s ]
SQL: SELECT * FROM `content` WHERE `type` = 1 AND `postion` = 3 LIMIT 1   [ RunTime:0.0010s ]
SQL: SHOW COLUMNS FROM `friend` [ RunTime:0.0050s ]
SQL: SELECT * FROM `friend`  [ RunTime:0.0000s ]
INFO: [ view_parse ] --START--
INFO: [ template_filter ] --START--
INFO: Run Behavior\ContentReplaceBehavior [ RunTime:0.000000s ]
INFO: [ template_filter ] --END-- [ RunTime:0.000000s ]
INFO: Run Behavior\ParseTemplateBehavior [ RunTime:0.011000s ]
INFO: [ view_parse ] --END-- [ RunTime:0.011000s ]
INFO: [ view_filter ] --START--
INFO: Run Behavior\WriteHtmlCacheBehavior [ RunTime:0.000000s ]
INFO: [ view_filter ] --END-- [ RunTime:0.000000s ]
INFO: [ app_end ] --START--
INFO: Run Behavior\ShowPageTraceBehavior [ RunTime:0.010000s ]
INFO: [ app_end ] --END-- [ RunTime:0.010000s ]

[ 2018-01-20T17:48:22+08:00 ] 127.0.0.1 /diannao/images/flogo.jpg
INFO: [ app_init ] --START--
INFO: Run Behavior\BuildLiteBehavior [ RunTime:0.000000s ]
INFO: [ app_init ] --END-- [ RunTime:0.002000s ]

[ 2018-01-20T17:49:05+08:00 ] 127.0.0.1 /diannao/
INFO: [ app_init ] --START--
INFO: Run Behavior\BuildLiteBehavior [ RunTime:0.000000s ]
INFO: [ app_init ] --END-- [ RunTime:0.001000s ]
INFO: [ app_begin ] --START--
INFO: Run Behavior\ReadHtmlCacheBehavior [ RunTime:0.001000s ]
INFO: [ app_begin ] --END-- [ RunTime:0.001000s ]
SQL: SHOW COLUMNS FROM `newstypes` [ RunTime:0.0060s ]
SQL: SELECT * FROM `newstypes` WHERE ( state=1 ) ORDER BY sort desc LIMIT 7   [ RunTime:0.0010s ]
SQL: SELECT * FROM `newstypes` WHERE ( fid=3 ) ORDER BY sort desc  [ RunTime:0.0000s ]
SQL: SELECT * FROM `newstypes` WHERE ( fid=2 ) ORDER BY sort desc  [ RunTime:0.0010s ]
SQL: SELECT * FROM `newstypes` WHERE ( fid=1 ) ORDER BY sort desc  [ RunTime:0.0000s ]
SQL: SELECT * FROM `newstypes` WHERE ( fid=11 ) ORDER BY sort desc  [ RunTime:0.0000s ]
SQL: SELECT * FROM `newstypes` WHERE ( fid=6 ) ORDER BY sort desc  [ RunTime:0.0010s ]
SQL: SHOW COLUMNS FROM `config` [ RunTime:0.0060s ]
SQL: SELECT * FROM `config` WHERE `id` = 1 LIMIT 1   [ RunTime:0.0000s ]
SQL: SHOW COLUMNS FROM `news` [ RunTime:0.0000s ]
SQL: SELECT * FROM `news` WHERE `typeid` IN ('19','20') ORDER BY sort desc LIMIT 8   [ RunTime:0.0000s ]
SQL: SELECT * FROM `news` WHERE ( typeid=2 ) ORDER BY sort desc LIMIT 12   [ RunTime:0.0000s ]
SQL: SHOW COLUMNS FROM `banner` [ RunTime:0.0120s ]
SQL: SELECT * FROM `banner` ORDER BY sort desc LIMIT 3   [ RunTime:0.0000s ]
SQL: SHOW COLUMNS FROM `content` [ RunTime:0.0050s ]
SQL: SELECT * FROM `content` WHERE `type` = 1 AND `postion` = 3 LIMIT 1   [ RunTime:0.0000s ]
SQL: SHOW COLUMNS FROM `friend` [ RunTime:0.0050s ]
SQL: SELECT * FROM `friend`  [ RunTime:0.0000s ]
INFO: [ view_parse ] --START--
INFO: [ template_filter ] --START--
INFO: Run Behavior\ContentReplaceBehavior [ RunTime:0.000000s ]
INFO: [ template_filter ] --END-- [ RunTime:0.000000s ]
INFO: Run Behavior\ParseTemplateBehavior [ RunTime:0.024001s ]
INFO: [ view_parse ] --END-- [ RunTime:0.024001s ]
INFO: [ view_filter ] --START--
INFO: Run Behavior\WriteHtmlCacheBehavior [ RunTime:0.001000s ]
INFO: [ view_filter ] --END-- [ RunTime:0.001000s ]
INFO: [ app_end ] --START--
INFO: Run Behavior\ShowPageTraceBehavior [ RunTime:0.001000s ]
INFO: [ app_end ] --END-- [ RunTime:0.001000s ]

[ 2018-01-20T17:49:06+08:00 ] 127.0.0.1 /diannao/images/flogo.jpg
INFO: [ app_init ] --START--
INFO: Run Behavior\BuildLiteBehavior [ RunTime:0.000000s ]
INFO: [ app_init ] --END-- [ RunTime:0.002000s ]

[ 2018-01-20T17:50:39+08:00 ] 127.0.0.1 /diannao/
INFO: [ app_init ] --START--
INFO: Run Behavior\BuildLiteBehavior [ RunTime:0.000000s ]
INFO: [ app_init ] --END-- [ RunTime:0.001000s ]
INFO: [ app_begin ] --START--
INFO: Run Behavior\ReadHtmlCacheBehavior [ RunTime:0.001000s ]
INFO: [ app_begin ] --END-- [ RunTime:0.001000s ]
SQL: SHOW COLUMNS FROM `newstypes` [ RunTime:0.0050s ]
SQL: SELECT * FROM `newstypes` WHERE ( state=1 ) ORDER BY sort desc LIMIT 7   [ RunTime:0.0010s ]
SQL: SELECT * FROM `newstypes` WHERE ( fid=3 ) ORDER BY sort desc  [ RunTime:0.0010s ]
SQL: SELECT * FROM `newstypes` WHERE ( fid=2 ) ORDER BY sort desc  [ RunTime:0.0000s ]
SQL: SELECT * FROM `newstypes` WHERE ( fid=1 ) ORDER BY sort desc  [ RunTime:0.0010s ]
SQL: SELECT * FROM `newstypes` WHERE ( fid=11 ) ORDER BY sort desc  [ RunTime:0.0000s ]
SQL: SELECT * FROM `newstypes` WHERE ( fid=6 ) ORDER BY sort desc  [ RunTime:0.0030s ]
SQL: SHOW COLUMNS FROM `config` [ RunTime:0.0050s ]
SQL: SELECT * FROM `config` WHERE `id` = 1 LIMIT 1   [ RunTime:0.0000s ]
SQL: SHOW COLUMNS FROM `news` [ RunTime:0.0050s ]
SQL: SELECT * FROM `news` WHERE `typeid` IN ('19','20') ORDER BY sort desc LIMIT 8   [ RunTime:0.0010s ]
SQL: SELECT * FROM `news` WHERE ( typeid=2 ) ORDER BY sort desc LIMIT 12   [ RunTime:0.0020s ]
SQL: SHOW COLUMNS FROM `banner` [ RunTime:0.0050s ]
SQL: SELECT * FROM `banner` ORDER BY sort desc LIMIT 3   [ RunTime:0.0010s ]
SQL: SHOW COLUMNS FROM `content` [ RunTime:0.0040s ]
SQL: SELECT * FROM `content` WHERE `type` = 1 AND `postion` = 3 LIMIT 1   [ RunTime:0.0000s ]
SQL: SHOW COLUMNS FROM `friend` [ RunTime:0.0060s ]
SQL: SELECT * FROM `friend`  [ RunTime:0.0000s ]
INFO: [ view_parse ] --START--
INFO: [ template_filter ] --START--
INFO: Run Behavior\ContentReplaceBehavior [ RunTime:0.000000s ]
INFO: [ template_filter ] --END-- [ RunTime:0.000000s ]
INFO: Run Behavior\ParseTemplateBehavior [ RunTime:0.024001s ]
INFO: [ view_parse ] --END-- [ RunTime:0.025001s ]
INFO: [ view_filter ] --START--
INFO: Run Behavior\WriteHtmlCacheBehavior [ RunTime:0.000000s ]
INFO: [ view_filter ] --END-- [ RunTime:0.000000s ]
INFO: [ app_end ] --START--
INFO: Run Behavior\ShowPageTraceBehavior [ RunTime:0.002001s ]
INFO: [ app_end ] --END-- [ RunTime:0.002001s ]

[ 2018-01-20T17:50:40+08:00 ] 127.0.0.1 /diannao/images/flogo.jpg
INFO: [ app_init ] --START--
INFO: Run Behavior\BuildLiteBehavior [ RunTime:0.000000s ]
INFO: [ app_init ] --END-- [ RunTime:0.001000s ]

[ 2018-01-20T17:54:44+08:00 ] 127.0.0.1 /diannao/
INFO: [ app_init ] --START--
INFO: Run Behavior\BuildLiteBehavior [ RunTime:0.001000s ]
INFO: [ app_init ] --END-- [ RunTime:0.001000s ]
INFO: [ app_begin ] --START--
INFO: Run Behavior\ReadHtmlCacheBehavior [ RunTime:0.001000s ]
INFO: [ app_begin ] --END-- [ RunTime:0.001000s ]
SQL: SHOW COLUMNS FROM `newstypes` [ RunTime:0.0110s ]
SQL: SELECT * FROM `newstypes` WHERE ( state=1 ) ORDER BY sort desc LIMIT 7   [ RunTime:0.0030s ]
SQL: SELECT * FROM `newstypes` WHERE ( fid=3 ) ORDER BY sort desc  [ RunTime:0.0010s ]
SQL: SELECT * FROM `newstypes` WHERE ( fid=2 ) ORDER BY sort desc  [ RunTime:0.0010s ]
SQL: SELECT * FROM `newstypes` WHERE ( fid=1 ) ORDER BY sort desc  [ RunTime:0.0010s ]
SQL: SELECT * FROM `newstypes` WHERE ( fid=11 ) ORDER BY sort desc  [ RunTime:0.0010s ]
SQL: SELECT * FROM `newstypes` WHERE ( fid=6 ) ORDER BY sort desc  [ RunTime:0.0010s ]
SQL: SHOW COLUMNS FROM `config` [ RunTime:0.0100s ]
SQL: SELECT * FROM `config` WHERE `id` = 1 LIMIT 1   [ RunTime:0.0010s ]
SQL: SHOW COLUMNS FROM `news` [ RunTime:0.0090s ]
SQL: SELECT * FROM `news` WHERE `typeid` IN ('19','20') ORDER BY sort desc LIMIT 8   [ RunTime:0.0030s ]
SQL: SELECT * FROM `news` WHERE ( typeid=2 ) ORDER BY sort desc LIMIT 12   [ RunTime:0.0010s ]
SQL: SHOW COLUMNS FROM `banner` [ RunTime:0.0120s ]
SQL: SELECT * FROM `banner` ORDER BY sort desc LIMIT 3   [ RunTime:0.0010s ]
SQL: SHOW COLUMNS FROM `content` [ RunTime:0.0090s ]
SQL: SELECT * FROM `content` WHERE `type` = 1 AND `postion` = 3 LIMIT 1   [ RunTime:0.0010s ]
SQL: SHOW COLUMNS FROM `friend` [ RunTime:0.0070s ]
SQL: SELECT * FROM `friend`  [ RunTime:0.0010s ]
INFO: [ view_parse ] --START--
INFO: [ template_filter ] --START--
INFO: Run Behavior\ContentReplaceBehavior [ RunTime:0.000000s ]
INFO: [ template_filter ] --END-- [ RunTime:0.000000s ]
INFO: Run Behavior\ParseTemplateBehavior [ RunTime:0.034002s ]
INFO: [ view_parse ] --END-- [ RunTime:0.034002s ]
INFO: [ view_filter ] --START--
INFO: Run Behavior\WriteHtmlCacheBehavior [ RunTime:0.001000s ]
INFO: [ view_filter ] --END-- [ RunTime:0.001000s ]
INFO: [ app_end ] --START--
INFO: Run Behavior\ShowPageTraceBehavior [ RunTime:0.001000s ]
INFO: [ app_end ] --END-- [ RunTime:0.002000s ]

[ 2018-01-20T17:54:44+08:00 ] 127.0.0.1 /diannao/images/flogo.jpg
INFO: [ app_init ] --START--
INFO: Run Behavior\BuildLiteBehavior [ RunTime:0.000000s ]
INFO: [ app_init ] --END-- [ RunTime:0.001000s ]

[ 2018-01-20T17:55:30+08:00 ] 127.0.0.1 /diannao/
INFO: [ app_init ] --START--
INFO: Run Behavior\BuildLiteBehavior [ RunTime:0.000000s ]
INFO: [ app_init ] --END-- [ RunTime:0.000000s ]
INFO: [ app_begin ] --START--
INFO: Run Behavior\ReadHtmlCacheBehavior [ RunTime:0.001000s ]
INFO: [ app_begin ] --END-- [ RunTime:0.001000s ]
SQL: SHOW COLUMNS FROM `newstypes` [ RunTime:0.0000s ]
SQL: SELECT * FROM `newstypes` WHERE ( state=1 ) ORDER BY sort desc LIMIT 7   [ RunTime:0.0000s ]
SQL: SELECT * FROM `newstypes` WHERE ( fid=3 ) ORDER BY sort desc  [ RunTime:0.0000s ]
SQL: SELECT * FROM `newstypes` WHERE ( fid=2 ) ORDER BY sort desc  [ RunTime:0.0000s ]
SQL: SELECT * FROM `newstypes` WHERE ( fid=1 ) ORDER BY sort desc  [ RunTime:0.0000s ]
SQL: SELECT * FROM `newstypes` WHERE ( fid=11 ) ORDER BY sort desc  [ RunTime:0.0000s ]
SQL: SELECT * FROM `newstypes` WHERE ( fid=6 ) ORDER BY sort desc  [ RunTime:0.0000s ]
SQL: SHOW COLUMNS FROM `config` [ RunTime:0.0000s ]
SQL: SELECT * FROM `config` WHERE `id` = 1 LIMIT 1   [ RunTime:0.0000s ]
SQL: SHOW COLUMNS FROM `news` [ RunTime:0.0100s ]
SQL: SELECT * FROM `news` WHERE `typeid` IN ('19','20') ORDER BY sort desc LIMIT 8   [ RunTime:0.0030s ]
SQL: SELECT * FROM `news` WHERE ( typeid=2 ) ORDER BY sort desc LIMIT 12   [ RunTime:0.0010s ]
SQL: SHOW COLUMNS FROM `banner` [ RunTime:0.0040s ]
SQL: SELECT * FROM `banner` ORDER BY sort desc LIMIT 3   [ RunTime:0.0010s ]
SQL: SHOW COLUMNS FROM `content` [ RunTime:0.0040s ]
SQL: SELECT * FROM `content` WHERE `type` = 1 AND `postion` = 3 LIMIT 1   [ RunTime:0.0010s ]
SQL: SHOW COLUMNS FROM `friend` [ RunTime:0.0030s ]
SQL: SELECT * FROM `friend`  [ RunTime:0.0000s ]
INFO: [ view_parse ] --START--
INFO: [ template_filter ] --START--
INFO: Run Behavior\ContentReplaceBehavior [ RunTime:0.000000s ]
INFO: [ template_filter ] --END-- [ RunTime:0.000000s ]
INFO: Run Behavior\ParseTemplateBehavior [ RunTime:0.034000s ]
INFO: [ view_parse ] --END-- [ RunTime:0.034000s ]
INFO: [ view_filter ] --START--
INFO: Run Behavior\WriteHtmlCacheBehavior [ RunTime:0.000000s ]
INFO: [ view_filter ] --END-- [ RunTime:0.000000s ]
INFO: [ app_end ] --START--
INFO: Run Behavior\ShowPageTraceBehavior [ RunTime:0.000000s ]
INFO: [ app_end ] --END-- [ RunTime:0.000000s ]

[ 2018-01-20T17:55:30+08:00 ] 127.0.0.1 /diannao/images/flogo.jpg
INFO: [ app_init ] --START--
INFO: Run Behavior\BuildLiteBehavior [ RunTime:0.000000s ]
INFO: [ app_init ] --END-- [ RunTime:0.001000s ]

[ 2018-01-20T17:55:50+08:00 ] 127.0.0.1 /diannao/
INFO: [ app_init ] --START--
INFO: Run Behavior\BuildLiteBehavior [ RunTime:0.000000s ]
INFO: [ app_init ] --END-- [ RunTime:0.000000s ]
INFO: [ app_begin ] --START--
INFO: Run Behavior\ReadHtmlCacheBehavior [ RunTime:0.011000s ]
INFO: [ app_begin ] --END-- [ RunTime:0.011000s ]
SQL: SHOW COLUMNS FROM `newstypes` [ RunTime:0.0050s ]
SQL: SELECT * FROM `newstypes` WHERE ( state=1 ) ORDER BY sort desc LIMIT 7   [ RunTime:0.0010s ]
SQL: SELECT * FROM `newstypes` WHERE ( fid=3 ) ORDER BY sort desc  [ RunTime:0.0010s ]
SQL: SELECT * FROM `newstypes` WHERE ( fid=2 ) ORDER BY sort desc  [ RunTime:0.0010s ]
SQL: SELECT * FROM `newstypes` WHERE ( fid=1 ) ORDER BY sort desc  [ RunTime:0.0010s ]
SQL: SELECT * FROM `newstypes` WHERE ( fid=11 ) ORDER BY sort desc  [ RunTime:0.0010s ]
SQL: SELECT * FROM `newstypes` WHERE ( fid=6 ) ORDER BY sort desc  [ RunTime:0.0010s ]
SQL: SHOW COLUMNS FROM `config` [ RunTime:0.0070s ]
SQL: SELECT * FROM `config` WHERE `id` = 1 LIMIT 1   [ RunTime:0.0020s ]
SQL: SHOW COLUMNS FROM `news` [ RunTime:0.0090s ]
SQL: SELECT * FROM `news` WHERE `typeid` IN ('19','20') ORDER BY sort desc LIMIT 8   [ RunTime:0.0030s ]
SQL: SELECT * FROM `news` WHERE ( typeid=2 ) ORDER BY sort desc LIMIT 12   [ RunTime:0.0010s ]
SQL: SHOW COLUMNS FROM `banner` [ RunTime:0.0070s ]
SQL: SELECT * FROM `banner` ORDER BY sort desc LIMIT 3   [ RunTime:0.0010s ]
SQL: SHOW COLUMNS FROM `content` [ RunTime:0.0080s ]
SQL: SELECT * FROM `content` WHERE `type` = 1 AND `postion` = 3 LIMIT 1   [ RunTime:0.0010s ]
SQL: SHOW COLUMNS FROM `friend` [ RunTime:0.0050s ]
SQL: SELECT * FROM `friend`  [ RunTime:0.0010s ]
INFO: [ view_parse ] --START--
INFO: [ template_filter ] --START--
INFO: Run Behavior\ContentReplaceBehavior [ RunTime:0.001000s ]
INFO: [ template_filter ] --END-- [ RunTime:0.001000s ]
INFO: Run Behavior\ParseTemplateBehavior [ RunTime:0.065004s ]
INFO: [ view_parse ] --END-- [ RunTime:0.066004s ]
INFO: [ view_filter ] --START--
INFO: Run Behavior\WriteHtmlCacheBehavior [ RunTime:0.001000s ]
INFO: [ view_filter ] --END-- [ RunTime:0.001000s ]
INFO: [ app_end ] --START--
INFO: Run Behavior\ShowPageTraceBehavior [ RunTime:0.003000s ]
INFO: [ app_end ] --END-- [ RunTime:0.003000s ]

[ 2018-01-20T17:55:50+08:00 ] 127.0.0.1 /diannao/images/flogo.jpg
INFO: [ app_init ] --START--
INFO: Run Behavior\BuildLiteBehavior [ RunTime:0.000000s ]
INFO: [ app_init ] --END-- [ RunTime:0.002000s ]

[ 2018-01-20T17:57:24+08:00 ] 127.0.0.1 /diannao/
INFO: [ app_init ] --START--
INFO: Run Behavior\BuildLiteBehavior [ RunTime:0.000000s ]
INFO: [ app_init ] --END-- [ RunTime:0.001000s ]
INFO: [ app_begin ] --START--
INFO: Run Behavior\ReadHtmlCacheBehavior [ RunTime:0.003000s ]
INFO: [ app_begin ] --END-- [ RunTime:0.003000s ]
SQL: SHOW COLUMNS FROM `newstypes` [ RunTime:0.0050s ]
SQL: SELECT * FROM `newstypes` WHERE ( state=1 ) ORDER BY sort desc LIMIT 7   [ RunTime:0.0010s ]
SQL: SELECT * FROM `newstypes` WHERE ( fid=3 ) ORDER BY sort desc  [ RunTime:0.0010s ]
SQL: SELECT * FROM `newstypes` WHERE ( fid=2 ) ORDER BY sort desc  [ RunTime:0.0010s ]
SQL: SELECT * FROM `newstypes` WHERE ( fid=1 ) ORDER BY sort desc  [ RunTime:0.0010s ]
SQL: SELECT * FROM `newstypes` WHERE ( fid=11 ) ORDER BY sort desc  [ RunTime:0.0000s ]
SQL: SELECT * FROM `newstypes` WHERE ( fid=6 ) ORDER BY sort desc  [ RunTime:0.0010s ]
SQL: SHOW COLUMNS FROM `config` [ RunTime:0.0040s ]
SQL: SELECT * FROM `config` WHERE `id` = 1 LIMIT 1   [ RunTime:0.0000s ]
SQL: SHOW COLUMNS FROM `news` [ RunTime:0.0050s ]
SQL: SELECT * FROM `news` WHERE `typeid` IN ('19','20') ORDER BY sort desc LIMIT 8   [ RunTime:0.0010s ]
SQL: SELECT * FROM `news` WHERE ( typeid=2 ) ORDER BY sort desc LIMIT 12   [ RunTime:0.0000s ]
SQL: SHOW COLUMNS FROM `banner` [ RunTime:0.0040s ]
SQL: SELECT * FROM `banner` ORDER BY sort desc LIMIT 3   [ RunTime:0.0000s ]
SQL: SHOW COLUMNS FROM `content` [ RunTime:0.0050s ]
SQL: SELECT * FROM `content` WHERE `type` = 1 AND `postion` = 3 LIMIT 1   [ RunTime:0.0010s ]
SQL: SHOW COLUMNS FROM `friend` [ RunTime:0.0040s ]
SQL: SELECT * FROM `friend`  [ RunTime:0.0010s ]
INFO: [ view_parse ] --START--
INFO: [ template_filter ] --START--
INFO: Run Behavior\ContentReplaceBehavior [ RunTime:0.000000s ]
INFO: [ template_filter ] --END-- [ RunTime:0.000000s ]
INFO: Run Behavior\ParseTemplateBehavior [ RunTime:0.018001s ]
INFO: [ view_parse ] --END-- [ RunTime:0.018001s ]
INFO: [ view_filter ] --START--
INFO: Run Behavior\WriteHtmlCacheBehavior [ RunTime:0.001000s ]
INFO: [ view_filter ] --END-- [ RunTime:0.001000s ]
INFO: [ app_end ] --START--
INFO: Run Behavior\ShowPageTraceBehavior [ RunTime:0.002000s ]
INFO: [ app_end ] --END-- [ RunTime:0.002000s ]

[ 2018-01-20T17:57:24+08:00 ] 127.0.0.1 /diannao/images/flogo.jpg
INFO: [ app_init ] --START--
INFO: Run Behavior\BuildLiteBehavior [ RunTime:0.000000s ]
INFO: [ app_init ] --END-- [ RunTime:0.001000s ]

[ 2018-01-20T17:58:09+08:00 ] 127.0.0.1 /diannao/
INFO: [ app_init ] --START--
INFO: Run Behavior\BuildLiteBehavior [ RunTime:0.000000s ]
INFO: [ app_init ] --END-- [ RunTime:0.001000s ]
INFO: [ app_begin ] --START--
INFO: Run Behavior\ReadHtmlCacheBehavior [ RunTime:0.001000s ]
INFO: [ app_begin ] --END-- [ RunTime:0.001000s ]
SQL: SHOW COLUMNS FROM `newstypes` [ RunTime:0.0040s ]
SQL: SELECT * FROM `newstypes` WHERE ( state=1 ) ORDER BY sort desc LIMIT 7   [ RunTime:0.0000s ]
SQL: SELECT * FROM `newstypes` WHERE ( fid=3 ) ORDER BY sort desc  [ RunTime:0.0000s ]
SQL: SELECT * FROM `newstypes` WHERE ( fid=2 ) ORDER BY sort desc  [ RunTime:0.0010s ]
SQL: SELECT * FROM `newstypes` WHERE ( fid=1 ) ORDER BY sort desc  [ RunTime:0.0000s ]
SQL: SELECT * FROM `newstypes` WHERE ( fid=11 ) ORDER BY sort desc  [ RunTime:0.0000s ]
SQL: SELECT * FROM `newstypes` WHERE ( fid=6 ) ORDER BY sort desc  [ RunTime:0.0000s ]
SQL: SHOW COLUMNS FROM `config` [ RunTime:0.0040s ]
SQL: SELECT * FROM `config` WHERE `id` = 1 LIMIT 1   [ RunTime:0.0000s ]
SQL: SHOW COLUMNS FROM `news` [ RunTime:0.0050s ]
SQL: SELECT * FROM `news` WHERE `typeid` IN ('19','20') ORDER BY sort desc LIMIT 8   [ RunTime:0.0020s ]
SQL: SELECT * FROM `news` WHERE ( typeid=2 ) ORDER BY sort desc LIMIT 12   [ RunTime:0.0000s ]
SQL: SHOW COLUMNS FROM `banner` [ RunTime:0.0040s ]
SQL: SELECT * FROM `banner` ORDER BY sort desc LIMIT 3   [ RunTime:0.0000s ]
SQL: SHOW COLUMNS FROM `content` [ RunTime:0.0050s ]
SQL: SELECT * FROM `content` WHERE `type` = 1 AND `postion` = 3 LIMIT 1   [ RunTime:0.0010s ]
SQL: SHOW COLUMNS FROM `friend` [ RunTime:0.0040s ]
SQL: SELECT * FROM `friend`  [ RunTime:0.0000s ]
INFO: [ view_parse ] --START--
INFO: [ template_filter ] --START--
INFO: Run Behavior\ContentReplaceBehavior [ RunTime:0.000000s ]
INFO: [ template_filter ] --END-- [ RunTime:0.001000s ]
INFO: Run Behavior\ParseTemplateBehavior [ RunTime:0.018001s ]
INFO: [ view_parse ] --END-- [ RunTime:0.018001s ]
INFO: [ view_filter ] --START--
INFO: Run Behavior\WriteHtmlCacheBehavior [ RunTime:0.001000s ]
INFO: [ view_filter ] --END-- [ RunTime:0.001000s ]
INFO: [ app_end ] --START--
INFO: Run Behavior\ShowPageTraceBehavior [ RunTime:0.001000s ]
INFO: [ app_end ] --END-- [ RunTime:0.001000s ]

[ 2018-01-20T17:58:10+08:00 ] 127.0.0.1 /diannao/images/flogo.jpg
INFO: [ app_init ] --START--
INFO: Run Behavior\BuildLiteBehavior [ RunTime:0.000000s ]
INFO: [ app_init ] --END-- [ RunTime:0.001000s ]

