[ 2018-03-01T14:51:38+08:00 ] 127.0.0.1 /diandeng/
INFO: [ app_init ] --START--
INFO: Run Behavior\BuildLiteBehavior [ RunTime:0.000000s ]
INFO: [ app_init ] --END-- [ RunTime:0.144008s ]
INFO: [ app_begin ] --START--
INFO: Run Behavior\ReadHtmlCacheBehavior [ RunTime:0.023002s ]
INFO: [ app_begin ] --END-- [ RunTime:0.023002s ]
SQL: SHOW COLUMNS FROM `newstypes` [ RunTime:0.6660s ]
SQL: SELECT * FROM `newstypes` WHERE ( state=1 ) ORDER BY sort desc LIMIT 7   [ RunTime:0.0150s ]
SQL: SELECT * FROM `newstypes` WHERE ( fid=3 ) ORDER BY sort desc  [ RunTime:0.0000s ]
SQL: SELECT * FROM `newstypes` WHERE ( fid=2 ) ORDER BY sort desc  [ RunTime:0.0010s ]
SQL: SELECT * FROM `newstypes` WHERE ( fid=1 ) ORDER BY sort desc  [ RunTime:0.0000s ]
SQL: SELECT * FROM `newstypes` WHERE ( fid=11 ) ORDER BY sort desc  [ RunTime:0.0010s ]
SQL: SELECT * FROM `newstypes` WHERE ( fid=6 ) ORDER BY sort desc  [ RunTime:0.0000s ]
SQL: SHOW COLUMNS FROM `config` [ RunTime:0.0570s ]
SQL: SELECT * FROM `config` WHERE `id` = 1 LIMIT 1   [ RunTime:0.0000s ]
SQL: SHOW COLUMNS FROM `content` [ RunTime:0.0720s ]
SQL: SELECT * FROM `content` WHERE `type` = 1 AND `postion` = 3 LIMIT 1   [ RunTime:0.0240s ]
SQL: SELECT * FROM `newstypes` WHERE ( fid=1 ) ORDER BY sort desc  [ RunTime:0.0040s ]
SQL: SHOW COLUMNS FROM `news` [ RunTime:0.0860s ]
SQL: SELECT * FROM `news` WHERE `typeid` IN ('19','20') ORDER BY sort desc LIMIT 6   [ RunTime:0.0270s ]
SQL: SELECT * FROM `newstypes` WHERE ( fid=2 ) ORDER BY sort desc  [ RunTime:0.0010s ]
SQL: SELECT * FROM `news` WHERE `typeid` = 21 ORDER BY sort desc LIMIT 6   [ RunTime:0.0010s ]
SQL: SHOW COLUMNS FROM `banner` [ RunTime:0.0730s ]
SQL: SELECT * FROM `banner` ORDER BY sort desc LIMIT 4   [ RunTime:0.0000s ]
SQL: SELECT * FROM `content` WHERE `type` = 2 AND `postion` = 3 LIMIT 1   [ RunTime:0.0000s ]
SQL: SHOW COLUMNS FROM `friend` [ RunTime:0.0480s ]
SQL: SELECT * FROM `friend`  [ RunTime:0.0000s ]
SQL: SELECT * FROM `news` WHERE ( typeid=28 ) ORDER BY sort desc LIMIT 4   [ RunTime:0.0010s ]
INFO: [ view_parse ] --START--
INFO: [ template_filter ] --START--
INFO: Run Behavior\ContentReplaceBehavior [ RunTime:0.046003s ]
INFO: [ template_filter ] --END-- [ RunTime:0.047003s ]
INFO: Run Behavior\ParseTemplateBehavior [ RunTime:0.409023s ]
INFO: [ view_parse ] --END-- [ RunTime:0.409023s ]
INFO: [ view_filter ] --START--
INFO: Run Behavior\WriteHtmlCacheBehavior [ RunTime:0.018001s ]
INFO: [ view_filter ] --END-- [ RunTime:0.018001s ]
INFO: [ app_end ] --START--
INFO: Run Behavior\ShowPageTraceBehavior [ RunTime:0.026001s ]
INFO: [ app_end ] --END-- [ RunTime:0.027001s ]

[ 2018-03-01T14:52:07+08:00 ] 127.0.0.1 /diandeng/Public/images/list2.png
INFO: [ app_init ] --START--
INFO: Run Behavior\BuildLiteBehavior [ RunTime:0.001000s ]
INFO: [ app_init ] --END-- [ RunTime:0.001000s ]

[ 2018-03-01T15:33:10+08:00 ] 127.0.0.1 /mymy/Public/images/list2.png
INFO: [ app_init ] --START--
INFO: Run Behavior\BuildLiteBehavior [ RunTime:0.000000s ]
INFO: [ app_init ] --END-- [ RunTime:0.001001s ]

[ 2018-03-01T16:11:26+08:00 ] 127.0.0.1 /mymy/
INFO: [ app_init ] --START--
INFO: Run Behavior\BuildLiteBehavior [ RunTime:0.000000s ]
INFO: [ app_init ] --END-- [ RunTime:0.001000s ]
INFO: [ app_begin ] --START--
INFO: Run Behavior\ReadHtmlCacheBehavior [ RunTime:0.001000s ]
INFO: [ app_begin ] --END-- [ RunTime:0.001000s ]
SQL: SHOW COLUMNS FROM `newstypes` [ RunTime:0.0080s ]
SQL: SELECT * FROM `newstypes` WHERE ( state=1 ) ORDER BY sort desc LIMIT 7   [ RunTime:0.0000s ]
SQL: SELECT * FROM `newstypes` WHERE ( fid=2 ) ORDER BY sort desc  [ RunTime:0.0000s ]
SQL: SELECT * FROM `newstypes` WHERE ( fid=1 ) ORDER BY sort desc  [ RunTime:0.0000s ]
SQL: SELECT * FROM `newstypes` WHERE ( fid=11 ) ORDER BY sort desc  [ RunTime:0.0010s ]
SQL: SELECT * FROM `newstypes` WHERE ( fid=3 ) ORDER BY sort desc  [ RunTime:0.0010s ]
SQL: SHOW COLUMNS FROM `config` [ RunTime:0.0390s ]
SQL: SELECT * FROM `config` WHERE `id` = 1 LIMIT 1   [ RunTime:0.0010s ]
SQL: SHOW COLUMNS FROM `content` [ RunTime:0.0200s ]
SQL: SELECT * FROM `content` WHERE `type` = 1 AND `postion` = 3 LIMIT 1   [ RunTime:0.0940s ]
SQL: SELECT * FROM `newstypes` WHERE ( fid=1 ) ORDER BY sort desc  [ RunTime:0.0010s ]
SQL: SHOW COLUMNS FROM `news` [ RunTime:0.0080s ]
SQL: SELECT * FROM `news` WHERE `typeid` IN ('19','20') ORDER BY sort desc LIMIT 6   [ RunTime:0.0070s ]
SQL: SELECT * FROM `newstypes` WHERE ( fid=2 ) ORDER BY sort desc  [ RunTime:0.0010s ]
SQL: SELECT * FROM `news` WHERE `typeid` = 21 ORDER BY sort desc LIMIT 6   [ RunTime:0.0010s ]
SQL: SHOW COLUMNS FROM `banner` [ RunTime:0.0110s ]
SQL: SELECT * FROM `banner` ORDER BY sort desc LIMIT 4   [ RunTime:0.0010s ]
SQL: SELECT * FROM `content` WHERE `type` = 2 AND `postion` = 3 LIMIT 1   [ RunTime:0.0010s ]
SQL: SHOW COLUMNS FROM `friend` [ RunTime:0.0340s ]
SQL: SELECT * FROM `friend`  [ RunTime:0.0000s ]
SQL: SELECT * FROM `news` WHERE ( typeid=28 ) ORDER BY sort desc LIMIT 4   [ RunTime:0.0000s ]
INFO: [ view_parse ] --START--
INFO: [ template_filter ] --START--
INFO: Run Behavior\ContentReplaceBehavior [ RunTime:0.020001s ]
INFO: [ template_filter ] --END-- [ RunTime:0.020001s ]
INFO: Run Behavior\ParseTemplateBehavior [ RunTime:0.081005s ]
INFO: [ view_parse ] --END-- [ RunTime:0.081005s ]
INFO: [ view_filter ] --START--
INFO: Run Behavior\WriteHtmlCacheBehavior [ RunTime:0.001000s ]
INFO: [ view_filter ] --END-- [ RunTime:0.001000s ]
INFO: [ app_end ] --START--
INFO: Run Behavior\ShowPageTraceBehavior [ RunTime:0.001000s ]
INFO: [ app_end ] --END-- [ RunTime:0.001000s ]

[ 2018-03-01T16:18:57+08:00 ] 127.0.0.1 /mymy/
INFO: [ app_init ] --START--
INFO: Run Behavior\BuildLiteBehavior [ RunTime:0.000000s ]
INFO: [ app_init ] --END-- [ RunTime:0.001000s ]
INFO: [ app_begin ] --START--
INFO: Run Behavior\ReadHtmlCacheBehavior [ RunTime:0.001000s ]
INFO: [ app_begin ] --END-- [ RunTime:0.001000s ]
SQL: SHOW COLUMNS FROM `newstypes` [ RunTime:0.0060s ]
SQL: SELECT * FROM `newstypes` WHERE ( state=1 ) ORDER BY sort desc LIMIT 7   [ RunTime:0.0000s ]
SQL: SELECT * FROM `newstypes` WHERE ( fid=2 ) ORDER BY sort desc  [ RunTime:0.0000s ]
SQL: SELECT * FROM `newstypes` WHERE ( fid=1 ) ORDER BY sort desc  [ RunTime:0.0000s ]
SQL: SELECT * FROM `newstypes` WHERE ( fid=11 ) ORDER BY sort desc  [ RunTime:0.0000s ]
SQL: SELECT * FROM `newstypes` WHERE ( fid=3 ) ORDER BY sort desc  [ RunTime:0.0000s ]
SQL: SHOW COLUMNS FROM `config` [ RunTime:0.0060s ]
SQL: SELECT * FROM `config` WHERE `id` = 1 LIMIT 1   [ RunTime:0.0000s ]
SQL: SHOW COLUMNS FROM `content` [ RunTime:0.0040s ]
SQL: SELECT * FROM `content` WHERE `type` = 1 AND `postion` = 3 LIMIT 1   [ RunTime:0.0000s ]
SQL: SELECT * FROM `newstypes` WHERE ( fid=1 ) ORDER BY sort desc  [ RunTime:0.0010s ]
SQL: SHOW COLUMNS FROM `news` [ RunTime:0.0050s ]
SQL: SELECT * FROM `news` WHERE `typeid` IN ('19','20') ORDER BY sort desc LIMIT 6   [ RunTime:0.0000s ]
SQL: SELECT * FROM `newstypes` WHERE ( fid=2 ) ORDER BY sort desc  [ RunTime:0.0000s ]
SQL: SELECT * FROM `news` WHERE `typeid` = 21 ORDER BY sort desc LIMIT 6   [ RunTime:0.0010s ]
SQL: SHOW COLUMNS FROM `banner` [ RunTime:0.0050s ]
SQL: SELECT * FROM `banner` ORDER BY sort desc LIMIT 4   [ RunTime:0.0000s ]
SQL: SELECT * FROM `content` WHERE `type` = 2 AND `postion` = 3 LIMIT 1   [ RunTime:0.0000s ]
SQL: SHOW COLUMNS FROM `friend` [ RunTime:0.0060s ]
SQL: SELECT * FROM `friend`  [ RunTime:0.0000s ]
SQL: SELECT * FROM `news` WHERE ( typeid=28 ) ORDER BY sort desc LIMIT 4   [ RunTime:0.0000s ]
INFO: [ view_parse ] --START--
INFO: [ template_filter ] --START--
INFO: Run Behavior\ContentReplaceBehavior [ RunTime:0.001000s ]
INFO: [ template_filter ] --END-- [ RunTime:0.001000s ]
NOTIC: [8] Undefined index: keywords F:\phpxiangmu\mymy\Application\Runtime\Cache\Home\2a94b8bda04ff446dcedd42276fc99ee.php 第 8 行.
INFO: Run Behavior\ParseTemplateBehavior [ RunTime:0.026002s ]
INFO: [ view_parse ] --END-- [ RunTime:0.026002s ]
INFO: [ view_filter ] --START--
INFO: Run Behavior\WriteHtmlCacheBehavior [ RunTime:0.001000s ]
INFO: [ view_filter ] --END-- [ RunTime:0.001000s ]
INFO: [ app_end ] --START--
INFO: Run Behavior\ShowPageTraceBehavior [ RunTime:0.001000s ]
INFO: [ app_end ] --END-- [ RunTime:0.001000s ]

[ 2018-03-01T16:22:46+08:00 ] 127.0.0.1 /mymy/
INFO: [ app_init ] --START--
INFO: Run Behavior\BuildLiteBehavior [ RunTime:0.000000s ]
INFO: [ app_init ] --END-- [ RunTime:0.001000s ]
INFO: [ app_begin ] --START--
INFO: Run Behavior\ReadHtmlCacheBehavior [ RunTime:0.001000s ]
INFO: [ app_begin ] --END-- [ RunTime:0.001000s ]
SQL: SHOW COLUMNS FROM `newstypes` [ RunTime:0.0070s ]
SQL: SELECT * FROM `newstypes` WHERE ( state=1 ) ORDER BY sort desc LIMIT 7   [ RunTime:0.0010s ]
SQL: SELECT * FROM `newstypes` WHERE ( fid=2 ) ORDER BY sort desc  [ RunTime:0.0000s ]
SQL: SELECT * FROM `newstypes` WHERE ( fid=1 ) ORDER BY sort desc  [ RunTime:0.0010s ]
SQL: SELECT * FROM `newstypes` WHERE ( fid=11 ) ORDER BY sort desc  [ RunTime:0.0000s ]
SQL: SELECT * FROM `newstypes` WHERE ( fid=3 ) ORDER BY sort desc  [ RunTime:0.0010s ]
SQL: SHOW COLUMNS FROM `config` [ RunTime:0.0080s ]
SQL: SELECT * FROM `config` WHERE `id` = 1 LIMIT 1   [ RunTime:0.0000s ]
SQL: SHOW COLUMNS FROM `content` [ RunTime:0.0070s ]
SQL: SELECT * FROM `content` WHERE `type` = 1 AND `postion` = 3 LIMIT 1   [ RunTime:0.0010s ]
SQL: SELECT * FROM `newstypes` WHERE ( fid=1 ) ORDER BY sort desc  [ RunTime:0.0000s ]
SQL: SHOW COLUMNS FROM `news` [ RunTime:0.0070s ]
SQL: SELECT * FROM `news` WHERE `typeid` IN ('19','20') ORDER BY sort desc LIMIT 6   [ RunTime:0.0010s ]
SQL: SELECT * FROM `newstypes` WHERE ( fid=2 ) ORDER BY sort desc  [ RunTime:0.0000s ]
SQL: SELECT * FROM `news` WHERE `typeid` = 21 ORDER BY sort desc LIMIT 6   [ RunTime:0.0000s ]
SQL: SHOW COLUMNS FROM `banner` [ RunTime:0.0070s ]
SQL: SELECT * FROM `banner` ORDER BY sort desc LIMIT 4   [ RunTime:0.0000s ]
SQL: SELECT * FROM `content` WHERE `type` = 2 AND `postion` = 3 LIMIT 1   [ RunTime:0.0010s ]
SQL: SHOW COLUMNS FROM `friend` [ RunTime:0.0070s ]
SQL: SELECT * FROM `friend`  [ RunTime:0.0000s ]
SQL: SELECT * FROM `news` WHERE ( typeid=28 ) ORDER BY sort desc LIMIT 4   [ RunTime:0.0010s ]
INFO: [ view_parse ] --START--
INFO: [ template_filter ] --START--
INFO: Run Behavior\ContentReplaceBehavior [ RunTime:0.000000s ]
INFO: [ template_filter ] --END-- [ RunTime:0.000000s ]
NOTIC: [8] Undefined index: keywords F:\phpxiangmu\mymy\Application\Runtime\Cache\Home\2a94b8bda04ff446dcedd42276fc99ee.php 第 8 行.
INFO: Run Behavior\ParseTemplateBehavior [ RunTime:0.023001s ]
INFO: [ view_parse ] --END-- [ RunTime:0.023001s ]
INFO: [ view_filter ] --START--
INFO: Run Behavior\WriteHtmlCacheBehavior [ RunTime:0.001000s ]
INFO: [ view_filter ] --END-- [ RunTime:0.001000s ]
INFO: [ app_end ] --START--
INFO: Run Behavior\ShowPageTraceBehavior [ RunTime:0.003000s ]
INFO: [ app_end ] --END-- [ RunTime:0.003000s ]

[ 2018-03-01T16:23:18+08:00 ] 127.0.0.1 /mymy/
INFO: [ app_init ] --START--
INFO: Run Behavior\BuildLiteBehavior [ RunTime:0.000000s ]
INFO: [ app_init ] --END-- [ RunTime:0.000000s ]
INFO: [ app_begin ] --START--
INFO: Run Behavior\ReadHtmlCacheBehavior [ RunTime:0.002000s ]
INFO: [ app_begin ] --END-- [ RunTime:0.002000s ]
SQL: SHOW COLUMNS FROM `newstypes` [ RunTime:0.0070s ]
SQL: SELECT * FROM `newstypes` WHERE ( state=1 ) ORDER BY sort desc LIMIT 7   [ RunTime:0.0010s ]
SQL: SELECT * FROM `newstypes` WHERE ( fid=2 ) ORDER BY sort desc  [ RunTime:0.0000s ]
SQL: SELECT * FROM `newstypes` WHERE ( fid=1 ) ORDER BY sort desc  [ RunTime:0.0010s ]
SQL: SELECT * FROM `newstypes` WHERE ( fid=11 ) ORDER BY sort desc  [ RunTime:0.0000s ]
SQL: SELECT * FROM `newstypes` WHERE ( fid=3 ) ORDER BY sort desc  [ RunTime:0.0010s ]
SQL: SHOW COLUMNS FROM `config` [ RunTime:0.0070s ]
SQL: SELECT * FROM `config` WHERE `id` = 1 LIMIT 1   [ RunTime:0.0010s ]
SQL: SHOW COLUMNS FROM `content` [ RunTime:0.0070s ]
SQL: SELECT * FROM `content` WHERE `type` = 1 AND `postion` = 3 LIMIT 1   [ RunTime:0.0000s ]
SQL: SELECT * FROM `newstypes` WHERE ( fid=1 ) ORDER BY sort desc  [ RunTime:0.0000s ]
SQL: SHOW COLUMNS FROM `news` [ RunTime:0.0080s ]
SQL: SELECT * FROM `news` WHERE `typeid` IN ('19','20') ORDER BY sort desc LIMIT 6   [ RunTime:0.0010s ]
SQL: SELECT * FROM `newstypes` WHERE ( fid=2 ) ORDER BY sort desc  [ RunTime:0.0000s ]
SQL: SELECT * FROM `news` WHERE `typeid` = 21 ORDER BY sort desc LIMIT 6   [ RunTime:0.0000s ]
SQL: SHOW COLUMNS FROM `banner` [ RunTime:0.0080s ]
SQL: SELECT * FROM `banner` ORDER BY sort desc LIMIT 4   [ RunTime:0.0000s ]
SQL: SELECT * FROM `content` WHERE `type` = 2 AND `postion` = 3 LIMIT 1   [ RunTime:0.0010s ]
SQL: SHOW COLUMNS FROM `friend` [ RunTime:0.0070s ]
SQL: SELECT * FROM `friend`  [ RunTime:0.0010s ]
SQL: SELECT * FROM `news` WHERE ( typeid=28 ) ORDER BY sort desc LIMIT 4   [ RunTime:0.0000s ]
INFO: [ view_parse ] --START--
INFO: [ template_filter ] --START--
INFO: Run Behavior\ContentReplaceBehavior [ RunTime:0.000000s ]
INFO: [ template_filter ] --END-- [ RunTime:0.000000s ]
NOTIC: [8] Undefined index: keywords F:\phpxiangmu\mymy\Application\Runtime\Cache\Home\2a94b8bda04ff446dcedd42276fc99ee.php 第 8 行.
INFO: Run Behavior\ParseTemplateBehavior [ RunTime:0.053003s ]
INFO: [ view_parse ] --END-- [ RunTime:0.053003s ]
INFO: [ view_filter ] --START--
INFO: Run Behavior\WriteHtmlCacheBehavior [ RunTime:0.002000s ]
INFO: [ view_filter ] --END-- [ RunTime:0.002000s ]
INFO: [ app_end ] --START--
INFO: Run Behavior\ShowPageTraceBehavior [ RunTime:0.009000s ]
INFO: [ app_end ] --END-- [ RunTime:0.009000s ]

[ 2018-03-01T16:25:40+08:00 ] 127.0.0.1 /mymy/
INFO: [ app_init ] --START--
INFO: Run Behavior\BuildLiteBehavior [ RunTime:0.000000s ]
INFO: [ app_init ] --END-- [ RunTime:0.001000s ]
INFO: [ app_begin ] --START--
INFO: Run Behavior\ReadHtmlCacheBehavior [ RunTime:0.002000s ]
INFO: [ app_begin ] --END-- [ RunTime:0.002000s ]
SQL: SHOW COLUMNS FROM `newstypes` [ RunTime:0.0070s ]
SQL: SELECT * FROM `newstypes` WHERE ( state=1 ) ORDER BY sort desc LIMIT 7   [ RunTime:0.0000s ]
SQL: SELECT * FROM `newstypes` WHERE ( fid=2 ) ORDER BY sort desc  [ RunTime:0.0000s ]
SQL: SELECT * FROM `newstypes` WHERE ( fid=1 ) ORDER BY sort desc  [ RunTime:0.0000s ]
SQL: SELECT * FROM `newstypes` WHERE ( fid=11 ) ORDER BY sort desc  [ RunTime:0.0000s ]
SQL: SELECT * FROM `newstypes` WHERE ( fid=3 ) ORDER BY sort desc  [ RunTime:0.0010s ]
SQL: SHOW COLUMNS FROM `config` [ RunTime:0.0050s ]
SQL: SELECT * FROM `config` WHERE `id` = 1 LIMIT 1   [ RunTime:0.0010s ]
SQL: SHOW COLUMNS FROM `content` [ RunTime:0.0060s ]
SQL: SELECT * FROM `content` WHERE `type` = 1 AND `postion` = 3 LIMIT 1   [ RunTime:0.0010s ]
SQL: SELECT * FROM `newstypes` WHERE ( fid=1 ) ORDER BY sort desc  [ RunTime:0.0010s ]
SQL: SHOW COLUMNS FROM `news` [ RunTime:0.0070s ]
SQL: SELECT * FROM `news` WHERE `typeid` IN ('19','20') ORDER BY sort desc LIMIT 6   [ RunTime:0.0020s ]
SQL: SELECT * FROM `newstypes` WHERE ( fid=2 ) ORDER BY sort desc  [ RunTime:0.0010s ]
SQL: SELECT * FROM `news` WHERE `typeid` = 21 ORDER BY sort desc LIMIT 6   [ RunTime:0.0000s ]
SQL: SHOW COLUMNS FROM `banner` [ RunTime:0.0070s ]
SQL: SELECT * FROM `banner` ORDER BY sort desc LIMIT 4   [ RunTime:0.0000s ]
SQL: SELECT * FROM `content` WHERE `type` = 2 AND `postion` = 3 LIMIT 1   [ RunTime:0.0000s ]
SQL: SHOW COLUMNS FROM `friend` [ RunTime:0.0060s ]
SQL: SELECT * FROM `friend`  [ RunTime:0.0010s ]
SQL: SELECT * FROM `news` WHERE ( typeid=28 ) ORDER BY sort desc LIMIT 4   [ RunTime:0.0000s ]
INFO: [ view_parse ] --START--
INFO: [ template_filter ] --START--
INFO: Run Behavior\ContentReplaceBehavior [ RunTime:0.000000s ]
INFO: [ template_filter ] --END-- [ RunTime:0.000000s ]
NOTIC: [8] Undefined index: keywords F:\phpxiangmu\mymy\Application\Runtime\Cache\Home\2a94b8bda04ff446dcedd42276fc99ee.php 第 8 行.
INFO: Run Behavior\ParseTemplateBehavior [ RunTime:0.029002s ]
INFO: [ view_parse ] --END-- [ RunTime:0.029002s ]
INFO: [ view_filter ] --START--
INFO: Run Behavior\WriteHtmlCacheBehavior [ RunTime:0.001000s ]
INFO: [ view_filter ] --END-- [ RunTime:0.001000s ]
INFO: [ app_end ] --START--
INFO: Run Behavior\ShowPageTraceBehavior [ RunTime:0.005001s ]
INFO: [ app_end ] --END-- [ RunTime:0.006001s ]

[ 2018-03-01T16:34:14+08:00 ] 127.0.0.1 /mymy/
INFO: [ app_init ] --START--
INFO: Run Behavior\BuildLiteBehavior [ RunTime:0.000000s ]
INFO: [ app_init ] --END-- [ RunTime:0.000000s ]
INFO: [ app_begin ] --START--
INFO: Run Behavior\ReadHtmlCacheBehavior [ RunTime:0.002000s ]
INFO: [ app_begin ] --END-- [ RunTime:0.002000s ]
SQL: SHOW COLUMNS FROM `newstypes` [ RunTime:0.0120s ]
SQL: SELECT * FROM `newstypes` WHERE ( state=1 ) ORDER BY sort desc LIMIT 7   [ RunTime:0.0010s ]
SQL: SELECT * FROM `newstypes` WHERE ( fid=2 ) ORDER BY sort desc  [ RunTime:0.0010s ]
SQL: SELECT * FROM `newstypes` WHERE ( fid=1 ) ORDER BY sort desc  [ RunTime:0.0000s ]
SQL: SELECT * FROM `newstypes` WHERE ( fid=11 ) ORDER BY sort desc  [ RunTime:0.0000s ]
SQL: SELECT * FROM `newstypes` WHERE ( fid=3 ) ORDER BY sort desc  [ RunTime:0.0010s ]
SQL: SHOW COLUMNS FROM `config` [ RunTime:0.0100s ]
SQL: SELECT * FROM `config` WHERE `id` = 1 LIMIT 1   [ RunTime:0.0010s ]
SQL: SHOW COLUMNS FROM `content` [ RunTime:0.0110s ]
SQL: SELECT * FROM `content` WHERE `type` = 1 AND `postion` = 3 LIMIT 1   [ RunTime:0.0010s ]
SQL: SELECT * FROM `newstypes` WHERE ( fid=1 ) ORDER BY sort desc  [ RunTime:0.0000s ]
SQL: SHOW COLUMNS FROM `news` [ RunTime:0.0090s ]
SQL: SELECT * FROM `news` WHERE `typeid` IN ('19','20') ORDER BY sort desc LIMIT 6   [ RunTime:0.0010s ]
SQL: SELECT * FROM `newstypes` WHERE ( fid=2 ) ORDER BY sort desc  [ RunTime:0.0000s ]
SQL: SELECT * FROM `news` WHERE `typeid` = 21 ORDER BY sort desc LIMIT 6   [ RunTime:0.0000s ]
SQL: SHOW COLUMNS FROM `banner` [ RunTime:0.0100s ]
SQL: SELECT * FROM `banner` ORDER BY sort desc LIMIT 4   [ RunTime:0.0000s ]
SQL: SELECT * FROM `content` WHERE `type` = 2 AND `postion` = 3 LIMIT 1   [ RunTime:0.0000s ]
SQL: SHOW COLUMNS FROM `friend` [ RunTime:0.0120s ]
SQL: SELECT * FROM `friend`  [ RunTime:0.0010s ]
SQL: SELECT * FROM `news` WHERE ( typeid=28 ) ORDER BY sort desc LIMIT 4   [ RunTime:0.0010s ]
INFO: [ view_parse ] --START--
INFO: [ template_filter ] --START--
INFO: Run Behavior\ContentReplaceBehavior [ RunTime:0.000000s ]
INFO: [ template_filter ] --END-- [ RunTime:0.000000s ]
NOTIC: [8] Undefined index: keywords F:\phpxiangmu\mymy\Application\Runtime\Cache\Home\2a94b8bda04ff446dcedd42276fc99ee.php 第 8 行.
INFO: Run Behavior\ParseTemplateBehavior [ RunTime:0.025001s ]
INFO: [ view_parse ] --END-- [ RunTime:0.025001s ]
INFO: [ view_filter ] --START--
INFO: Run Behavior\WriteHtmlCacheBehavior [ RunTime:0.001000s ]
INFO: [ view_filter ] --END-- [ RunTime:0.001000s ]
INFO: [ app_end ] --START--
INFO: Run Behavior\ShowPageTraceBehavior [ RunTime:0.002000s ]
INFO: [ app_end ] --END-- [ RunTime:0.002000s ]

[ 2018-03-01T16:37:45+08:00 ] 127.0.0.1 /mymy/
INFO: [ app_init ] --START--
INFO: Run Behavior\BuildLiteBehavior [ RunTime:0.000000s ]
INFO: [ app_init ] --END-- [ RunTime:0.001000s ]
INFO: [ app_begin ] --START--
INFO: Run Behavior\ReadHtmlCacheBehavior [ RunTime:0.001000s ]
INFO: [ app_begin ] --END-- [ RunTime:0.001000s ]
SQL: SHOW COLUMNS FROM `newstypes` [ RunTime:0.0130s ]
SQL: SELECT * FROM `newstypes` WHERE ( state=1 ) ORDER BY sort desc LIMIT 7   [ RunTime:0.0010s ]
SQL: SELECT * FROM `newstypes` WHERE ( fid=2 ) ORDER BY sort desc  [ RunTime:0.0010s ]
SQL: SELECT * FROM `newstypes` WHERE ( fid=1 ) ORDER BY sort desc  [ RunTime:0.0010s ]
SQL: SELECT * FROM `newstypes` WHERE ( fid=11 ) ORDER BY sort desc  [ RunTime:0.0020s ]
SQL: SELECT * FROM `newstypes` WHERE ( fid=3 ) ORDER BY sort desc  [ RunTime:0.0010s ]
SQL: SHOW COLUMNS FROM `config` [ RunTime:0.0140s ]
SQL: SELECT * FROM `config` WHERE `id` = 1 LIMIT 1   [ RunTime:0.0020s ]
SQL: SHOW COLUMNS FROM `content` [ RunTime:0.0120s ]
SQL: SELECT * FROM `content` WHERE `type` = 1 AND `postion` = 3 LIMIT 1   [ RunTime:0.0020s ]
SQL: SELECT * FROM `newstypes` WHERE ( fid=1 ) ORDER BY sort desc  [ RunTime:0.0010s ]
SQL: SHOW COLUMNS FROM `news` [ RunTime:0.0130s ]
SQL: SELECT * FROM `news` WHERE `typeid` IN ('19','20') ORDER BY sort desc LIMIT 6   [ RunTime:0.0010s ]
SQL: SELECT * FROM `newstypes` WHERE ( fid=2 ) ORDER BY sort desc  [ RunTime:0.0010s ]
SQL: SELECT * FROM `news` WHERE `typeid` = 21 ORDER BY sort desc LIMIT 6   [ RunTime:0.0010s ]
SQL: SHOW COLUMNS FROM `banner` [ RunTime:0.0080s ]
SQL: SELECT * FROM `banner` ORDER BY sort desc LIMIT 4   [ RunTime:0.0000s ]
SQL: SELECT * FROM `content` WHERE `type` = 2 AND `postion` = 3 LIMIT 1   [ RunTime:0.0000s ]
SQL: SHOW COLUMNS FROM `friend` [ RunTime:0.0060s ]
SQL: SELECT * FROM `friend`  [ RunTime:0.0000s ]
SQL: SELECT * FROM `news` WHERE ( typeid=28 ) ORDER BY sort desc LIMIT 4   [ RunTime:0.0010s ]
INFO: [ view_parse ] --START--
INFO: [ template_filter ] --START--
INFO: Run Behavior\ContentReplaceBehavior [ RunTime:0.000000s ]
INFO: [ template_filter ] --END-- [ RunTime:0.001000s ]
NOTIC: [8] Undefined index: keywords F:\phpxiangmu\mymy\Application\Runtime\Cache\Home\2a94b8bda04ff446dcedd42276fc99ee.php 第 8 行.
INFO: Run Behavior\ParseTemplateBehavior [ RunTime:0.059003s ]
INFO: [ view_parse ] --END-- [ RunTime:0.059003s ]
INFO: [ view_filter ] --START--
INFO: Run Behavior\WriteHtmlCacheBehavior [ RunTime:0.002000s ]
INFO: [ view_filter ] --END-- [ RunTime:0.002000s ]
INFO: [ app_end ] --START--
INFO: Run Behavior\ShowPageTraceBehavior [ RunTime:0.009001s ]
INFO: [ app_end ] --END-- [ RunTime:0.009001s ]

