[ 2018-01-24T17:29:33+08:00 ] 127.0.0.1 /diandeng/
INFO: [ app_init ] --START--
INFO: Run Behavior\BuildLiteBehavior [ RunTime:0.000000s ]
INFO: [ app_init ] --END-- [ RunTime:0.104006s ]
INFO: [ app_begin ] --START--
INFO: Run Behavior\ReadHtmlCacheBehavior [ RunTime:0.018001s ]
INFO: [ app_begin ] --END-- [ RunTime:0.018001s ]
SQL: SHOW COLUMNS FROM `newstypes` [ RunTime:0.0990s ]
SQL: SELECT * FROM `newstypes` WHERE ( state=1 ) ORDER BY sort desc LIMIT 7   [ RunTime:0.0440s ]
SQL: SELECT * FROM `newstypes` WHERE ( fid=3 ) ORDER BY sort desc  [ RunTime:0.0010s ]
SQL: SELECT * FROM `newstypes` WHERE ( fid=1 ) ORDER BY sort desc  [ RunTime:0.0010s ]
SQL: SELECT * FROM `newstypes` WHERE ( fid=2 ) ORDER BY sort desc  [ RunTime:0.0000s ]
SQL: SELECT * FROM `newstypes` WHERE ( fid=11 ) ORDER BY sort desc  [ RunTime:0.0000s ]
SQL: SELECT * FROM `newstypes` WHERE ( fid=6 ) ORDER BY sort desc  [ RunTime:0.0010s ]
SQL: SHOW COLUMNS FROM `config` [ RunTime:0.0440s ]
SQL: SELECT * FROM `config` WHERE `id` = 1 LIMIT 1   [ RunTime:0.0010s ]
SQL: SHOW COLUMNS FROM `content` [ RunTime:0.0230s ]
SQL: SELECT * FROM `content` WHERE `type` = 1 AND `postion` = 3 LIMIT 1   [ RunTime:0.0010s ]
SQL: SELECT * FROM `newstypes` WHERE ( fid=1 ) ORDER BY sort desc  [ RunTime:0.0000s ]
SQL: SHOW COLUMNS FROM `news` [ RunTime:0.0490s ]
SQL: SELECT * FROM `news` WHERE `typeid` IN ('19','20') ORDER BY sort desc LIMIT 8   [ RunTime:0.0890s ]
SQL: SELECT * FROM `newstypes` WHERE ( fid=2 ) ORDER BY sort desc  [ RunTime:0.0010s ]
SQL: SELECT * FROM `news` WHERE `typeid` = 21 ORDER BY sort desc LIMIT 6   [ RunTime:0.0010s ]
SQL: SHOW COLUMNS FROM `banner` [ RunTime:0.0210s ]
SQL: SELECT * FROM `banner` ORDER BY sort desc LIMIT 3   [ RunTime:0.0330s ]
SQL: SELECT * FROM `content` WHERE `type` = 2 AND `postion` = 3 LIMIT 1   [ RunTime:0.0180s ]
SQL: SHOW COLUMNS FROM `friend` [ RunTime:0.0420s ]
SQL: SELECT * FROM `friend`  [ RunTime:0.0000s ]
SQL: SELECT * FROM `news` WHERE ( typeid=28 ) ORDER BY sort desc LIMIT 4   [ RunTime:0.0010s ]
INFO: [ view_parse ] --START--
INFO: [ template_filter ] --START--
INFO: Run Behavior\ContentReplaceBehavior [ RunTime:0.000000s ]
INFO: [ template_filter ] --END-- [ RunTime:0.001000s ]
INFO: Run Behavior\ParseTemplateBehavior [ RunTime:0.337020s ]
INFO: [ view_parse ] --END-- [ RunTime:0.337020s ]
INFO: [ view_filter ] --START--
INFO: Run Behavior\WriteHtmlCacheBehavior [ RunTime:0.008000s ]
INFO: [ view_filter ] --END-- [ RunTime:0.008000s ]
INFO: [ app_end ] --START--
INFO: Run Behavior\ShowPageTraceBehavior [ RunTime:0.258015s ]
INFO: [ app_end ] --END-- [ RunTime:0.258015s ]

[ 2018-01-24T17:29:33+08:00 ] 127.0.0.1 /diandeng/Public/Home/images/logo.jpg
INFO: [ app_init ] --START--
INFO: Run Behavior\BuildLiteBehavior [ RunTime:0.000000s ]
INFO: [ app_init ] --END-- [ RunTime:0.001000s ]

[ 2018-01-24T17:29:33+08:00 ] 127.0.0.1 /diandeng/Public/Home/upload/banner.jpg
INFO: [ app_init ] --START--
INFO: Run Behavior\BuildLiteBehavior [ RunTime:0.000000s ]
INFO: [ app_init ] --END-- [ RunTime:0.000000s ]

[ 2018-01-24T17:29:33+08:00 ] 127.0.0.1 /diandeng/Public/Home/upload/pic1.jpg
INFO: [ app_init ] --START--
INFO: Run Behavior\BuildLiteBehavior [ RunTime:0.000000s ]
INFO: [ app_init ] --END-- [ RunTime:0.001000s ]

[ 2018-01-24T17:29:33+08:00 ] 127.0.0.1 /diandeng/Public/Home/images/prev.png
INFO: [ app_init ] --START--
INFO: Run Behavior\BuildLiteBehavior [ RunTime:0.000000s ]
INFO: [ app_init ] --END-- [ RunTime:0.001000s ]

[ 2018-01-24T17:29:33+08:00 ] 127.0.0.1 /diandeng/Public/Home/upload/pic2.jpg
INFO: [ app_init ] --START--
INFO: Run Behavior\BuildLiteBehavior [ RunTime:0.000000s ]
INFO: [ app_init ] --END-- [ RunTime:0.000000s ]

[ 2018-01-24T17:29:33+08:00 ] 127.0.0.1 /diandeng/Public/Home/images/next.png
INFO: [ app_init ] --START--
INFO: Run Behavior\BuildLiteBehavior [ RunTime:0.000000s ]
INFO: [ app_init ] --END-- [ RunTime:0.001000s ]

[ 2018-01-24T17:29:33+08:00 ] 127.0.0.1 /diandeng/Public/Home/upload/pic3.jpg
INFO: [ app_init ] --START--
INFO: Run Behavior\BuildLiteBehavior [ RunTime:0.000000s ]
INFO: [ app_init ] --END-- [ RunTime:0.001000s ]

[ 2018-01-24T17:29:33+08:00 ] 127.0.0.1 /diandeng/Public/Home/images/logo.jpg
INFO: [ app_init ] --START--
INFO: Run Behavior\BuildLiteBehavior [ RunTime:0.000000s ]
INFO: [ app_init ] --END-- [ RunTime:0.001000s ]

[ 2018-01-24T17:29:33+08:00 ] 127.0.0.1 /diandeng/Public/Home/upload/banner.jpg
INFO: [ app_init ] --START--
INFO: Run Behavior\BuildLiteBehavior [ RunTime:0.000000s ]
INFO: [ app_init ] --END-- [ RunTime:0.000000s ]

[ 2018-01-24T17:29:34+08:00 ] 127.0.0.1 /diandeng/Public/Home/upload/pic1.jpg
INFO: [ app_init ] --START--
INFO: Run Behavior\BuildLiteBehavior [ RunTime:0.000000s ]
INFO: [ app_init ] --END-- [ RunTime:0.001001s ]

[ 2018-01-24T17:29:34+08:00 ] 127.0.0.1 /diandeng/Public/Home/images/prev.png
INFO: [ app_init ] --START--
INFO: Run Behavior\BuildLiteBehavior [ RunTime:0.001000s ]
INFO: [ app_init ] --END-- [ RunTime:0.002000s ]

[ 2018-01-24T17:29:34+08:00 ] 127.0.0.1 /diandeng/Public/Home/upload/pic3.jpg
INFO: [ app_init ] --START--
INFO: Run Behavior\BuildLiteBehavior [ RunTime:0.000000s ]
INFO: [ app_init ] --END-- [ RunTime:0.001000s ]

[ 2018-01-24T17:29:34+08:00 ] 127.0.0.1 /diandeng/Public/Home/upload/pic2.jpg
INFO: [ app_init ] --START--
INFO: Run Behavior\BuildLiteBehavior [ RunTime:0.000000s ]
INFO: [ app_init ] --END-- [ RunTime:0.001000s ]

[ 2018-01-24T17:29:34+08:00 ] 127.0.0.1 /diandeng/Public/Home/images/next.png
INFO: [ app_init ] --START--
INFO: Run Behavior\BuildLiteBehavior [ RunTime:0.000000s ]
INFO: [ app_init ] --END-- [ RunTime:0.001001s ]

[ 2018-01-24T17:30:56+08:00 ] 127.0.0.1 /diandeng/
INFO: [ app_init ] --START--
INFO: Run Behavior\BuildLiteBehavior [ RunTime:0.000000s ]
INFO: [ app_init ] --END-- [ RunTime:0.004000s ]
INFO: [ app_begin ] --START--
INFO: Run Behavior\ReadHtmlCacheBehavior [ RunTime:0.017001s ]
INFO: [ app_begin ] --END-- [ RunTime:0.017001s ]
SQL: SHOW COLUMNS FROM `newstypes` [ RunTime:0.0040s ]
SQL: SELECT * FROM `newstypes` WHERE ( state=1 ) ORDER BY sort desc LIMIT 7   [ RunTime:0.0090s ]
SQL: SELECT * FROM `newstypes` WHERE ( fid=3 ) ORDER BY sort desc  [ RunTime:0.0400s ]
SQL: SELECT * FROM `newstypes` WHERE ( fid=1 ) ORDER BY sort desc  [ RunTime:0.0000s ]
SQL: SELECT * FROM `newstypes` WHERE ( fid=2 ) ORDER BY sort desc  [ RunTime:0.0010s ]
SQL: SELECT * FROM `newstypes` WHERE ( fid=11 ) ORDER BY sort desc  [ RunTime:0.0000s ]
SQL: SELECT * FROM `newstypes` WHERE ( fid=6 ) ORDER BY sort desc  [ RunTime:0.0010s ]
SQL: SHOW COLUMNS FROM `config` [ RunTime:0.0040s ]
SQL: SELECT * FROM `config` WHERE `id` = 1 LIMIT 1   [ RunTime:0.0000s ]
SQL: SHOW COLUMNS FROM `content` [ RunTime:0.0030s ]
SQL: SELECT * FROM `content` WHERE `type` = 1 AND `postion` = 3 LIMIT 1   [ RunTime:0.0710s ]
SQL: SELECT * FROM `newstypes` WHERE ( fid=1 ) ORDER BY sort desc  [ RunTime:0.0010s ]
SQL: SHOW COLUMNS FROM `news` [ RunTime:0.0040s ]
SQL: SELECT * FROM `news` WHERE `typeid` IN ('19','20') ORDER BY sort desc LIMIT 8   [ RunTime:0.0010s ]
SQL: SELECT * FROM `newstypes` WHERE ( fid=2 ) ORDER BY sort desc  [ RunTime:0.0010s ]
SQL: SELECT * FROM `news` WHERE `typeid` = 21 ORDER BY sort desc LIMIT 6   [ RunTime:0.0000s ]
SQL: SHOW COLUMNS FROM `banner` [ RunTime:0.0340s ]
SQL: SELECT * FROM `banner` ORDER BY sort desc LIMIT 3   [ RunTime:0.0000s ]
SQL: SELECT * FROM `content` WHERE `type` = 2 AND `postion` = 3 LIMIT 1   [ RunTime:0.0010s ]
SQL: SHOW COLUMNS FROM `friend` [ RunTime:0.0040s ]
SQL: SELECT * FROM `friend`  [ RunTime:0.0000s ]
SQL: SELECT * FROM `news` WHERE ( typeid=28 ) ORDER BY sort desc LIMIT 4   [ RunTime:0.0010s ]
INFO: [ view_parse ] --START--
INFO: [ template_filter ] --START--
INFO: Run Behavior\ContentReplaceBehavior [ RunTime:0.000000s ]
INFO: [ template_filter ] --END-- [ RunTime:0.000000s ]
INFO: Run Behavior\ParseTemplateBehavior [ RunTime:0.027002s ]
INFO: [ view_parse ] --END-- [ RunTime:0.027002s ]
INFO: [ view_filter ] --START--
INFO: Run Behavior\WriteHtmlCacheBehavior [ RunTime:0.001000s ]
INFO: [ view_filter ] --END-- [ RunTime:0.001000s ]
INFO: [ app_end ] --START--
INFO: Run Behavior\ShowPageTraceBehavior [ RunTime:0.002000s ]
INFO: [ app_end ] --END-- [ RunTime:0.002000s ]

[ 2018-01-24T17:44:54+08:00 ] 127.0.0.1 /diandeng/
INFO: [ app_init ] --START--
INFO: Run Behavior\BuildLiteBehavior [ RunTime:0.000000s ]
INFO: [ app_init ] --END-- [ RunTime:0.001000s ]
INFO: [ app_begin ] --START--
INFO: Run Behavior\ReadHtmlCacheBehavior [ RunTime:0.003000s ]
INFO: [ app_begin ] --END-- [ RunTime:0.003000s ]
SQL: SHOW COLUMNS FROM `newstypes` [ RunTime:0.0350s ]
SQL: SELECT * FROM `newstypes` WHERE ( state=1 ) ORDER BY sort desc LIMIT 7   [ RunTime:0.0010s ]
SQL: SELECT * FROM `newstypes` WHERE ( fid=3 ) ORDER BY sort desc  [ RunTime:0.0010s ]
SQL: SELECT * FROM `newstypes` WHERE ( fid=1 ) ORDER BY sort desc  [ RunTime:0.0010s ]
SQL: SELECT * FROM `newstypes` WHERE ( fid=2 ) ORDER BY sort desc  [ RunTime:0.0000s ]
SQL: SELECT * FROM `newstypes` WHERE ( fid=11 ) ORDER BY sort desc  [ RunTime:0.0010s ]
SQL: SELECT * FROM `newstypes` WHERE ( fid=6 ) ORDER BY sort desc  [ RunTime:0.0000s ]
SQL: SHOW COLUMNS FROM `config` [ RunTime:0.0040s ]
SQL: SELECT * FROM `config` WHERE `id` = 1 LIMIT 1   [ RunTime:0.0000s ]
SQL: SHOW COLUMNS FROM `content` [ RunTime:0.0050s ]
SQL: SELECT * FROM `content` WHERE `type` = 1 AND `postion` = 3 LIMIT 1   [ RunTime:0.0010s ]
SQL: SELECT * FROM `newstypes` WHERE ( fid=1 ) ORDER BY sort desc  [ RunTime:0.0010s ]
SQL: SHOW COLUMNS FROM `news` [ RunTime:0.0050s ]
SQL: SELECT * FROM `news` WHERE `typeid` IN ('19','20') ORDER BY sort desc LIMIT 8   [ RunTime:0.0010s ]
SQL: SELECT * FROM `newstypes` WHERE ( fid=2 ) ORDER BY sort desc  [ RunTime:0.0010s ]
SQL: SELECT * FROM `news` WHERE `typeid` = 21 ORDER BY sort desc LIMIT 6   [ RunTime:0.0000s ]
SQL: SHOW COLUMNS FROM `banner` [ RunTime:0.0040s ]
SQL: SELECT * FROM `banner` ORDER BY sort desc LIMIT 3   [ RunTime:0.0010s ]
SQL: SELECT * FROM `content` WHERE `type` = 2 AND `postion` = 3 LIMIT 1   [ RunTime:0.0010s ]
SQL: SHOW COLUMNS FROM `friend` [ RunTime:0.0060s ]
SQL: SELECT * FROM `friend`  [ RunTime:0.0010s ]
SQL: SELECT * FROM `news` WHERE ( typeid=28 ) ORDER BY sort desc LIMIT 4   [ RunTime:0.0010s ]
INFO: [ view_parse ] --START--
INFO: [ template_filter ] --START--
INFO: Run Behavior\ContentReplaceBehavior [ RunTime:0.001000s ]
INFO: [ template_filter ] --END-- [ RunTime:0.001000s ]
INFO: Run Behavior\ParseTemplateBehavior [ RunTime:0.078004s ]
INFO: [ view_parse ] --END-- [ RunTime:0.078004s ]
INFO: [ view_filter ] --START--
INFO: Run Behavior\WriteHtmlCacheBehavior [ RunTime:0.008001s ]
INFO: [ view_filter ] --END-- [ RunTime:0.008001s ]
INFO: [ app_end ] --START--
INFO: Run Behavior\ShowPageTraceBehavior [ RunTime:0.005000s ]
INFO: [ app_end ] --END-- [ RunTime:0.005000s ]

[ 2018-01-24T17:45:30+08:00 ] 127.0.0.1 /diandeng/
INFO: [ app_init ] --START--
INFO: Run Behavior\BuildLiteBehavior [ RunTime:0.000000s ]
INFO: [ app_init ] --END-- [ RunTime:0.001000s ]
INFO: [ app_begin ] --START--
INFO: Run Behavior\ReadHtmlCacheBehavior [ RunTime:0.001000s ]
INFO: [ app_begin ] --END-- [ RunTime:0.001000s ]
SQL: SHOW COLUMNS FROM `newstypes` [ RunTime:0.0040s ]
SQL: SELECT * FROM `newstypes` WHERE ( state=1 ) ORDER BY sort desc LIMIT 7   [ RunTime:0.0000s ]
SQL: SELECT * FROM `newstypes` WHERE ( fid=3 ) ORDER BY sort desc  [ RunTime:0.0000s ]
SQL: SELECT * FROM `newstypes` WHERE ( fid=1 ) ORDER BY sort desc  [ RunTime:0.0000s ]
SQL: SELECT * FROM `newstypes` WHERE ( fid=2 ) ORDER BY sort desc  [ RunTime:0.0010s ]
SQL: SELECT * FROM `newstypes` WHERE ( fid=11 ) ORDER BY sort desc  [ RunTime:0.0000s ]
SQL: SELECT * FROM `newstypes` WHERE ( fid=6 ) ORDER BY sort desc  [ RunTime:0.0000s ]
SQL: SHOW COLUMNS FROM `config` [ RunTime:0.0050s ]
SQL: SELECT * FROM `config` WHERE `id` = 1 LIMIT 1   [ RunTime:0.0000s ]
SQL: SHOW COLUMNS FROM `content` [ RunTime:0.0040s ]
SQL: SELECT * FROM `content` WHERE `type` = 1 AND `postion` = 3 LIMIT 1   [ RunTime:0.0010s ]
SQL: SELECT * FROM `newstypes` WHERE ( fid=1 ) ORDER BY sort desc  [ RunTime:0.0000s ]
SQL: SHOW COLUMNS FROM `news` [ RunTime:0.0040s ]
SQL: SELECT * FROM `news` WHERE `typeid` IN ('19','20') ORDER BY sort desc LIMIT 8   [ RunTime:0.0010s ]
SQL: SELECT * FROM `newstypes` WHERE ( fid=2 ) ORDER BY sort desc  [ RunTime:0.0010s ]
SQL: SELECT * FROM `news` WHERE `typeid` = 21 ORDER BY sort desc LIMIT 6   [ RunTime:0.0010s ]
SQL: SHOW COLUMNS FROM `banner` [ RunTime:0.0040s ]
SQL: SELECT * FROM `banner` ORDER BY sort desc LIMIT 3   [ RunTime:0.0240s ]
SQL: SELECT * FROM `content` WHERE `type` = 2 AND `postion` = 3 LIMIT 1   [ RunTime:0.0010s ]
SQL: SHOW COLUMNS FROM `friend` [ RunTime:0.0120s ]
SQL: SELECT * FROM `friend`  [ RunTime:0.0010s ]
SQL: SELECT * FROM `news` WHERE ( typeid=28 ) ORDER BY sort desc LIMIT 4   [ RunTime:0.0010s ]
INFO: [ view_parse ] --START--
INFO: [ template_filter ] --START--
INFO: Run Behavior\ContentReplaceBehavior [ RunTime:0.000000s ]
INFO: [ template_filter ] --END-- [ RunTime:0.000000s ]
INFO: Run Behavior\ParseTemplateBehavior [ RunTime:0.017001s ]
INFO: [ view_parse ] --END-- [ RunTime:0.017001s ]
INFO: [ view_filter ] --START--
INFO: Run Behavior\WriteHtmlCacheBehavior [ RunTime:0.000000s ]
INFO: [ view_filter ] --END-- [ RunTime:0.000000s ]
INFO: [ app_end ] --START--
INFO: Run Behavior\ShowPageTraceBehavior [ RunTime:0.001000s ]
INFO: [ app_end ] --END-- [ RunTime:0.001000s ]

[ 2018-01-24T17:45:57+08:00 ] 127.0.0.1 /diandeng/
INFO: [ app_init ] --START--
INFO: Run Behavior\BuildLiteBehavior [ RunTime:0.000000s ]
INFO: [ app_init ] --END-- [ RunTime:0.000000s ]
INFO: [ app_begin ] --START--
INFO: Run Behavior\ReadHtmlCacheBehavior [ RunTime:0.001000s ]
INFO: [ app_begin ] --END-- [ RunTime:0.002000s ]
SQL: SHOW COLUMNS FROM `newstypes` [ RunTime:0.0050s ]
SQL: SELECT * FROM `newstypes` WHERE ( state=1 ) ORDER BY sort desc LIMIT 7   [ RunTime:0.0000s ]
SQL: SELECT * FROM `newstypes` WHERE ( fid=3 ) ORDER BY sort desc  [ RunTime:0.0010s ]
SQL: SELECT * FROM `newstypes` WHERE ( fid=1 ) ORDER BY sort desc  [ RunTime:0.0000s ]
SQL: SELECT * FROM `newstypes` WHERE ( fid=2 ) ORDER BY sort desc  [ RunTime:0.0000s ]
SQL: SELECT * FROM `newstypes` WHERE ( fid=11 ) ORDER BY sort desc  [ RunTime:0.0000s ]
SQL: SELECT * FROM `newstypes` WHERE ( fid=6 ) ORDER BY sort desc  [ RunTime:0.0010s ]
SQL: SHOW COLUMNS FROM `config` [ RunTime:0.0050s ]
SQL: SELECT * FROM `config` WHERE `id` = 1 LIMIT 1   [ RunTime:0.0010s ]
SQL: SHOW COLUMNS FROM `content` [ RunTime:0.0050s ]
SQL: SELECT * FROM `content` WHERE `type` = 1 AND `postion` = 3 LIMIT 1   [ RunTime:0.0010s ]
SQL: SELECT * FROM `newstypes` WHERE ( fid=1 ) ORDER BY sort desc  [ RunTime:0.0010s ]
SQL: SHOW COLUMNS FROM `news` [ RunTime:0.0050s ]
SQL: SELECT * FROM `news` WHERE `typeid` IN ('19','20') ORDER BY sort desc LIMIT 8   [ RunTime:0.0010s ]
SQL: SELECT * FROM `newstypes` WHERE ( fid=2 ) ORDER BY sort desc  [ RunTime:0.0010s ]
SQL: SELECT * FROM `news` WHERE `typeid` = 21 ORDER BY sort desc LIMIT 6   [ RunTime:0.0010s ]
SQL: SHOW COLUMNS FROM `banner` [ RunTime:0.0050s ]
SQL: SELECT * FROM `banner` ORDER BY sort desc LIMIT 3   [ RunTime:0.0010s ]
SQL: SELECT * FROM `content` WHERE `type` = 2 AND `postion` = 3 LIMIT 1   [ RunTime:0.0010s ]
SQL: SHOW COLUMNS FROM `friend` [ RunTime:0.0050s ]
SQL: SELECT * FROM `friend`  [ RunTime:0.0000s ]
SQL: SELECT * FROM `news` WHERE ( typeid=28 ) ORDER BY sort desc LIMIT 4   [ RunTime:0.0010s ]
INFO: [ view_parse ] --START--
INFO: [ template_filter ] --START--
INFO: Run Behavior\ContentReplaceBehavior [ RunTime:0.000000s ]
INFO: [ template_filter ] --END-- [ RunTime:0.000000s ]
INFO: Run Behavior\ParseTemplateBehavior [ RunTime:0.018001s ]
INFO: [ view_parse ] --END-- [ RunTime:0.018001s ]
INFO: [ view_filter ] --START--
INFO: Run Behavior\WriteHtmlCacheBehavior [ RunTime:0.001000s ]
INFO: [ view_filter ] --END-- [ RunTime:0.001000s ]
INFO: [ app_end ] --START--
INFO: Run Behavior\ShowPageTraceBehavior [ RunTime:0.001001s ]
INFO: [ app_end ] --END-- [ RunTime:0.003001s ]

[ 2018-01-24T17:48:05+08:00 ] 127.0.0.1 /diandeng/
INFO: [ app_init ] --START--
INFO: Run Behavior\BuildLiteBehavior [ RunTime:0.000000s ]
INFO: [ app_init ] --END-- [ RunTime:0.001000s ]
INFO: [ app_begin ] --START--
INFO: Run Behavior\ReadHtmlCacheBehavior [ RunTime:0.003000s ]
INFO: [ app_begin ] --END-- [ RunTime:0.003000s ]
SQL: SHOW COLUMNS FROM `newstypes` [ RunTime:0.0040s ]
SQL: SELECT * FROM `newstypes` WHERE ( state=1 ) ORDER BY sort desc LIMIT 7   [ RunTime:0.0010s ]
SQL: SELECT * FROM `newstypes` WHERE ( fid=3 ) ORDER BY sort desc  [ RunTime:0.0010s ]
SQL: SELECT * FROM `newstypes` WHERE ( fid=1 ) ORDER BY sort desc  [ RunTime:0.0000s ]
SQL: SELECT * FROM `newstypes` WHERE ( fid=2 ) ORDER BY sort desc  [ RunTime:0.0000s ]
SQL: SELECT * FROM `newstypes` WHERE ( fid=11 ) ORDER BY sort desc  [ RunTime:0.0000s ]
SQL: SELECT * FROM `newstypes` WHERE ( fid=6 ) ORDER BY sort desc  [ RunTime:0.0000s ]
SQL: SHOW COLUMNS FROM `config` [ RunTime:0.0050s ]
SQL: SELECT * FROM `config` WHERE `id` = 1 LIMIT 1   [ RunTime:0.0000s ]
SQL: SHOW COLUMNS FROM `content` [ RunTime:0.0040s ]
SQL: SELECT * FROM `content` WHERE `type` = 1 AND `postion` = 3 LIMIT 1   [ RunTime:0.0000s ]
SQL: SELECT * FROM `newstypes` WHERE ( fid=1 ) ORDER BY sort desc  [ RunTime:0.0010s ]
SQL: SHOW COLUMNS FROM `news` [ RunTime:0.0040s ]
SQL: SELECT * FROM `news` WHERE `typeid` IN ('19','20') ORDER BY sort desc LIMIT 8   [ RunTime:0.0010s ]
SQL: SELECT * FROM `newstypes` WHERE ( fid=2 ) ORDER BY sort desc  [ RunTime:0.0000s ]
SQL: SELECT * FROM `news` WHERE `typeid` = 21 ORDER BY sort desc LIMIT 6   [ RunTime:0.0010s ]
SQL: SHOW COLUMNS FROM `banner` [ RunTime:0.0040s ]
SQL: SELECT * FROM `banner` ORDER BY sort desc LIMIT 3   [ RunTime:0.0000s ]
SQL: SELECT * FROM `content` WHERE `type` = 2 AND `postion` = 3 LIMIT 1   [ RunTime:0.0010s ]
SQL: SHOW COLUMNS FROM `friend` [ RunTime:0.0040s ]
SQL: SELECT * FROM `friend`  [ RunTime:0.0000s ]
SQL: SELECT * FROM `news` WHERE ( typeid=28 ) ORDER BY sort desc LIMIT 4   [ RunTime:0.0000s ]
INFO: [ view_parse ] --START--
INFO: [ template_filter ] --START--
INFO: Run Behavior\ContentReplaceBehavior [ RunTime:0.000000s ]
INFO: [ template_filter ] --END-- [ RunTime:0.000000s ]
INFO: Run Behavior\ParseTemplateBehavior [ RunTime:0.017001s ]
INFO: [ view_parse ] --END-- [ RunTime:0.017001s ]
INFO: [ view_filter ] --START--
INFO: Run Behavior\WriteHtmlCacheBehavior [ RunTime:0.001000s ]
INFO: [ view_filter ] --END-- [ RunTime:0.001000s ]
INFO: [ app_end ] --START--
INFO: Run Behavior\ShowPageTraceBehavior [ RunTime:0.003000s ]
INFO: [ app_end ] --END-- [ RunTime:0.003000s ]

[ 2018-01-24T17:48:49+08:00 ] 127.0.0.1 /diandeng/
INFO: [ app_init ] --START--
INFO: Run Behavior\BuildLiteBehavior [ RunTime:0.000000s ]
INFO: [ app_init ] --END-- [ RunTime:0.000000s ]
INFO: [ app_begin ] --START--
INFO: Run Behavior\ReadHtmlCacheBehavior [ RunTime:0.001000s ]
INFO: [ app_begin ] --END-- [ RunTime:0.001000s ]
SQL: SHOW COLUMNS FROM `newstypes` [ RunTime:0.0040s ]
SQL: SELECT * FROM `newstypes` WHERE ( state=1 ) ORDER BY sort desc LIMIT 7   [ RunTime:0.0010s ]
SQL: SELECT * FROM `newstypes` WHERE ( fid=3 ) ORDER BY sort desc  [ RunTime:0.0010s ]
SQL: SELECT * FROM `newstypes` WHERE ( fid=1 ) ORDER BY sort desc  [ RunTime:0.0000s ]
SQL: SELECT * FROM `newstypes` WHERE ( fid=2 ) ORDER BY sort desc  [ RunTime:0.0010s ]
SQL: SELECT * FROM `newstypes` WHERE ( fid=11 ) ORDER BY sort desc  [ RunTime:0.0000s ]
SQL: SELECT * FROM `newstypes` WHERE ( fid=6 ) ORDER BY sort desc  [ RunTime:0.0000s ]
SQL: SHOW COLUMNS FROM `config` [ RunTime:0.0040s ]
SQL: SELECT * FROM `config` WHERE `id` = 1 LIMIT 1   [ RunTime:0.0010s ]
SQL: SHOW COLUMNS FROM `content` [ RunTime:0.0050s ]
SQL: SELECT * FROM `content` WHERE `type` = 1 AND `postion` = 3 LIMIT 1   [ RunTime:0.0010s ]
SQL: SELECT * FROM `newstypes` WHERE ( fid=1 ) ORDER BY sort desc  [ RunTime:0.0010s ]
SQL: SHOW COLUMNS FROM `news` [ RunTime:0.0100s ]
SQL: SELECT * FROM `news` WHERE `typeid` IN ('19','20') ORDER BY sort desc LIMIT 8   [ RunTime:0.0010s ]
SQL: SELECT * FROM `newstypes` WHERE ( fid=2 ) ORDER BY sort desc  [ RunTime:0.0020s ]
SQL: SELECT * FROM `news` WHERE `typeid` = 21 ORDER BY sort desc LIMIT 6   [ RunTime:0.0010s ]
SQL: SHOW COLUMNS FROM `banner` [ RunTime:0.0050s ]
SQL: SELECT * FROM `banner` ORDER BY sort desc LIMIT 3   [ RunTime:0.0000s ]
SQL: SELECT * FROM `content` WHERE `type` = 2 AND `postion` = 3 LIMIT 1   [ RunTime:0.0000s ]
SQL: SHOW COLUMNS FROM `friend` [ RunTime:0.0040s ]
SQL: SELECT * FROM `friend`  [ RunTime:0.0000s ]
SQL: SELECT * FROM `news` WHERE ( typeid=28 ) ORDER BY sort desc LIMIT 4   [ RunTime:0.0010s ]
INFO: [ view_parse ] --START--
INFO: [ template_filter ] --START--
INFO: Run Behavior\ContentReplaceBehavior [ RunTime:0.000000s ]
INFO: [ template_filter ] --END-- [ RunTime:0.001000s ]
INFO: Run Behavior\ParseTemplateBehavior [ RunTime:0.032002s ]
INFO: [ view_parse ] --END-- [ RunTime:0.032002s ]
INFO: [ view_filter ] --START--
INFO: Run Behavior\WriteHtmlCacheBehavior [ RunTime:0.001000s ]
INFO: [ view_filter ] --END-- [ RunTime:0.001000s ]
INFO: [ app_end ] --START--
INFO: Run Behavior\ShowPageTraceBehavior [ RunTime:0.002000s ]
INFO: [ app_end ] --END-- [ RunTime:0.002000s ]

[ 2018-01-24T17:49:10+08:00 ] 127.0.0.1 /diandeng/
INFO: [ app_init ] --START--
INFO: Run Behavior\BuildLiteBehavior [ RunTime:0.000000s ]
INFO: [ app_init ] --END-- [ RunTime:0.001000s ]
INFO: [ app_begin ] --START--
INFO: Run Behavior\ReadHtmlCacheBehavior [ RunTime:0.001000s ]
INFO: [ app_begin ] --END-- [ RunTime:0.001000s ]
SQL: SHOW COLUMNS FROM `newstypes` [ RunTime:0.0050s ]
SQL: SELECT * FROM `newstypes` WHERE ( state=1 ) ORDER BY sort desc LIMIT 7   [ RunTime:0.0010s ]
SQL: SELECT * FROM `newstypes` WHERE ( fid=3 ) ORDER BY sort desc  [ RunTime:0.0010s ]
SQL: SELECT * FROM `newstypes` WHERE ( fid=1 ) ORDER BY sort desc  [ RunTime:0.0000s ]
SQL: SELECT * FROM `newstypes` WHERE ( fid=2 ) ORDER BY sort desc  [ RunTime:0.0000s ]
SQL: SELECT * FROM `newstypes` WHERE ( fid=11 ) ORDER BY sort desc  [ RunTime:0.0010s ]
SQL: SELECT * FROM `newstypes` WHERE ( fid=6 ) ORDER BY sort desc  [ RunTime:0.0000s ]
SQL: SHOW COLUMNS FROM `config` [ RunTime:0.0040s ]
SQL: SELECT * FROM `config` WHERE `id` = 1 LIMIT 1   [ RunTime:0.0000s ]
SQL: SHOW COLUMNS FROM `content` [ RunTime:0.0050s ]
SQL: SELECT * FROM `content` WHERE `type` = 1 AND `postion` = 3 LIMIT 1   [ RunTime:0.0010s ]
SQL: SELECT * FROM `newstypes` WHERE ( fid=1 ) ORDER BY sort desc  [ RunTime:0.0010s ]
SQL: SHOW COLUMNS FROM `news` [ RunTime:0.0050s ]
SQL: SELECT * FROM `news` WHERE `typeid` IN ('19','20') ORDER BY sort desc LIMIT 8   [ RunTime:0.0010s ]
SQL: SELECT * FROM `newstypes` WHERE ( fid=2 ) ORDER BY sort desc  [ RunTime:0.0000s ]
SQL: SELECT * FROM `news` WHERE `typeid` = 21 ORDER BY sort desc LIMIT 6   [ RunTime:0.0010s ]
SQL: SHOW COLUMNS FROM `banner` [ RunTime:0.0040s ]
SQL: SELECT * FROM `banner` ORDER BY sort desc LIMIT 3   [ RunTime:0.0010s ]
SQL: SELECT * FROM `content` WHERE `type` = 2 AND `postion` = 3 LIMIT 1   [ RunTime:0.0010s ]
SQL: SHOW COLUMNS FROM `friend` [ RunTime:0.0170s ]
SQL: SELECT * FROM `friend`  [ RunTime:0.0010s ]
SQL: SELECT * FROM `news` WHERE ( typeid=28 ) ORDER BY sort desc LIMIT 4   [ RunTime:0.0010s ]
INFO: [ view_parse ] --START--
INFO: [ template_filter ] --START--
INFO: Run Behavior\ContentReplaceBehavior [ RunTime:0.000000s ]
INFO: [ template_filter ] --END-- [ RunTime:0.000000s ]
INFO: Run Behavior\ParseTemplateBehavior [ RunTime:0.017001s ]
INFO: [ view_parse ] --END-- [ RunTime:0.017001s ]
INFO: [ view_filter ] --START--
INFO: Run Behavior\WriteHtmlCacheBehavior [ RunTime:0.001000s ]
INFO: [ view_filter ] --END-- [ RunTime:0.001000s ]
INFO: [ app_end ] --START--
INFO: Run Behavior\ShowPageTraceBehavior [ RunTime:0.001000s ]
INFO: [ app_end ] --END-- [ RunTime:0.001000s ]

[ 2018-01-24T17:50:46+08:00 ] 127.0.0.1 /diandeng/
INFO: [ app_init ] --START--
INFO: Run Behavior\BuildLiteBehavior [ RunTime:0.000000s ]
INFO: [ app_init ] --END-- [ RunTime:0.000000s ]
INFO: [ app_begin ] --START--
INFO: Run Behavior\ReadHtmlCacheBehavior [ RunTime:0.001000s ]
INFO: [ app_begin ] --END-- [ RunTime:0.001000s ]
SQL: SHOW COLUMNS FROM `newstypes` [ RunTime:0.0040s ]
SQL: SELECT * FROM `newstypes` WHERE ( state=1 ) ORDER BY sort desc LIMIT 7   [ RunTime:0.0000s ]
SQL: SELECT * FROM `newstypes` WHERE ( fid=3 ) ORDER BY sort desc  [ RunTime:0.0000s ]
SQL: SELECT * FROM `newstypes` WHERE ( fid=1 ) ORDER BY sort desc  [ RunTime:0.0000s ]
SQL: SELECT * FROM `newstypes` WHERE ( fid=2 ) ORDER BY sort desc  [ RunTime:0.0010s ]
SQL: SELECT * FROM `newstypes` WHERE ( fid=11 ) ORDER BY sort desc  [ RunTime:0.0000s ]
SQL: SELECT * FROM `newstypes` WHERE ( fid=6 ) ORDER BY sort desc  [ RunTime:0.0010s ]
SQL: SHOW COLUMNS FROM `config` [ RunTime:0.0040s ]
SQL: SELECT * FROM `config` WHERE `id` = 1 LIMIT 1   [ RunTime:0.0010s ]
SQL: SHOW COLUMNS FROM `content` [ RunTime:0.0260s ]
SQL: SELECT * FROM `content` WHERE `type` = 1 AND `postion` = 3 LIMIT 1   [ RunTime:0.0010s ]
SQL: SELECT * FROM `newstypes` WHERE ( fid=1 ) ORDER BY sort desc  [ RunTime:0.0010s ]
SQL: SHOW COLUMNS FROM `news` [ RunTime:0.0040s ]
SQL: SELECT * FROM `news` WHERE `typeid` IN ('19','20') ORDER BY sort desc LIMIT 8   [ RunTime:0.0010s ]
SQL: SELECT * FROM `newstypes` WHERE ( fid=2 ) ORDER BY sort desc  [ RunTime:0.0010s ]
SQL: SELECT * FROM `news` WHERE `typeid` = 21 ORDER BY sort desc LIMIT 6   [ RunTime:0.0010s ]
SQL: SHOW COLUMNS FROM `banner` [ RunTime:0.0040s ]
SQL: SELECT * FROM `banner` ORDER BY sort desc LIMIT 3   [ RunTime:0.0000s ]
SQL: SELECT * FROM `content` WHERE `type` = 2 AND `postion` = 3 LIMIT 1   [ RunTime:0.0010s ]
SQL: SHOW COLUMNS FROM `friend` [ RunTime:0.0040s ]
SQL: SELECT * FROM `friend`  [ RunTime:0.0000s ]
SQL: SELECT * FROM `news` WHERE ( typeid=28 ) ORDER BY sort desc LIMIT 4   [ RunTime:0.0000s ]
INFO: [ view_parse ] --START--
INFO: [ template_filter ] --START--
INFO: Run Behavior\ContentReplaceBehavior [ RunTime:0.000000s ]
INFO: [ template_filter ] --END-- [ RunTime:0.000000s ]
INFO: Run Behavior\ParseTemplateBehavior [ RunTime:0.037003s ]
INFO: [ view_parse ] --END-- [ RunTime:0.037003s ]
INFO: [ view_filter ] --START--
INFO: Run Behavior\WriteHtmlCacheBehavior [ RunTime:0.001000s ]
INFO: [ view_filter ] --END-- [ RunTime:0.001000s ]
INFO: [ app_end ] --START--
INFO: Run Behavior\ShowPageTraceBehavior [ RunTime:0.001000s ]
INFO: [ app_end ] --END-- [ RunTime:0.001000s ]

[ 2018-01-24T17:51:20+08:00 ] 127.0.0.1 /diandeng/
INFO: [ app_init ] --START--
INFO: Run Behavior\BuildLiteBehavior [ RunTime:0.000000s ]
INFO: [ app_init ] --END-- [ RunTime:0.002000s ]
INFO: [ app_begin ] --START--
INFO: Run Behavior\ReadHtmlCacheBehavior [ RunTime:0.001000s ]
INFO: [ app_begin ] --END-- [ RunTime:0.001000s ]
SQL: SHOW COLUMNS FROM `newstypes` [ RunTime:0.0040s ]
SQL: SELECT * FROM `newstypes` WHERE ( state=1 ) ORDER BY sort desc LIMIT 7   [ RunTime:0.0010s ]
SQL: SELECT * FROM `newstypes` WHERE ( fid=3 ) ORDER BY sort desc  [ RunTime:0.0010s ]
SQL: SELECT * FROM `newstypes` WHERE ( fid=1 ) ORDER BY sort desc  [ RunTime:0.0000s ]
SQL: SELECT * FROM `newstypes` WHERE ( fid=2 ) ORDER BY sort desc  [ RunTime:0.0000s ]
SQL: SELECT * FROM `newstypes` WHERE ( fid=11 ) ORDER BY sort desc  [ RunTime:0.0010s ]
SQL: SELECT * FROM `newstypes` WHERE ( fid=6 ) ORDER BY sort desc  [ RunTime:0.0000s ]
SQL: SHOW COLUMNS FROM `config` [ RunTime:0.0080s ]
SQL: SELECT * FROM `config` WHERE `id` = 1 LIMIT 1   [ RunTime:0.0000s ]
SQL: SHOW COLUMNS FROM `content` [ RunTime:0.0050s ]
SQL: SELECT * FROM `content` WHERE `type` = 1 AND `postion` = 3 LIMIT 1   [ RunTime:0.0000s ]
SQL: SELECT * FROM `newstypes` WHERE ( fid=1 ) ORDER BY sort desc  [ RunTime:0.0010s ]
SQL: SHOW COLUMNS FROM `news` [ RunTime:0.0050s ]
SQL: SELECT * FROM `news` WHERE `typeid` IN ('19','20') ORDER BY sort desc LIMIT 8   [ RunTime:0.0010s ]
SQL: SELECT * FROM `newstypes` WHERE ( fid=2 ) ORDER BY sort desc  [ RunTime:0.0010s ]
SQL: SELECT * FROM `news` WHERE `typeid` = 21 ORDER BY sort desc LIMIT 6   [ RunTime:0.0010s ]
SQL: SHOW COLUMNS FROM `banner` [ RunTime:0.0040s ]
SQL: SELECT * FROM `banner` ORDER BY sort desc LIMIT 3   [ RunTime:0.0000s ]
SQL: SELECT * FROM `content` WHERE `type` = 2 AND `postion` = 3 LIMIT 1   [ RunTime:0.0000s ]
SQL: SHOW COLUMNS FROM `friend` [ RunTime:0.0040s ]
SQL: SELECT * FROM `friend`  [ RunTime:0.0000s ]
SQL: SELECT * FROM `news` WHERE ( typeid=28 ) ORDER BY sort desc LIMIT 4   [ RunTime:0.0010s ]
INFO: [ view_parse ] --START--
INFO: [ template_filter ] --START--
INFO: Run Behavior\ContentReplaceBehavior [ RunTime:0.000000s ]
INFO: [ template_filter ] --END-- [ RunTime:0.000000s ]
INFO: Run Behavior\ParseTemplateBehavior [ RunTime:0.014001s ]
INFO: [ view_parse ] --END-- [ RunTime:0.014001s ]
INFO: [ view_filter ] --START--
INFO: Run Behavior\WriteHtmlCacheBehavior [ RunTime:0.001000s ]
INFO: [ view_filter ] --END-- [ RunTime:0.001000s ]
INFO: [ app_end ] --START--
INFO: Run Behavior\ShowPageTraceBehavior [ RunTime:0.002000s ]
INFO: [ app_end ] --END-- [ RunTime:0.002000s ]

[ 2018-01-24T17:57:48+08:00 ] 127.0.0.1 /diandeng/
INFO: [ app_init ] --START--
INFO: Run Behavior\BuildLiteBehavior [ RunTime:0.000000s ]
INFO: [ app_init ] --END-- [ RunTime:0.041003s ]
INFO: [ app_begin ] --START--
INFO: Run Behavior\ReadHtmlCacheBehavior [ RunTime:0.003000s ]
INFO: [ app_begin ] --END-- [ RunTime:0.003000s ]
SQL: SHOW COLUMNS FROM `newstypes` [ RunTime:0.0060s ]
SQL: SELECT * FROM `newstypes` WHERE ( state=1 ) ORDER BY sort desc LIMIT 7   [ RunTime:0.0010s ]
SQL: SELECT * FROM `newstypes` WHERE ( fid=3 ) ORDER BY sort desc  [ RunTime:0.0010s ]
SQL: SELECT * FROM `newstypes` WHERE ( fid=1 ) ORDER BY sort desc  [ RunTime:0.0010s ]
SQL: SELECT * FROM `newstypes` WHERE ( fid=2 ) ORDER BY sort desc  [ RunTime:0.0010s ]
SQL: SELECT * FROM `newstypes` WHERE ( fid=11 ) ORDER BY sort desc  [ RunTime:0.0000s ]
SQL: SELECT * FROM `newstypes` WHERE ( fid=6 ) ORDER BY sort desc  [ RunTime:0.0010s ]
SQL: SHOW COLUMNS FROM `config` [ RunTime:0.0080s ]
SQL: SELECT * FROM `config` WHERE `id` = 1 LIMIT 1   [ RunTime:0.0010s ]
SQL: SHOW COLUMNS FROM `content` [ RunTime:0.0080s ]
SQL: SELECT * FROM `content` WHERE `type` = 1 AND `postion` = 3 LIMIT 1   [ RunTime:0.0000s ]
SQL: SELECT * FROM `newstypes` WHERE ( fid=1 ) ORDER BY sort desc  [ RunTime:0.0000s ]
SQL: SHOW COLUMNS FROM `news` [ RunTime:0.0060s ]
SQL: SELECT * FROM `news` WHERE `typeid` IN ('19','20') ORDER BY sort desc LIMIT 8   [ RunTime:0.0020s ]
SQL: SELECT * FROM `newstypes` WHERE ( fid=2 ) ORDER BY sort desc  [ RunTime:0.0010s ]
SQL: SELECT * FROM `news` WHERE `typeid` = 21 ORDER BY sort desc LIMIT 6   [ RunTime:0.0010s ]
SQL: SHOW COLUMNS FROM `banner` [ RunTime:0.0060s ]
SQL: SELECT * FROM `banner` ORDER BY sort desc LIMIT 3   [ RunTime:0.0010s ]
SQL: SELECT * FROM `content` WHERE `type` = 2 AND `postion` = 3 LIMIT 1   [ RunTime:0.0000s ]
SQL: SHOW COLUMNS FROM `friend` [ RunTime:0.0060s ]
SQL: SELECT * FROM `friend`  [ RunTime:0.0010s ]
SQL: SELECT * FROM `news` WHERE ( typeid=28 ) ORDER BY sort desc LIMIT 4   [ RunTime:0.0010s ]
INFO: [ view_parse ] --START--
INFO: [ template_filter ] --START--
INFO: Run Behavior\ContentReplaceBehavior [ RunTime:0.000000s ]
INFO: [ template_filter ] --END-- [ RunTime:0.000000s ]
INFO: Run Behavior\ParseTemplateBehavior [ RunTime:0.120007s ]
INFO: [ view_parse ] --END-- [ RunTime:0.120007s ]
INFO: [ view_filter ] --START--
INFO: Run Behavior\WriteHtmlCacheBehavior [ RunTime:0.010001s ]
INFO: [ view_filter ] --END-- [ RunTime:0.010001s ]
INFO: [ app_end ] --START--
INFO: Run Behavior\ShowPageTraceBehavior [ RunTime:0.002000s ]
INFO: [ app_end ] --END-- [ RunTime:0.002000s ]

[ 2018-01-24T17:58:03+08:00 ] 127.0.0.1 /diandeng/
INFO: [ app_init ] --START--
INFO: Run Behavior\BuildLiteBehavior [ RunTime:0.000000s ]
INFO: [ app_init ] --END-- [ RunTime:0.001000s ]
INFO: [ app_begin ] --START--
INFO: Run Behavior\ReadHtmlCacheBehavior [ RunTime:0.002000s ]
INFO: [ app_begin ] --END-- [ RunTime:0.002000s ]
SQL: SHOW COLUMNS FROM `newstypes` [ RunTime:0.0050s ]
SQL: SELECT * FROM `newstypes` WHERE ( state=1 ) ORDER BY sort desc LIMIT 7   [ RunTime:0.0010s ]
SQL: SELECT * FROM `newstypes` WHERE ( fid=3 ) ORDER BY sort desc  [ RunTime:0.0010s ]
SQL: SELECT * FROM `newstypes` WHERE ( fid=1 ) ORDER BY sort desc  [ RunTime:0.0000s ]
SQL: SELECT * FROM `newstypes` WHERE ( fid=2 ) ORDER BY sort desc  [ RunTime:0.0000s ]
SQL: SELECT * FROM `newstypes` WHERE ( fid=11 ) ORDER BY sort desc  [ RunTime:0.0000s ]
SQL: SELECT * FROM `newstypes` WHERE ( fid=6 ) ORDER BY sort desc  [ RunTime:0.0010s ]
SQL: SHOW COLUMNS FROM `config` [ RunTime:0.0090s ]
SQL: SELECT * FROM `config` WHERE `id` = 1 LIMIT 1   [ RunTime:0.0010s ]
SQL: SHOW COLUMNS FROM `content` [ RunTime:0.0070s ]
SQL: SELECT * FROM `content` WHERE `type` = 1 AND `postion` = 3 LIMIT 1   [ RunTime:0.0010s ]
SQL: SELECT * FROM `newstypes` WHERE ( fid=1 ) ORDER BY sort desc  [ RunTime:0.0000s ]
SQL: SHOW COLUMNS FROM `news` [ RunTime:0.0060s ]
SQL: SELECT * FROM `news` WHERE `typeid` IN ('19','20') ORDER BY sort desc LIMIT 8   [ RunTime:0.0020s ]
SQL: SELECT * FROM `newstypes` WHERE ( fid=2 ) ORDER BY sort desc  [ RunTime:0.0010s ]
SQL: SELECT * FROM `news` WHERE `typeid` = 21 ORDER BY sort desc LIMIT 6   [ RunTime:0.0010s ]
SQL: SHOW COLUMNS FROM `banner` [ RunTime:0.0060s ]
SQL: SELECT * FROM `banner` ORDER BY sort desc LIMIT 3   [ RunTime:0.0000s ]
SQL: SELECT * FROM `content` WHERE `type` = 2 AND `postion` = 3 LIMIT 1   [ RunTime:0.0000s ]
SQL: SHOW COLUMNS FROM `friend` [ RunTime:0.0030s ]
SQL: SELECT * FROM `friend`  [ RunTime:0.0010s ]
SQL: SELECT * FROM `news` WHERE ( typeid=28 ) ORDER BY sort desc LIMIT 4   [ RunTime:0.0040s ]
INFO: [ view_parse ] --START--
INFO: [ template_filter ] --START--
INFO: Run Behavior\ContentReplaceBehavior [ RunTime:0.000000s ]
INFO: [ template_filter ] --END-- [ RunTime:0.000000s ]
INFO: Run Behavior\ParseTemplateBehavior [ RunTime:0.024002s ]
INFO: [ view_parse ] --END-- [ RunTime:0.024002s ]
INFO: [ view_filter ] --START--
INFO: Run Behavior\WriteHtmlCacheBehavior [ RunTime:0.001000s ]
INFO: [ view_filter ] --END-- [ RunTime:0.001000s ]
INFO: [ app_end ] --START--
INFO: Run Behavior\ShowPageTraceBehavior [ RunTime:0.002000s ]
INFO: [ app_end ] --END-- [ RunTime:0.002000s ]

[ 2018-01-24T17:58:37+08:00 ] 127.0.0.1 /diandeng/
INFO: [ app_init ] --START--
INFO: Run Behavior\BuildLiteBehavior [ RunTime:0.000000s ]
INFO: [ app_init ] --END-- [ RunTime:0.003000s ]
INFO: [ app_begin ] --START--
INFO: Run Behavior\ReadHtmlCacheBehavior [ RunTime:0.002000s ]
INFO: [ app_begin ] --END-- [ RunTime:0.003000s ]
SQL: SHOW COLUMNS FROM `newstypes` [ RunTime:0.0970s ]
SQL: SELECT * FROM `newstypes` WHERE ( state=1 ) ORDER BY sort desc LIMIT 7   [ RunTime:0.0010s ]
SQL: SELECT * FROM `newstypes` WHERE ( fid=3 ) ORDER BY sort desc  [ RunTime:0.0010s ]
SQL: SELECT * FROM `newstypes` WHERE ( fid=1 ) ORDER BY sort desc  [ RunTime:0.0010s ]
SQL: SELECT * FROM `newstypes` WHERE ( fid=2 ) ORDER BY sort desc  [ RunTime:0.0000s ]
SQL: SELECT * FROM `newstypes` WHERE ( fid=11 ) ORDER BY sort desc  [ RunTime:0.0010s ]
SQL: SELECT * FROM `newstypes` WHERE ( fid=6 ) ORDER BY sort desc  [ RunTime:0.0000s ]
SQL: SHOW COLUMNS FROM `config` [ RunTime:0.0100s ]
SQL: SELECT * FROM `config` WHERE `id` = 1 LIMIT 1   [ RunTime:0.0000s ]
SQL: SHOW COLUMNS FROM `content` [ RunTime:0.0190s ]
SQL: SELECT * FROM `content` WHERE `type` = 1 AND `postion` = 3 LIMIT 1   [ RunTime:0.0000s ]
SQL: SELECT * FROM `newstypes` WHERE ( fid=1 ) ORDER BY sort desc  [ RunTime:0.0000s ]
SQL: SHOW COLUMNS FROM `news` [ RunTime:0.0170s ]
SQL: SELECT * FROM `news` WHERE `typeid` IN ('19','20') ORDER BY sort desc LIMIT 8   [ RunTime:0.0010s ]
SQL: SELECT * FROM `newstypes` WHERE ( fid=2 ) ORDER BY sort desc  [ RunTime:0.0000s ]
SQL: SELECT * FROM `news` WHERE `typeid` = 21 ORDER BY sort desc LIMIT 6   [ RunTime:0.0000s ]
SQL: SHOW COLUMNS FROM `banner` [ RunTime:0.0240s ]
SQL: SELECT * FROM `banner` ORDER BY sort desc LIMIT 3   [ RunTime:0.0000s ]
SQL: SELECT * FROM `content` WHERE `type` = 2 AND `postion` = 3 LIMIT 1   [ RunTime:0.0000s ]
SQL: SHOW COLUMNS FROM `friend` [ RunTime:0.0180s ]
SQL: SELECT * FROM `friend`  [ RunTime:0.0000s ]
SQL: SELECT * FROM `news` WHERE ( typeid=28 ) ORDER BY sort desc LIMIT 4   [ RunTime:0.0000s ]
INFO: [ view_parse ] --START--
INFO: [ template_filter ] --START--
INFO: Run Behavior\ContentReplaceBehavior [ RunTime:0.000000s ]
INFO: [ template_filter ] --END-- [ RunTime:0.000000s ]
INFO: Run Behavior\ParseTemplateBehavior [ RunTime:0.013000s ]
INFO: [ view_parse ] --END-- [ RunTime:0.013000s ]
INFO: [ view_filter ] --START--
INFO: Run Behavior\WriteHtmlCacheBehavior [ RunTime:0.001000s ]
INFO: [ view_filter ] --END-- [ RunTime:0.001000s ]
INFO: [ app_end ] --START--
INFO: Run Behavior\ShowPageTraceBehavior [ RunTime:0.001001s ]
INFO: [ app_end ] --END-- [ RunTime:0.002001s ]

[ 2018-01-24T17:58:53+08:00 ] 127.0.0.1 /diandeng/
INFO: [ app_init ] --START--
INFO: Run Behavior\BuildLiteBehavior [ RunTime:0.000000s ]
INFO: [ app_init ] --END-- [ RunTime:0.001000s ]
INFO: [ app_begin ] --START--
INFO: Run Behavior\ReadHtmlCacheBehavior [ RunTime:0.002000s ]
INFO: [ app_begin ] --END-- [ RunTime:0.002000s ]
SQL: SHOW COLUMNS FROM `newstypes` [ RunTime:0.0040s ]
SQL: SELECT * FROM `newstypes` WHERE ( state=1 ) ORDER BY sort desc LIMIT 7   [ RunTime:0.0010s ]
SQL: SELECT * FROM `newstypes` WHERE ( fid=3 ) ORDER BY sort desc  [ RunTime:0.0000s ]
SQL: SELECT * FROM `newstypes` WHERE ( fid=1 ) ORDER BY sort desc  [ RunTime:0.0000s ]
SQL: SELECT * FROM `newstypes` WHERE ( fid=2 ) ORDER BY sort desc  [ RunTime:0.0010s ]
SQL: SELECT * FROM `newstypes` WHERE ( fid=11 ) ORDER BY sort desc  [ RunTime:0.0000s ]
SQL: SELECT * FROM `newstypes` WHERE ( fid=6 ) ORDER BY sort desc  [ RunTime:0.0010s ]
SQL: SHOW COLUMNS FROM `config` [ RunTime:0.0030s ]
SQL: SELECT * FROM `config` WHERE `id` = 1 LIMIT 1   [ RunTime:0.0000s ]
SQL: SHOW COLUMNS FROM `content` [ RunTime:0.0040s ]
SQL: SELECT * FROM `content` WHERE `type` = 1 AND `postion` = 3 LIMIT 1   [ RunTime:0.0000s ]
SQL: SELECT * FROM `newstypes` WHERE ( fid=1 ) ORDER BY sort desc  [ RunTime:0.0000s ]
SQL: SHOW COLUMNS FROM `news` [ RunTime:0.0040s ]
SQL: SELECT * FROM `news` WHERE `typeid` IN ('19','20') ORDER BY sort desc LIMIT 8   [ RunTime:0.0010s ]
SQL: SELECT * FROM `newstypes` WHERE ( fid=2 ) ORDER BY sort desc  [ RunTime:0.0000s ]
SQL: SELECT * FROM `news` WHERE `typeid` = 21 ORDER BY sort desc LIMIT 6   [ RunTime:0.0010s ]
SQL: SHOW COLUMNS FROM `banner` [ RunTime:0.0040s ]
SQL: SELECT * FROM `banner` ORDER BY sort desc LIMIT 3   [ RunTime:0.0010s ]
SQL: SELECT * FROM `content` WHERE `type` = 2 AND `postion` = 3 LIMIT 1   [ RunTime:0.0000s ]
SQL: SHOW COLUMNS FROM `friend` [ RunTime:0.0040s ]
SQL: SELECT * FROM `friend`  [ RunTime:0.0010s ]
SQL: SELECT * FROM `news` WHERE ( typeid=28 ) ORDER BY sort desc LIMIT 4   [ RunTime:0.0000s ]
INFO: [ view_parse ] --START--
INFO: [ template_filter ] --START--
INFO: Run Behavior\ContentReplaceBehavior [ RunTime:0.000000s ]
INFO: [ template_filter ] --END-- [ RunTime:0.001000s ]
INFO: Run Behavior\ParseTemplateBehavior [ RunTime:0.014001s ]
INFO: [ view_parse ] --END-- [ RunTime:0.014001s ]
INFO: [ view_filter ] --START--
INFO: Run Behavior\WriteHtmlCacheBehavior [ RunTime:0.001000s ]
INFO: [ view_filter ] --END-- [ RunTime:0.001000s ]
INFO: [ app_end ] --START--
INFO: Run Behavior\ShowPageTraceBehavior [ RunTime:0.001000s ]
INFO: [ app_end ] --END-- [ RunTime:0.002000s ]

[ 2018-01-24T17:59:01+08:00 ] 127.0.0.1 /diandeng/
INFO: [ app_init ] --START--
INFO: Run Behavior\BuildLiteBehavior [ RunTime:0.000000s ]
INFO: [ app_init ] --END-- [ RunTime:0.000000s ]
INFO: [ app_begin ] --START--
INFO: Run Behavior\ReadHtmlCacheBehavior [ RunTime:0.001001s ]
INFO: [ app_begin ] --END-- [ RunTime:0.001001s ]
SQL: SHOW COLUMNS FROM `newstypes` [ RunTime:0.0100s ]
SQL: SELECT * FROM `newstypes` WHERE ( state=1 ) ORDER BY sort desc LIMIT 7   [ RunTime:0.0010s ]
SQL: SELECT * FROM `newstypes` WHERE ( fid=3 ) ORDER BY sort desc  [ RunTime:0.0010s ]
SQL: SELECT * FROM `newstypes` WHERE ( fid=1 ) ORDER BY sort desc  [ RunTime:0.0010s ]
SQL: SELECT * FROM `newstypes` WHERE ( fid=2 ) ORDER BY sort desc  [ RunTime:0.0010s ]
SQL: SELECT * FROM `newstypes` WHERE ( fid=11 ) ORDER BY sort desc  [ RunTime:0.0010s ]
SQL: SELECT * FROM `newstypes` WHERE ( fid=6 ) ORDER BY sort desc  [ RunTime:0.0010s ]
SQL: SHOW COLUMNS FROM `config` [ RunTime:0.0080s ]
SQL: SELECT * FROM `config` WHERE `id` = 1 LIMIT 1   [ RunTime:0.0010s ]
SQL: SHOW COLUMNS FROM `content` [ RunTime:0.0070s ]
SQL: SELECT * FROM `content` WHERE `type` = 1 AND `postion` = 3 LIMIT 1   [ RunTime:0.0010s ]
SQL: SELECT * FROM `newstypes` WHERE ( fid=1 ) ORDER BY sort desc  [ RunTime:0.0010s ]
SQL: SHOW COLUMNS FROM `news` [ RunTime:0.0090s ]
SQL: SELECT * FROM `news` WHERE `typeid` IN ('19','20') ORDER BY sort desc LIMIT 8   [ RunTime:0.0020s ]
SQL: SELECT * FROM `newstypes` WHERE ( fid=2 ) ORDER BY sort desc  [ RunTime:0.0000s ]
SQL: SELECT * FROM `news` WHERE `typeid` = 21 ORDER BY sort desc LIMIT 6   [ RunTime:0.0030s ]
SQL: SHOW COLUMNS FROM `banner` [ RunTime:0.0060s ]
SQL: SELECT * FROM `banner` ORDER BY sort desc LIMIT 3   [ RunTime:0.0010s ]
SQL: SELECT * FROM `content` WHERE `type` = 2 AND `postion` = 3 LIMIT 1   [ RunTime:0.0070s ]
SQL: SHOW COLUMNS FROM `friend` [ RunTime:0.0080s ]
SQL: SELECT * FROM `friend`  [ RunTime:0.0010s ]
SQL: SELECT * FROM `news` WHERE ( typeid=28 ) ORDER BY sort desc LIMIT 4   [ RunTime:0.0010s ]
INFO: [ view_parse ] --START--
INFO: [ template_filter ] --START--
INFO: Run Behavior\ContentReplaceBehavior [ RunTime:0.005000s ]
INFO: [ template_filter ] --END-- [ RunTime:0.005000s ]
INFO: Run Behavior\ParseTemplateBehavior [ RunTime:0.019001s ]
INFO: [ view_parse ] --END-- [ RunTime:0.020001s ]
INFO: [ view_filter ] --START--
INFO: Run Behavior\WriteHtmlCacheBehavior [ RunTime:0.000000s ]
INFO: [ view_filter ] --END-- [ RunTime:0.000000s ]
INFO: [ app_end ] --START--
INFO: Run Behavior\ShowPageTraceBehavior [ RunTime:0.001000s ]
INFO: [ app_end ] --END-- [ RunTime:0.001000s ]

[ 2018-01-24T17:59:19+08:00 ] 127.0.0.1 /diandeng/
INFO: [ app_init ] --START--
INFO: Run Behavior\BuildLiteBehavior [ RunTime:0.000000s ]
INFO: [ app_init ] --END-- [ RunTime:0.001000s ]
INFO: [ app_begin ] --START--
INFO: Run Behavior\ReadHtmlCacheBehavior [ RunTime:0.001000s ]
INFO: [ app_begin ] --END-- [ RunTime:0.001000s ]
SQL: SHOW COLUMNS FROM `newstypes` [ RunTime:0.0040s ]
SQL: SELECT * FROM `newstypes` WHERE ( state=1 ) ORDER BY sort desc LIMIT 7   [ RunTime:0.0000s ]
SQL: SELECT * FROM `newstypes` WHERE ( fid=3 ) ORDER BY sort desc  [ RunTime:0.0000s ]
SQL: SELECT * FROM `newstypes` WHERE ( fid=1 ) ORDER BY sort desc  [ RunTime:0.0010s ]
SQL: SELECT * FROM `newstypes` WHERE ( fid=2 ) ORDER BY sort desc  [ RunTime:0.0010s ]
SQL: SELECT * FROM `newstypes` WHERE ( fid=11 ) ORDER BY sort desc  [ RunTime:0.0000s ]
SQL: SELECT * FROM `newstypes` WHERE ( fid=6 ) ORDER BY sort desc  [ RunTime:0.0010s ]
SQL: SHOW COLUMNS FROM `config` [ RunTime:0.0040s ]
SQL: SELECT * FROM `config` WHERE `id` = 1 LIMIT 1   [ RunTime:0.0000s ]
SQL: SHOW COLUMNS FROM `content` [ RunTime:0.0040s ]
SQL: SELECT * FROM `content` WHERE `type` = 1 AND `postion` = 3 LIMIT 1   [ RunTime:0.0010s ]
SQL: SELECT * FROM `newstypes` WHERE ( fid=1 ) ORDER BY sort desc  [ RunTime:0.0000s ]
SQL: SHOW COLUMNS FROM `news` [ RunTime:0.0040s ]
SQL: SELECT * FROM `news` WHERE `typeid` IN ('19','20') ORDER BY sort desc LIMIT 8   [ RunTime:0.0010s ]
SQL: SELECT * FROM `newstypes` WHERE ( fid=2 ) ORDER BY sort desc  [ RunTime:0.0010s ]
SQL: SELECT * FROM `news` WHERE `typeid` = 21 ORDER BY sort desc LIMIT 6   [ RunTime:0.0000s ]
SQL: SHOW COLUMNS FROM `banner` [ RunTime:0.0050s ]
SQL: SELECT * FROM `banner` ORDER BY sort desc LIMIT 3   [ RunTime:0.0000s ]
SQL: SELECT * FROM `content` WHERE `type` = 2 AND `postion` = 3 LIMIT 1   [ RunTime:0.0000s ]
SQL: SHOW COLUMNS FROM `friend` [ RunTime:0.0050s ]
SQL: SELECT * FROM `friend`  [ RunTime:0.0000s ]
SQL: SELECT * FROM `news` WHERE ( typeid=28 ) ORDER BY sort desc LIMIT 4   [ RunTime:0.0010s ]
INFO: [ view_parse ] --START--
INFO: [ template_filter ] --START--
INFO: Run Behavior\ContentReplaceBehavior [ RunTime:0.000000s ]
INFO: [ template_filter ] --END-- [ RunTime:0.000000s ]
INFO: Run Behavior\ParseTemplateBehavior [ RunTime:0.014001s ]
INFO: [ view_parse ] --END-- [ RunTime:0.014001s ]
INFO: [ view_filter ] --START--
INFO: Run Behavior\WriteHtmlCacheBehavior [ RunTime:0.001000s ]
INFO: [ view_filter ] --END-- [ RunTime:0.001000s ]
INFO: [ app_end ] --START--
INFO: Run Behavior\ShowPageTraceBehavior [ RunTime:0.001000s ]
INFO: [ app_end ] --END-- [ RunTime:0.001000s ]

[ 2018-01-24T17:59:56+08:00 ] 127.0.0.1 /diandeng/
INFO: [ app_init ] --START--
INFO: Run Behavior\BuildLiteBehavior [ RunTime:0.000000s ]
INFO: [ app_init ] --END-- [ RunTime:0.001000s ]
INFO: [ app_begin ] --START--
INFO: Run Behavior\ReadHtmlCacheBehavior [ RunTime:0.001000s ]
INFO: [ app_begin ] --END-- [ RunTime:0.001000s ]
SQL: SHOW COLUMNS FROM `newstypes` [ RunTime:0.0090s ]
SQL: SELECT * FROM `newstypes` WHERE ( state=1 ) ORDER BY sort desc LIMIT 7   [ RunTime:0.0010s ]
SQL: SELECT * FROM `newstypes` WHERE ( fid=3 ) ORDER BY sort desc  [ RunTime:0.0040s ]
SQL: SELECT * FROM `newstypes` WHERE ( fid=1 ) ORDER BY sort desc  [ RunTime:0.0010s ]
SQL: SELECT * FROM `newstypes` WHERE ( fid=2 ) ORDER BY sort desc  [ RunTime:0.0010s ]
SQL: SELECT * FROM `newstypes` WHERE ( fid=11 ) ORDER BY sort desc  [ RunTime:0.0010s ]
SQL: SELECT * FROM `newstypes` WHERE ( fid=6 ) ORDER BY sort desc  [ RunTime:0.0010s ]
SQL: SHOW COLUMNS FROM `config` [ RunTime:0.0060s ]
SQL: SELECT * FROM `config` WHERE `id` = 1 LIMIT 1   [ RunTime:0.0020s ]
SQL: SHOW COLUMNS FROM `content` [ RunTime:0.0100s ]
SQL: SELECT * FROM `content` WHERE `type` = 1 AND `postion` = 3 LIMIT 1   [ RunTime:0.0010s ]
SQL: SELECT * FROM `newstypes` WHERE ( fid=1 ) ORDER BY sort desc  [ RunTime:0.0010s ]
SQL: SHOW COLUMNS FROM `news` [ RunTime:0.0080s ]
SQL: SELECT * FROM `news` WHERE `typeid` IN ('19','20') ORDER BY sort desc LIMIT 8   [ RunTime:0.0020s ]
SQL: SELECT * FROM `newstypes` WHERE ( fid=2 ) ORDER BY sort desc  [ RunTime:0.0010s ]
SQL: SELECT * FROM `news` WHERE `typeid` = 21 ORDER BY sort desc LIMIT 6   [ RunTime:0.0020s ]
SQL: SHOW COLUMNS FROM `banner` [ RunTime:0.0080s ]
SQL: SELECT * FROM `banner` ORDER BY sort desc LIMIT 3   [ RunTime:0.0000s ]
SQL: SELECT * FROM `content` WHERE `type` = 2 AND `postion` = 3 LIMIT 1   [ RunTime:0.0010s ]
SQL: SHOW COLUMNS FROM `friend` [ RunTime:0.0060s ]
SQL: SELECT * FROM `friend`  [ RunTime:0.0000s ]
SQL: SELECT * FROM `news` WHERE ( typeid=28 ) ORDER BY sort desc LIMIT 4   [ RunTime:0.0010s ]
INFO: [ view_parse ] --START--
INFO: [ template_filter ] --START--
INFO: Run Behavior\ContentReplaceBehavior [ RunTime:0.001001s ]
INFO: [ template_filter ] --END-- [ RunTime:0.001001s ]
INFO: Run Behavior\ParseTemplateBehavior [ RunTime:0.024002s ]
INFO: [ view_parse ] --END-- [ RunTime:0.024002s ]
INFO: [ view_filter ] --START--
INFO: Run Behavior\WriteHtmlCacheBehavior [ RunTime:0.001000s ]
INFO: [ view_filter ] --END-- [ RunTime:0.002000s ]
INFO: [ app_end ] --START--
INFO: Run Behavior\ShowPageTraceBehavior [ RunTime:0.002000s ]
INFO: [ app_end ] --END-- [ RunTime:0.002000s ]

[ 2018-01-24T18:01:36+08:00 ] 127.0.0.1 /diandeng/
INFO: [ app_init ] --START--
INFO: Run Behavior\BuildLiteBehavior [ RunTime:0.000000s ]
INFO: [ app_init ] --END-- [ RunTime:0.001000s ]
INFO: [ app_begin ] --START--
INFO: Run Behavior\ReadHtmlCacheBehavior [ RunTime:0.002000s ]
INFO: [ app_begin ] --END-- [ RunTime:0.002000s ]
SQL: SHOW COLUMNS FROM `newstypes` [ RunTime:0.0080s ]
SQL: SELECT * FROM `newstypes` WHERE ( state=1 ) ORDER BY sort desc LIMIT 7   [ RunTime:0.0010s ]
SQL: SELECT * FROM `newstypes` WHERE ( fid=3 ) ORDER BY sort desc  [ RunTime:0.0010s ]
SQL: SELECT * FROM `newstypes` WHERE ( fid=1 ) ORDER BY sort desc  [ RunTime:0.0010s ]
SQL: SELECT * FROM `newstypes` WHERE ( fid=2 ) ORDER BY sort desc  [ RunTime:0.0000s ]
SQL: SELECT * FROM `newstypes` WHERE ( fid=11 ) ORDER BY sort desc  [ RunTime:0.0000s ]
SQL: SELECT * FROM `newstypes` WHERE ( fid=6 ) ORDER BY sort desc  [ RunTime:0.0020s ]
SQL: SHOW COLUMNS FROM `config` [ RunTime:0.0090s ]
SQL: SELECT * FROM `config` WHERE `id` = 1 LIMIT 1   [ RunTime:0.0010s ]
SQL: SHOW COLUMNS FROM `content` [ RunTime:0.0080s ]
SQL: SELECT * FROM `content` WHERE `type` = 1 AND `postion` = 3 LIMIT 1   [ RunTime:0.0000s ]
SQL: SELECT * FROM `newstypes` WHERE ( fid=1 ) ORDER BY sort desc  [ RunTime:0.0000s ]
SQL: SHOW COLUMNS FROM `news` [ RunTime:0.0060s ]
SQL: SELECT * FROM `news` WHERE `typeid` IN ('19','20') ORDER BY sort desc LIMIT 8   [ RunTime:0.0020s ]
SQL: SELECT * FROM `newstypes` WHERE ( fid=2 ) ORDER BY sort desc  [ RunTime:0.0010s ]
SQL: SELECT * FROM `news` WHERE `typeid` = 21 ORDER BY sort desc LIMIT 6   [ RunTime:0.0030s ]
SQL: SHOW COLUMNS FROM `banner` [ RunTime:0.0080s ]
SQL: SELECT * FROM `banner` ORDER BY sort desc LIMIT 3   [ RunTime:0.0010s ]
SQL: SELECT * FROM `content` WHERE `type` = 2 AND `postion` = 3 LIMIT 1   [ RunTime:0.0010s ]
SQL: SHOW COLUMNS FROM `friend` [ RunTime:0.0070s ]
SQL: SELECT * FROM `friend`  [ RunTime:0.0020s ]
SQL: SELECT * FROM `news` WHERE ( typeid=28 ) ORDER BY sort desc LIMIT 4   [ RunTime:0.0010s ]
INFO: [ view_parse ] --START--
INFO: [ template_filter ] --START--
INFO: Run Behavior\ContentReplaceBehavior [ RunTime:0.000000s ]
INFO: [ template_filter ] --END-- [ RunTime:0.001000s ]
INFO: Run Behavior\ParseTemplateBehavior [ RunTime:0.025001s ]
INFO: [ view_parse ] --END-- [ RunTime:0.025001s ]
INFO: [ view_filter ] --START--
INFO: Run Behavior\WriteHtmlCacheBehavior [ RunTime:0.001000s ]
INFO: [ view_filter ] --END-- [ RunTime:0.002000s ]
INFO: [ app_end ] --START--
INFO: Run Behavior\ShowPageTraceBehavior [ RunTime:0.002000s ]
INFO: [ app_end ] --END-- [ RunTime:0.002000s ]

[ 2018-01-24T18:04:44+08:00 ] 127.0.0.1 /diandeng/
INFO: [ app_init ] --START--
INFO: Run Behavior\BuildLiteBehavior [ RunTime:0.000000s ]
INFO: [ app_init ] --END-- [ RunTime:0.000000s ]
INFO: [ app_begin ] --START--
INFO: Run Behavior\ReadHtmlCacheBehavior [ RunTime:0.001000s ]
INFO: [ app_begin ] --END-- [ RunTime:0.001000s ]
SQL: SHOW COLUMNS FROM `newstypes` [ RunTime:0.0040s ]
SQL: SELECT * FROM `newstypes` WHERE ( state=1 ) ORDER BY sort desc LIMIT 7   [ RunTime:0.0000s ]
SQL: SELECT * FROM `newstypes` WHERE ( fid=3 ) ORDER BY sort desc  [ RunTime:0.0010s ]
SQL: SELECT * FROM `newstypes` WHERE ( fid=1 ) ORDER BY sort desc  [ RunTime:0.0010s ]
SQL: SELECT * FROM `newstypes` WHERE ( fid=2 ) ORDER BY sort desc  [ RunTime:0.0000s ]
SQL: SELECT * FROM `newstypes` WHERE ( fid=11 ) ORDER BY sort desc  [ RunTime:0.0000s ]
SQL: SELECT * FROM `newstypes` WHERE ( fid=6 ) ORDER BY sort desc  [ RunTime:0.0000s ]
SQL: SHOW COLUMNS FROM `config` [ RunTime:0.0040s ]
SQL: SELECT * FROM `config` WHERE `id` = 1 LIMIT 1   [ RunTime:0.0010s ]
SQL: SHOW COLUMNS FROM `content` [ RunTime:0.0040s ]
SQL: SELECT * FROM `content` WHERE `type` = 1 AND `postion` = 3 LIMIT 1   [ RunTime:0.0000s ]
SQL: SELECT * FROM `newstypes` WHERE ( fid=1 ) ORDER BY sort desc  [ RunTime:0.0000s ]
SQL: SHOW COLUMNS FROM `news` [ RunTime:0.0050s ]
SQL: SELECT * FROM `news` WHERE `typeid` IN ('19','20') ORDER BY sort desc LIMIT 8   [ RunTime:0.0020s ]
SQL: SELECT * FROM `newstypes` WHERE ( fid=2 ) ORDER BY sort desc  [ RunTime:0.0010s ]
SQL: SELECT * FROM `news` WHERE `typeid` = 21 ORDER BY sort desc LIMIT 6   [ RunTime:0.0010s ]
SQL: SHOW COLUMNS FROM `banner` [ RunTime:0.0040s ]
SQL: SELECT * FROM `banner` ORDER BY sort desc LIMIT 3   [ RunTime:0.0010s ]
SQL: SELECT * FROM `content` WHERE `type` = 2 AND `postion` = 3 LIMIT 1   [ RunTime:0.0000s ]
SQL: SHOW COLUMNS FROM `friend` [ RunTime:0.0090s ]
SQL: SELECT * FROM `friend`  [ RunTime:0.0010s ]
SQL: SELECT * FROM `news` WHERE ( typeid=28 ) ORDER BY sort desc LIMIT 4   [ RunTime:0.0010s ]
INFO: [ view_parse ] --START--
INFO: [ template_filter ] --START--
INFO: Run Behavior\ContentReplaceBehavior [ RunTime:0.001000s ]
INFO: [ template_filter ] --END-- [ RunTime:0.001000s ]
INFO: Run Behavior\ParseTemplateBehavior [ RunTime:0.018001s ]
INFO: [ view_parse ] --END-- [ RunTime:0.018001s ]
INFO: [ view_filter ] --START--
INFO: Run Behavior\WriteHtmlCacheBehavior [ RunTime:0.001000s ]
INFO: [ view_filter ] --END-- [ RunTime:0.001000s ]
INFO: [ app_end ] --START--
INFO: Run Behavior\ShowPageTraceBehavior [ RunTime:0.001000s ]
INFO: [ app_end ] --END-- [ RunTime:0.001000s ]

[ 2018-01-24T18:05:32+08:00 ] 127.0.0.1 /diandeng/
INFO: [ app_init ] --START--
INFO: Run Behavior\BuildLiteBehavior [ RunTime:0.000000s ]
INFO: [ app_init ] --END-- [ RunTime:0.001000s ]
INFO: [ app_begin ] --START--
INFO: Run Behavior\ReadHtmlCacheBehavior [ RunTime:0.002000s ]
INFO: [ app_begin ] --END-- [ RunTime:0.003000s ]
SQL: SHOW COLUMNS FROM `newstypes` [ RunTime:0.0070s ]
SQL: SELECT * FROM `newstypes` WHERE ( state=1 ) ORDER BY sort desc LIMIT 7   [ RunTime:0.0010s ]
SQL: SELECT * FROM `newstypes` WHERE ( fid=3 ) ORDER BY sort desc  [ RunTime:0.0020s ]
SQL: SELECT * FROM `newstypes` WHERE ( fid=1 ) ORDER BY sort desc  [ RunTime:0.0010s ]
SQL: SELECT * FROM `newstypes` WHERE ( fid=2 ) ORDER BY sort desc  [ RunTime:0.0030s ]
SQL: SELECT * FROM `newstypes` WHERE ( fid=11 ) ORDER BY sort desc  [ RunTime:0.0010s ]
SQL: SELECT * FROM `newstypes` WHERE ( fid=6 ) ORDER BY sort desc  [ RunTime:0.0010s ]
SQL: SHOW COLUMNS FROM `config` [ RunTime:0.0070s ]
SQL: SELECT * FROM `config` WHERE `id` = 1 LIMIT 1   [ RunTime:0.0010s ]
SQL: SHOW COLUMNS FROM `content` [ RunTime:0.0060s ]
SQL: SELECT * FROM `content` WHERE `type` = 1 AND `postion` = 3 LIMIT 1   [ RunTime:0.0010s ]
SQL: SELECT * FROM `newstypes` WHERE ( fid=1 ) ORDER BY sort desc  [ RunTime:0.0010s ]
SQL: SHOW COLUMNS FROM `news` [ RunTime:0.0060s ]
SQL: SELECT * FROM `news` WHERE `typeid` IN ('19','20') ORDER BY sort desc LIMIT 8   [ RunTime:0.0010s ]
SQL: SELECT * FROM `newstypes` WHERE ( fid=2 ) ORDER BY sort desc  [ RunTime:0.0000s ]
SQL: SELECT * FROM `news` WHERE `typeid` = 21 ORDER BY sort desc LIMIT 6   [ RunTime:0.0010s ]
SQL: SHOW COLUMNS FROM `banner` [ RunTime:0.0090s ]
SQL: SELECT * FROM `banner` ORDER BY sort desc LIMIT 3   [ RunTime:0.0010s ]
SQL: SELECT * FROM `content` WHERE `type` = 2 AND `postion` = 3 LIMIT 1   [ RunTime:0.0010s ]
SQL: SHOW COLUMNS FROM `friend` [ RunTime:0.0050s ]
SQL: SELECT * FROM `friend`  [ RunTime:0.0000s ]
SQL: SELECT * FROM `news` WHERE ( typeid=28 ) ORDER BY sort desc LIMIT 4   [ RunTime:0.0010s ]
INFO: [ view_parse ] --START--
INFO: [ template_filter ] --START--
INFO: Run Behavior\ContentReplaceBehavior [ RunTime:0.001000s ]
INFO: [ template_filter ] --END-- [ RunTime:0.001000s ]
INFO: Run Behavior\ParseTemplateBehavior [ RunTime:0.029002s ]
INFO: [ view_parse ] --END-- [ RunTime:0.029002s ]
INFO: [ view_filter ] --START--
INFO: Run Behavior\WriteHtmlCacheBehavior [ RunTime:0.001000s ]
INFO: [ view_filter ] --END-- [ RunTime:0.001000s ]
INFO: [ app_end ] --START--
INFO: Run Behavior\ShowPageTraceBehavior [ RunTime:0.001000s ]
INFO: [ app_end ] --END-- [ RunTime:0.001000s ]

[ 2018-01-24T18:06:08+08:00 ] 127.0.0.1 /diandeng/
INFO: [ app_init ] --START--
INFO: Run Behavior\BuildLiteBehavior [ RunTime:0.000000s ]
INFO: [ app_init ] --END-- [ RunTime:0.002000s ]
INFO: [ app_begin ] --START--
INFO: Run Behavior\ReadHtmlCacheBehavior [ RunTime:0.001001s ]
INFO: [ app_begin ] --END-- [ RunTime:0.001001s ]
SQL: SHOW COLUMNS FROM `newstypes` [ RunTime:0.0060s ]
SQL: SELECT * FROM `newstypes` WHERE ( state=1 ) ORDER BY sort desc LIMIT 7   [ RunTime:0.0000s ]
SQL: SELECT * FROM `newstypes` WHERE ( fid=3 ) ORDER BY sort desc  [ RunTime:0.0000s ]
SQL: SELECT * FROM `newstypes` WHERE ( fid=1 ) ORDER BY sort desc  [ RunTime:0.0010s ]
SQL: SELECT * FROM `newstypes` WHERE ( fid=2 ) ORDER BY sort desc  [ RunTime:0.0010s ]
SQL: SELECT * FROM `newstypes` WHERE ( fid=11 ) ORDER BY sort desc  [ RunTime:0.0000s ]
SQL: SELECT * FROM `newstypes` WHERE ( fid=6 ) ORDER BY sort desc  [ RunTime:0.0000s ]
SQL: SHOW COLUMNS FROM `config` [ RunTime:0.0050s ]
SQL: SELECT * FROM `config` WHERE `id` = 1 LIMIT 1   [ RunTime:0.0000s ]
SQL: SHOW COLUMNS FROM `content` [ RunTime:0.0040s ]
SQL: SELECT * FROM `content` WHERE `type` = 1 AND `postion` = 3 LIMIT 1   [ RunTime:0.0010s ]
SQL: SELECT * FROM `newstypes` WHERE ( fid=1 ) ORDER BY sort desc  [ RunTime:0.0010s ]
SQL: SHOW COLUMNS FROM `news` [ RunTime:0.0040s ]
SQL: SELECT * FROM `news` WHERE `typeid` IN ('19','20') ORDER BY sort desc LIMIT 8   [ RunTime:0.0010s ]
SQL: SELECT * FROM `newstypes` WHERE ( fid=2 ) ORDER BY sort desc  [ RunTime:0.0000s ]
SQL: SELECT * FROM `news` WHERE `typeid` = 21 ORDER BY sort desc LIMIT 6   [ RunTime:0.0010s ]
SQL: SHOW COLUMNS FROM `banner` [ RunTime:0.0040s ]
SQL: SELECT * FROM `banner` ORDER BY sort desc LIMIT 3   [ RunTime:0.0010s ]
SQL: SELECT * FROM `content` WHERE `type` = 2 AND `postion` = 3 LIMIT 1   [ RunTime:0.0010s ]
SQL: SHOW COLUMNS FROM `friend` [ RunTime:0.0030s ]
SQL: SELECT * FROM `friend`  [ RunTime:0.0000s ]
SQL: SELECT * FROM `news` WHERE ( typeid=28 ) ORDER BY sort desc LIMIT 4   [ RunTime:0.0010s ]
INFO: [ view_parse ] --START--
INFO: [ template_filter ] --START--
INFO: Run Behavior\ContentReplaceBehavior [ RunTime:0.001000s ]
INFO: [ template_filter ] --END-- [ RunTime:0.001000s ]
INFO: Run Behavior\ParseTemplateBehavior [ RunTime:0.014001s ]
INFO: [ view_parse ] --END-- [ RunTime:0.014001s ]
INFO: [ view_filter ] --START--
INFO: Run Behavior\WriteHtmlCacheBehavior [ RunTime:0.001000s ]
INFO: [ view_filter ] --END-- [ RunTime:0.001000s ]
INFO: [ app_end ] --START--
INFO: Run Behavior\ShowPageTraceBehavior [ RunTime:0.001000s ]
INFO: [ app_end ] --END-- [ RunTime:0.001000s ]

[ 2018-01-24T18:08:00+08:00 ] 127.0.0.1 /diandeng/
INFO: [ app_init ] --START--
INFO: Run Behavior\BuildLiteBehavior [ RunTime:0.000000s ]
INFO: [ app_init ] --END-- [ RunTime:0.001000s ]
INFO: [ app_begin ] --START--
INFO: Run Behavior\ReadHtmlCacheBehavior [ RunTime:0.002000s ]
INFO: [ app_begin ] --END-- [ RunTime:0.002000s ]
SQL: SHOW COLUMNS FROM `newstypes` [ RunTime:0.0040s ]
SQL: SELECT * FROM `newstypes` WHERE ( state=1 ) ORDER BY sort desc LIMIT 7   [ RunTime:0.0010s ]
SQL: SELECT * FROM `newstypes` WHERE ( fid=3 ) ORDER BY sort desc  [ RunTime:0.0010s ]
SQL: SELECT * FROM `newstypes` WHERE ( fid=1 ) ORDER BY sort desc  [ RunTime:0.0000s ]
SQL: SELECT * FROM `newstypes` WHERE ( fid=2 ) ORDER BY sort desc  [ RunTime:0.0000s ]
SQL: SELECT * FROM `newstypes` WHERE ( fid=11 ) ORDER BY sort desc  [ RunTime:0.0010s ]
SQL: SELECT * FROM `newstypes` WHERE ( fid=6 ) ORDER BY sort desc  [ RunTime:0.0000s ]
SQL: SHOW COLUMNS FROM `config` [ RunTime:0.0040s ]
SQL: SELECT * FROM `config` WHERE `id` = 1 LIMIT 1   [ RunTime:0.0000s ]
SQL: SHOW COLUMNS FROM `content` [ RunTime:0.0040s ]
SQL: SELECT * FROM `content` WHERE `type` = 1 AND `postion` = 3 LIMIT 1   [ RunTime:0.0000s ]
SQL: SELECT * FROM `newstypes` WHERE ( fid=1 ) ORDER BY sort desc  [ RunTime:0.0000s ]
SQL: SHOW COLUMNS FROM `news` [ RunTime:0.0040s ]
SQL: SELECT * FROM `news` WHERE `typeid` IN ('19','20') ORDER BY sort desc LIMIT 8   [ RunTime:0.0010s ]
SQL: SELECT * FROM `newstypes` WHERE ( fid=2 ) ORDER BY sort desc  [ RunTime:0.0000s ]
SQL: SELECT * FROM `news` WHERE `typeid` = 21 ORDER BY sort desc LIMIT 6   [ RunTime:0.0020s ]
SQL: SHOW COLUMNS FROM `banner` [ RunTime:0.0040s ]
SQL: SELECT * FROM `banner` ORDER BY sort desc LIMIT 3   [ RunTime:0.0010s ]
SQL: SELECT * FROM `content` WHERE `type` = 2 AND `postion` = 3 LIMIT 1   [ RunTime:0.0000s ]
SQL: SHOW COLUMNS FROM `friend` [ RunTime:0.0040s ]
SQL: SELECT * FROM `friend`  [ RunTime:0.0010s ]
SQL: SELECT * FROM `news` WHERE ( typeid=28 ) ORDER BY sort desc LIMIT 4   [ RunTime:0.0000s ]
INFO: [ view_parse ] --START--
INFO: [ template_filter ] --START--
INFO: Run Behavior\ContentReplaceBehavior [ RunTime:0.000000s ]
INFO: [ template_filter ] --END-- [ RunTime:0.000000s ]
INFO: Run Behavior\ParseTemplateBehavior [ RunTime:0.014001s ]
INFO: [ view_parse ] --END-- [ RunTime:0.014001s ]
INFO: [ view_filter ] --START--
INFO: Run Behavior\WriteHtmlCacheBehavior [ RunTime:0.000000s ]
INFO: [ view_filter ] --END-- [ RunTime:0.000000s ]
INFO: [ app_end ] --START--
INFO: Run Behavior\ShowPageTraceBehavior [ RunTime:0.001000s ]
INFO: [ app_end ] --END-- [ RunTime:0.001000s ]

[ 2018-01-24T18:09:00+08:00 ] 127.0.0.1 /diandeng/
INFO: [ app_init ] --START--
INFO: Run Behavior\BuildLiteBehavior [ RunTime:0.000000s ]
INFO: [ app_init ] --END-- [ RunTime:0.002001s ]
INFO: [ app_begin ] --START--
INFO: Run Behavior\ReadHtmlCacheBehavior [ RunTime:0.001000s ]
INFO: [ app_begin ] --END-- [ RunTime:0.001000s ]
SQL: SHOW COLUMNS FROM `newstypes` [ RunTime:0.0070s ]
SQL: SELECT * FROM `newstypes` WHERE ( state=1 ) ORDER BY sort desc LIMIT 7   [ RunTime:0.0010s ]
SQL: SELECT * FROM `newstypes` WHERE ( fid=3 ) ORDER BY sort desc  [ RunTime:0.0020s ]
SQL: SELECT * FROM `newstypes` WHERE ( fid=1 ) ORDER BY sort desc  [ RunTime:0.0010s ]
SQL: SELECT * FROM `newstypes` WHERE ( fid=2 ) ORDER BY sort desc  [ RunTime:0.0010s ]
SQL: SELECT * FROM `newstypes` WHERE ( fid=11 ) ORDER BY sort desc  [ RunTime:0.0000s ]
SQL: SELECT * FROM `newstypes` WHERE ( fid=6 ) ORDER BY sort desc  [ RunTime:0.0000s ]
SQL: SHOW COLUMNS FROM `config` [ RunTime:0.0080s ]
SQL: SELECT * FROM `config` WHERE `id` = 1 LIMIT 1   [ RunTime:0.0010s ]
SQL: SHOW COLUMNS FROM `content` [ RunTime:0.0080s ]
SQL: SELECT * FROM `content` WHERE `type` = 1 AND `postion` = 3 LIMIT 1   [ RunTime:0.0010s ]
SQL: SELECT * FROM `newstypes` WHERE ( fid=1 ) ORDER BY sort desc  [ RunTime:0.0010s ]
SQL: SHOW COLUMNS FROM `news` [ RunTime:0.0060s ]
SQL: SELECT * FROM `news` WHERE `typeid` IN ('19','20') ORDER BY sort desc LIMIT 8   [ RunTime:0.0010s ]
SQL: SELECT * FROM `newstypes` WHERE ( fid=2 ) ORDER BY sort desc  [ RunTime:0.0000s ]
SQL: SELECT * FROM `news` WHERE `typeid` = 21 ORDER BY sort desc LIMIT 6   [ RunTime:0.0010s ]
SQL: SHOW COLUMNS FROM `banner` [ RunTime:0.0040s ]
SQL: SELECT * FROM `banner` ORDER BY sort desc LIMIT 3   [ RunTime:0.0010s ]
SQL: SELECT * FROM `content` WHERE `type` = 2 AND `postion` = 3 LIMIT 1   [ RunTime:0.0000s ]
SQL: SHOW COLUMNS FROM `friend` [ RunTime:0.0040s ]
SQL: SELECT * FROM `friend`  [ RunTime:0.0010s ]
SQL: SELECT * FROM `news` WHERE ( typeid=28 ) ORDER BY sort desc LIMIT 4   [ RunTime:0.0010s ]
INFO: [ view_parse ] --START--
INFO: [ template_filter ] --START--
INFO: Run Behavior\ContentReplaceBehavior [ RunTime:0.000000s ]
INFO: [ template_filter ] --END-- [ RunTime:0.000000s ]
INFO: Run Behavior\ParseTemplateBehavior [ RunTime:0.014001s ]
INFO: [ view_parse ] --END-- [ RunTime:0.014001s ]
INFO: [ view_filter ] --START--
INFO: Run Behavior\WriteHtmlCacheBehavior [ RunTime:0.000000s ]
INFO: [ view_filter ] --END-- [ RunTime:0.000000s ]
INFO: [ app_end ] --START--
INFO: Run Behavior\ShowPageTraceBehavior [ RunTime:0.001000s ]
INFO: [ app_end ] --END-- [ RunTime:0.001000s ]

[ 2018-01-24T18:10:20+08:00 ] 127.0.0.1 /diandeng/
INFO: [ app_init ] --START--
INFO: Run Behavior\BuildLiteBehavior [ RunTime:0.000000s ]
INFO: [ app_init ] --END-- [ RunTime:0.002000s ]
INFO: [ app_begin ] --START--
INFO: Run Behavior\ReadHtmlCacheBehavior [ RunTime:0.001000s ]
INFO: [ app_begin ] --END-- [ RunTime:0.001000s ]
SQL: SHOW COLUMNS FROM `newstypes` [ RunTime:0.0040s ]
SQL: SELECT * FROM `newstypes` WHERE ( state=1 ) ORDER BY sort desc LIMIT 7   [ RunTime:0.0000s ]
SQL: SELECT * FROM `newstypes` WHERE ( fid=3 ) ORDER BY sort desc  [ RunTime:0.0010s ]
SQL: SELECT * FROM `newstypes` WHERE ( fid=1 ) ORDER BY sort desc  [ RunTime:0.0010s ]
SQL: SELECT * FROM `newstypes` WHERE ( fid=2 ) ORDER BY sort desc  [ RunTime:0.0000s ]
SQL: SELECT * FROM `newstypes` WHERE ( fid=11 ) ORDER BY sort desc  [ RunTime:0.0000s ]
SQL: SELECT * FROM `newstypes` WHERE ( fid=6 ) ORDER BY sort desc  [ RunTime:0.0000s ]
SQL: SHOW COLUMNS FROM `config` [ RunTime:0.0070s ]
SQL: SELECT * FROM `config` WHERE `id` = 1 LIMIT 1   [ RunTime:0.0010s ]
SQL: SHOW COLUMNS FROM `content` [ RunTime:0.0060s ]
SQL: SELECT * FROM `content` WHERE `type` = 1 AND `postion` = 3 LIMIT 1   [ RunTime:0.0010s ]
SQL: SELECT * FROM `newstypes` WHERE ( fid=1 ) ORDER BY sort desc  [ RunTime:0.0010s ]
SQL: SHOW COLUMNS FROM `news` [ RunTime:0.0090s ]
SQL: SELECT * FROM `news` WHERE `typeid` IN ('19','20') ORDER BY sort desc LIMIT 8   [ RunTime:0.0020s ]
SQL: SELECT * FROM `newstypes` WHERE ( fid=2 ) ORDER BY sort desc  [ RunTime:0.0010s ]
SQL: SELECT * FROM `news` WHERE `typeid` = 21 ORDER BY sort desc LIMIT 6   [ RunTime:0.0000s ]
SQL: SHOW COLUMNS FROM `banner` [ RunTime:0.0060s ]
SQL: SELECT * FROM `banner` ORDER BY sort desc LIMIT 3   [ RunTime:0.0010s ]
SQL: SELECT * FROM `content` WHERE `type` = 2 AND `postion` = 3 LIMIT 1   [ RunTime:0.0000s ]
SQL: SHOW COLUMNS FROM `friend` [ RunTime:0.0050s ]
SQL: SELECT * FROM `friend`  [ RunTime:0.0010s ]
SQL: SELECT * FROM `news` WHERE ( typeid=28 ) ORDER BY sort desc LIMIT 4   [ RunTime:0.0010s ]
INFO: [ view_parse ] --START--
INFO: [ template_filter ] --START--
INFO: Run Behavior\ContentReplaceBehavior [ RunTime:0.000000s ]
INFO: [ template_filter ] --END-- [ RunTime:0.000000s ]
INFO: Run Behavior\ParseTemplateBehavior [ RunTime:0.016001s ]
INFO: [ view_parse ] --END-- [ RunTime:0.016001s ]
INFO: [ view_filter ] --START--
INFO: Run Behavior\WriteHtmlCacheBehavior [ RunTime:0.001000s ]
INFO: [ view_filter ] --END-- [ RunTime:0.001000s ]
INFO: [ app_end ] --START--
INFO: Run Behavior\ShowPageTraceBehavior [ RunTime:0.002000s ]
INFO: [ app_end ] --END-- [ RunTime:0.002000s ]

[ 2018-01-24T18:16:44+08:00 ] 127.0.0.1 /diandeng/
INFO: [ app_init ] --START--
INFO: Run Behavior\BuildLiteBehavior [ RunTime:0.000000s ]
INFO: [ app_init ] --END-- [ RunTime:0.053003s ]
INFO: [ app_begin ] --START--
INFO: Run Behavior\ReadHtmlCacheBehavior [ RunTime:0.039002s ]
INFO: [ app_begin ] --END-- [ RunTime:0.039002s ]
SQL: SHOW COLUMNS FROM `newstypes` [ RunTime:0.0070s ]
SQL: SELECT * FROM `newstypes` WHERE ( state=1 ) ORDER BY sort desc LIMIT 7   [ RunTime:0.0010s ]
SQL: SELECT * FROM `newstypes` WHERE ( fid=3 ) ORDER BY sort desc  [ RunTime:0.0010s ]
SQL: SELECT * FROM `newstypes` WHERE ( fid=1 ) ORDER BY sort desc  [ RunTime:0.0000s ]
SQL: SELECT * FROM `newstypes` WHERE ( fid=2 ) ORDER BY sort desc  [ RunTime:0.0000s ]
SQL: SELECT * FROM `newstypes` WHERE ( fid=11 ) ORDER BY sort desc  [ RunTime:0.0010s ]
SQL: SELECT * FROM `newstypes` WHERE ( fid=6 ) ORDER BY sort desc  [ RunTime:0.0000s ]
SQL: SHOW COLUMNS FROM `config` [ RunTime:0.0470s ]
SQL: SELECT * FROM `config` WHERE `id` = 1 LIMIT 1   [ RunTime:0.0010s ]
SQL: SHOW COLUMNS FROM `content` [ RunTime:0.0040s ]
SQL: SELECT * FROM `content` WHERE `type` = 1 AND `postion` = 3 LIMIT 1   [ RunTime:0.0010s ]
SQL: SELECT * FROM `newstypes` WHERE ( fid=1 ) ORDER BY sort desc  [ RunTime:0.0000s ]
SQL: SHOW COLUMNS FROM `news` [ RunTime:0.0370s ]
SQL: SELECT * FROM `news` WHERE `typeid` IN ('19','20') ORDER BY sort desc LIMIT 8   [ RunTime:0.0010s ]
SQL: SELECT * FROM `newstypes` WHERE ( fid=2 ) ORDER BY sort desc  [ RunTime:0.0000s ]
SQL: SELECT * FROM `news` WHERE `typeid` = 21 ORDER BY sort desc LIMIT 6   [ RunTime:0.0010s ]
SQL: SHOW COLUMNS FROM `banner` [ RunTime:0.0040s ]
SQL: SELECT * FROM `banner` ORDER BY sort desc LIMIT 3   [ RunTime:0.0000s ]
SQL: SELECT * FROM `content` WHERE `type` = 2 AND `postion` = 3 LIMIT 1   [ RunTime:0.0010s ]
SQL: SHOW COLUMNS FROM `friend` [ RunTime:0.0040s ]
SQL: SELECT * FROM `friend`  [ RunTime:0.0010s ]
SQL: SELECT * FROM `news` WHERE ( typeid=28 ) ORDER BY sort desc LIMIT 4   [ RunTime:0.0010s ]
INFO: [ view_parse ] --START--
INFO: [ template_filter ] --START--
INFO: Run Behavior\ContentReplaceBehavior [ RunTime:0.000000s ]
INFO: [ template_filter ] --END-- [ RunTime:0.000000s ]
INFO: Run Behavior\ParseTemplateBehavior [ RunTime:0.103006s ]
INFO: [ view_parse ] --END-- [ RunTime:0.103006s ]
INFO: [ view_filter ] --START--
INFO: Run Behavior\WriteHtmlCacheBehavior [ RunTime:0.016001s ]
INFO: [ view_filter ] --END-- [ RunTime:0.016001s ]
INFO: [ app_end ] --START--
INFO: Run Behavior\ShowPageTraceBehavior [ RunTime:0.002000s ]
INFO: [ app_end ] --END-- [ RunTime:0.002000s ]

[ 2018-01-24T18:17:44+08:00 ] 127.0.0.1 /diandeng/
INFO: [ app_init ] --START--
INFO: Run Behavior\BuildLiteBehavior [ RunTime:0.000000s ]
INFO: [ app_init ] --END-- [ RunTime:0.001000s ]
INFO: [ app_begin ] --START--
INFO: Run Behavior\ReadHtmlCacheBehavior [ RunTime:0.002000s ]
INFO: [ app_begin ] --END-- [ RunTime:0.002000s ]
SQL: SHOW COLUMNS FROM `newstypes` [ RunTime:0.0080s ]
SQL: SELECT * FROM `newstypes` WHERE ( state=1 ) ORDER BY sort desc LIMIT 7   [ RunTime:0.0000s ]
SQL: SELECT * FROM `newstypes` WHERE ( fid=3 ) ORDER BY sort desc  [ RunTime:0.0000s ]
SQL: SELECT * FROM `newstypes` WHERE ( fid=1 ) ORDER BY sort desc  [ RunTime:0.0000s ]
SQL: SELECT * FROM `newstypes` WHERE ( fid=2 ) ORDER BY sort desc  [ RunTime:0.0010s ]
SQL: SELECT * FROM `newstypes` WHERE ( fid=11 ) ORDER BY sort desc  [ RunTime:0.0000s ]
SQL: SELECT * FROM `newstypes` WHERE ( fid=6 ) ORDER BY sort desc  [ RunTime:0.0010s ]
SQL: SHOW COLUMNS FROM `config` [ RunTime:0.0050s ]
SQL: SELECT * FROM `config` WHERE `id` = 1 LIMIT 1   [ RunTime:0.0010s ]
SQL: SHOW COLUMNS FROM `content` [ RunTime:0.0060s ]
SQL: SELECT * FROM `content` WHERE `type` = 1 AND `postion` = 3 LIMIT 1   [ RunTime:0.0010s ]
SQL: SELECT * FROM `newstypes` WHERE ( fid=1 ) ORDER BY sort desc  [ RunTime:0.0010s ]
SQL: SHOW COLUMNS FROM `news` [ RunTime:0.0050s ]
SQL: SELECT * FROM `news` WHERE `typeid` IN ('19','20') ORDER BY sort desc LIMIT 8   [ RunTime:0.0010s ]
SQL: SELECT * FROM `newstypes` WHERE ( fid=2 ) ORDER BY sort desc  [ RunTime:0.0000s ]
SQL: SELECT * FROM `news` WHERE `typeid` = 21 ORDER BY sort desc LIMIT 6   [ RunTime:0.0010s ]
SQL: SHOW COLUMNS FROM `banner` [ RunTime:0.0060s ]
SQL: SELECT * FROM `banner` ORDER BY sort desc LIMIT 3   [ RunTime:0.0000s ]
SQL: SELECT * FROM `content` WHERE `type` = 2 AND `postion` = 3 LIMIT 1   [ RunTime:0.0000s ]
SQL: SHOW COLUMNS FROM `friend` [ RunTime:0.0080s ]
SQL: SELECT * FROM `friend`  [ RunTime:0.0010s ]
SQL: SELECT * FROM `news` WHERE ( typeid=28 ) ORDER BY sort desc LIMIT 4   [ RunTime:0.0010s ]
INFO: [ view_parse ] --START--
INFO: [ template_filter ] --START--
INFO: Run Behavior\ContentReplaceBehavior [ RunTime:0.000000s ]
INFO: [ template_filter ] --END-- [ RunTime:0.001000s ]
INFO: Run Behavior\ParseTemplateBehavior [ RunTime:0.025001s ]
INFO: [ view_parse ] --END-- [ RunTime:0.025001s ]
INFO: [ view_filter ] --START--
INFO: Run Behavior\WriteHtmlCacheBehavior [ RunTime:0.001000s ]
INFO: [ view_filter ] --END-- [ RunTime:0.001000s ]
INFO: [ app_end ] --START--
INFO: Run Behavior\ShowPageTraceBehavior [ RunTime:0.001000s ]
INFO: [ app_end ] --END-- [ RunTime:0.001000s ]

[ 2018-01-24T18:17:58+08:00 ] 127.0.0.1 /diandeng/
INFO: [ app_init ] --START--
INFO: Run Behavior\BuildLiteBehavior [ RunTime:0.000000s ]
INFO: [ app_init ] --END-- [ RunTime:0.001000s ]
INFO: [ app_begin ] --START--
INFO: Run Behavior\ReadHtmlCacheBehavior [ RunTime:0.001000s ]
INFO: [ app_begin ] --END-- [ RunTime:0.001000s ]
SQL: SHOW COLUMNS FROM `newstypes` [ RunTime:0.0350s ]
SQL: SELECT * FROM `newstypes` WHERE ( state=1 ) ORDER BY sort desc LIMIT 7   [ RunTime:0.0000s ]
SQL: SELECT * FROM `newstypes` WHERE ( fid=3 ) ORDER BY sort desc  [ RunTime:0.0000s ]
SQL: SELECT * FROM `newstypes` WHERE ( fid=1 ) ORDER BY sort desc  [ RunTime:0.0020s ]
SQL: SELECT * FROM `newstypes` WHERE ( fid=2 ) ORDER BY sort desc  [ RunTime:0.0010s ]
SQL: SELECT * FROM `newstypes` WHERE ( fid=11 ) ORDER BY sort desc  [ RunTime:0.0010s ]
SQL: SELECT * FROM `newstypes` WHERE ( fid=6 ) ORDER BY sort desc  [ RunTime:0.0000s ]
SQL: SHOW COLUMNS FROM `config` [ RunTime:0.0040s ]
SQL: SELECT * FROM `config` WHERE `id` = 1 LIMIT 1   [ RunTime:0.0000s ]
SQL: SHOW COLUMNS FROM `content` [ RunTime:0.0040s ]
SQL: SELECT * FROM `content` WHERE `type` = 1 AND `postion` = 3 LIMIT 1   [ RunTime:0.0010s ]
SQL: SELECT * FROM `newstypes` WHERE ( fid=1 ) ORDER BY sort desc  [ RunTime:0.0010s ]
SQL: SHOW COLUMNS FROM `news` [ RunTime:0.0070s ]
SQL: SELECT * FROM `news` WHERE `typeid` IN ('19','20') ORDER BY sort desc LIMIT 8   [ RunTime:0.0010s ]
SQL: SELECT * FROM `newstypes` WHERE ( fid=2 ) ORDER BY sort desc  [ RunTime:0.0010s ]
SQL: SELECT * FROM `news` WHERE `typeid` = 21 ORDER BY sort desc LIMIT 6   [ RunTime:0.0010s ]
SQL: SHOW COLUMNS FROM `banner` [ RunTime:0.0050s ]
SQL: SELECT * FROM `banner` ORDER BY sort desc LIMIT 3   [ RunTime:0.0010s ]
SQL: SELECT * FROM `content` WHERE `type` = 2 AND `postion` = 3 LIMIT 1   [ RunTime:0.0000s ]
SQL: SHOW COLUMNS FROM `friend` [ RunTime:0.0050s ]
SQL: SELECT * FROM `friend`  [ RunTime:0.0000s ]
SQL: SELECT * FROM `news` WHERE ( typeid=28 ) ORDER BY sort desc LIMIT 4   [ RunTime:0.0000s ]
INFO: [ view_parse ] --START--
INFO: [ template_filter ] --START--
INFO: Run Behavior\ContentReplaceBehavior [ RunTime:0.001000s ]
INFO: [ template_filter ] --END-- [ RunTime:0.001000s ]
INFO: Run Behavior\ParseTemplateBehavior [ RunTime:0.017001s ]
INFO: [ view_parse ] --END-- [ RunTime:0.017001s ]
INFO: [ view_filter ] --START--
INFO: Run Behavior\WriteHtmlCacheBehavior [ RunTime:0.001000s ]
INFO: [ view_filter ] --END-- [ RunTime:0.001000s ]
INFO: [ app_end ] --START--
INFO: Run Behavior\ShowPageTraceBehavior [ RunTime:0.001000s ]
INFO: [ app_end ] --END-- [ RunTime:0.001000s ]

[ 2018-01-24T18:21:34+08:00 ] 127.0.0.1 /diandeng/
INFO: [ app_init ] --START--
INFO: Run Behavior\BuildLiteBehavior [ RunTime:0.000000s ]
INFO: [ app_init ] --END-- [ RunTime:0.001000s ]
INFO: [ app_begin ] --START--
INFO: Run Behavior\ReadHtmlCacheBehavior [ RunTime:0.002000s ]
INFO: [ app_begin ] --END-- [ RunTime:0.002000s ]
SQL: SHOW COLUMNS FROM `newstypes` [ RunTime:0.0040s ]
SQL: SELECT * FROM `newstypes` WHERE ( state=1 ) ORDER BY sort desc LIMIT 7   [ RunTime:0.0020s ]
SQL: SELECT * FROM `newstypes` WHERE ( fid=3 ) ORDER BY sort desc  [ RunTime:0.0010s ]
SQL: SELECT * FROM `newstypes` WHERE ( fid=1 ) ORDER BY sort desc  [ RunTime:0.0000s ]
SQL: SELECT * FROM `newstypes` WHERE ( fid=2 ) ORDER BY sort desc  [ RunTime:0.0010s ]
SQL: SELECT * FROM `newstypes` WHERE ( fid=11 ) ORDER BY sort desc  [ RunTime:0.0020s ]
SQL: SELECT * FROM `newstypes` WHERE ( fid=6 ) ORDER BY sort desc  [ RunTime:0.0000s ]
SQL: SHOW COLUMNS FROM `config` [ RunTime:0.0040s ]
SQL: SELECT * FROM `config` WHERE `id` = 1 LIMIT 1   [ RunTime:0.0000s ]
SQL: SHOW COLUMNS FROM `content` [ RunTime:0.0050s ]
SQL: SELECT * FROM `content` WHERE `type` = 1 AND `postion` = 3 LIMIT 1   [ RunTime:0.0010s ]
SQL: SELECT * FROM `newstypes` WHERE ( fid=1 ) ORDER BY sort desc  [ RunTime:0.0010s ]
SQL: SHOW COLUMNS FROM `news` [ RunTime:0.0040s ]
SQL: SELECT * FROM `news` WHERE `typeid` IN ('19','20') ORDER BY sort desc LIMIT 8   [ RunTime:0.0010s ]
SQL: SELECT * FROM `newstypes` WHERE ( fid=2 ) ORDER BY sort desc  [ RunTime:0.0010s ]
SQL: SELECT * FROM `news` WHERE `typeid` = 21 ORDER BY sort desc LIMIT 6   [ RunTime:0.0000s ]
SQL: SHOW COLUMNS FROM `banner` [ RunTime:0.0040s ]
SQL: SELECT * FROM `banner` ORDER BY sort desc LIMIT 3   [ RunTime:0.0010s ]
SQL: SELECT * FROM `content` WHERE `type` = 2 AND `postion` = 3 LIMIT 1   [ RunTime:0.0000s ]
SQL: SHOW COLUMNS FROM `friend` [ RunTime:0.0050s ]
SQL: SELECT * FROM `friend`  [ RunTime:0.0010s ]
SQL: SELECT * FROM `news` WHERE ( typeid=28 ) ORDER BY sort desc LIMIT 4   [ RunTime:0.0010s ]
INFO: [ view_parse ] --START--
INFO: [ template_filter ] --START--
INFO: Run Behavior\ContentReplaceBehavior [ RunTime:0.000000s ]
INFO: [ template_filter ] --END-- [ RunTime:0.000000s ]
INFO: Run Behavior\ParseTemplateBehavior [ RunTime:0.018001s ]
INFO: [ view_parse ] --END-- [ RunTime:0.018001s ]
INFO: [ view_filter ] --START--
INFO: Run Behavior\WriteHtmlCacheBehavior [ RunTime:0.000000s ]
INFO: [ view_filter ] --END-- [ RunTime:0.000000s ]
INFO: [ app_end ] --START--
INFO: Run Behavior\ShowPageTraceBehavior [ RunTime:0.001000s ]
INFO: [ app_end ] --END-- [ RunTime:0.001000s ]

[ 2018-01-24T18:22:25+08:00 ] 127.0.0.1 /diandeng/
INFO: [ app_init ] --START--
INFO: Run Behavior\BuildLiteBehavior [ RunTime:0.000000s ]
INFO: [ app_init ] --END-- [ RunTime:0.001000s ]
INFO: [ app_begin ] --START--
INFO: Run Behavior\ReadHtmlCacheBehavior [ RunTime:0.001000s ]
INFO: [ app_begin ] --END-- [ RunTime:0.001000s ]
SQL: SHOW COLUMNS FROM `newstypes` [ RunTime:0.0050s ]
SQL: SELECT * FROM `newstypes` WHERE ( state=1 ) ORDER BY sort desc LIMIT 7   [ RunTime:0.0010s ]
SQL: SELECT * FROM `newstypes` WHERE ( fid=3 ) ORDER BY sort desc  [ RunTime:0.0010s ]
SQL: SELECT * FROM `newstypes` WHERE ( fid=1 ) ORDER BY sort desc  [ RunTime:0.0010s ]
SQL: SELECT * FROM `newstypes` WHERE ( fid=2 ) ORDER BY sort desc  [ RunTime:0.0010s ]
SQL: SELECT * FROM `newstypes` WHERE ( fid=11 ) ORDER BY sort desc  [ RunTime:0.0000s ]
SQL: SELECT * FROM `newstypes` WHERE ( fid=6 ) ORDER BY sort desc  [ RunTime:0.0010s ]
SQL: SHOW COLUMNS FROM `config` [ RunTime:0.0060s ]
SQL: SELECT * FROM `config` WHERE `id` = 1 LIMIT 1   [ RunTime:0.0010s ]
SQL: SHOW COLUMNS FROM `content` [ RunTime:0.0070s ]
SQL: SELECT * FROM `content` WHERE `type` = 1 AND `postion` = 3 LIMIT 1   [ RunTime:0.0010s ]
SQL: SELECT * FROM `newstypes` WHERE ( fid=1 ) ORDER BY sort desc  [ RunTime:0.0000s ]
SQL: SHOW COLUMNS FROM `news` [ RunTime:0.0060s ]
SQL: SELECT * FROM `news` WHERE `typeid` IN ('19','20') ORDER BY sort desc LIMIT 8   [ RunTime:0.0020s ]
SQL: SELECT * FROM `newstypes` WHERE ( fid=2 ) ORDER BY sort desc  [ RunTime:0.0020s ]
SQL: SELECT * FROM `news` WHERE `typeid` = 21 ORDER BY sort desc LIMIT 6   [ RunTime:0.0010s ]
SQL: SHOW COLUMNS FROM `banner` [ RunTime:0.0040s ]
SQL: SELECT * FROM `banner` ORDER BY sort desc LIMIT 3   [ RunTime:0.0000s ]
SQL: SELECT * FROM `content` WHERE `type` = 2 AND `postion` = 3 LIMIT 1   [ RunTime:0.0000s ]
SQL: SHOW COLUMNS FROM `friend` [ RunTime:0.0040s ]
SQL: SELECT * FROM `friend`  [ RunTime:0.0000s ]
SQL: SELECT * FROM `news` WHERE ( typeid=28 ) ORDER BY sort desc LIMIT 4   [ RunTime:0.0010s ]
INFO: [ view_parse ] --START--
INFO: [ template_filter ] --START--
INFO: Run Behavior\ContentReplaceBehavior [ RunTime:0.000000s ]
INFO: [ template_filter ] --END-- [ RunTime:0.000000s ]
INFO: Run Behavior\ParseTemplateBehavior [ RunTime:0.017001s ]
INFO: [ view_parse ] --END-- [ RunTime:0.017001s ]
INFO: [ view_filter ] --START--
INFO: Run Behavior\WriteHtmlCacheBehavior [ RunTime:0.000000s ]
INFO: [ view_filter ] --END-- [ RunTime:0.001000s ]
INFO: [ app_end ] --START--
INFO: Run Behavior\ShowPageTraceBehavior [ RunTime:0.001000s ]
INFO: [ app_end ] --END-- [ RunTime:0.001000s ]

[ 2018-01-24T18:26:51+08:00 ] 127.0.0.1 /diandeng/
INFO: [ app_init ] --START--
INFO: Run Behavior\BuildLiteBehavior [ RunTime:0.000000s ]
INFO: [ app_init ] --END-- [ RunTime:0.001000s ]
INFO: [ app_begin ] --START--
INFO: Run Behavior\ReadHtmlCacheBehavior [ RunTime:0.002000s ]
INFO: [ app_begin ] --END-- [ RunTime:0.002000s ]
SQL: SHOW COLUMNS FROM `newstypes` [ RunTime:0.0040s ]
SQL: SELECT * FROM `newstypes` WHERE ( state=1 ) ORDER BY sort desc LIMIT 7   [ RunTime:0.0000s ]
SQL: SELECT * FROM `newstypes` WHERE ( fid=3 ) ORDER BY sort desc  [ RunTime:0.0000s ]
SQL: SELECT * FROM `newstypes` WHERE ( fid=1 ) ORDER BY sort desc  [ RunTime:0.0000s ]
SQL: SELECT * FROM `newstypes` WHERE ( fid=2 ) ORDER BY sort desc  [ RunTime:0.0000s ]
SQL: SELECT * FROM `newstypes` WHERE ( fid=11 ) ORDER BY sort desc  [ RunTime:0.0010s ]
SQL: SELECT * FROM `newstypes` WHERE ( fid=6 ) ORDER BY sort desc  [ RunTime:0.0010s ]
SQL: SHOW COLUMNS FROM `config` [ RunTime:0.0040s ]
SQL: SELECT * FROM `config` WHERE `id` = 1 LIMIT 1   [ RunTime:0.0010s ]
SQL: SHOW COLUMNS FROM `content` [ RunTime:0.0040s ]
SQL: SELECT * FROM `content` WHERE `type` = 1 AND `postion` = 3 LIMIT 1   [ RunTime:0.0000s ]
SQL: SELECT * FROM `newstypes` WHERE ( fid=1 ) ORDER BY sort desc  [ RunTime:0.0000s ]
SQL: SHOW COLUMNS FROM `news` [ RunTime:0.0050s ]
SQL: SELECT * FROM `news` WHERE `typeid` IN ('19','20') ORDER BY sort desc LIMIT 8   [ RunTime:0.0010s ]
SQL: SELECT * FROM `newstypes` WHERE ( fid=2 ) ORDER BY sort desc  [ RunTime:0.0000s ]
SQL: SELECT * FROM `news` WHERE `typeid` = 21 ORDER BY sort desc LIMIT 6   [ RunTime:0.0010s ]
SQL: SHOW COLUMNS FROM `banner` [ RunTime:0.0040s ]
SQL: SELECT * FROM `banner` ORDER BY sort desc LIMIT 3   [ RunTime:0.0010s ]
SQL: SELECT * FROM `content` WHERE `type` = 2 AND `postion` = 3 LIMIT 1   [ RunTime:0.0010s ]
SQL: SHOW COLUMNS FROM `friend` [ RunTime:0.0040s ]
SQL: SELECT * FROM `friend`  [ RunTime:0.0010s ]
SQL: SELECT * FROM `news` WHERE ( typeid=28 ) ORDER BY sort desc LIMIT 4   [ RunTime:0.0010s ]
INFO: [ view_parse ] --START--
INFO: [ template_filter ] --START--
INFO: Run Behavior\ContentReplaceBehavior [ RunTime:0.000000s ]
INFO: [ template_filter ] --END-- [ RunTime:0.000000s ]
INFO: Run Behavior\ParseTemplateBehavior [ RunTime:0.014000s ]
INFO: [ view_parse ] --END-- [ RunTime:0.014000s ]
INFO: [ view_filter ] --START--
INFO: Run Behavior\WriteHtmlCacheBehavior [ RunTime:0.000000s ]
INFO: [ view_filter ] --END-- [ RunTime:0.000000s ]
INFO: [ app_end ] --START--
INFO: Run Behavior\ShowPageTraceBehavior [ RunTime:0.001000s ]
INFO: [ app_end ] --END-- [ RunTime:0.001000s ]

[ 2018-01-24T18:28:09+08:00 ] 127.0.0.1 /diandeng/
INFO: [ app_init ] --START--
INFO: Run Behavior\BuildLiteBehavior [ RunTime:0.000000s ]
INFO: [ app_init ] --END-- [ RunTime:0.001000s ]
INFO: [ app_begin ] --START--
INFO: Run Behavior\ReadHtmlCacheBehavior [ RunTime:0.001000s ]
INFO: [ app_begin ] --END-- [ RunTime:0.002000s ]
SQL: SHOW COLUMNS FROM `newstypes` [ RunTime:0.0050s ]
SQL: SELECT * FROM `newstypes` WHERE ( state=1 ) ORDER BY sort desc LIMIT 7   [ RunTime:0.0010s ]
SQL: SELECT * FROM `newstypes` WHERE ( fid=3 ) ORDER BY sort desc  [ RunTime:0.0000s ]
SQL: SELECT * FROM `newstypes` WHERE ( fid=1 ) ORDER BY sort desc  [ RunTime:0.0000s ]
SQL: SELECT * FROM `newstypes` WHERE ( fid=2 ) ORDER BY sort desc  [ RunTime:0.0010s ]
SQL: SELECT * FROM `newstypes` WHERE ( fid=11 ) ORDER BY sort desc  [ RunTime:0.0000s ]
SQL: SELECT * FROM `newstypes` WHERE ( fid=6 ) ORDER BY sort desc  [ RunTime:0.0000s ]
SQL: SHOW COLUMNS FROM `config` [ RunTime:0.0050s ]
SQL: SELECT * FROM `config` WHERE `id` = 1 LIMIT 1   [ RunTime:0.0010s ]
SQL: SHOW COLUMNS FROM `content` [ RunTime:0.0040s ]
SQL: SELECT * FROM `content` WHERE `type` = 1 AND `postion` = 3 LIMIT 1   [ RunTime:0.0010s ]
SQL: SELECT * FROM `newstypes` WHERE ( fid=1 ) ORDER BY sort desc  [ RunTime:0.0010s ]
SQL: SHOW COLUMNS FROM `news` [ RunTime:0.0050s ]
SQL: SELECT * FROM `news` WHERE `typeid` IN ('19','20') ORDER BY sort desc LIMIT 8   [ RunTime:0.0020s ]
SQL: SELECT * FROM `newstypes` WHERE ( fid=2 ) ORDER BY sort desc  [ RunTime:0.0000s ]
SQL: SELECT * FROM `news` WHERE `typeid` = 21 ORDER BY sort desc LIMIT 6   [ RunTime:0.0000s ]
SQL: SHOW COLUMNS FROM `banner` [ RunTime:0.0040s ]
SQL: SELECT * FROM `banner` ORDER BY sort desc LIMIT 3   [ RunTime:0.0010s ]
SQL: SELECT * FROM `content` WHERE `type` = 2 AND `postion` = 3 LIMIT 1   [ RunTime:0.0020s ]
SQL: SHOW COLUMNS FROM `friend` [ RunTime:0.0040s ]
SQL: SELECT * FROM `friend`  [ RunTime:0.0010s ]
SQL: SELECT * FROM `news` WHERE ( typeid=28 ) ORDER BY sort desc LIMIT 4   [ RunTime:0.0010s ]
INFO: [ view_parse ] --START--
INFO: [ template_filter ] --START--
INFO: Run Behavior\ContentReplaceBehavior [ RunTime:0.000000s ]
INFO: [ template_filter ] --END-- [ RunTime:0.000000s ]
INFO: Run Behavior\ParseTemplateBehavior [ RunTime:0.015000s ]
INFO: [ view_parse ] --END-- [ RunTime:0.016000s ]
INFO: [ view_filter ] --START--
INFO: Run Behavior\WriteHtmlCacheBehavior [ RunTime:0.000000s ]
INFO: [ view_filter ] --END-- [ RunTime:0.000000s ]
INFO: [ app_end ] --START--
INFO: Run Behavior\ShowPageTraceBehavior [ RunTime:0.001000s ]
INFO: [ app_end ] --END-- [ RunTime:0.001000s ]

[ 2018-01-24T18:30:05+08:00 ] 127.0.0.1 /diandeng/
INFO: [ app_init ] --START--
INFO: Run Behavior\BuildLiteBehavior [ RunTime:0.000000s ]
INFO: [ app_init ] --END-- [ RunTime:0.001000s ]
INFO: [ app_begin ] --START--
INFO: Run Behavior\ReadHtmlCacheBehavior [ RunTime:0.001000s ]
INFO: [ app_begin ] --END-- [ RunTime:0.001000s ]
SQL: SHOW COLUMNS FROM `newstypes` [ RunTime:0.1310s ]
SQL: SELECT * FROM `newstypes` WHERE ( state=1 ) ORDER BY sort desc LIMIT 7   [ RunTime:0.0000s ]
SQL: SELECT * FROM `newstypes` WHERE ( fid=3 ) ORDER BY sort desc  [ RunTime:0.0000s ]
SQL: SELECT * FROM `newstypes` WHERE ( fid=1 ) ORDER BY sort desc  [ RunTime:0.0000s ]
SQL: SELECT * FROM `newstypes` WHERE ( fid=2 ) ORDER BY sort desc  [ RunTime:0.0000s ]
SQL: SELECT * FROM `newstypes` WHERE ( fid=11 ) ORDER BY sort desc  [ RunTime:0.0000s ]
SQL: SELECT * FROM `newstypes` WHERE ( fid=6 ) ORDER BY sort desc  [ RunTime:0.0000s ]
SQL: SHOW COLUMNS FROM `config` [ RunTime:0.0520s ]
SQL: SELECT * FROM `config` WHERE `id` = 1 LIMIT 1   [ RunTime:0.0000s ]
SQL: SHOW COLUMNS FROM `content` [ RunTime:0.0220s ]
SQL: SELECT * FROM `content` WHERE `type` = 1 AND `postion` = 3 LIMIT 1   [ RunTime:0.0000s ]
SQL: SELECT * FROM `newstypes` WHERE ( fid=1 ) ORDER BY sort desc  [ RunTime:0.0010s ]
SQL: SHOW COLUMNS FROM `news` [ RunTime:0.0510s ]
SQL: SELECT * FROM `news` WHERE `typeid` IN ('19','20') ORDER BY sort desc LIMIT 8   [ RunTime:0.0010s ]
SQL: SELECT * FROM `newstypes` WHERE ( fid=2 ) ORDER BY sort desc  [ RunTime:0.0010s ]
SQL: SELECT * FROM `news` WHERE `typeid` = 21 ORDER BY sort desc LIMIT 6   [ RunTime:0.0000s ]
SQL: SHOW COLUMNS FROM `banner` [ RunTime:0.0860s ]
SQL: SELECT * FROM `banner` ORDER BY sort desc LIMIT 3   [ RunTime:0.0010s ]
SQL: SELECT * FROM `content` WHERE `type` = 2 AND `postion` = 3 LIMIT 1   [ RunTime:0.0010s ]
SQL: SHOW COLUMNS FROM `friend` [ RunTime:0.0800s ]
SQL: SELECT * FROM `friend`  [ RunTime:0.0010s ]
SQL: SELECT * FROM `news` WHERE ( typeid=28 ) ORDER BY sort desc LIMIT 4   [ RunTime:0.0010s ]
INFO: [ view_parse ] --START--
INFO: [ template_filter ] --START--
INFO: Run Behavior\ContentReplaceBehavior [ RunTime:0.000000s ]
INFO: [ template_filter ] --END-- [ RunTime:0.000000s ]
INFO: Run Behavior\ParseTemplateBehavior [ RunTime:0.016001s ]
INFO: [ view_parse ] --END-- [ RunTime:0.016001s ]
INFO: [ view_filter ] --START--
INFO: Run Behavior\WriteHtmlCacheBehavior [ RunTime:0.001000s ]
INFO: [ view_filter ] --END-- [ RunTime:0.001000s ]
INFO: [ app_end ] --START--
INFO: Run Behavior\ShowPageTraceBehavior [ RunTime:0.001000s ]
INFO: [ app_end ] --END-- [ RunTime:0.001000s ]

[ 2018-01-24T18:33:23+08:00 ] 127.0.0.1 /diandeng/
INFO: [ app_init ] --START--
INFO: Run Behavior\BuildLiteBehavior [ RunTime:0.000000s ]
INFO: [ app_init ] --END-- [ RunTime:0.001000s ]
INFO: [ app_begin ] --START--
INFO: Run Behavior\ReadHtmlCacheBehavior [ RunTime:0.007001s ]
INFO: [ app_begin ] --END-- [ RunTime:0.007001s ]
SQL: SHOW COLUMNS FROM `newstypes` [ RunTime:0.0050s ]
SQL: SELECT * FROM `newstypes` WHERE ( state=1 ) ORDER BY sort desc LIMIT 7   [ RunTime:0.0010s ]
SQL: SELECT * FROM `newstypes` WHERE ( fid=3 ) ORDER BY sort desc  [ RunTime:0.0000s ]
SQL: SELECT * FROM `newstypes` WHERE ( fid=1 ) ORDER BY sort desc  [ RunTime:0.0010s ]
SQL: SELECT * FROM `newstypes` WHERE ( fid=2 ) ORDER BY sort desc  [ RunTime:0.0010s ]
SQL: SELECT * FROM `newstypes` WHERE ( fid=11 ) ORDER BY sort desc  [ RunTime:0.0000s ]
SQL: SELECT * FROM `newstypes` WHERE ( fid=6 ) ORDER BY sort desc  [ RunTime:0.0010s ]
SQL: SHOW COLUMNS FROM `config` [ RunTime:0.0040s ]
SQL: SELECT * FROM `config` WHERE `id` = 1 LIMIT 1   [ RunTime:0.0010s ]
SQL: SHOW COLUMNS FROM `content` [ RunTime:0.0040s ]
SQL: SELECT * FROM `content` WHERE `type` = 1 AND `postion` = 3 LIMIT 1   [ RunTime:0.0000s ]
SQL: SELECT * FROM `newstypes` WHERE ( fid=1 ) ORDER BY sort desc  [ RunTime:0.0010s ]
SQL: SHOW COLUMNS FROM `news` [ RunTime:0.0040s ]
SQL: SELECT * FROM `news` WHERE `typeid` IN ('19','20') ORDER BY sort desc LIMIT 8   [ RunTime:0.0010s ]
SQL: SELECT * FROM `newstypes` WHERE ( fid=2 ) ORDER BY sort desc  [ RunTime:0.0000s ]
SQL: SELECT * FROM `news` WHERE `typeid` = 21 ORDER BY sort desc LIMIT 6   [ RunTime:0.0010s ]
SQL: SHOW COLUMNS FROM `banner` [ RunTime:0.0050s ]
SQL: SELECT * FROM `banner` ORDER BY sort desc LIMIT 3   [ RunTime:0.0010s ]
SQL: SELECT * FROM `content` WHERE `type` = 2 AND `postion` = 3 LIMIT 1   [ RunTime:0.0000s ]
SQL: SHOW COLUMNS FROM `friend` [ RunTime:0.0050s ]
SQL: SELECT * FROM `friend`  [ RunTime:0.0000s ]
SQL: SELECT * FROM `news` WHERE ( typeid=28 ) ORDER BY sort desc LIMIT 4   [ RunTime:0.0000s ]
INFO: [ view_parse ] --START--
INFO: [ template_filter ] --START--
INFO: Run Behavior\ContentReplaceBehavior [ RunTime:0.000000s ]
INFO: [ template_filter ] --END-- [ RunTime:0.000000s ]
INFO: Run Behavior\ParseTemplateBehavior [ RunTime:0.145009s ]
INFO: [ view_parse ] --END-- [ RunTime:0.145009s ]
INFO: [ view_filter ] --START--
INFO: Run Behavior\WriteHtmlCacheBehavior [ RunTime:0.057003s ]
INFO: [ view_filter ] --END-- [ RunTime:0.057003s ]
INFO: [ app_end ] --START--
INFO: Run Behavior\ShowPageTraceBehavior [ RunTime:0.002000s ]
INFO: [ app_end ] --END-- [ RunTime:0.002000s ]

[ 2018-01-24T18:35:50+08:00 ] 127.0.0.1 /diandeng/
INFO: [ app_init ] --START--
INFO: Run Behavior\BuildLiteBehavior [ RunTime:0.000000s ]
INFO: [ app_init ] --END-- [ RunTime:0.001000s ]
INFO: [ app_begin ] --START--
INFO: Run Behavior\ReadHtmlCacheBehavior [ RunTime:0.001000s ]
INFO: [ app_begin ] --END-- [ RunTime:0.001000s ]
SQL: SHOW COLUMNS FROM `newstypes` [ RunTime:0.0070s ]
SQL: SELECT * FROM `newstypes` WHERE ( state=1 ) ORDER BY sort desc LIMIT 7   [ RunTime:0.0000s ]
SQL: SELECT * FROM `newstypes` WHERE ( fid=3 ) ORDER BY sort desc  [ RunTime:0.0000s ]
SQL: SELECT * FROM `newstypes` WHERE ( fid=1 ) ORDER BY sort desc  [ RunTime:0.0010s ]
SQL: SELECT * FROM `newstypes` WHERE ( fid=2 ) ORDER BY sort desc  [ RunTime:0.0000s ]
SQL: SELECT * FROM `newstypes` WHERE ( fid=11 ) ORDER BY sort desc  [ RunTime:0.0000s ]
SQL: SELECT * FROM `newstypes` WHERE ( fid=6 ) ORDER BY sort desc  [ RunTime:0.0010s ]
SQL: SHOW COLUMNS FROM `config` [ RunTime:0.0070s ]
SQL: SELECT * FROM `config` WHERE `id` = 1 LIMIT 1   [ RunTime:0.0010s ]
SQL: SHOW COLUMNS FROM `content` [ RunTime:0.0060s ]
SQL: SELECT * FROM `content` WHERE `type` = 1 AND `postion` = 3 LIMIT 1   [ RunTime:0.0010s ]
SQL: SELECT * FROM `newstypes` WHERE ( fid=1 ) ORDER BY sort desc  [ RunTime:0.0010s ]
SQL: SHOW COLUMNS FROM `news` [ RunTime:0.0080s ]
SQL: SELECT * FROM `news` WHERE `typeid` IN ('19','20') ORDER BY sort desc LIMIT 8   [ RunTime:0.0010s ]
SQL: SELECT * FROM `newstypes` WHERE ( fid=2 ) ORDER BY sort desc  [ RunTime:0.0000s ]
SQL: SELECT * FROM `news` WHERE `typeid` = 21 ORDER BY sort desc LIMIT 6   [ RunTime:0.0010s ]
SQL: SHOW COLUMNS FROM `banner` [ RunTime:0.0070s ]
SQL: SELECT * FROM `banner` ORDER BY sort desc LIMIT 3   [ RunTime:0.0020s ]
SQL: SELECT * FROM `content` WHERE `type` = 2 AND `postion` = 3 LIMIT 1   [ RunTime:0.0010s ]
SQL: SHOW COLUMNS FROM `friend` [ RunTime:0.0040s ]
SQL: SELECT * FROM `friend`  [ RunTime:0.0000s ]
SQL: SELECT * FROM `news` WHERE ( typeid=28 ) ORDER BY sort desc LIMIT 4   [ RunTime:0.0010s ]
INFO: [ view_parse ] --START--
INFO: [ template_filter ] --START--
INFO: Run Behavior\ContentReplaceBehavior [ RunTime:0.000000s ]
INFO: [ template_filter ] --END-- [ RunTime:0.000000s ]
INFO: Run Behavior\ParseTemplateBehavior [ RunTime:0.058003s ]
INFO: [ view_parse ] --END-- [ RunTime:0.059003s ]
INFO: [ view_filter ] --START--
INFO: Run Behavior\WriteHtmlCacheBehavior [ RunTime:0.001000s ]
INFO: [ view_filter ] --END-- [ RunTime:0.001000s ]
INFO: [ app_end ] --START--
INFO: Run Behavior\ShowPageTraceBehavior [ RunTime:0.002000s ]
INFO: [ app_end ] --END-- [ RunTime:0.002000s ]

[ 2018-01-24T18:37:50+08:00 ] 127.0.0.1 /diandeng/
INFO: [ app_init ] --START--
INFO: Run Behavior\BuildLiteBehavior [ RunTime:0.000000s ]
INFO: [ app_init ] --END-- [ RunTime:0.001000s ]
INFO: [ app_begin ] --START--
INFO: Run Behavior\ReadHtmlCacheBehavior [ RunTime:0.003000s ]
INFO: [ app_begin ] --END-- [ RunTime:0.003000s ]
SQL: SHOW COLUMNS FROM `newstypes` [ RunTime:0.0060s ]
SQL: SELECT * FROM `newstypes` WHERE ( state=1 ) ORDER BY sort desc LIMIT 7   [ RunTime:0.0010s ]
SQL: SELECT * FROM `newstypes` WHERE ( fid=3 ) ORDER BY sort desc  [ RunTime:0.0010s ]
SQL: SELECT * FROM `newstypes` WHERE ( fid=1 ) ORDER BY sort desc  [ RunTime:0.0010s ]
SQL: SELECT * FROM `newstypes` WHERE ( fid=2 ) ORDER BY sort desc  [ RunTime:0.0010s ]
SQL: SELECT * FROM `newstypes` WHERE ( fid=11 ) ORDER BY sort desc  [ RunTime:0.0020s ]
SQL: SELECT * FROM `newstypes` WHERE ( fid=6 ) ORDER BY sort desc  [ RunTime:0.0000s ]
SQL: SHOW COLUMNS FROM `config` [ RunTime:0.0070s ]
SQL: SELECT * FROM `config` WHERE `id` = 1 LIMIT 1   [ RunTime:0.0010s ]
SQL: SHOW COLUMNS FROM `content` [ RunTime:0.0060s ]
SQL: SELECT * FROM `content` WHERE `type` = 1 AND `postion` = 3 LIMIT 1   [ RunTime:0.0010s ]
SQL: SELECT * FROM `newstypes` WHERE ( fid=1 ) ORDER BY sort desc  [ RunTime:0.0010s ]
SQL: SHOW COLUMNS FROM `news` [ RunTime:0.0040s ]
SQL: SELECT * FROM `news` WHERE `typeid` IN ('19','20') ORDER BY sort desc LIMIT 8   [ RunTime:0.0020s ]
SQL: SELECT * FROM `newstypes` WHERE ( fid=2 ) ORDER BY sort desc  [ RunTime:0.0010s ]
SQL: SELECT * FROM `news` WHERE `typeid` = 21 ORDER BY sort desc LIMIT 6   [ RunTime:0.0010s ]
SQL: SHOW COLUMNS FROM `banner` [ RunTime:0.0080s ]
SQL: SELECT * FROM `banner` ORDER BY sort desc LIMIT 3   [ RunTime:0.0020s ]
SQL: SELECT * FROM `content` WHERE `type` = 2 AND `postion` = 3 LIMIT 1   [ RunTime:0.0000s ]
SQL: SHOW COLUMNS FROM `friend` [ RunTime:0.0040s ]
SQL: SELECT * FROM `friend`  [ RunTime:0.0010s ]
SQL: SELECT * FROM `news` WHERE ( typeid=28 ) ORDER BY sort desc LIMIT 4   [ RunTime:0.0000s ]
INFO: [ view_parse ] --START--
INFO: [ template_filter ] --START--
INFO: Run Behavior\ContentReplaceBehavior [ RunTime:0.000000s ]
INFO: [ template_filter ] --END-- [ RunTime:0.000000s ]
INFO: Run Behavior\ParseTemplateBehavior [ RunTime:0.025002s ]
INFO: [ view_parse ] --END-- [ RunTime:0.025002s ]
INFO: [ view_filter ] --START--
INFO: Run Behavior\WriteHtmlCacheBehavior [ RunTime:0.001000s ]
INFO: [ view_filter ] --END-- [ RunTime:0.002000s ]
INFO: [ app_end ] --START--
INFO: Run Behavior\ShowPageTraceBehavior [ RunTime:0.002000s ]
INFO: [ app_end ] --END-- [ RunTime:0.002000s ]

[ 2018-01-24T18:38:37+08:00 ] 127.0.0.1 /diandeng/
INFO: [ app_init ] --START--
INFO: Run Behavior\BuildLiteBehavior [ RunTime:0.000000s ]
INFO: [ app_init ] --END-- [ RunTime:0.001000s ]
INFO: [ app_begin ] --START--
INFO: Run Behavior\ReadHtmlCacheBehavior [ RunTime:0.003000s ]
INFO: [ app_begin ] --END-- [ RunTime:0.003000s ]
SQL: SHOW COLUMNS FROM `newstypes` [ RunTime:0.0280s ]
SQL: SELECT * FROM `newstypes` WHERE ( state=1 ) ORDER BY sort desc LIMIT 7   [ RunTime:0.0010s ]
SQL: SELECT * FROM `newstypes` WHERE ( fid=3 ) ORDER BY sort desc  [ RunTime:0.0010s ]
SQL: SELECT * FROM `newstypes` WHERE ( fid=1 ) ORDER BY sort desc  [ RunTime:0.0010s ]
SQL: SELECT * FROM `newstypes` WHERE ( fid=2 ) ORDER BY sort desc  [ RunTime:0.0000s ]
SQL: SELECT * FROM `newstypes` WHERE ( fid=11 ) ORDER BY sort desc  [ RunTime:0.0000s ]
SQL: SELECT * FROM `newstypes` WHERE ( fid=6 ) ORDER BY sort desc  [ RunTime:0.0010s ]
SQL: SHOW COLUMNS FROM `config` [ RunTime:0.0050s ]
SQL: SELECT * FROM `config` WHERE `id` = 1 LIMIT 1   [ RunTime:0.0010s ]
SQL: SHOW COLUMNS FROM `content` [ RunTime:0.0040s ]
SQL: SELECT * FROM `content` WHERE `type` = 1 AND `postion` = 3 LIMIT 1   [ RunTime:0.0000s ]
SQL: SELECT * FROM `newstypes` WHERE ( fid=1 ) ORDER BY sort desc  [ RunTime:0.0030s ]
SQL: SHOW COLUMNS FROM `news` [ RunTime:0.0060s ]
SQL: SELECT * FROM `news` WHERE `typeid` IN ('19','20') ORDER BY sort desc LIMIT 8   [ RunTime:0.0010s ]
SQL: SELECT * FROM `newstypes` WHERE ( fid=2 ) ORDER BY sort desc  [ RunTime:0.0010s ]
SQL: SELECT * FROM `news` WHERE `typeid` = 21 ORDER BY sort desc LIMIT 6   [ RunTime:0.0010s ]
SQL: SHOW COLUMNS FROM `banner` [ RunTime:0.0040s ]
SQL: SELECT * FROM `banner` ORDER BY sort desc LIMIT 3   [ RunTime:0.0010s ]
SQL: SELECT * FROM `content` WHERE `type` = 2 AND `postion` = 3 LIMIT 1   [ RunTime:0.0010s ]
SQL: SHOW COLUMNS FROM `friend` [ RunTime:0.0040s ]
SQL: SELECT * FROM `friend`  [ RunTime:0.0010s ]
SQL: SELECT * FROM `news` WHERE ( typeid=28 ) ORDER BY sort desc LIMIT 4   [ RunTime:0.0010s ]
INFO: [ view_parse ] --START--
INFO: [ template_filter ] --START--
INFO: Run Behavior\ContentReplaceBehavior [ RunTime:0.001000s ]
INFO: [ template_filter ] --END-- [ RunTime:0.001000s ]
INFO: Run Behavior\ParseTemplateBehavior [ RunTime:0.019001s ]
INFO: [ view_parse ] --END-- [ RunTime:0.019001s ]
INFO: [ view_filter ] --START--
INFO: Run Behavior\WriteHtmlCacheBehavior [ RunTime:0.001000s ]
INFO: [ view_filter ] --END-- [ RunTime:0.001000s ]
INFO: [ app_end ] --START--
INFO: Run Behavior\ShowPageTraceBehavior [ RunTime:0.001000s ]
INFO: [ app_end ] --END-- [ RunTime:0.002000s ]

