[ 2018-01-09T17:01:42+08:00 ] 127.0.0.1 /earth/index.php/HaiAdmin
INFO: [ app_init ] --START--
INFO: Run Behavior\BuildLiteBehavior [ RunTime:0.000000s ]
INFO: [ app_init ] --END-- [ RunTime:0.000000s ]
INFO: [ app_begin ] --START--
INFO: Run Behavior\ReadHtmlCacheBehavior [ RunTime:0.015600s ]
INFO: [ app_begin ] --END-- [ RunTime:0.015600s ]
INFO: [ view_parse ] --START--
INFO: [ template_filter ] --START--
INFO: Run Behavior\ContentReplaceBehavior [ RunTime:0.001000s ]
INFO: [ template_filter ] --END-- [ RunTime:0.001000s ]
INFO: Run Behavior\ParseTemplateBehavior [ RunTime:0.159604s ]
INFO: [ view_parse ] --END-- [ RunTime:0.159604s ]
INFO: [ view_filter ] --START--
INFO: Run Behavior\WriteHtmlCacheBehavior [ RunTime:0.044201s ]
INFO: [ view_filter ] --END-- [ RunTime:0.044201s ]

[ 2018-01-09T17:01:44+08:00 ] 127.0.0.1 /earth/index.php/HaiAdmin/Login/index.html
INFO: [ app_init ] --START--
INFO: Run Behavior\BuildLiteBehavior [ RunTime:0.000000s ]
INFO: [ app_init ] --END-- [ RunTime:0.001000s ]
INFO: [ app_begin ] --START--
INFO: Run Behavior\ReadHtmlCacheBehavior [ RunTime:0.001000s ]
INFO: [ app_begin ] --END-- [ RunTime:0.001000s ]
INFO: [ view_parse ] --START--
INFO: [ template_filter ] --START--
INFO: Run Behavior\ContentReplaceBehavior [ RunTime:0.000000s ]
INFO: [ template_filter ] --END-- [ RunTime:0.000000s ]
INFO: Run Behavior\ParseTemplateBehavior [ RunTime:0.032002s ]
INFO: [ view_parse ] --END-- [ RunTime:0.032002s ]
INFO: [ view_filter ] --START--
INFO: Run Behavior\WriteHtmlCacheBehavior [ RunTime:0.001000s ]
INFO: [ view_filter ] --END-- [ RunTime:0.001000s ]
INFO: [ app_end ] --START--
INFO: Run Behavior\ShowPageTraceBehavior [ RunTime:0.016001s ]
INFO: [ app_end ] --END-- [ RunTime:0.016001s ]

[ 2018-01-09T17:01:44+08:00 ] 127.0.0.1 /earth/index.php/HaiAdmin/Login/verify.html
INFO: [ app_init ] --START--
INFO: Run Behavior\BuildLiteBehavior [ RunTime:0.000000s ]
INFO: [ app_init ] --END-- [ RunTime:0.001000s ]
INFO: [ app_begin ] --START--
INFO: Run Behavior\ReadHtmlCacheBehavior [ RunTime:0.002000s ]
INFO: [ app_begin ] --END-- [ RunTime:0.002000s ]
INFO: [ app_end ] --START--
INFO: Run Behavior\ShowPageTraceBehavior [ RunTime:0.003000s ]
INFO: [ app_end ] --END-- [ RunTime:0.003000s ]

[ 2018-01-09T17:01:54+08:00 ] 127.0.0.1 /earth/index.php/HaiAdmin/Login/index.html
INFO: [ app_init ] --START--
INFO: Run Behavior\BuildLiteBehavior [ RunTime:0.000000s ]
INFO: [ app_init ] --END-- [ RunTime:0.001000s ]
INFO: [ app_begin ] --START--
INFO: Run Behavior\ReadHtmlCacheBehavior [ RunTime:0.001000s ]
INFO: [ app_begin ] --END-- [ RunTime:0.002000s ]
SQL: SHOW COLUMNS FROM `admin` [ RunTime:0.0708s ]
SQL: SELECT * FROM `admin` WHERE `username` = 'admin2' AND `password` = 'bad670f05ad869901d90a37aef62572c' LIMIT 1   [ RunTime:0.0010s ]
SQL: UPDATE `admin` SET `login_time`='2018:01:09 17:01:54' WHERE `id` = 1 [ RunTime:0.0010s ]

[ 2018-01-09T17:01:54+08:00 ] 127.0.0.1 /earth/index.php/HaiAdmin/Index/index.html
INFO: [ app_init ] --START--
INFO: Run Behavior\BuildLiteBehavior [ RunTime:0.000000s ]
INFO: [ app_init ] --END-- [ RunTime:0.001000s ]
INFO: [ app_begin ] --START--
INFO: Run Behavior\ReadHtmlCacheBehavior [ RunTime:0.001000s ]
INFO: [ app_begin ] --END-- [ RunTime:0.001000s ]
INFO: [ view_parse ] --START--
INFO: [ template_filter ] --START--
INFO: Run Behavior\ContentReplaceBehavior [ RunTime:0.000000s ]
INFO: [ template_filter ] --END-- [ RunTime:0.000000s ]
INFO: Run Behavior\ParseTemplateBehavior [ RunTime:0.065400s ]
INFO: [ view_parse ] --END-- [ RunTime:0.065400s ]
INFO: [ view_filter ] --START--
INFO: Run Behavior\WriteHtmlCacheBehavior [ RunTime:0.000000s ]
INFO: [ view_filter ] --END-- [ RunTime:0.000000s ]
INFO: [ app_end ] --START--
INFO: Run Behavior\ShowPageTraceBehavior [ RunTime:0.000000s ]
INFO: [ app_end ] --END-- [ RunTime:0.000000s ]

[ 2018-01-09T17:01:55+08:00 ] 127.0.0.1 /earth/index.php/HaiAdmin/Index/main.html
INFO: [ app_init ] --START--
INFO: Run Behavior\BuildLiteBehavior [ RunTime:0.000000s ]
INFO: [ app_init ] --END-- [ RunTime:0.001000s ]
INFO: [ app_begin ] --START--
INFO: Run Behavior\ReadHtmlCacheBehavior [ RunTime:0.001000s ]
INFO: [ app_begin ] --END-- [ RunTime:0.001000s ]
SQL: SHOW COLUMNS FROM `news` [ RunTime:0.1008s ]
SQL: SELECT * FROM `news` WHERE ( typeid=1 ) ORDER BY dateandtime desc LIMIT 7   [ RunTime:0.0456s ]
SQL: SHOW COLUMNS FROM `baoming` [ RunTime:0.0462s ]
SQL: SELECT * FROM `baoming` ORDER BY addtime desc LIMIT 7   [ RunTime:0.0000s ]
SQL: SELECT COUNT(*) AS tp_count FROM `news` LIMIT 1   [ RunTime:0.0000s ]
SQL: SELECT COUNT(*) AS tp_count FROM `baoming` LIMIT 1   [ RunTime:0.0010s ]
SQL: SHOW COLUMNS FROM `admin` [ RunTime:0.0060s ]
SQL: SELECT COUNT(*) AS tp_count FROM `admin` LIMIT 1   [ RunTime:0.0010s ]
INFO: [ view_parse ] --START--
INFO: [ template_filter ] --START--
INFO: Run Behavior\ContentReplaceBehavior [ RunTime:0.000000s ]
INFO: [ template_filter ] --END-- [ RunTime:0.000000s ]
INFO: Run Behavior\ParseTemplateBehavior [ RunTime:0.099803s ]
INFO: [ view_parse ] --END-- [ RunTime:0.100803s ]
INFO: [ view_filter ] --START--
INFO: Run Behavior\WriteHtmlCacheBehavior [ RunTime:0.001000s ]
INFO: [ view_filter ] --END-- [ RunTime:0.001000s ]
INFO: [ app_end ] --START--
INFO: Run Behavior\ShowPageTraceBehavior [ RunTime:0.002000s ]
INFO: [ app_end ] --END-- [ RunTime:0.003000s ]

[ 2018-01-09T17:01:57+08:00 ] 127.0.0.1 /earth/index.php/HaiAdmin/News/type.html
INFO: [ app_init ] --START--
INFO: Run Behavior\BuildLiteBehavior [ RunTime:0.000000s ]
INFO: [ app_init ] --END-- [ RunTime:0.000000s ]
INFO: [ app_begin ] --START--
INFO: Run Behavior\ReadHtmlCacheBehavior [ RunTime:0.001000s ]
INFO: [ app_begin ] --END-- [ RunTime:0.001000s ]
SQL: SHOW COLUMNS FROM `newstypes` [ RunTime:0.0396s ]
SQL: SELECT * FROM `newstypes` WHERE ( fid=0 ) ORDER BY sort desc  [ RunTime:0.0000s ]
SQL: SELECT * FROM `newstypes` WHERE ( fid=3 ) ORDER BY sort desc  [ RunTime:0.0000s ]
SQL: SELECT * FROM `newstypes` WHERE ( fid=1 ) ORDER BY sort desc  [ RunTime:0.0010s ]
SQL: SELECT * FROM `newstypes` WHERE ( fid=19 ) ORDER BY sort desc  [ RunTime:0.0000s ]
SQL: SELECT * FROM `newstypes` WHERE ( fid=20 ) ORDER BY sort desc  [ RunTime:0.0010s ]
SQL: SELECT * FROM `newstypes` WHERE ( fid=2 ) ORDER BY sort desc  [ RunTime:0.0000s ]
SQL: SELECT * FROM `newstypes` WHERE ( fid=11 ) ORDER BY sort desc  [ RunTime:0.0000s ]
SQL: SELECT * FROM `newstypes` WHERE ( fid=6 ) ORDER BY sort desc  [ RunTime:0.0000s ]
INFO: [ view_parse ] --START--
INFO: [ template_filter ] --START--
INFO: Run Behavior\ContentReplaceBehavior [ RunTime:0.000000s ]
INFO: [ template_filter ] --END-- [ RunTime:0.000000s ]
INFO: Run Behavior\ParseTemplateBehavior [ RunTime:0.020601s ]
INFO: [ view_parse ] --END-- [ RunTime:0.020601s ]
INFO: [ view_filter ] --START--
INFO: Run Behavior\WriteHtmlCacheBehavior [ RunTime:0.000000s ]
INFO: [ view_filter ] --END-- [ RunTime:0.000000s ]
INFO: [ app_end ] --START--
INFO: Run Behavior\ShowPageTraceBehavior [ RunTime:0.000000s ]
INFO: [ app_end ] --END-- [ RunTime:0.000000s ]

[ 2018-01-09T17:01:58+08:00 ] 127.0.0.1 /earth/index.php/HaiAdmin/News/type.html
INFO: [ app_init ] --START--
INFO: Run Behavior\BuildLiteBehavior [ RunTime:0.000000s ]
INFO: [ app_init ] --END-- [ RunTime:0.001000s ]
INFO: [ app_begin ] --START--
INFO: Run Behavior\ReadHtmlCacheBehavior [ RunTime:0.001000s ]
INFO: [ app_begin ] --END-- [ RunTime:0.001000s ]
SQL: SHOW COLUMNS FROM `newstypes` [ RunTime:0.0000s ]
SQL: SELECT * FROM `newstypes` WHERE ( fid=0 ) ORDER BY sort desc  [ RunTime:0.0000s ]
SQL: SELECT * FROM `newstypes` WHERE ( fid=3 ) ORDER BY sort desc  [ RunTime:0.0000s ]
SQL: SELECT * FROM `newstypes` WHERE ( fid=1 ) ORDER BY sort desc  [ RunTime:0.0000s ]
SQL: SELECT * FROM `newstypes` WHERE ( fid=19 ) ORDER BY sort desc  [ RunTime:0.0356s ]
SQL: SELECT * FROM `newstypes` WHERE ( fid=20 ) ORDER BY sort desc  [ RunTime:0.0000s ]
SQL: SELECT * FROM `newstypes` WHERE ( fid=2 ) ORDER BY sort desc  [ RunTime:0.0000s ]
SQL: SELECT * FROM `newstypes` WHERE ( fid=11 ) ORDER BY sort desc  [ RunTime:0.0010s ]
SQL: SELECT * FROM `newstypes` WHERE ( fid=6 ) ORDER BY sort desc  [ RunTime:0.0000s ]
INFO: [ view_parse ] --START--
INFO: [ template_filter ] --START--
INFO: Run Behavior\ContentReplaceBehavior [ RunTime:0.000000s ]
INFO: [ template_filter ] --END-- [ RunTime:0.000000s ]
INFO: Run Behavior\ParseTemplateBehavior [ RunTime:0.012001s ]
INFO: [ view_parse ] --END-- [ RunTime:0.012001s ]
INFO: [ view_filter ] --START--
INFO: Run Behavior\WriteHtmlCacheBehavior [ RunTime:0.001000s ]
INFO: [ view_filter ] --END-- [ RunTime:0.001000s ]
INFO: [ app_end ] --START--
INFO: Run Behavior\ShowPageTraceBehavior [ RunTime:0.001000s ]
INFO: [ app_end ] --END-- [ RunTime:0.001000s ]

[ 2018-01-09T17:02:02+08:00 ] 127.0.0.1 /earth/index.php/HaiAdmin/News/addtype.html
INFO: [ app_init ] --START--
INFO: Run Behavior\BuildLiteBehavior [ RunTime:0.000000s ]
INFO: [ app_init ] --END-- [ RunTime:0.000000s ]
INFO: [ app_begin ] --START--
INFO: Run Behavior\ReadHtmlCacheBehavior [ RunTime:0.000000s ]
INFO: [ app_begin ] --END-- [ RunTime:0.000000s ]
SQL: SHOW COLUMNS FROM `newstypes` [ RunTime:0.0100s ]
SQL: SELECT * FROM `newstypes` WHERE ( fid=0 ) ORDER BY sort desc  [ RunTime:0.0010s ]
SQL: SELECT * FROM `newstypes` WHERE ( fid=3 ) ORDER BY sort desc  [ RunTime:0.0010s ]
SQL: SELECT * FROM `newstypes` WHERE ( fid=1 ) ORDER BY sort desc  [ RunTime:0.0010s ]
SQL: SELECT * FROM `newstypes` WHERE ( fid=19 ) ORDER BY sort desc  [ RunTime:0.0010s ]
SQL: SELECT * FROM `newstypes` WHERE ( fid=20 ) ORDER BY sort desc  [ RunTime:0.0000s ]
SQL: SELECT * FROM `newstypes` WHERE ( fid=2 ) ORDER BY sort desc  [ RunTime:0.0000s ]
SQL: SELECT * FROM `newstypes` WHERE ( fid=11 ) ORDER BY sort desc  [ RunTime:0.0000s ]
SQL: SELECT * FROM `newstypes` WHERE ( fid=6 ) ORDER BY sort desc  [ RunTime:0.0000s ]
INFO: [ view_parse ] --START--
INFO: [ template_filter ] --START--
INFO: Run Behavior\ContentReplaceBehavior [ RunTime:0.000000s ]
INFO: [ template_filter ] --END-- [ RunTime:0.001000s ]
NOTIC: [8] Undefined variable: info F:\phpxiangmu\earth\Application\Runtime\Cache\HaiAdmin\9860264a299cdcfd9cdcf939be9488fb.php 第 36 行.
NOTIC: [8] Undefined variable: info F:\phpxiangmu\earth\Application\Runtime\Cache\HaiAdmin\9860264a299cdcfd9cdcf939be9488fb.php 第 43 行.
NOTIC: [8] Undefined variable: info F:\phpxiangmu\earth\Application\Runtime\Cache\HaiAdmin\9860264a299cdcfd9cdcf939be9488fb.php 第 59 行.
NOTIC: [8] Undefined variable: info F:\phpxiangmu\earth\Application\Runtime\Cache\HaiAdmin\9860264a299cdcfd9cdcf939be9488fb.php 第 59 行.
NOTIC: [8] Undefined variable: info F:\phpxiangmu\earth\Application\Runtime\Cache\HaiAdmin\9860264a299cdcfd9cdcf939be9488fb.php 第 59 行.
NOTIC: [8] Undefined variable: info F:\phpxiangmu\earth\Application\Runtime\Cache\HaiAdmin\9860264a299cdcfd9cdcf939be9488fb.php 第 59 行.
NOTIC: [8] Undefined variable: info F:\phpxiangmu\earth\Application\Runtime\Cache\HaiAdmin\9860264a299cdcfd9cdcf939be9488fb.php 第 59 行.
NOTIC: [8] Undefined variable: info F:\phpxiangmu\earth\Application\Runtime\Cache\HaiAdmin\9860264a299cdcfd9cdcf939be9488fb.php 第 59 行.
NOTIC: [8] Undefined variable: info F:\phpxiangmu\earth\Application\Runtime\Cache\HaiAdmin\9860264a299cdcfd9cdcf939be9488fb.php 第 59 行.
NOTIC: [8] Undefined variable: info F:\phpxiangmu\earth\Application\Runtime\Cache\HaiAdmin\9860264a299cdcfd9cdcf939be9488fb.php 第 67 行.
INFO: Run Behavior\ParseTemplateBehavior [ RunTime:0.109402s ]
INFO: [ view_parse ] --END-- [ RunTime:0.109402s ]
INFO: [ view_filter ] --START--
INFO: Run Behavior\WriteHtmlCacheBehavior [ RunTime:0.002001s ]
INFO: [ view_filter ] --END-- [ RunTime:0.002001s ]
INFO: [ app_end ] --START--
INFO: Run Behavior\ShowPageTraceBehavior [ RunTime:0.004000s ]
INFO: [ app_end ] --END-- [ RunTime:0.004000s ]

